ARM GAS  C:\Users\Nathan\AppData\Local\Temp\cc3ztgue.s 			page 1


   1              		.cpu cortex-m7
   2              		.arch armv7e-m
   3              		.fpu fpv5-d16
   4              		.eabi_attribute 28, 1
   5              		.eabi_attribute 20, 1
   6              		.eabi_attribute 21, 1
   7              		.eabi_attribute 23, 3
   8              		.eabi_attribute 24, 1
   9              		.eabi_attribute 25, 1
  10              		.eabi_attribute 26, 1
  11              		.eabi_attribute 30, 1
  12              		.eabi_attribute 34, 1
  13              		.eabi_attribute 18, 4
  14              		.file	"stm32h7xx_ll_delayblock.c"
  15              		.text
  16              	.Ltext0:
  17              		.cfi_sections	.debug_frame
  18              		.file 1 "Drivers/STM32H7xx_HAL_Driver/Src/stm32h7xx_ll_delayblock.c"
  19              		.section	.text.DelayBlock_Enable,"ax",%progbits
  20              		.align	1
  21              		.global	DelayBlock_Enable
  22              		.syntax unified
  23              		.thumb
  24              		.thumb_func
  26              	DelayBlock_Enable:
  27              	.LVL0:
  28              	.LFB144:
   1:Drivers/STM32H7xx_HAL_Driver/Src/stm32h7xx_ll_delayblock.c **** /**
   2:Drivers/STM32H7xx_HAL_Driver/Src/stm32h7xx_ll_delayblock.c ****   ******************************************************************************
   3:Drivers/STM32H7xx_HAL_Driver/Src/stm32h7xx_ll_delayblock.c ****   * @file    stm32h7xx_ll_delayblock.c
   4:Drivers/STM32H7xx_HAL_Driver/Src/stm32h7xx_ll_delayblock.c ****   * @author  MCD Application Team
   5:Drivers/STM32H7xx_HAL_Driver/Src/stm32h7xx_ll_delayblock.c ****   * @brief   DelayBlock Low Layer HAL module driver.
   6:Drivers/STM32H7xx_HAL_Driver/Src/stm32h7xx_ll_delayblock.c ****   *    
   7:Drivers/STM32H7xx_HAL_Driver/Src/stm32h7xx_ll_delayblock.c ****   *          This file provides firmware functions to manage the following 
   8:Drivers/STM32H7xx_HAL_Driver/Src/stm32h7xx_ll_delayblock.c ****   *          functionalities of the Delay Block peripheral:
   9:Drivers/STM32H7xx_HAL_Driver/Src/stm32h7xx_ll_delayblock.c ****   *           + input clock frequency range 25MHz to 208MHz
  10:Drivers/STM32H7xx_HAL_Driver/Src/stm32h7xx_ll_delayblock.c ****   *           + up to 12 oversampling phases
  11:Drivers/STM32H7xx_HAL_Driver/Src/stm32h7xx_ll_delayblock.c ****   *
  12:Drivers/STM32H7xx_HAL_Driver/Src/stm32h7xx_ll_delayblock.c ****   ******************************************************************************
  13:Drivers/STM32H7xx_HAL_Driver/Src/stm32h7xx_ll_delayblock.c ****   * @attention
  14:Drivers/STM32H7xx_HAL_Driver/Src/stm32h7xx_ll_delayblock.c ****   *
  15:Drivers/STM32H7xx_HAL_Driver/Src/stm32h7xx_ll_delayblock.c ****   * Copyright (c) 2017 STMicroelectronics.
  16:Drivers/STM32H7xx_HAL_Driver/Src/stm32h7xx_ll_delayblock.c ****   * All rights reserved.
  17:Drivers/STM32H7xx_HAL_Driver/Src/stm32h7xx_ll_delayblock.c ****   *
  18:Drivers/STM32H7xx_HAL_Driver/Src/stm32h7xx_ll_delayblock.c ****   * This software is licensed under terms that can be found in the LICENSE file
  19:Drivers/STM32H7xx_HAL_Driver/Src/stm32h7xx_ll_delayblock.c ****   * in the root directory of this software component.
  20:Drivers/STM32H7xx_HAL_Driver/Src/stm32h7xx_ll_delayblock.c ****   * If no LICENSE file comes with this software, it is provided AS-IS.
  21:Drivers/STM32H7xx_HAL_Driver/Src/stm32h7xx_ll_delayblock.c ****   *
  22:Drivers/STM32H7xx_HAL_Driver/Src/stm32h7xx_ll_delayblock.c ****   ******************************************************************************
  23:Drivers/STM32H7xx_HAL_Driver/Src/stm32h7xx_ll_delayblock.c ****   @verbatim
  24:Drivers/STM32H7xx_HAL_Driver/Src/stm32h7xx_ll_delayblock.c ****   ==============================================================================
  25:Drivers/STM32H7xx_HAL_Driver/Src/stm32h7xx_ll_delayblock.c ****                        ##### DelayBlock peripheral features #####
  26:Drivers/STM32H7xx_HAL_Driver/Src/stm32h7xx_ll_delayblock.c ****   ==============================================================================        
  27:Drivers/STM32H7xx_HAL_Driver/Src/stm32h7xx_ll_delayblock.c ****     [..] The Delay block is used to generate an Output clock which is de-phased from the Input
  28:Drivers/STM32H7xx_HAL_Driver/Src/stm32h7xx_ll_delayblock.c ****           clock. The phase of the Output clock is programmed by FW. The Output clock is then used
  29:Drivers/STM32H7xx_HAL_Driver/Src/stm32h7xx_ll_delayblock.c ****           to clock the receive data in i.e. a SDMMC or QSPI interface.
  30:Drivers/STM32H7xx_HAL_Driver/Src/stm32h7xx_ll_delayblock.c ****          The delay is Voltage and Temperature dependent, which may require FW to do re-tuning
ARM GAS  C:\Users\Nathan\AppData\Local\Temp\cc3ztgue.s 			page 2


  31:Drivers/STM32H7xx_HAL_Driver/Src/stm32h7xx_ll_delayblock.c ****           and recenter the Output clock phase to the receive data.
  32:Drivers/STM32H7xx_HAL_Driver/Src/stm32h7xx_ll_delayblock.c ****     
  33:Drivers/STM32H7xx_HAL_Driver/Src/stm32h7xx_ll_delayblock.c ****     [..] The Delay Block features include the following:
  34:Drivers/STM32H7xx_HAL_Driver/Src/stm32h7xx_ll_delayblock.c ****          (+) Input clock frequency range 25MHz to 208MHz.
  35:Drivers/STM32H7xx_HAL_Driver/Src/stm32h7xx_ll_delayblock.c ****          (+) Up to 12 oversampling phases.
  36:Drivers/STM32H7xx_HAL_Driver/Src/stm32h7xx_ll_delayblock.c ****          
  37:Drivers/STM32H7xx_HAL_Driver/Src/stm32h7xx_ll_delayblock.c ****                            ##### How to use this driver #####
  38:Drivers/STM32H7xx_HAL_Driver/Src/stm32h7xx_ll_delayblock.c ****   ==============================================================================
  39:Drivers/STM32H7xx_HAL_Driver/Src/stm32h7xx_ll_delayblock.c ****     [..]
  40:Drivers/STM32H7xx_HAL_Driver/Src/stm32h7xx_ll_delayblock.c ****       This driver is a considered as a driver of service for external devices drivers
  41:Drivers/STM32H7xx_HAL_Driver/Src/stm32h7xx_ll_delayblock.c ****       that interfaces with the DELAY peripheral.
  42:Drivers/STM32H7xx_HAL_Driver/Src/stm32h7xx_ll_delayblock.c ****       The DelayBlock_Enable() function, enables the DelayBlock instance, configure the delay line l
  43:Drivers/STM32H7xx_HAL_Driver/Src/stm32h7xx_ll_delayblock.c ****       and configure the Output clock phase.
  44:Drivers/STM32H7xx_HAL_Driver/Src/stm32h7xx_ll_delayblock.c ****       The DelayBlock_Disable() function, disables the DelayBlock instance by setting DEN flag to 0.
  45:Drivers/STM32H7xx_HAL_Driver/Src/stm32h7xx_ll_delayblock.c ****       
  46:Drivers/STM32H7xx_HAL_Driver/Src/stm32h7xx_ll_delayblock.c ****   
  47:Drivers/STM32H7xx_HAL_Driver/Src/stm32h7xx_ll_delayblock.c ****   @endverbatim
  48:Drivers/STM32H7xx_HAL_Driver/Src/stm32h7xx_ll_delayblock.c ****   */
  49:Drivers/STM32H7xx_HAL_Driver/Src/stm32h7xx_ll_delayblock.c **** 
  50:Drivers/STM32H7xx_HAL_Driver/Src/stm32h7xx_ll_delayblock.c **** /* Includes ------------------------------------------------------------------*/
  51:Drivers/STM32H7xx_HAL_Driver/Src/stm32h7xx_ll_delayblock.c **** #include "stm32h7xx_hal.h"
  52:Drivers/STM32H7xx_HAL_Driver/Src/stm32h7xx_ll_delayblock.c **** 
  53:Drivers/STM32H7xx_HAL_Driver/Src/stm32h7xx_ll_delayblock.c **** /** @addtogroup STM32H7xx_HAL_Driver
  54:Drivers/STM32H7xx_HAL_Driver/Src/stm32h7xx_ll_delayblock.c ****   * @{
  55:Drivers/STM32H7xx_HAL_Driver/Src/stm32h7xx_ll_delayblock.c ****   */
  56:Drivers/STM32H7xx_HAL_Driver/Src/stm32h7xx_ll_delayblock.c **** 
  57:Drivers/STM32H7xx_HAL_Driver/Src/stm32h7xx_ll_delayblock.c **** /** @defgroup DELAYBLOCK_LL DELAYBLOCK_LL
  58:Drivers/STM32H7xx_HAL_Driver/Src/stm32h7xx_ll_delayblock.c ****   * @brief Low layer module for Delay Block
  59:Drivers/STM32H7xx_HAL_Driver/Src/stm32h7xx_ll_delayblock.c ****   * @{
  60:Drivers/STM32H7xx_HAL_Driver/Src/stm32h7xx_ll_delayblock.c ****   */
  61:Drivers/STM32H7xx_HAL_Driver/Src/stm32h7xx_ll_delayblock.c **** 
  62:Drivers/STM32H7xx_HAL_Driver/Src/stm32h7xx_ll_delayblock.c **** #if defined(HAL_SD_MODULE_ENABLED) || defined(HAL_QSPI_MODULE_ENABLED)
  63:Drivers/STM32H7xx_HAL_Driver/Src/stm32h7xx_ll_delayblock.c **** 
  64:Drivers/STM32H7xx_HAL_Driver/Src/stm32h7xx_ll_delayblock.c **** /* Private typedef -----------------------------------------------------------*/
  65:Drivers/STM32H7xx_HAL_Driver/Src/stm32h7xx_ll_delayblock.c **** /* Private define ------------------------------------------------------------*/
  66:Drivers/STM32H7xx_HAL_Driver/Src/stm32h7xx_ll_delayblock.c **** /** @defgroup DelayBlock_LL_Private_Defines Delay Block Low Layer Private Defines
  67:Drivers/STM32H7xx_HAL_Driver/Src/stm32h7xx_ll_delayblock.c ****   * @{
  68:Drivers/STM32H7xx_HAL_Driver/Src/stm32h7xx_ll_delayblock.c ****   */
  69:Drivers/STM32H7xx_HAL_Driver/Src/stm32h7xx_ll_delayblock.c **** #define DLYB_TIMEOUT 0xFFU
  70:Drivers/STM32H7xx_HAL_Driver/Src/stm32h7xx_ll_delayblock.c **** /**
  71:Drivers/STM32H7xx_HAL_Driver/Src/stm32h7xx_ll_delayblock.c ****   * @}
  72:Drivers/STM32H7xx_HAL_Driver/Src/stm32h7xx_ll_delayblock.c ****   */
  73:Drivers/STM32H7xx_HAL_Driver/Src/stm32h7xx_ll_delayblock.c **** /* Private macro -------------------------------------------------------------*/
  74:Drivers/STM32H7xx_HAL_Driver/Src/stm32h7xx_ll_delayblock.c **** /* Private variables ---------------------------------------------------------*/
  75:Drivers/STM32H7xx_HAL_Driver/Src/stm32h7xx_ll_delayblock.c **** /* Private function prototypes -----------------------------------------------*/
  76:Drivers/STM32H7xx_HAL_Driver/Src/stm32h7xx_ll_delayblock.c **** /* Exported functions --------------------------------------------------------*/
  77:Drivers/STM32H7xx_HAL_Driver/Src/stm32h7xx_ll_delayblock.c **** 
  78:Drivers/STM32H7xx_HAL_Driver/Src/stm32h7xx_ll_delayblock.c **** /** @defgroup DelayBlock_LL_Exported_Functions Delay Block Low Layer Exported Functions
  79:Drivers/STM32H7xx_HAL_Driver/Src/stm32h7xx_ll_delayblock.c ****   * @{
  80:Drivers/STM32H7xx_HAL_Driver/Src/stm32h7xx_ll_delayblock.c ****   */
  81:Drivers/STM32H7xx_HAL_Driver/Src/stm32h7xx_ll_delayblock.c **** 
  82:Drivers/STM32H7xx_HAL_Driver/Src/stm32h7xx_ll_delayblock.c **** /** @defgroup HAL_DELAY_LL_Group1 Initialization de-initialization functions 
  83:Drivers/STM32H7xx_HAL_Driver/Src/stm32h7xx_ll_delayblock.c ****  *  @brief    Initialization and Configuration functions 
  84:Drivers/STM32H7xx_HAL_Driver/Src/stm32h7xx_ll_delayblock.c ****  *
  85:Drivers/STM32H7xx_HAL_Driver/Src/stm32h7xx_ll_delayblock.c **** @verbatim    
  86:Drivers/STM32H7xx_HAL_Driver/Src/stm32h7xx_ll_delayblock.c ****  ===============================================================================
  87:Drivers/STM32H7xx_HAL_Driver/Src/stm32h7xx_ll_delayblock.c ****               ##### Initialization and de-initialization functions #####
ARM GAS  C:\Users\Nathan\AppData\Local\Temp\cc3ztgue.s 			page 3


  88:Drivers/STM32H7xx_HAL_Driver/Src/stm32h7xx_ll_delayblock.c ****  ===============================================================================
  89:Drivers/STM32H7xx_HAL_Driver/Src/stm32h7xx_ll_delayblock.c ****     [..]  This section provides functions allowing to:
  90:Drivers/STM32H7xx_HAL_Driver/Src/stm32h7xx_ll_delayblock.c ****  
  91:Drivers/STM32H7xx_HAL_Driver/Src/stm32h7xx_ll_delayblock.c **** @endverbatim
  92:Drivers/STM32H7xx_HAL_Driver/Src/stm32h7xx_ll_delayblock.c ****   * @{
  93:Drivers/STM32H7xx_HAL_Driver/Src/stm32h7xx_ll_delayblock.c ****   */
  94:Drivers/STM32H7xx_HAL_Driver/Src/stm32h7xx_ll_delayblock.c **** 
  95:Drivers/STM32H7xx_HAL_Driver/Src/stm32h7xx_ll_delayblock.c **** 
  96:Drivers/STM32H7xx_HAL_Driver/Src/stm32h7xx_ll_delayblock.c **** /**
  97:Drivers/STM32H7xx_HAL_Driver/Src/stm32h7xx_ll_delayblock.c ****   * @brief  Enable the Delay Block instance.
  98:Drivers/STM32H7xx_HAL_Driver/Src/stm32h7xx_ll_delayblock.c ****   * @param  DLYBx: Pointer to DLYB instance.
  99:Drivers/STM32H7xx_HAL_Driver/Src/stm32h7xx_ll_delayblock.c ****   * @retval HAL status
 100:Drivers/STM32H7xx_HAL_Driver/Src/stm32h7xx_ll_delayblock.c ****   */
 101:Drivers/STM32H7xx_HAL_Driver/Src/stm32h7xx_ll_delayblock.c **** HAL_StatusTypeDef DelayBlock_Enable(DLYB_TypeDef *DLYBx)
 102:Drivers/STM32H7xx_HAL_Driver/Src/stm32h7xx_ll_delayblock.c **** {
  29              		.loc 1 102 1 view -0
  30              		.cfi_startproc
  31              		@ args = 0, pretend = 0, frame = 0
  32              		@ frame_needed = 0, uses_anonymous_args = 0
  33              		.loc 1 102 1 is_stmt 0 view .LVU1
  34 0000 2DE9F84F 		push	{r3, r4, r5, r6, r7, r8, r9, r10, fp, lr}
  35              		.cfi_def_cfa_offset 40
  36              		.cfi_offset 3, -40
  37              		.cfi_offset 4, -36
  38              		.cfi_offset 5, -32
  39              		.cfi_offset 6, -28
  40              		.cfi_offset 7, -24
  41              		.cfi_offset 8, -20
  42              		.cfi_offset 9, -16
  43              		.cfi_offset 10, -12
  44              		.cfi_offset 11, -8
  45              		.cfi_offset 14, -4
  46 0004 0446     		mov	r4, r0
 103:Drivers/STM32H7xx_HAL_Driver/Src/stm32h7xx_ll_delayblock.c ****   uint32_t unit = 0U;
  47              		.loc 1 103 3 is_stmt 1 view .LVU2
  48              	.LVL1:
 104:Drivers/STM32H7xx_HAL_Driver/Src/stm32h7xx_ll_delayblock.c ****   uint32_t sel = 0U;
  49              		.loc 1 104 3 view .LVU3
 105:Drivers/STM32H7xx_HAL_Driver/Src/stm32h7xx_ll_delayblock.c ****   uint32_t sel_current;
  50              		.loc 1 105 3 view .LVU4
 106:Drivers/STM32H7xx_HAL_Driver/Src/stm32h7xx_ll_delayblock.c ****   uint32_t unit_current;
  51              		.loc 1 106 3 view .LVU5
 107:Drivers/STM32H7xx_HAL_Driver/Src/stm32h7xx_ll_delayblock.c ****   uint32_t tuning;
  52              		.loc 1 107 3 view .LVU6
 108:Drivers/STM32H7xx_HAL_Driver/Src/stm32h7xx_ll_delayblock.c ****   uint32_t lng_mask;
  53              		.loc 1 108 3 view .LVU7
 109:Drivers/STM32H7xx_HAL_Driver/Src/stm32h7xx_ll_delayblock.c ****   uint32_t tickstart;
  54              		.loc 1 109 3 view .LVU8
 110:Drivers/STM32H7xx_HAL_Driver/Src/stm32h7xx_ll_delayblock.c **** 
 111:Drivers/STM32H7xx_HAL_Driver/Src/stm32h7xx_ll_delayblock.c ****   DLYBx->CR = DLYB_CR_DEN | DLYB_CR_SEN;
  55              		.loc 1 111 3 view .LVU9
  56              		.loc 1 111 13 is_stmt 0 view .LVU10
  57 0006 0323     		movs	r3, #3
  58 0008 0360     		str	r3, [r0]
 112:Drivers/STM32H7xx_HAL_Driver/Src/stm32h7xx_ll_delayblock.c **** 
 113:Drivers/STM32H7xx_HAL_Driver/Src/stm32h7xx_ll_delayblock.c ****   for (sel_current = 0U; sel_current < DLYB_MAX_SELECT; sel_current++)
  59              		.loc 1 113 3 is_stmt 1 view .LVU11
ARM GAS  C:\Users\Nathan\AppData\Local\Temp\cc3ztgue.s 			page 4


  60              	.LVL2:
  61              		.loc 1 113 20 is_stmt 0 view .LVU12
  62 000a 0027     		movs	r7, #0
 104:Drivers/STM32H7xx_HAL_Driver/Src/stm32h7xx_ll_delayblock.c ****   uint32_t sel_current;
  63              		.loc 1 104 12 view .LVU13
  64 000c BA46     		mov	r10, r7
 103:Drivers/STM32H7xx_HAL_Driver/Src/stm32h7xx_ll_delayblock.c ****   uint32_t sel = 0U;
  65              		.loc 1 103 12 view .LVU14
  66 000e BB46     		mov	fp, r7
  67              	.LVL3:
  68              	.L2:
  69              		.loc 1 113 38 is_stmt 1 discriminator 1 view .LVU15
  70 0010 0B2F     		cmp	r7, #11
  71 0012 32D8     		bhi	.L16
 114:Drivers/STM32H7xx_HAL_Driver/Src/stm32h7xx_ll_delayblock.c ****   {
 115:Drivers/STM32H7xx_HAL_Driver/Src/stm32h7xx_ll_delayblock.c ****     /* lng_mask is the mask bit for the LNG field to check the output of the UNITx*/
 116:Drivers/STM32H7xx_HAL_Driver/Src/stm32h7xx_ll_delayblock.c ****     lng_mask = DLYB_CFGR_LNG_0 << sel_current;
  72              		.loc 1 116 5 view .LVU16
  73              		.loc 1 116 14 is_stmt 0 view .LVU17
  74 0014 4FF48038 		mov	r8, #65536
  75 0018 08FA07F8 		lsl	r8, r8, r7
  76              	.LVL4:
 117:Drivers/STM32H7xx_HAL_Driver/Src/stm32h7xx_ll_delayblock.c ****     tuning = 0U;
  77              		.loc 1 117 5 is_stmt 1 view .LVU18
 118:Drivers/STM32H7xx_HAL_Driver/Src/stm32h7xx_ll_delayblock.c ****     for (unit_current = 0U; unit_current < DLYB_MAX_UNIT; unit_current++)
  78              		.loc 1 118 5 view .LVU19
 117:Drivers/STM32H7xx_HAL_Driver/Src/stm32h7xx_ll_delayblock.c ****     tuning = 0U;
  79              		.loc 1 117 12 is_stmt 0 view .LVU20
  80 001c 4FF00009 		mov	r9, #0
  81              		.loc 1 118 23 view .LVU21
  82 0020 4E46     		mov	r6, r9
  83              	.LVL5:
  84              	.L3:
  85              		.loc 1 118 42 is_stmt 1 discriminator 1 view .LVU22
  86 0022 7F2E     		cmp	r6, #127
  87 0024 27D8     		bhi	.L10
 119:Drivers/STM32H7xx_HAL_Driver/Src/stm32h7xx_ll_delayblock.c ****     {
 120:Drivers/STM32H7xx_HAL_Driver/Src/stm32h7xx_ll_delayblock.c ****       /* Set the Delay of the UNIT(s)*/
 121:Drivers/STM32H7xx_HAL_Driver/Src/stm32h7xx_ll_delayblock.c ****       DLYBx->CFGR = DLYB_MAX_SELECT | (unit_current << DLYB_CFGR_UNIT_Pos);
  88              		.loc 1 121 7 view .LVU23
  89              		.loc 1 121 53 is_stmt 0 view .LVU24
  90 0026 3302     		lsls	r3, r6, #8
  91              		.loc 1 121 37 view .LVU25
  92 0028 43F00C03 		orr	r3, r3, #12
  93              		.loc 1 121 19 view .LVU26
  94 002c 6360     		str	r3, [r4, #4]
 122:Drivers/STM32H7xx_HAL_Driver/Src/stm32h7xx_ll_delayblock.c **** 
 123:Drivers/STM32H7xx_HAL_Driver/Src/stm32h7xx_ll_delayblock.c ****       /* Waiting for a LNG valid value */
 124:Drivers/STM32H7xx_HAL_Driver/Src/stm32h7xx_ll_delayblock.c ****       tickstart =  HAL_GetTick();
  95              		.loc 1 124 7 is_stmt 1 view .LVU27
  96              		.loc 1 124 20 is_stmt 0 view .LVU28
  97 002e FFF7FEFF 		bl	HAL_GetTick
  98              	.LVL6:
  99 0032 0546     		mov	r5, r0
 100              	.LVL7:
 125:Drivers/STM32H7xx_HAL_Driver/Src/stm32h7xx_ll_delayblock.c ****       while ((DLYBx->CFGR & DLYB_CFGR_LNGF) == 0U)
 101              		.loc 1 125 7 is_stmt 1 view .LVU29
ARM GAS  C:\Users\Nathan\AppData\Local\Temp\cc3ztgue.s 			page 5


 102              	.L4:
 103              		.loc 1 125 45 view .LVU30
 104              		.loc 1 125 20 is_stmt 0 view .LVU31
 105 0034 6368     		ldr	r3, [r4, #4]
 106              		.loc 1 125 45 view .LVU32
 107 0036 002B     		cmp	r3, #0
 108 0038 07DB     		blt	.L17
 126:Drivers/STM32H7xx_HAL_Driver/Src/stm32h7xx_ll_delayblock.c ****       {
 127:Drivers/STM32H7xx_HAL_Driver/Src/stm32h7xx_ll_delayblock.c ****         if((HAL_GetTick() - tickstart) >=  DLYB_TIMEOUT)
 109              		.loc 1 127 9 is_stmt 1 view .LVU33
 110              		.loc 1 127 13 is_stmt 0 view .LVU34
 111 003a FFF7FEFF 		bl	HAL_GetTick
 112              	.LVL8:
 113              		.loc 1 127 27 discriminator 1 view .LVU35
 114 003e 401B     		subs	r0, r0, r5
 115              		.loc 1 127 11 discriminator 1 view .LVU36
 116 0040 FE28     		cmp	r0, #254
 117 0042 F7D9     		bls	.L4
 128:Drivers/STM32H7xx_HAL_Driver/Src/stm32h7xx_ll_delayblock.c ****         {
 129:Drivers/STM32H7xx_HAL_Driver/Src/stm32h7xx_ll_delayblock.c ****           return HAL_TIMEOUT;
 118              		.loc 1 129 18 view .LVU37
 119 0044 0320     		movs	r0, #3
 120              	.LVL9:
 121              	.L5:
 130:Drivers/STM32H7xx_HAL_Driver/Src/stm32h7xx_ll_delayblock.c ****         }
 131:Drivers/STM32H7xx_HAL_Driver/Src/stm32h7xx_ll_delayblock.c ****       }
 132:Drivers/STM32H7xx_HAL_Driver/Src/stm32h7xx_ll_delayblock.c ****       if (tuning == 0U)
 133:Drivers/STM32H7xx_HAL_Driver/Src/stm32h7xx_ll_delayblock.c ****       {
 134:Drivers/STM32H7xx_HAL_Driver/Src/stm32h7xx_ll_delayblock.c ****         if ((DLYBx->CFGR & lng_mask) != 0U)
 135:Drivers/STM32H7xx_HAL_Driver/Src/stm32h7xx_ll_delayblock.c ****         {
 136:Drivers/STM32H7xx_HAL_Driver/Src/stm32h7xx_ll_delayblock.c ****           /* 1/2 period HIGH is detected */
 137:Drivers/STM32H7xx_HAL_Driver/Src/stm32h7xx_ll_delayblock.c ****           tuning = 1U;
 138:Drivers/STM32H7xx_HAL_Driver/Src/stm32h7xx_ll_delayblock.c ****         }
 139:Drivers/STM32H7xx_HAL_Driver/Src/stm32h7xx_ll_delayblock.c ****       }
 140:Drivers/STM32H7xx_HAL_Driver/Src/stm32h7xx_ll_delayblock.c ****       else
 141:Drivers/STM32H7xx_HAL_Driver/Src/stm32h7xx_ll_delayblock.c ****       {
 142:Drivers/STM32H7xx_HAL_Driver/Src/stm32h7xx_ll_delayblock.c ****         /* 1/2 period LOW detected after the HIGH 1/2 period => FULL PERIOD passed*/
 143:Drivers/STM32H7xx_HAL_Driver/Src/stm32h7xx_ll_delayblock.c ****         if((DLYBx->CFGR & lng_mask ) == 0U)
 144:Drivers/STM32H7xx_HAL_Driver/Src/stm32h7xx_ll_delayblock.c ****         {
 145:Drivers/STM32H7xx_HAL_Driver/Src/stm32h7xx_ll_delayblock.c ****           /* Save the first result */
 146:Drivers/STM32H7xx_HAL_Driver/Src/stm32h7xx_ll_delayblock.c ****           if( unit == 0U )
 147:Drivers/STM32H7xx_HAL_Driver/Src/stm32h7xx_ll_delayblock.c ****           {
 148:Drivers/STM32H7xx_HAL_Driver/Src/stm32h7xx_ll_delayblock.c ****             unit = unit_current;
 149:Drivers/STM32H7xx_HAL_Driver/Src/stm32h7xx_ll_delayblock.c ****             sel  = sel_current + 1U;
 150:Drivers/STM32H7xx_HAL_Driver/Src/stm32h7xx_ll_delayblock.c ****           }
 151:Drivers/STM32H7xx_HAL_Driver/Src/stm32h7xx_ll_delayblock.c ****           break;
 152:Drivers/STM32H7xx_HAL_Driver/Src/stm32h7xx_ll_delayblock.c ****         }
 153:Drivers/STM32H7xx_HAL_Driver/Src/stm32h7xx_ll_delayblock.c ****       }
 154:Drivers/STM32H7xx_HAL_Driver/Src/stm32h7xx_ll_delayblock.c ****     }
 155:Drivers/STM32H7xx_HAL_Driver/Src/stm32h7xx_ll_delayblock.c ****   }
 156:Drivers/STM32H7xx_HAL_Driver/Src/stm32h7xx_ll_delayblock.c **** 
 157:Drivers/STM32H7xx_HAL_Driver/Src/stm32h7xx_ll_delayblock.c ****   /* Apply the Tuning settings */
 158:Drivers/STM32H7xx_HAL_Driver/Src/stm32h7xx_ll_delayblock.c ****   DLYBx->CR   = 0U;
 159:Drivers/STM32H7xx_HAL_Driver/Src/stm32h7xx_ll_delayblock.c ****   DLYBx->CR   = DLYB_CR_DEN | DLYB_CR_SEN;
 160:Drivers/STM32H7xx_HAL_Driver/Src/stm32h7xx_ll_delayblock.c ****   DLYBx->CFGR = sel | (unit << DLYB_CFGR_UNIT_Pos);
 161:Drivers/STM32H7xx_HAL_Driver/Src/stm32h7xx_ll_delayblock.c ****   DLYBx->CR   = DLYB_CR_DEN;
 162:Drivers/STM32H7xx_HAL_Driver/Src/stm32h7xx_ll_delayblock.c **** 
ARM GAS  C:\Users\Nathan\AppData\Local\Temp\cc3ztgue.s 			page 6


 163:Drivers/STM32H7xx_HAL_Driver/Src/stm32h7xx_ll_delayblock.c ****   return HAL_OK;
 164:Drivers/STM32H7xx_HAL_Driver/Src/stm32h7xx_ll_delayblock.c **** }
 122              		.loc 1 164 1 view .LVU38
 123 0046 BDE8F88F 		pop	{r3, r4, r5, r6, r7, r8, r9, r10, fp, pc}
 124              	.LVL10:
 125              	.L17:
 132:Drivers/STM32H7xx_HAL_Driver/Src/stm32h7xx_ll_delayblock.c ****       {
 126              		.loc 1 132 7 is_stmt 1 view .LVU39
 132:Drivers/STM32H7xx_HAL_Driver/Src/stm32h7xx_ll_delayblock.c ****       {
 127              		.loc 1 132 10 is_stmt 0 view .LVU40
 128 004a B9F1000F 		cmp	r9, #0
 129 004e 06D1     		bne	.L7
 134:Drivers/STM32H7xx_HAL_Driver/Src/stm32h7xx_ll_delayblock.c ****         {
 130              		.loc 1 134 9 is_stmt 1 view .LVU41
 134:Drivers/STM32H7xx_HAL_Driver/Src/stm32h7xx_ll_delayblock.c ****         {
 131              		.loc 1 134 19 is_stmt 0 view .LVU42
 132 0050 6368     		ldr	r3, [r4, #4]
 134:Drivers/STM32H7xx_HAL_Driver/Src/stm32h7xx_ll_delayblock.c ****         {
 133              		.loc 1 134 12 view .LVU43
 134 0052 13EA080F 		tst	r3, r8
 135 0056 06D0     		beq	.L8
 137:Drivers/STM32H7xx_HAL_Driver/Src/stm32h7xx_ll_delayblock.c ****         }
 136              		.loc 1 137 18 view .LVU44
 137 0058 4FF00109 		mov	r9, #1
 138              	.LVL11:
 137:Drivers/STM32H7xx_HAL_Driver/Src/stm32h7xx_ll_delayblock.c ****         }
 139              		.loc 1 137 18 view .LVU45
 140 005c 03E0     		b	.L8
 141              	.LVL12:
 142              	.L7:
 143:Drivers/STM32H7xx_HAL_Driver/Src/stm32h7xx_ll_delayblock.c ****         {
 143              		.loc 1 143 9 is_stmt 1 view .LVU46
 143:Drivers/STM32H7xx_HAL_Driver/Src/stm32h7xx_ll_delayblock.c ****         {
 144              		.loc 1 143 18 is_stmt 0 view .LVU47
 145 005e 6368     		ldr	r3, [r4, #4]
 143:Drivers/STM32H7xx_HAL_Driver/Src/stm32h7xx_ll_delayblock.c ****         {
 146              		.loc 1 143 11 view .LVU48
 147 0060 13EA080F 		tst	r3, r8
 148 0064 01D0     		beq	.L18
 149              	.LVL13:
 150              	.L8:
 118:Drivers/STM32H7xx_HAL_Driver/Src/stm32h7xx_ll_delayblock.c ****     {
 151              		.loc 1 118 71 is_stmt 1 discriminator 2 view .LVU49
 152 0066 0136     		adds	r6, r6, #1
 153              	.LVL14:
 118:Drivers/STM32H7xx_HAL_Driver/Src/stm32h7xx_ll_delayblock.c ****     {
 154              		.loc 1 118 71 is_stmt 0 discriminator 2 view .LVU50
 155 0068 DBE7     		b	.L3
 156              	.LVL15:
 157              	.L18:
 146:Drivers/STM32H7xx_HAL_Driver/Src/stm32h7xx_ll_delayblock.c ****           {
 158              		.loc 1 146 11 is_stmt 1 view .LVU51
 146:Drivers/STM32H7xx_HAL_Driver/Src/stm32h7xx_ll_delayblock.c ****           {
 159              		.loc 1 146 13 is_stmt 0 view .LVU52
 160 006a BBF1000F 		cmp	fp, #0
 161 006e 02D1     		bne	.L10
 148:Drivers/STM32H7xx_HAL_Driver/Src/stm32h7xx_ll_delayblock.c ****             sel  = sel_current + 1U;
ARM GAS  C:\Users\Nathan\AppData\Local\Temp\cc3ztgue.s 			page 7


 162              		.loc 1 148 13 is_stmt 1 view .LVU53
 163              	.LVL16:
 149:Drivers/STM32H7xx_HAL_Driver/Src/stm32h7xx_ll_delayblock.c ****           }
 164              		.loc 1 149 13 view .LVU54
 149:Drivers/STM32H7xx_HAL_Driver/Src/stm32h7xx_ll_delayblock.c ****           }
 165              		.loc 1 149 18 is_stmt 0 view .LVU55
 166 0070 07F1010A 		add	r10, r7, #1
 167              	.LVL17:
 148:Drivers/STM32H7xx_HAL_Driver/Src/stm32h7xx_ll_delayblock.c ****             sel  = sel_current + 1U;
 168              		.loc 1 148 18 view .LVU56
 169 0074 B346     		mov	fp, r6
 170              	.LVL18:
 171              	.L10:
 113:Drivers/STM32H7xx_HAL_Driver/Src/stm32h7xx_ll_delayblock.c ****   {
 172              		.loc 1 113 68 is_stmt 1 discriminator 2 view .LVU57
 173 0076 0137     		adds	r7, r7, #1
 174              	.LVL19:
 113:Drivers/STM32H7xx_HAL_Driver/Src/stm32h7xx_ll_delayblock.c ****   {
 175              		.loc 1 113 68 is_stmt 0 discriminator 2 view .LVU58
 176 0078 CAE7     		b	.L2
 177              	.LVL20:
 178              	.L16:
 158:Drivers/STM32H7xx_HAL_Driver/Src/stm32h7xx_ll_delayblock.c ****   DLYBx->CR   = DLYB_CR_DEN | DLYB_CR_SEN;
 179              		.loc 1 158 3 is_stmt 1 view .LVU59
 158:Drivers/STM32H7xx_HAL_Driver/Src/stm32h7xx_ll_delayblock.c ****   DLYBx->CR   = DLYB_CR_DEN | DLYB_CR_SEN;
 180              		.loc 1 158 15 is_stmt 0 view .LVU60
 181 007a 0020     		movs	r0, #0
 182 007c 2060     		str	r0, [r4]
 159:Drivers/STM32H7xx_HAL_Driver/Src/stm32h7xx_ll_delayblock.c ****   DLYBx->CFGR = sel | (unit << DLYB_CFGR_UNIT_Pos);
 183              		.loc 1 159 3 is_stmt 1 view .LVU61
 159:Drivers/STM32H7xx_HAL_Driver/Src/stm32h7xx_ll_delayblock.c ****   DLYBx->CFGR = sel | (unit << DLYB_CFGR_UNIT_Pos);
 184              		.loc 1 159 15 is_stmt 0 view .LVU62
 185 007e 0323     		movs	r3, #3
 186 0080 2360     		str	r3, [r4]
 160:Drivers/STM32H7xx_HAL_Driver/Src/stm32h7xx_ll_delayblock.c ****   DLYBx->CR   = DLYB_CR_DEN;
 187              		.loc 1 160 3 is_stmt 1 view .LVU63
 160:Drivers/STM32H7xx_HAL_Driver/Src/stm32h7xx_ll_delayblock.c ****   DLYBx->CR   = DLYB_CR_DEN;
 188              		.loc 1 160 21 is_stmt 0 view .LVU64
 189 0082 4AEA0B23 		orr	r3, r10, fp, lsl #8
 160:Drivers/STM32H7xx_HAL_Driver/Src/stm32h7xx_ll_delayblock.c ****   DLYBx->CR   = DLYB_CR_DEN;
 190              		.loc 1 160 15 view .LVU65
 191 0086 6360     		str	r3, [r4, #4]
 161:Drivers/STM32H7xx_HAL_Driver/Src/stm32h7xx_ll_delayblock.c **** 
 192              		.loc 1 161 3 is_stmt 1 view .LVU66
 161:Drivers/STM32H7xx_HAL_Driver/Src/stm32h7xx_ll_delayblock.c **** 
 193              		.loc 1 161 15 is_stmt 0 view .LVU67
 194 0088 0123     		movs	r3, #1
 195 008a 2360     		str	r3, [r4]
 163:Drivers/STM32H7xx_HAL_Driver/Src/stm32h7xx_ll_delayblock.c **** }
 196              		.loc 1 163 3 is_stmt 1 view .LVU68
 163:Drivers/STM32H7xx_HAL_Driver/Src/stm32h7xx_ll_delayblock.c **** }
 197              		.loc 1 163 10 is_stmt 0 view .LVU69
 198 008c DBE7     		b	.L5
 199              		.cfi_endproc
 200              	.LFE144:
 202              		.section	.text.DelayBlock_Disable,"ax",%progbits
 203              		.align	1
ARM GAS  C:\Users\Nathan\AppData\Local\Temp\cc3ztgue.s 			page 8


 204              		.global	DelayBlock_Disable
 205              		.syntax unified
 206              		.thumb
 207              		.thumb_func
 209              	DelayBlock_Disable:
 210              	.LVL21:
 211              	.LFB145:
 165:Drivers/STM32H7xx_HAL_Driver/Src/stm32h7xx_ll_delayblock.c **** 
 166:Drivers/STM32H7xx_HAL_Driver/Src/stm32h7xx_ll_delayblock.c **** /**
 167:Drivers/STM32H7xx_HAL_Driver/Src/stm32h7xx_ll_delayblock.c ****   * @brief  Disable the Delay Block instance.
 168:Drivers/STM32H7xx_HAL_Driver/Src/stm32h7xx_ll_delayblock.c ****   * @param  DLYBx: Pointer to DLYB instance.
 169:Drivers/STM32H7xx_HAL_Driver/Src/stm32h7xx_ll_delayblock.c ****   * @retval HAL status
 170:Drivers/STM32H7xx_HAL_Driver/Src/stm32h7xx_ll_delayblock.c ****   */
 171:Drivers/STM32H7xx_HAL_Driver/Src/stm32h7xx_ll_delayblock.c **** HAL_StatusTypeDef DelayBlock_Disable(DLYB_TypeDef *DLYBx)
 172:Drivers/STM32H7xx_HAL_Driver/Src/stm32h7xx_ll_delayblock.c **** {
 212              		.loc 1 172 1 is_stmt 1 view -0
 213              		.cfi_startproc
 214              		@ args = 0, pretend = 0, frame = 0
 215              		@ frame_needed = 0, uses_anonymous_args = 0
 216              		@ link register save eliminated.
 217              		.loc 1 172 1 is_stmt 0 view .LVU71
 218 0000 0346     		mov	r3, r0
 173:Drivers/STM32H7xx_HAL_Driver/Src/stm32h7xx_ll_delayblock.c ****   /* Disable DLYB */
 174:Drivers/STM32H7xx_HAL_Driver/Src/stm32h7xx_ll_delayblock.c ****   DLYBx->CR = 0U;
 219              		.loc 1 174 3 is_stmt 1 view .LVU72
 220              		.loc 1 174 13 is_stmt 0 view .LVU73
 221 0002 0020     		movs	r0, #0
 222              	.LVL22:
 223              		.loc 1 174 13 view .LVU74
 224 0004 1860     		str	r0, [r3]
 175:Drivers/STM32H7xx_HAL_Driver/Src/stm32h7xx_ll_delayblock.c ****   return HAL_OK;
 225              		.loc 1 175 3 is_stmt 1 view .LVU75
 176:Drivers/STM32H7xx_HAL_Driver/Src/stm32h7xx_ll_delayblock.c **** }
 226              		.loc 1 176 1 is_stmt 0 view .LVU76
 227 0006 7047     		bx	lr
 228              		.cfi_endproc
 229              	.LFE145:
 231              		.section	.text.DelayBlock_Configure,"ax",%progbits
 232              		.align	1
 233              		.global	DelayBlock_Configure
 234              		.syntax unified
 235              		.thumb
 236              		.thumb_func
 238              	DelayBlock_Configure:
 239              	.LVL23:
 240              	.LFB146:
 177:Drivers/STM32H7xx_HAL_Driver/Src/stm32h7xx_ll_delayblock.c **** 
 178:Drivers/STM32H7xx_HAL_Driver/Src/stm32h7xx_ll_delayblock.c **** /**
 179:Drivers/STM32H7xx_HAL_Driver/Src/stm32h7xx_ll_delayblock.c ****   * @brief  Configure the Delay Block instance.
 180:Drivers/STM32H7xx_HAL_Driver/Src/stm32h7xx_ll_delayblock.c ****   * @param  DLYBx: Pointer to DLYB instance.
 181:Drivers/STM32H7xx_HAL_Driver/Src/stm32h7xx_ll_delayblock.c ****   * @param  PhaseSel: Phase selection [0..11].
 182:Drivers/STM32H7xx_HAL_Driver/Src/stm32h7xx_ll_delayblock.c ****   * @param  Units: Delay units[0..127].
 183:Drivers/STM32H7xx_HAL_Driver/Src/stm32h7xx_ll_delayblock.c ****   * @retval HAL status
 184:Drivers/STM32H7xx_HAL_Driver/Src/stm32h7xx_ll_delayblock.c ****   */
 185:Drivers/STM32H7xx_HAL_Driver/Src/stm32h7xx_ll_delayblock.c **** HAL_StatusTypeDef DelayBlock_Configure(DLYB_TypeDef *DLYBx,uint32_t PhaseSel, uint32_t Units )
 186:Drivers/STM32H7xx_HAL_Driver/Src/stm32h7xx_ll_delayblock.c **** {
 241              		.loc 1 186 1 is_stmt 1 view -0
ARM GAS  C:\Users\Nathan\AppData\Local\Temp\cc3ztgue.s 			page 9


 242              		.cfi_startproc
 243              		@ args = 0, pretend = 0, frame = 0
 244              		@ frame_needed = 0, uses_anonymous_args = 0
 245              		@ link register save eliminated.
 246              		.loc 1 186 1 is_stmt 0 view .LVU78
 247 0000 10B4     		push	{r4}
 248              		.cfi_def_cfa_offset 4
 249              		.cfi_offset 4, -4
 250 0002 0346     		mov	r3, r0
 187:Drivers/STM32H7xx_HAL_Driver/Src/stm32h7xx_ll_delayblock.c ****   /* Apply the delay settings */
 188:Drivers/STM32H7xx_HAL_Driver/Src/stm32h7xx_ll_delayblock.c **** 
 189:Drivers/STM32H7xx_HAL_Driver/Src/stm32h7xx_ll_delayblock.c ****   DLYBx->CR   = 0U;
 251              		.loc 1 189 3 is_stmt 1 view .LVU79
 252              		.loc 1 189 15 is_stmt 0 view .LVU80
 253 0004 0020     		movs	r0, #0
 254              	.LVL24:
 255              		.loc 1 189 15 view .LVU81
 256 0006 1860     		str	r0, [r3]
 190:Drivers/STM32H7xx_HAL_Driver/Src/stm32h7xx_ll_delayblock.c ****   DLYBx->CR   = DLYB_CR_DEN | DLYB_CR_SEN;
 257              		.loc 1 190 3 is_stmt 1 view .LVU82
 258              		.loc 1 190 15 is_stmt 0 view .LVU83
 259 0008 0324     		movs	r4, #3
 260 000a 1C60     		str	r4, [r3]
 191:Drivers/STM32H7xx_HAL_Driver/Src/stm32h7xx_ll_delayblock.c ****   DLYBx->CFGR = PhaseSel | (Units << DLYB_CFGR_UNIT_Pos);
 261              		.loc 1 191 3 is_stmt 1 view .LVU84
 262              		.loc 1 191 26 is_stmt 0 view .LVU85
 263 000c 41EA0221 		orr	r1, r1, r2, lsl #8
 264              	.LVL25:
 265              		.loc 1 191 15 view .LVU86
 266 0010 5960     		str	r1, [r3, #4]
 192:Drivers/STM32H7xx_HAL_Driver/Src/stm32h7xx_ll_delayblock.c ****   DLYBx->CR   = DLYB_CR_DEN;
 267              		.loc 1 192 3 is_stmt 1 view .LVU87
 268              		.loc 1 192 15 is_stmt 0 view .LVU88
 269 0012 0122     		movs	r2, #1
 270              	.LVL26:
 271              		.loc 1 192 15 view .LVU89
 272 0014 1A60     		str	r2, [r3]
 193:Drivers/STM32H7xx_HAL_Driver/Src/stm32h7xx_ll_delayblock.c **** 
 194:Drivers/STM32H7xx_HAL_Driver/Src/stm32h7xx_ll_delayblock.c ****   return HAL_OK;
 273              		.loc 1 194 3 is_stmt 1 view .LVU90
 195:Drivers/STM32H7xx_HAL_Driver/Src/stm32h7xx_ll_delayblock.c **** }
 274              		.loc 1 195 1 is_stmt 0 view .LVU91
 275 0016 5DF8044B 		ldr	r4, [sp], #4
 276              		.cfi_restore 4
 277              		.cfi_def_cfa_offset 0
 278 001a 7047     		bx	lr
 279              		.cfi_endproc
 280              	.LFE146:
 282              		.text
 283              	.Letext0:
 284              		.file 2 "C:/Users/Nathan/AppData/Roaming/Code/User/globalStorage/bmd.stm32-for-vscode/@xpack-dev-t
 285              		.file 3 "C:/Users/Nathan/AppData/Roaming/Code/User/globalStorage/bmd.stm32-for-vscode/@xpack-dev-t
 286              		.file 4 "Drivers/CMSIS/Device/ST/STM32H7xx/Include/stm32h743xx.h"
 287              		.file 5 "Drivers/STM32H7xx_HAL_Driver/Inc/stm32h7xx_hal_def.h"
 288              		.file 6 "Drivers/STM32H7xx_HAL_Driver/Inc/stm32h7xx_hal.h"
ARM GAS  C:\Users\Nathan\AppData\Local\Temp\cc3ztgue.s 			page 10


DEFINED SYMBOLS
                            *ABS*:00000000 stm32h7xx_ll_delayblock.c
C:\Users\Nathan\AppData\Local\Temp\cc3ztgue.s:20     .text.DelayBlock_Enable:00000000 $t
C:\Users\Nathan\AppData\Local\Temp\cc3ztgue.s:26     .text.DelayBlock_Enable:00000000 DelayBlock_Enable
C:\Users\Nathan\AppData\Local\Temp\cc3ztgue.s:203    .text.DelayBlock_Disable:00000000 $t
C:\Users\Nathan\AppData\Local\Temp\cc3ztgue.s:209    .text.DelayBlock_Disable:00000000 DelayBlock_Disable
C:\Users\Nathan\AppData\Local\Temp\cc3ztgue.s:232    .text.DelayBlock_Configure:00000000 $t
C:\Users\Nathan\AppData\Local\Temp\cc3ztgue.s:238    .text.DelayBlock_Configure:00000000 DelayBlock_Configure

UNDEFINED SYMBOLS
HAL_GetTick
