ARM GAS  C:\Users\Nathan\AppData\Local\Temp\cc9StGef.s 			page 1


   1              		.cpu cortex-m7
   2              		.arch armv7e-m
   3              		.fpu fpv5-d16
   4              		.eabi_attribute 28, 1
   5              		.eabi_attribute 20, 1
   6              		.eabi_attribute 21, 1
   7              		.eabi_attribute 23, 3
   8              		.eabi_attribute 24, 1
   9              		.eabi_attribute 25, 1
  10              		.eabi_attribute 26, 1
  11              		.eabi_attribute 30, 1
  12              		.eabi_attribute 34, 1
  13              		.eabi_attribute 18, 4
  14              		.file	"stm32h7xx_hal_spi_ex.c"
  15              		.text
  16              	.Ltext0:
  17              		.cfi_sections	.debug_frame
  18              		.file 1 "Drivers/STM32H7xx_HAL_Driver/Src/stm32h7xx_hal_spi_ex.c"
  19              		.section	.text.HAL_SPIEx_FlushRxFifo,"ax",%progbits
  20              		.align	1
  21              		.global	HAL_SPIEx_FlushRxFifo
  22              		.syntax unified
  23              		.thumb
  24              		.thumb_func
  26              	HAL_SPIEx_FlushRxFifo:
  27              	.LVL0:
  28              	.LFB144:
   1:Drivers/STM32H7xx_HAL_Driver/Src/stm32h7xx_hal_spi_ex.c **** /**
   2:Drivers/STM32H7xx_HAL_Driver/Src/stm32h7xx_hal_spi_ex.c ****   ******************************************************************************
   3:Drivers/STM32H7xx_HAL_Driver/Src/stm32h7xx_hal_spi_ex.c ****   * @file    stm32h7xx_hal_spi_ex.c
   4:Drivers/STM32H7xx_HAL_Driver/Src/stm32h7xx_hal_spi_ex.c ****   * @author  MCD Application Team
   5:Drivers/STM32H7xx_HAL_Driver/Src/stm32h7xx_hal_spi_ex.c ****   * @brief   Extended SPI HAL module driver.
   6:Drivers/STM32H7xx_HAL_Driver/Src/stm32h7xx_hal_spi_ex.c ****   *          This file provides firmware functions to manage the following
   7:Drivers/STM32H7xx_HAL_Driver/Src/stm32h7xx_hal_spi_ex.c ****   *          SPI peripheral extended functionalities :
   8:Drivers/STM32H7xx_HAL_Driver/Src/stm32h7xx_hal_spi_ex.c ****   *           + IO operation functions
   9:Drivers/STM32H7xx_HAL_Driver/Src/stm32h7xx_hal_spi_ex.c ****   *           + Peripheral Control functions
  10:Drivers/STM32H7xx_HAL_Driver/Src/stm32h7xx_hal_spi_ex.c ****   *
  11:Drivers/STM32H7xx_HAL_Driver/Src/stm32h7xx_hal_spi_ex.c ****   ******************************************************************************
  12:Drivers/STM32H7xx_HAL_Driver/Src/stm32h7xx_hal_spi_ex.c ****   * @attention
  13:Drivers/STM32H7xx_HAL_Driver/Src/stm32h7xx_hal_spi_ex.c ****   *
  14:Drivers/STM32H7xx_HAL_Driver/Src/stm32h7xx_hal_spi_ex.c ****   * Copyright (c) 2017 STMicroelectronics.
  15:Drivers/STM32H7xx_HAL_Driver/Src/stm32h7xx_hal_spi_ex.c ****   * All rights reserved.
  16:Drivers/STM32H7xx_HAL_Driver/Src/stm32h7xx_hal_spi_ex.c ****   *
  17:Drivers/STM32H7xx_HAL_Driver/Src/stm32h7xx_hal_spi_ex.c ****   * This software is licensed under terms that can be found in the LICENSE file
  18:Drivers/STM32H7xx_HAL_Driver/Src/stm32h7xx_hal_spi_ex.c ****   * in the root directory of this software component.
  19:Drivers/STM32H7xx_HAL_Driver/Src/stm32h7xx_hal_spi_ex.c ****   * If no LICENSE file comes with this software, it is provided AS-IS.
  20:Drivers/STM32H7xx_HAL_Driver/Src/stm32h7xx_hal_spi_ex.c ****   *
  21:Drivers/STM32H7xx_HAL_Driver/Src/stm32h7xx_hal_spi_ex.c ****   ******************************************************************************
  22:Drivers/STM32H7xx_HAL_Driver/Src/stm32h7xx_hal_spi_ex.c ****   */
  23:Drivers/STM32H7xx_HAL_Driver/Src/stm32h7xx_hal_spi_ex.c **** 
  24:Drivers/STM32H7xx_HAL_Driver/Src/stm32h7xx_hal_spi_ex.c **** /* Includes ------------------------------------------------------------------*/
  25:Drivers/STM32H7xx_HAL_Driver/Src/stm32h7xx_hal_spi_ex.c **** #include "stm32h7xx_hal.h"
  26:Drivers/STM32H7xx_HAL_Driver/Src/stm32h7xx_hal_spi_ex.c **** 
  27:Drivers/STM32H7xx_HAL_Driver/Src/stm32h7xx_hal_spi_ex.c **** /** @addtogroup STM32H7xx_HAL_Driver
  28:Drivers/STM32H7xx_HAL_Driver/Src/stm32h7xx_hal_spi_ex.c ****   * @{
  29:Drivers/STM32H7xx_HAL_Driver/Src/stm32h7xx_hal_spi_ex.c ****   */
  30:Drivers/STM32H7xx_HAL_Driver/Src/stm32h7xx_hal_spi_ex.c **** 
ARM GAS  C:\Users\Nathan\AppData\Local\Temp\cc9StGef.s 			page 2


  31:Drivers/STM32H7xx_HAL_Driver/Src/stm32h7xx_hal_spi_ex.c **** /** @defgroup SPIEx SPIEx
  32:Drivers/STM32H7xx_HAL_Driver/Src/stm32h7xx_hal_spi_ex.c ****   * @brief SPI Extended HAL module driver
  33:Drivers/STM32H7xx_HAL_Driver/Src/stm32h7xx_hal_spi_ex.c ****   * @{
  34:Drivers/STM32H7xx_HAL_Driver/Src/stm32h7xx_hal_spi_ex.c ****   */
  35:Drivers/STM32H7xx_HAL_Driver/Src/stm32h7xx_hal_spi_ex.c **** #ifdef HAL_SPI_MODULE_ENABLED
  36:Drivers/STM32H7xx_HAL_Driver/Src/stm32h7xx_hal_spi_ex.c **** 
  37:Drivers/STM32H7xx_HAL_Driver/Src/stm32h7xx_hal_spi_ex.c **** /* Private typedef -----------------------------------------------------------*/
  38:Drivers/STM32H7xx_HAL_Driver/Src/stm32h7xx_hal_spi_ex.c **** /* Private defines -----------------------------------------------------------*/
  39:Drivers/STM32H7xx_HAL_Driver/Src/stm32h7xx_hal_spi_ex.c **** /* Private macros ------------------------------------------------------------*/
  40:Drivers/STM32H7xx_HAL_Driver/Src/stm32h7xx_hal_spi_ex.c **** /* Private variables ---------------------------------------------------------*/
  41:Drivers/STM32H7xx_HAL_Driver/Src/stm32h7xx_hal_spi_ex.c **** /* Private function prototypes -----------------------------------------------*/
  42:Drivers/STM32H7xx_HAL_Driver/Src/stm32h7xx_hal_spi_ex.c **** /* Exported functions --------------------------------------------------------*/
  43:Drivers/STM32H7xx_HAL_Driver/Src/stm32h7xx_hal_spi_ex.c **** 
  44:Drivers/STM32H7xx_HAL_Driver/Src/stm32h7xx_hal_spi_ex.c **** /** @defgroup SPIEx_Exported_Functions SPIEx Exported Functions
  45:Drivers/STM32H7xx_HAL_Driver/Src/stm32h7xx_hal_spi_ex.c ****   * @{
  46:Drivers/STM32H7xx_HAL_Driver/Src/stm32h7xx_hal_spi_ex.c ****   */
  47:Drivers/STM32H7xx_HAL_Driver/Src/stm32h7xx_hal_spi_ex.c **** 
  48:Drivers/STM32H7xx_HAL_Driver/Src/stm32h7xx_hal_spi_ex.c **** /** @defgroup SPIEx_Exported_Functions_Group1 IO operation functions
  49:Drivers/STM32H7xx_HAL_Driver/Src/stm32h7xx_hal_spi_ex.c ****   *  @brief   Data transfers functions
  50:Drivers/STM32H7xx_HAL_Driver/Src/stm32h7xx_hal_spi_ex.c ****   *
  51:Drivers/STM32H7xx_HAL_Driver/Src/stm32h7xx_hal_spi_ex.c **** @verbatim
  52:Drivers/STM32H7xx_HAL_Driver/Src/stm32h7xx_hal_spi_ex.c ****   ==============================================================================
  53:Drivers/STM32H7xx_HAL_Driver/Src/stm32h7xx_hal_spi_ex.c ****                       ##### IO operation functions #####
  54:Drivers/STM32H7xx_HAL_Driver/Src/stm32h7xx_hal_spi_ex.c ****  ===============================================================================
  55:Drivers/STM32H7xx_HAL_Driver/Src/stm32h7xx_hal_spi_ex.c ****  [..]
  56:Drivers/STM32H7xx_HAL_Driver/Src/stm32h7xx_hal_spi_ex.c ****     This subsection provides a set of extended functions to manage the SPI
  57:Drivers/STM32H7xx_HAL_Driver/Src/stm32h7xx_hal_spi_ex.c ****     data transfers.
  58:Drivers/STM32H7xx_HAL_Driver/Src/stm32h7xx_hal_spi_ex.c **** 
  59:Drivers/STM32H7xx_HAL_Driver/Src/stm32h7xx_hal_spi_ex.c ****     (#) SPIEx function:
  60:Drivers/STM32H7xx_HAL_Driver/Src/stm32h7xx_hal_spi_ex.c ****         (++) HAL_SPIEx_FlushRxFifo()
  61:Drivers/STM32H7xx_HAL_Driver/Src/stm32h7xx_hal_spi_ex.c ****         (++) HAL_SPIEx_EnableLockConfiguration()
  62:Drivers/STM32H7xx_HAL_Driver/Src/stm32h7xx_hal_spi_ex.c ****         (++) HAL_SPIEx_ConfigureUnderrun()
  63:Drivers/STM32H7xx_HAL_Driver/Src/stm32h7xx_hal_spi_ex.c **** 
  64:Drivers/STM32H7xx_HAL_Driver/Src/stm32h7xx_hal_spi_ex.c **** @endverbatim
  65:Drivers/STM32H7xx_HAL_Driver/Src/stm32h7xx_hal_spi_ex.c ****   * @{
  66:Drivers/STM32H7xx_HAL_Driver/Src/stm32h7xx_hal_spi_ex.c ****   */
  67:Drivers/STM32H7xx_HAL_Driver/Src/stm32h7xx_hal_spi_ex.c **** 
  68:Drivers/STM32H7xx_HAL_Driver/Src/stm32h7xx_hal_spi_ex.c **** /**
  69:Drivers/STM32H7xx_HAL_Driver/Src/stm32h7xx_hal_spi_ex.c ****   * @brief Flush the RX fifo.
  70:Drivers/STM32H7xx_HAL_Driver/Src/stm32h7xx_hal_spi_ex.c ****   * @param  hspi: pointer to a SPI_HandleTypeDef structure that contains
  71:Drivers/STM32H7xx_HAL_Driver/Src/stm32h7xx_hal_spi_ex.c ****   *               the configuration information for the specified SPI module.
  72:Drivers/STM32H7xx_HAL_Driver/Src/stm32h7xx_hal_spi_ex.c ****   * @retval HAL status
  73:Drivers/STM32H7xx_HAL_Driver/Src/stm32h7xx_hal_spi_ex.c ****   */
  74:Drivers/STM32H7xx_HAL_Driver/Src/stm32h7xx_hal_spi_ex.c **** HAL_StatusTypeDef HAL_SPIEx_FlushRxFifo(const SPI_HandleTypeDef *hspi)
  75:Drivers/STM32H7xx_HAL_Driver/Src/stm32h7xx_hal_spi_ex.c **** {
  29              		.loc 1 75 1 view -0
  30              		.cfi_startproc
  31              		@ args = 0, pretend = 0, frame = 8
  32              		@ frame_needed = 0, uses_anonymous_args = 0
  33              		@ link register save eliminated.
  34              		.loc 1 75 1 is_stmt 0 view .LVU1
  35 0000 10B4     		push	{r4}
  36              		.cfi_def_cfa_offset 4
  37              		.cfi_offset 4, -4
  38 0002 83B0     		sub	sp, sp, #12
  39              		.cfi_def_cfa_offset 16
  76:Drivers/STM32H7xx_HAL_Driver/Src/stm32h7xx_hal_spi_ex.c ****   uint8_t  count  = 0;
ARM GAS  C:\Users\Nathan\AppData\Local\Temp\cc9StGef.s 			page 3


  40              		.loc 1 76 3 is_stmt 1 view .LVU2
  41              	.LVL1:
  77:Drivers/STM32H7xx_HAL_Driver/Src/stm32h7xx_hal_spi_ex.c ****   uint32_t itflag = hspi->Instance->SR;
  42              		.loc 1 77 3 view .LVU3
  43              		.loc 1 77 25 is_stmt 0 view .LVU4
  44 0004 0268     		ldr	r2, [r0]
  45              		.loc 1 77 12 view .LVU5
  46 0006 5469     		ldr	r4, [r2, #20]
  47              	.LVL2:
  78:Drivers/STM32H7xx_HAL_Driver/Src/stm32h7xx_hal_spi_ex.c ****   __IO uint32_t tmpreg;
  48              		.loc 1 78 3 is_stmt 1 view .LVU6
  79:Drivers/STM32H7xx_HAL_Driver/Src/stm32h7xx_hal_spi_ex.c **** 
  80:Drivers/STM32H7xx_HAL_Driver/Src/stm32h7xx_hal_spi_ex.c ****   while (((hspi->Instance->SR & SPI_FLAG_FRLVL) !=  SPI_RX_FIFO_0PACKET) || ((itflag & SPI_FLAG_RXW
  49              		.loc 1 80 3 view .LVU7
  76:Drivers/STM32H7xx_HAL_Driver/Src/stm32h7xx_hal_spi_ex.c ****   uint32_t itflag = hspi->Instance->SR;
  50              		.loc 1 76 12 is_stmt 0 view .LVU8
  51 0008 0023     		movs	r3, #0
  52              		.loc 1 80 9 view .LVU9
  53 000a 01E0     		b	.L2
  54              	.LVL3:
  55              	.L3:
  81:Drivers/STM32H7xx_HAL_Driver/Src/stm32h7xx_hal_spi_ex.c ****   {
  82:Drivers/STM32H7xx_HAL_Driver/Src/stm32h7xx_hal_spi_ex.c ****     count += (uint8_t)4UL;
  83:Drivers/STM32H7xx_HAL_Driver/Src/stm32h7xx_hal_spi_ex.c ****     tmpreg = hspi->Instance->RXDR;
  84:Drivers/STM32H7xx_HAL_Driver/Src/stm32h7xx_hal_spi_ex.c ****     UNUSED(tmpreg); /* To avoid GCC warning */
  85:Drivers/STM32H7xx_HAL_Driver/Src/stm32h7xx_hal_spi_ex.c **** 
  86:Drivers/STM32H7xx_HAL_Driver/Src/stm32h7xx_hal_spi_ex.c ****     if (IS_SPI_HIGHEND_INSTANCE(hspi->Instance))
  87:Drivers/STM32H7xx_HAL_Driver/Src/stm32h7xx_hal_spi_ex.c ****     {
  88:Drivers/STM32H7xx_HAL_Driver/Src/stm32h7xx_hal_spi_ex.c ****       if (count > SPI_HIGHEND_FIFO_SIZE)
  56              		.loc 1 88 7 is_stmt 1 view .LVU10
  57              		.loc 1 88 10 is_stmt 0 view .LVU11
  58 000c 102B     		cmp	r3, #16
  59 000e 1BD8     		bhi	.L10
  60              	.LVL4:
  61              	.L2:
  80:Drivers/STM32H7xx_HAL_Driver/Src/stm32h7xx_hal_spi_ex.c ****   {
  62              		.loc 1 80 74 is_stmt 1 view .LVU12
  80:Drivers/STM32H7xx_HAL_Driver/Src/stm32h7xx_hal_spi_ex.c ****   {
  63              		.loc 1 80 26 is_stmt 0 view .LVU13
  64 0010 5169     		ldr	r1, [r2, #20]
  80:Drivers/STM32H7xx_HAL_Driver/Src/stm32h7xx_hal_spi_ex.c ****   {
  65              		.loc 1 80 74 view .LVU14
  66 0012 11F4C04F 		tst	r1, #24576
  67 0016 02D1     		bne	.L6
  80:Drivers/STM32H7xx_HAL_Driver/Src/stm32h7xx_hal_spi_ex.c ****   {
  68              		.loc 1 80 74 discriminator 1 view .LVU15
  69 0018 14F4004F 		tst	r4, #32768
  70 001c 12D0     		beq	.L11
  71              	.L6:
  82:Drivers/STM32H7xx_HAL_Driver/Src/stm32h7xx_hal_spi_ex.c ****     tmpreg = hspi->Instance->RXDR;
  72              		.loc 1 82 5 is_stmt 1 view .LVU16
  82:Drivers/STM32H7xx_HAL_Driver/Src/stm32h7xx_hal_spi_ex.c ****     tmpreg = hspi->Instance->RXDR;
  73              		.loc 1 82 11 is_stmt 0 view .LVU17
  74 001e 0433     		adds	r3, r3, #4
  75              	.LVL5:
  82:Drivers/STM32H7xx_HAL_Driver/Src/stm32h7xx_hal_spi_ex.c ****     tmpreg = hspi->Instance->RXDR;
  76              		.loc 1 82 11 view .LVU18
ARM GAS  C:\Users\Nathan\AppData\Local\Temp\cc9StGef.s 			page 4


  77 0020 DBB2     		uxtb	r3, r3
  78              	.LVL6:
  83:Drivers/STM32H7xx_HAL_Driver/Src/stm32h7xx_hal_spi_ex.c ****     UNUSED(tmpreg); /* To avoid GCC warning */
  79              		.loc 1 83 5 is_stmt 1 view .LVU19
  83:Drivers/STM32H7xx_HAL_Driver/Src/stm32h7xx_hal_spi_ex.c ****     UNUSED(tmpreg); /* To avoid GCC warning */
  80              		.loc 1 83 28 is_stmt 0 view .LVU20
  81 0022 116B     		ldr	r1, [r2, #48]
  83:Drivers/STM32H7xx_HAL_Driver/Src/stm32h7xx_hal_spi_ex.c ****     UNUSED(tmpreg); /* To avoid GCC warning */
  82              		.loc 1 83 12 view .LVU21
  83 0024 0191     		str	r1, [sp, #4]
  84:Drivers/STM32H7xx_HAL_Driver/Src/stm32h7xx_hal_spi_ex.c **** 
  84              		.loc 1 84 5 is_stmt 1 view .LVU22
  85 0026 0199     		ldr	r1, [sp, #4]
  86:Drivers/STM32H7xx_HAL_Driver/Src/stm32h7xx_hal_spi_ex.c ****     {
  86              		.loc 1 86 5 view .LVU23
  86:Drivers/STM32H7xx_HAL_Driver/Src/stm32h7xx_hal_spi_ex.c ****     {
  87              		.loc 1 86 8 is_stmt 0 view .LVU24
  88 0028 0A48     		ldr	r0, .L12
  89 002a 0B49     		ldr	r1, .L12+4
  90 002c 8A42     		cmp	r2, r1
  91 002e 18BF     		it	ne
  92 0030 8242     		cmpne	r2, r0
  93 0032 EBD0     		beq	.L3
  86:Drivers/STM32H7xx_HAL_Driver/Src/stm32h7xx_hal_spi_ex.c ****     {
  94              		.loc 1 86 9 discriminator 1 view .LVU25
  95 0034 01F58061 		add	r1, r1, #1024
  96 0038 8A42     		cmp	r2, r1
  97 003a E7D0     		beq	.L3
  89:Drivers/STM32H7xx_HAL_Driver/Src/stm32h7xx_hal_spi_ex.c ****       {
  90:Drivers/STM32H7xx_HAL_Driver/Src/stm32h7xx_hal_spi_ex.c ****         return HAL_TIMEOUT;
  91:Drivers/STM32H7xx_HAL_Driver/Src/stm32h7xx_hal_spi_ex.c ****       }
  92:Drivers/STM32H7xx_HAL_Driver/Src/stm32h7xx_hal_spi_ex.c ****     }
  93:Drivers/STM32H7xx_HAL_Driver/Src/stm32h7xx_hal_spi_ex.c ****     else
  94:Drivers/STM32H7xx_HAL_Driver/Src/stm32h7xx_hal_spi_ex.c ****     {
  95:Drivers/STM32H7xx_HAL_Driver/Src/stm32h7xx_hal_spi_ex.c ****       if (count > SPI_LOWEND_FIFO_SIZE)
  98              		.loc 1 95 7 is_stmt 1 view .LVU26
  99              		.loc 1 95 10 is_stmt 0 view .LVU27
 100 003c 082B     		cmp	r3, #8
 101 003e E7D9     		bls	.L2
  96:Drivers/STM32H7xx_HAL_Driver/Src/stm32h7xx_hal_spi_ex.c ****       {
  97:Drivers/STM32H7xx_HAL_Driver/Src/stm32h7xx_hal_spi_ex.c ****         return HAL_TIMEOUT;
 102              		.loc 1 97 16 view .LVU28
 103 0040 0320     		movs	r0, #3
 104 0042 02E0     		b	.L5
 105              	.L11:
  98:Drivers/STM32H7xx_HAL_Driver/Src/stm32h7xx_hal_spi_ex.c ****       }
  99:Drivers/STM32H7xx_HAL_Driver/Src/stm32h7xx_hal_spi_ex.c ****     }
 100:Drivers/STM32H7xx_HAL_Driver/Src/stm32h7xx_hal_spi_ex.c ****   }
 101:Drivers/STM32H7xx_HAL_Driver/Src/stm32h7xx_hal_spi_ex.c ****   return HAL_OK;
 106              		.loc 1 101 10 view .LVU29
 107 0044 0020     		movs	r0, #0
 108 0046 00E0     		b	.L5
 109              	.L10:
  90:Drivers/STM32H7xx_HAL_Driver/Src/stm32h7xx_hal_spi_ex.c ****       }
 110              		.loc 1 90 16 view .LVU30
 111 0048 0320     		movs	r0, #3
 112              	.L5:
ARM GAS  C:\Users\Nathan\AppData\Local\Temp\cc9StGef.s 			page 5


 102:Drivers/STM32H7xx_HAL_Driver/Src/stm32h7xx_hal_spi_ex.c **** }
 113              		.loc 1 102 1 view .LVU31
 114 004a 03B0     		add	sp, sp, #12
 115              		.cfi_def_cfa_offset 4
 116              		@ sp needed
 117 004c 5DF8044B 		ldr	r4, [sp], #4
 118              		.cfi_restore 4
 119              		.cfi_def_cfa_offset 0
 120              	.LVL7:
 121              		.loc 1 102 1 view .LVU32
 122 0050 7047     		bx	lr
 123              	.L13:
 124 0052 00BF     		.align	2
 125              	.L12:
 126 0054 00300140 		.word	1073819648
 127 0058 00380040 		.word	1073756160
 128              		.cfi_endproc
 129              	.LFE144:
 131              		.section	.text.HAL_SPIEx_EnableLockConfiguration,"ax",%progbits
 132              		.align	1
 133              		.global	HAL_SPIEx_EnableLockConfiguration
 134              		.syntax unified
 135              		.thumb
 136              		.thumb_func
 138              	HAL_SPIEx_EnableLockConfiguration:
 139              	.LVL8:
 140              	.LFB145:
 103:Drivers/STM32H7xx_HAL_Driver/Src/stm32h7xx_hal_spi_ex.c **** 
 104:Drivers/STM32H7xx_HAL_Driver/Src/stm32h7xx_hal_spi_ex.c **** 
 105:Drivers/STM32H7xx_HAL_Driver/Src/stm32h7xx_hal_spi_ex.c **** /**
 106:Drivers/STM32H7xx_HAL_Driver/Src/stm32h7xx_hal_spi_ex.c ****   * @brief  Enable the Lock for the AF configuration of associated IOs
 107:Drivers/STM32H7xx_HAL_Driver/Src/stm32h7xx_hal_spi_ex.c ****   *         and write protect the Content of Configuration register 2
 108:Drivers/STM32H7xx_HAL_Driver/Src/stm32h7xx_hal_spi_ex.c ****   *         when SPI is enabled
 109:Drivers/STM32H7xx_HAL_Driver/Src/stm32h7xx_hal_spi_ex.c ****   * @param  hspi: pointer to a SPI_HandleTypeDef structure that contains
 110:Drivers/STM32H7xx_HAL_Driver/Src/stm32h7xx_hal_spi_ex.c ****   *               the configuration information for SPI module.
 111:Drivers/STM32H7xx_HAL_Driver/Src/stm32h7xx_hal_spi_ex.c ****   * @retval None
 112:Drivers/STM32H7xx_HAL_Driver/Src/stm32h7xx_hal_spi_ex.c ****   */
 113:Drivers/STM32H7xx_HAL_Driver/Src/stm32h7xx_hal_spi_ex.c **** HAL_StatusTypeDef HAL_SPIEx_EnableLockConfiguration(SPI_HandleTypeDef *hspi)
 114:Drivers/STM32H7xx_HAL_Driver/Src/stm32h7xx_hal_spi_ex.c **** {
 141              		.loc 1 114 1 is_stmt 1 view -0
 142              		.cfi_startproc
 143              		@ args = 0, pretend = 0, frame = 0
 144              		@ frame_needed = 0, uses_anonymous_args = 0
 145              		@ link register save eliminated.
 146              		.loc 1 114 1 is_stmt 0 view .LVU34
 147 0000 0346     		mov	r3, r0
 115:Drivers/STM32H7xx_HAL_Driver/Src/stm32h7xx_hal_spi_ex.c ****   HAL_StatusTypeDef errorcode = HAL_OK;
 148              		.loc 1 115 3 is_stmt 1 view .LVU35
 149              	.LVL9:
 116:Drivers/STM32H7xx_HAL_Driver/Src/stm32h7xx_hal_spi_ex.c **** 
 117:Drivers/STM32H7xx_HAL_Driver/Src/stm32h7xx_hal_spi_ex.c ****   /* Process Locked */
 118:Drivers/STM32H7xx_HAL_Driver/Src/stm32h7xx_hal_spi_ex.c ****   __HAL_LOCK(hspi);
 150              		.loc 1 118 3 view .LVU36
 151              		.loc 1 118 3 view .LVU37
 152 0002 90F88020 		ldrb	r2, [r0, #128]	@ zero_extendqisi2
 153 0006 012A     		cmp	r2, #1
 154 0008 2DD0     		beq	.L19
ARM GAS  C:\Users\Nathan\AppData\Local\Temp\cc9StGef.s 			page 6


 155              		.loc 1 118 3 discriminator 2 view .LVU38
 156 000a 0122     		movs	r2, #1
 157 000c 80F88020 		strb	r2, [r0, #128]
 158              		.loc 1 118 3 view .LVU39
 119:Drivers/STM32H7xx_HAL_Driver/Src/stm32h7xx_hal_spi_ex.c **** 
 120:Drivers/STM32H7xx_HAL_Driver/Src/stm32h7xx_hal_spi_ex.c ****   if (hspi->State != HAL_SPI_STATE_READY)
 159              		.loc 1 120 3 view .LVU40
 160              		.loc 1 120 11 is_stmt 0 view .LVU41
 161 0010 90F88120 		ldrb	r2, [r0, #129]	@ zero_extendqisi2
 162              		.loc 1 120 6 view .LVU42
 163 0014 012A     		cmp	r2, #1
 164 0016 0FD1     		bne	.L20
 121:Drivers/STM32H7xx_HAL_Driver/Src/stm32h7xx_hal_spi_ex.c ****   {
 122:Drivers/STM32H7xx_HAL_Driver/Src/stm32h7xx_hal_spi_ex.c ****     errorcode = HAL_BUSY;
 123:Drivers/STM32H7xx_HAL_Driver/Src/stm32h7xx_hal_spi_ex.c ****     hspi->State = HAL_SPI_STATE_READY;
 124:Drivers/STM32H7xx_HAL_Driver/Src/stm32h7xx_hal_spi_ex.c ****     /* Process Unlocked */
 125:Drivers/STM32H7xx_HAL_Driver/Src/stm32h7xx_hal_spi_ex.c ****     __HAL_UNLOCK(hspi);
 126:Drivers/STM32H7xx_HAL_Driver/Src/stm32h7xx_hal_spi_ex.c ****     return errorcode;
 127:Drivers/STM32H7xx_HAL_Driver/Src/stm32h7xx_hal_spi_ex.c ****   }
 128:Drivers/STM32H7xx_HAL_Driver/Src/stm32h7xx_hal_spi_ex.c **** 
 129:Drivers/STM32H7xx_HAL_Driver/Src/stm32h7xx_hal_spi_ex.c ****   /* Check if the SPI is disabled to edit IOLOCK bit */
 130:Drivers/STM32H7xx_HAL_Driver/Src/stm32h7xx_hal_spi_ex.c ****   if ((hspi->Instance->CR1 & SPI_CR1_SPE) != SPI_CR1_SPE)
 165              		.loc 1 130 3 is_stmt 1 view .LVU43
 166              		.loc 1 130 12 is_stmt 0 view .LVU44
 167 0018 0268     		ldr	r2, [r0]
 168              		.loc 1 130 22 view .LVU45
 169 001a 1168     		ldr	r1, [r2]
 170              		.loc 1 130 6 view .LVU46
 171 001c 11F0010F 		tst	r1, #1
 172 0020 12D1     		bne	.L17
 131:Drivers/STM32H7xx_HAL_Driver/Src/stm32h7xx_hal_spi_ex.c ****   {
 132:Drivers/STM32H7xx_HAL_Driver/Src/stm32h7xx_hal_spi_ex.c ****     SET_BIT(hspi->Instance->CR1, SPI_CR1_IOLOCK);
 173              		.loc 1 132 5 is_stmt 1 view .LVU47
 174 0022 1168     		ldr	r1, [r2]
 175 0024 41F48031 		orr	r1, r1, #65536
 176 0028 1160     		str	r1, [r2]
 177              	.L18:
 133:Drivers/STM32H7xx_HAL_Driver/Src/stm32h7xx_hal_spi_ex.c ****   }
 134:Drivers/STM32H7xx_HAL_Driver/Src/stm32h7xx_hal_spi_ex.c ****   else
 135:Drivers/STM32H7xx_HAL_Driver/Src/stm32h7xx_hal_spi_ex.c ****   {
 136:Drivers/STM32H7xx_HAL_Driver/Src/stm32h7xx_hal_spi_ex.c ****     /* Disable SPI peripheral */
 137:Drivers/STM32H7xx_HAL_Driver/Src/stm32h7xx_hal_spi_ex.c ****     __HAL_SPI_DISABLE(hspi);
 138:Drivers/STM32H7xx_HAL_Driver/Src/stm32h7xx_hal_spi_ex.c **** 
 139:Drivers/STM32H7xx_HAL_Driver/Src/stm32h7xx_hal_spi_ex.c ****     SET_BIT(hspi->Instance->CR1, SPI_CR1_IOLOCK);
 140:Drivers/STM32H7xx_HAL_Driver/Src/stm32h7xx_hal_spi_ex.c **** 
 141:Drivers/STM32H7xx_HAL_Driver/Src/stm32h7xx_hal_spi_ex.c ****     /* Enable SPI peripheral */
 142:Drivers/STM32H7xx_HAL_Driver/Src/stm32h7xx_hal_spi_ex.c ****     __HAL_SPI_ENABLE(hspi);
 143:Drivers/STM32H7xx_HAL_Driver/Src/stm32h7xx_hal_spi_ex.c ****   }
 144:Drivers/STM32H7xx_HAL_Driver/Src/stm32h7xx_hal_spi_ex.c **** 
 145:Drivers/STM32H7xx_HAL_Driver/Src/stm32h7xx_hal_spi_ex.c ****   hspi->State = HAL_SPI_STATE_READY;
 178              		.loc 1 145 3 view .LVU48
 179              		.loc 1 145 15 is_stmt 0 view .LVU49
 180 002a 0122     		movs	r2, #1
 181 002c 83F88120 		strb	r2, [r3, #129]
 146:Drivers/STM32H7xx_HAL_Driver/Src/stm32h7xx_hal_spi_ex.c ****   /* Process Unlocked */
 147:Drivers/STM32H7xx_HAL_Driver/Src/stm32h7xx_hal_spi_ex.c ****   __HAL_UNLOCK(hspi);
 182              		.loc 1 147 3 is_stmt 1 view .LVU50
ARM GAS  C:\Users\Nathan\AppData\Local\Temp\cc9StGef.s 			page 7


 183              		.loc 1 147 3 view .LVU51
 184 0030 0020     		movs	r0, #0
 185              	.LVL10:
 186              		.loc 1 147 3 is_stmt 0 view .LVU52
 187 0032 83F88000 		strb	r0, [r3, #128]
 188              		.loc 1 147 3 is_stmt 1 view .LVU53
 148:Drivers/STM32H7xx_HAL_Driver/Src/stm32h7xx_hal_spi_ex.c ****   return errorcode;
 189              		.loc 1 148 3 view .LVU54
 190              		.loc 1 148 10 is_stmt 0 view .LVU55
 191 0036 7047     		bx	lr
 192              	.LVL11:
 193              	.L20:
 122:Drivers/STM32H7xx_HAL_Driver/Src/stm32h7xx_hal_spi_ex.c ****     hspi->State = HAL_SPI_STATE_READY;
 194              		.loc 1 122 5 is_stmt 1 view .LVU56
 123:Drivers/STM32H7xx_HAL_Driver/Src/stm32h7xx_hal_spi_ex.c ****     /* Process Unlocked */
 195              		.loc 1 123 5 view .LVU57
 123:Drivers/STM32H7xx_HAL_Driver/Src/stm32h7xx_hal_spi_ex.c ****     /* Process Unlocked */
 196              		.loc 1 123 17 is_stmt 0 view .LVU58
 197 0038 0122     		movs	r2, #1
 198 003a 80F88120 		strb	r2, [r0, #129]
 125:Drivers/STM32H7xx_HAL_Driver/Src/stm32h7xx_hal_spi_ex.c ****     return errorcode;
 199              		.loc 1 125 5 is_stmt 1 view .LVU59
 125:Drivers/STM32H7xx_HAL_Driver/Src/stm32h7xx_hal_spi_ex.c ****     return errorcode;
 200              		.loc 1 125 5 view .LVU60
 201 003e 0022     		movs	r2, #0
 202 0040 80F88020 		strb	r2, [r0, #128]
 125:Drivers/STM32H7xx_HAL_Driver/Src/stm32h7xx_hal_spi_ex.c ****     return errorcode;
 203              		.loc 1 125 5 view .LVU61
 126:Drivers/STM32H7xx_HAL_Driver/Src/stm32h7xx_hal_spi_ex.c ****   }
 204              		.loc 1 126 5 view .LVU62
 126:Drivers/STM32H7xx_HAL_Driver/Src/stm32h7xx_hal_spi_ex.c ****   }
 205              		.loc 1 126 12 is_stmt 0 view .LVU63
 206 0044 0220     		movs	r0, #2
 207              	.LVL12:
 126:Drivers/STM32H7xx_HAL_Driver/Src/stm32h7xx_hal_spi_ex.c ****   }
 208              		.loc 1 126 12 view .LVU64
 209 0046 7047     		bx	lr
 210              	.LVL13:
 211              	.L17:
 137:Drivers/STM32H7xx_HAL_Driver/Src/stm32h7xx_hal_spi_ex.c **** 
 212              		.loc 1 137 5 is_stmt 1 view .LVU65
 213 0048 1168     		ldr	r1, [r2]
 214 004a 21F00101 		bic	r1, r1, #1
 215 004e 1160     		str	r1, [r2]
 139:Drivers/STM32H7xx_HAL_Driver/Src/stm32h7xx_hal_spi_ex.c **** 
 216              		.loc 1 139 5 view .LVU66
 217 0050 0168     		ldr	r1, [r0]
 218 0052 0A68     		ldr	r2, [r1]
 219 0054 42F48032 		orr	r2, r2, #65536
 220 0058 0A60     		str	r2, [r1]
 142:Drivers/STM32H7xx_HAL_Driver/Src/stm32h7xx_hal_spi_ex.c ****   }
 221              		.loc 1 142 5 view .LVU67
 222 005a 0168     		ldr	r1, [r0]
 223 005c 0A68     		ldr	r2, [r1]
 224 005e 42F00102 		orr	r2, r2, #1
 225 0062 0A60     		str	r2, [r1]
 226 0064 E1E7     		b	.L18
ARM GAS  C:\Users\Nathan\AppData\Local\Temp\cc9StGef.s 			page 8


 227              	.L19:
 118:Drivers/STM32H7xx_HAL_Driver/Src/stm32h7xx_hal_spi_ex.c **** 
 228              		.loc 1 118 3 is_stmt 0 discriminator 1 view .LVU68
 229 0066 0220     		movs	r0, #2
 230              	.LVL14:
 149:Drivers/STM32H7xx_HAL_Driver/Src/stm32h7xx_hal_spi_ex.c **** }
 231              		.loc 1 149 1 view .LVU69
 232 0068 7047     		bx	lr
 233              		.cfi_endproc
 234              	.LFE145:
 236              		.section	.text.HAL_SPIEx_ConfigureUnderrun,"ax",%progbits
 237              		.align	1
 238              		.global	HAL_SPIEx_ConfigureUnderrun
 239              		.syntax unified
 240              		.thumb
 241              		.thumb_func
 243              	HAL_SPIEx_ConfigureUnderrun:
 244              	.LVL15:
 245              	.LFB146:
 150:Drivers/STM32H7xx_HAL_Driver/Src/stm32h7xx_hal_spi_ex.c **** 
 151:Drivers/STM32H7xx_HAL_Driver/Src/stm32h7xx_hal_spi_ex.c **** /**
 152:Drivers/STM32H7xx_HAL_Driver/Src/stm32h7xx_hal_spi_ex.c ****   * @brief  Configure the UNDERRUN condition and behavior of slave transmitter.
 153:Drivers/STM32H7xx_HAL_Driver/Src/stm32h7xx_hal_spi_ex.c ****   * @param  hspi: pointer to a SPI_HandleTypeDef structure that contains
 154:Drivers/STM32H7xx_HAL_Driver/Src/stm32h7xx_hal_spi_ex.c ****   *               the configuration information for SPI module.
 155:Drivers/STM32H7xx_HAL_Driver/Src/stm32h7xx_hal_spi_ex.c ****   * @param  UnderrunDetection : Detection of underrun condition at slave transmitter
 156:Drivers/STM32H7xx_HAL_Driver/Src/stm32h7xx_hal_spi_ex.c ****   *                             This parameter can be a value of @ref SPI_Underrun_Detection.
 157:Drivers/STM32H7xx_HAL_Driver/Src/stm32h7xx_hal_spi_ex.c ****   * @param  UnderrunBehaviour : Behavior of slave transmitter at underrun condition
 158:Drivers/STM32H7xx_HAL_Driver/Src/stm32h7xx_hal_spi_ex.c ****   *                             This parameter can be a value of @ref SPI_Underrun_Behaviour.
 159:Drivers/STM32H7xx_HAL_Driver/Src/stm32h7xx_hal_spi_ex.c ****   * @retval None
 160:Drivers/STM32H7xx_HAL_Driver/Src/stm32h7xx_hal_spi_ex.c ****   */
 161:Drivers/STM32H7xx_HAL_Driver/Src/stm32h7xx_hal_spi_ex.c **** HAL_StatusTypeDef HAL_SPIEx_ConfigureUnderrun(SPI_HandleTypeDef *hspi, uint32_t UnderrunDetection,
 162:Drivers/STM32H7xx_HAL_Driver/Src/stm32h7xx_hal_spi_ex.c ****                                               uint32_t UnderrunBehaviour)
 163:Drivers/STM32H7xx_HAL_Driver/Src/stm32h7xx_hal_spi_ex.c **** {
 246              		.loc 1 163 1 is_stmt 1 view -0
 247              		.cfi_startproc
 248              		@ args = 0, pretend = 0, frame = 0
 249              		@ frame_needed = 0, uses_anonymous_args = 0
 250              		@ link register save eliminated.
 164:Drivers/STM32H7xx_HAL_Driver/Src/stm32h7xx_hal_spi_ex.c ****   HAL_StatusTypeDef errorcode = HAL_OK;
 251              		.loc 1 164 3 view .LVU71
 165:Drivers/STM32H7xx_HAL_Driver/Src/stm32h7xx_hal_spi_ex.c **** 
 166:Drivers/STM32H7xx_HAL_Driver/Src/stm32h7xx_hal_spi_ex.c ****   /* Process Locked */
 167:Drivers/STM32H7xx_HAL_Driver/Src/stm32h7xx_hal_spi_ex.c ****   __HAL_LOCK(hspi);
 252              		.loc 1 167 3 view .LVU72
 253              		.loc 1 167 3 view .LVU73
 254 0000 90F88030 		ldrb	r3, [r0, #128]	@ zero_extendqisi2
 255 0004 012B     		cmp	r3, #1
 256 0006 42D0     		beq	.L27
 257              		.loc 1 167 3 discriminator 2 view .LVU74
 258 0008 0123     		movs	r3, #1
 259 000a 80F88030 		strb	r3, [r0, #128]
 260              		.loc 1 167 3 view .LVU75
 168:Drivers/STM32H7xx_HAL_Driver/Src/stm32h7xx_hal_spi_ex.c **** 
 169:Drivers/STM32H7xx_HAL_Driver/Src/stm32h7xx_hal_spi_ex.c ****   /* Check State and Insure that Underrun configuration is managed only by Salve */
 170:Drivers/STM32H7xx_HAL_Driver/Src/stm32h7xx_hal_spi_ex.c ****   if ((hspi->State != HAL_SPI_STATE_READY) || (hspi->Init.Mode != SPI_MODE_SLAVE))
 261              		.loc 1 170 3 view .LVU76
 262              		.loc 1 170 12 is_stmt 0 view .LVU77
ARM GAS  C:\Users\Nathan\AppData\Local\Temp\cc9StGef.s 			page 9


 263 000e 90F88130 		ldrb	r3, [r0, #129]	@ zero_extendqisi2
 264              		.loc 1 170 6 view .LVU78
 265 0012 012B     		cmp	r3, #1
 266 0014 1DD1     		bne	.L23
 267              		.loc 1 170 58 discriminator 1 view .LVU79
 268 0016 4368     		ldr	r3, [r0, #4]
 269              		.loc 1 170 44 discriminator 1 view .LVU80
 270 0018 DBB9     		cbnz	r3, .L23
 163:Drivers/STM32H7xx_HAL_Driver/Src/stm32h7xx_hal_spi_ex.c ****   HAL_StatusTypeDef errorcode = HAL_OK;
 271              		.loc 1 163 1 view .LVU81
 272 001a 10B4     		push	{r4}
 273              		.cfi_def_cfa_offset 4
 274              		.cfi_offset 4, -4
 171:Drivers/STM32H7xx_HAL_Driver/Src/stm32h7xx_hal_spi_ex.c ****   {
 172:Drivers/STM32H7xx_HAL_Driver/Src/stm32h7xx_hal_spi_ex.c ****     errorcode = HAL_BUSY;
 173:Drivers/STM32H7xx_HAL_Driver/Src/stm32h7xx_hal_spi_ex.c ****     hspi->State = HAL_SPI_STATE_READY;
 174:Drivers/STM32H7xx_HAL_Driver/Src/stm32h7xx_hal_spi_ex.c ****     /* Process Unlocked */
 175:Drivers/STM32H7xx_HAL_Driver/Src/stm32h7xx_hal_spi_ex.c ****     __HAL_UNLOCK(hspi);
 176:Drivers/STM32H7xx_HAL_Driver/Src/stm32h7xx_hal_spi_ex.c ****     return errorcode;
 177:Drivers/STM32H7xx_HAL_Driver/Src/stm32h7xx_hal_spi_ex.c ****   }
 178:Drivers/STM32H7xx_HAL_Driver/Src/stm32h7xx_hal_spi_ex.c **** 
 179:Drivers/STM32H7xx_HAL_Driver/Src/stm32h7xx_hal_spi_ex.c ****   /* Check the parameters */
 180:Drivers/STM32H7xx_HAL_Driver/Src/stm32h7xx_hal_spi_ex.c ****   assert_param(IS_SPI_UNDERRUN_DETECTION(UnderrunDetection));
 275              		.loc 1 180 3 is_stmt 1 view .LVU82
 181:Drivers/STM32H7xx_HAL_Driver/Src/stm32h7xx_hal_spi_ex.c ****   assert_param(IS_SPI_UNDERRUN_BEHAVIOUR(UnderrunBehaviour));
 276              		.loc 1 181 3 view .LVU83
 182:Drivers/STM32H7xx_HAL_Driver/Src/stm32h7xx_hal_spi_ex.c **** 
 183:Drivers/STM32H7xx_HAL_Driver/Src/stm32h7xx_hal_spi_ex.c ****   /* Check if the SPI is disabled to edit CFG1 register */
 184:Drivers/STM32H7xx_HAL_Driver/Src/stm32h7xx_hal_spi_ex.c ****   if ((hspi->Instance->CR1 & SPI_CR1_SPE) != SPI_CR1_SPE)
 277              		.loc 1 184 3 view .LVU84
 278              		.loc 1 184 12 is_stmt 0 view .LVU85
 279 001c 0368     		ldr	r3, [r0]
 280              		.loc 1 184 22 view .LVU86
 281 001e 1C68     		ldr	r4, [r3]
 282              		.loc 1 184 6 view .LVU87
 283 0020 14F0010F 		tst	r4, #1
 284 0024 1DD1     		bne	.L25
 185:Drivers/STM32H7xx_HAL_Driver/Src/stm32h7xx_hal_spi_ex.c ****   {
 186:Drivers/STM32H7xx_HAL_Driver/Src/stm32h7xx_hal_spi_ex.c ****     /* Configure Underrun fields */
 187:Drivers/STM32H7xx_HAL_Driver/Src/stm32h7xx_hal_spi_ex.c ****     MODIFY_REG(hspi->Instance->CFG1, SPI_CFG1_UDRDET, UnderrunDetection);
 285              		.loc 1 187 5 is_stmt 1 view .LVU88
 286 0026 9C68     		ldr	r4, [r3, #8]
 287 0028 24F4C05C 		bic	ip, r4, #6144
 288 002c 4CEA0101 		orr	r1, ip, r1
 289              	.LVL16:
 290              		.loc 1 187 5 is_stmt 0 view .LVU89
 291 0030 9960     		str	r1, [r3, #8]
 188:Drivers/STM32H7xx_HAL_Driver/Src/stm32h7xx_hal_spi_ex.c ****     MODIFY_REG(hspi->Instance->CFG1, SPI_CFG1_UDRCFG, UnderrunBehaviour);
 292              		.loc 1 188 5 is_stmt 1 view .LVU90
 293 0032 0168     		ldr	r1, [r0]
 294 0034 8B68     		ldr	r3, [r1, #8]
 295 0036 23F4C063 		bic	r3, r3, #1536
 296 003a 1343     		orrs	r3, r3, r2
 297 003c 8B60     		str	r3, [r1, #8]
 298              	.LVL17:
 299              	.L26:
 189:Drivers/STM32H7xx_HAL_Driver/Src/stm32h7xx_hal_spi_ex.c ****   }
ARM GAS  C:\Users\Nathan\AppData\Local\Temp\cc9StGef.s 			page 10


 190:Drivers/STM32H7xx_HAL_Driver/Src/stm32h7xx_hal_spi_ex.c ****   else
 191:Drivers/STM32H7xx_HAL_Driver/Src/stm32h7xx_hal_spi_ex.c ****   {
 192:Drivers/STM32H7xx_HAL_Driver/Src/stm32h7xx_hal_spi_ex.c ****     /* Disable SPI peripheral */
 193:Drivers/STM32H7xx_HAL_Driver/Src/stm32h7xx_hal_spi_ex.c ****     __HAL_SPI_DISABLE(hspi);
 194:Drivers/STM32H7xx_HAL_Driver/Src/stm32h7xx_hal_spi_ex.c **** 
 195:Drivers/STM32H7xx_HAL_Driver/Src/stm32h7xx_hal_spi_ex.c ****     /* Configure Underrun fields */
 196:Drivers/STM32H7xx_HAL_Driver/Src/stm32h7xx_hal_spi_ex.c ****     MODIFY_REG(hspi->Instance->CFG1, SPI_CFG1_UDRDET, UnderrunDetection);
 197:Drivers/STM32H7xx_HAL_Driver/Src/stm32h7xx_hal_spi_ex.c ****     MODIFY_REG(hspi->Instance->CFG1, SPI_CFG1_UDRCFG, UnderrunBehaviour);
 198:Drivers/STM32H7xx_HAL_Driver/Src/stm32h7xx_hal_spi_ex.c **** 
 199:Drivers/STM32H7xx_HAL_Driver/Src/stm32h7xx_hal_spi_ex.c ****     /* Enable SPI peripheral */
 200:Drivers/STM32H7xx_HAL_Driver/Src/stm32h7xx_hal_spi_ex.c ****     __HAL_SPI_ENABLE(hspi);
 201:Drivers/STM32H7xx_HAL_Driver/Src/stm32h7xx_hal_spi_ex.c ****   }
 202:Drivers/STM32H7xx_HAL_Driver/Src/stm32h7xx_hal_spi_ex.c **** 
 203:Drivers/STM32H7xx_HAL_Driver/Src/stm32h7xx_hal_spi_ex.c **** 
 204:Drivers/STM32H7xx_HAL_Driver/Src/stm32h7xx_hal_spi_ex.c ****   hspi->State = HAL_SPI_STATE_READY;
 300              		.loc 1 204 3 view .LVU91
 301              		.loc 1 204 15 is_stmt 0 view .LVU92
 302 003e 0123     		movs	r3, #1
 303 0040 80F88130 		strb	r3, [r0, #129]
 205:Drivers/STM32H7xx_HAL_Driver/Src/stm32h7xx_hal_spi_ex.c ****   /* Process Unlocked */
 206:Drivers/STM32H7xx_HAL_Driver/Src/stm32h7xx_hal_spi_ex.c ****   __HAL_UNLOCK(hspi);
 304              		.loc 1 206 3 is_stmt 1 view .LVU93
 305              		.loc 1 206 3 view .LVU94
 306 0044 0023     		movs	r3, #0
 307 0046 80F88030 		strb	r3, [r0, #128]
 308              		.loc 1 206 3 view .LVU95
 207:Drivers/STM32H7xx_HAL_Driver/Src/stm32h7xx_hal_spi_ex.c ****   return errorcode;
 309              		.loc 1 207 3 view .LVU96
 310              		.loc 1 207 10 is_stmt 0 view .LVU97
 311 004a 1846     		mov	r0, r3
 312              	.LVL18:
 208:Drivers/STM32H7xx_HAL_Driver/Src/stm32h7xx_hal_spi_ex.c **** }
 313              		.loc 1 208 1 view .LVU98
 314 004c 5DF8044B 		ldr	r4, [sp], #4
 315              		.cfi_restore 4
 316              		.cfi_def_cfa_offset 0
 317 0050 7047     		bx	lr
 318              	.LVL19:
 319              	.L23:
 172:Drivers/STM32H7xx_HAL_Driver/Src/stm32h7xx_hal_spi_ex.c ****     hspi->State = HAL_SPI_STATE_READY;
 320              		.loc 1 172 5 is_stmt 1 view .LVU99
 173:Drivers/STM32H7xx_HAL_Driver/Src/stm32h7xx_hal_spi_ex.c ****     /* Process Unlocked */
 321              		.loc 1 173 5 view .LVU100
 173:Drivers/STM32H7xx_HAL_Driver/Src/stm32h7xx_hal_spi_ex.c ****     /* Process Unlocked */
 322              		.loc 1 173 17 is_stmt 0 view .LVU101
 323 0052 0123     		movs	r3, #1
 324 0054 80F88130 		strb	r3, [r0, #129]
 175:Drivers/STM32H7xx_HAL_Driver/Src/stm32h7xx_hal_spi_ex.c ****     return errorcode;
 325              		.loc 1 175 5 is_stmt 1 view .LVU102
 175:Drivers/STM32H7xx_HAL_Driver/Src/stm32h7xx_hal_spi_ex.c ****     return errorcode;
 326              		.loc 1 175 5 view .LVU103
 327 0058 0023     		movs	r3, #0
 328 005a 80F88030 		strb	r3, [r0, #128]
 175:Drivers/STM32H7xx_HAL_Driver/Src/stm32h7xx_hal_spi_ex.c ****     return errorcode;
 329              		.loc 1 175 5 view .LVU104
 176:Drivers/STM32H7xx_HAL_Driver/Src/stm32h7xx_hal_spi_ex.c ****   }
 330              		.loc 1 176 5 view .LVU105
ARM GAS  C:\Users\Nathan\AppData\Local\Temp\cc9StGef.s 			page 11


 176:Drivers/STM32H7xx_HAL_Driver/Src/stm32h7xx_hal_spi_ex.c ****   }
 331              		.loc 1 176 12 is_stmt 0 view .LVU106
 332 005e 0220     		movs	r0, #2
 333              	.LVL20:
 176:Drivers/STM32H7xx_HAL_Driver/Src/stm32h7xx_hal_spi_ex.c ****   }
 334              		.loc 1 176 12 view .LVU107
 335 0060 7047     		bx	lr
 336              	.LVL21:
 337              	.L25:
 338              		.cfi_def_cfa_offset 4
 339              		.cfi_offset 4, -4
 193:Drivers/STM32H7xx_HAL_Driver/Src/stm32h7xx_hal_spi_ex.c **** 
 340              		.loc 1 193 5 is_stmt 1 view .LVU108
 341 0062 1C68     		ldr	r4, [r3]
 342 0064 24F00104 		bic	r4, r4, #1
 343 0068 1C60     		str	r4, [r3]
 196:Drivers/STM32H7xx_HAL_Driver/Src/stm32h7xx_hal_spi_ex.c ****     MODIFY_REG(hspi->Instance->CFG1, SPI_CFG1_UDRCFG, UnderrunBehaviour);
 344              		.loc 1 196 5 view .LVU109
 345 006a 0468     		ldr	r4, [r0]
 346 006c A368     		ldr	r3, [r4, #8]
 347 006e 23F4C053 		bic	r3, r3, #6144
 348 0072 0B43     		orrs	r3, r3, r1
 349 0074 A360     		str	r3, [r4, #8]
 197:Drivers/STM32H7xx_HAL_Driver/Src/stm32h7xx_hal_spi_ex.c **** 
 350              		.loc 1 197 5 view .LVU110
 351 0076 0168     		ldr	r1, [r0]
 352              	.LVL22:
 197:Drivers/STM32H7xx_HAL_Driver/Src/stm32h7xx_hal_spi_ex.c **** 
 353              		.loc 1 197 5 is_stmt 0 view .LVU111
 354 0078 8B68     		ldr	r3, [r1, #8]
 355 007a 23F4C063 		bic	r3, r3, #1536
 356 007e 1343     		orrs	r3, r3, r2
 357 0080 8B60     		str	r3, [r1, #8]
 200:Drivers/STM32H7xx_HAL_Driver/Src/stm32h7xx_hal_spi_ex.c ****   }
 358              		.loc 1 200 5 is_stmt 1 view .LVU112
 359 0082 0268     		ldr	r2, [r0]
 360              	.LVL23:
 200:Drivers/STM32H7xx_HAL_Driver/Src/stm32h7xx_hal_spi_ex.c ****   }
 361              		.loc 1 200 5 is_stmt 0 view .LVU113
 362 0084 1368     		ldr	r3, [r2]
 363 0086 43F00103 		orr	r3, r3, #1
 364 008a 1360     		str	r3, [r2]
 365 008c D7E7     		b	.L26
 366              	.LVL24:
 367              	.L27:
 368              		.cfi_def_cfa_offset 0
 369              		.cfi_restore 4
 167:Drivers/STM32H7xx_HAL_Driver/Src/stm32h7xx_hal_spi_ex.c **** 
 370              		.loc 1 167 3 discriminator 1 view .LVU114
 371 008e 0220     		movs	r0, #2
 372              	.LVL25:
 373              		.loc 1 208 1 view .LVU115
 374 0090 7047     		bx	lr
 375              		.cfi_endproc
 376              	.LFE146:
 378              		.text
 379              	.Letext0:
ARM GAS  C:\Users\Nathan\AppData\Local\Temp\cc9StGef.s 			page 12


 380              		.file 2 "C:/Users/Nathan/AppData/Roaming/Code/User/globalStorage/bmd.stm32-for-vscode/@xpack-dev-t
 381              		.file 3 "C:/Users/Nathan/AppData/Roaming/Code/User/globalStorage/bmd.stm32-for-vscode/@xpack-dev-t
 382              		.file 4 "Drivers/CMSIS/Device/ST/STM32H7xx/Include/stm32h743xx.h"
 383              		.file 5 "Drivers/STM32H7xx_HAL_Driver/Inc/stm32h7xx_hal_def.h"
 384              		.file 6 "Drivers/STM32H7xx_HAL_Driver/Inc/stm32h7xx_hal_dma.h"
 385              		.file 7 "Drivers/STM32H7xx_HAL_Driver/Inc/stm32h7xx_hal_spi.h"
ARM GAS  C:\Users\Nathan\AppData\Local\Temp\cc9StGef.s 			page 13


DEFINED SYMBOLS
                            *ABS*:00000000 stm32h7xx_hal_spi_ex.c
C:\Users\Nathan\AppData\Local\Temp\cc9StGef.s:20     .text.HAL_SPIEx_FlushRxFifo:00000000 $t
C:\Users\Nathan\AppData\Local\Temp\cc9StGef.s:26     .text.HAL_SPIEx_FlushRxFifo:00000000 HAL_SPIEx_FlushRxFifo
C:\Users\Nathan\AppData\Local\Temp\cc9StGef.s:126    .text.HAL_SPIEx_FlushRxFifo:00000054 $d
C:\Users\Nathan\AppData\Local\Temp\cc9StGef.s:132    .text.HAL_SPIEx_EnableLockConfiguration:00000000 $t
C:\Users\Nathan\AppData\Local\Temp\cc9StGef.s:138    .text.HAL_SPIEx_EnableLockConfiguration:00000000 HAL_SPIEx_EnableLockConfiguration
C:\Users\Nathan\AppData\Local\Temp\cc9StGef.s:237    .text.HAL_SPIEx_ConfigureUnderrun:00000000 $t
C:\Users\Nathan\AppData\Local\Temp\cc9StGef.s:243    .text.HAL_SPIEx_ConfigureUnderrun:00000000 HAL_SPIEx_ConfigureUnderrun

NO UNDEFINED SYMBOLS
