ARM GAS  C:\Users\Nathan\AppData\Local\Temp\ccZDQeJP.s 			page 1


   1              		.cpu cortex-m7
   2              		.arch armv7e-m
   3              		.fpu fpv5-d16
   4              		.eabi_attribute 28, 1
   5              		.eabi_attribute 20, 1
   6              		.eabi_attribute 21, 1
   7              		.eabi_attribute 23, 3
   8              		.eabi_attribute 24, 1
   9              		.eabi_attribute 25, 1
  10              		.eabi_attribute 26, 1
  11              		.eabi_attribute 30, 1
  12              		.eabi_attribute 34, 1
  13              		.eabi_attribute 18, 4
  14              		.file	"stm32h7xx_hal_sd_ex.c"
  15              		.text
  16              	.Ltext0:
  17              		.cfi_sections	.debug_frame
  18              		.file 1 "Drivers/STM32H7xx_HAL_Driver/Src/stm32h7xx_hal_sd_ex.c"
  19              		.section	.text.HAL_SDEx_ConfigDMAMultiBuffer,"ax",%progbits
  20              		.align	1
  21              		.global	HAL_SDEx_ConfigDMAMultiBuffer
  22              		.syntax unified
  23              		.thumb
  24              		.thumb_func
  26              	HAL_SDEx_ConfigDMAMultiBuffer:
  27              	.LVL0:
  28              	.LFB144:
   1:Drivers/STM32H7xx_HAL_Driver/Src/stm32h7xx_hal_sd_ex.c **** /**
   2:Drivers/STM32H7xx_HAL_Driver/Src/stm32h7xx_hal_sd_ex.c ****   ******************************************************************************
   3:Drivers/STM32H7xx_HAL_Driver/Src/stm32h7xx_hal_sd_ex.c ****   * @file    stm32h7xx_hal_sd_ex.c
   4:Drivers/STM32H7xx_HAL_Driver/Src/stm32h7xx_hal_sd_ex.c ****   * @author  MCD Application Team
   5:Drivers/STM32H7xx_HAL_Driver/Src/stm32h7xx_hal_sd_ex.c ****   * @brief   SD card Extended HAL module driver.
   6:Drivers/STM32H7xx_HAL_Driver/Src/stm32h7xx_hal_sd_ex.c ****   *          This file provides firmware functions to manage the following
   7:Drivers/STM32H7xx_HAL_Driver/Src/stm32h7xx_hal_sd_ex.c ****   *          functionalities of the Secure Digital (SD) peripheral:
   8:Drivers/STM32H7xx_HAL_Driver/Src/stm32h7xx_hal_sd_ex.c ****   *           + Extended features functions
   9:Drivers/STM32H7xx_HAL_Driver/Src/stm32h7xx_hal_sd_ex.c ****   *
  10:Drivers/STM32H7xx_HAL_Driver/Src/stm32h7xx_hal_sd_ex.c ****   ******************************************************************************
  11:Drivers/STM32H7xx_HAL_Driver/Src/stm32h7xx_hal_sd_ex.c ****   * @attention
  12:Drivers/STM32H7xx_HAL_Driver/Src/stm32h7xx_hal_sd_ex.c ****   *
  13:Drivers/STM32H7xx_HAL_Driver/Src/stm32h7xx_hal_sd_ex.c ****   * Copyright (c) 2017 STMicroelectronics.
  14:Drivers/STM32H7xx_HAL_Driver/Src/stm32h7xx_hal_sd_ex.c ****   * All rights reserved.
  15:Drivers/STM32H7xx_HAL_Driver/Src/stm32h7xx_hal_sd_ex.c ****   *
  16:Drivers/STM32H7xx_HAL_Driver/Src/stm32h7xx_hal_sd_ex.c ****   * This software is licensed under terms that can be found in the LICENSE file
  17:Drivers/STM32H7xx_HAL_Driver/Src/stm32h7xx_hal_sd_ex.c ****   * in the root directory of this software component.
  18:Drivers/STM32H7xx_HAL_Driver/Src/stm32h7xx_hal_sd_ex.c ****   * If no LICENSE file comes with this software, it is provided AS-IS.
  19:Drivers/STM32H7xx_HAL_Driver/Src/stm32h7xx_hal_sd_ex.c ****   *
  20:Drivers/STM32H7xx_HAL_Driver/Src/stm32h7xx_hal_sd_ex.c ****   ******************************************************************************
  21:Drivers/STM32H7xx_HAL_Driver/Src/stm32h7xx_hal_sd_ex.c ****   @verbatim
  22:Drivers/STM32H7xx_HAL_Driver/Src/stm32h7xx_hal_sd_ex.c ****   ==============================================================================
  23:Drivers/STM32H7xx_HAL_Driver/Src/stm32h7xx_hal_sd_ex.c ****                         ##### How to use this driver #####
  24:Drivers/STM32H7xx_HAL_Driver/Src/stm32h7xx_hal_sd_ex.c ****   ==============================================================================
  25:Drivers/STM32H7xx_HAL_Driver/Src/stm32h7xx_hal_sd_ex.c ****   [..]
  26:Drivers/STM32H7xx_HAL_Driver/Src/stm32h7xx_hal_sd_ex.c ****    The SD Extension HAL driver can be used as follows:
  27:Drivers/STM32H7xx_HAL_Driver/Src/stm32h7xx_hal_sd_ex.c ****    (+) Configure Buffer0 and Buffer1 start address and Buffer size using HAL_SDEx_ConfigDMAMultiBuf
  28:Drivers/STM32H7xx_HAL_Driver/Src/stm32h7xx_hal_sd_ex.c ****    (+) Start Read and Write for multibuffer mode using HAL_SDEx_ReadBlocksDMAMultiBuffer()
  29:Drivers/STM32H7xx_HAL_Driver/Src/stm32h7xx_hal_sd_ex.c ****        and HAL_SDEx_WriteBlocksDMAMultiBuffer() functions.
  30:Drivers/STM32H7xx_HAL_Driver/Src/stm32h7xx_hal_sd_ex.c **** 
ARM GAS  C:\Users\Nathan\AppData\Local\Temp\ccZDQeJP.s 			page 2


  31:Drivers/STM32H7xx_HAL_Driver/Src/stm32h7xx_hal_sd_ex.c ****   @endverbatim
  32:Drivers/STM32H7xx_HAL_Driver/Src/stm32h7xx_hal_sd_ex.c ****   ******************************************************************************
  33:Drivers/STM32H7xx_HAL_Driver/Src/stm32h7xx_hal_sd_ex.c ****   */
  34:Drivers/STM32H7xx_HAL_Driver/Src/stm32h7xx_hal_sd_ex.c **** 
  35:Drivers/STM32H7xx_HAL_Driver/Src/stm32h7xx_hal_sd_ex.c **** /* Includes ------------------------------------------------------------------*/
  36:Drivers/STM32H7xx_HAL_Driver/Src/stm32h7xx_hal_sd_ex.c **** #include "stm32h7xx_hal.h"
  37:Drivers/STM32H7xx_HAL_Driver/Src/stm32h7xx_hal_sd_ex.c **** 
  38:Drivers/STM32H7xx_HAL_Driver/Src/stm32h7xx_hal_sd_ex.c **** /** @addtogroup STM32H7xx_HAL_Driver
  39:Drivers/STM32H7xx_HAL_Driver/Src/stm32h7xx_hal_sd_ex.c ****   * @{
  40:Drivers/STM32H7xx_HAL_Driver/Src/stm32h7xx_hal_sd_ex.c ****   */
  41:Drivers/STM32H7xx_HAL_Driver/Src/stm32h7xx_hal_sd_ex.c **** 
  42:Drivers/STM32H7xx_HAL_Driver/Src/stm32h7xx_hal_sd_ex.c **** /** @defgroup SDEx SDEx
  43:Drivers/STM32H7xx_HAL_Driver/Src/stm32h7xx_hal_sd_ex.c ****   * @brief SD Extended HAL module driver
  44:Drivers/STM32H7xx_HAL_Driver/Src/stm32h7xx_hal_sd_ex.c ****   * @{
  45:Drivers/STM32H7xx_HAL_Driver/Src/stm32h7xx_hal_sd_ex.c ****   */
  46:Drivers/STM32H7xx_HAL_Driver/Src/stm32h7xx_hal_sd_ex.c **** 
  47:Drivers/STM32H7xx_HAL_Driver/Src/stm32h7xx_hal_sd_ex.c **** #if defined (SDMMC1) || defined (SDMMC2)
  48:Drivers/STM32H7xx_HAL_Driver/Src/stm32h7xx_hal_sd_ex.c **** #ifdef HAL_SD_MODULE_ENABLED
  49:Drivers/STM32H7xx_HAL_Driver/Src/stm32h7xx_hal_sd_ex.c **** 
  50:Drivers/STM32H7xx_HAL_Driver/Src/stm32h7xx_hal_sd_ex.c **** /* Private typedef -----------------------------------------------------------*/
  51:Drivers/STM32H7xx_HAL_Driver/Src/stm32h7xx_hal_sd_ex.c **** /* Private define ------------------------------------------------------------*/
  52:Drivers/STM32H7xx_HAL_Driver/Src/stm32h7xx_hal_sd_ex.c **** /* Private macro -------------------------------------------------------------*/
  53:Drivers/STM32H7xx_HAL_Driver/Src/stm32h7xx_hal_sd_ex.c **** /* Private variables ---------------------------------------------------------*/
  54:Drivers/STM32H7xx_HAL_Driver/Src/stm32h7xx_hal_sd_ex.c **** /* Private function prototypes -----------------------------------------------*/
  55:Drivers/STM32H7xx_HAL_Driver/Src/stm32h7xx_hal_sd_ex.c **** /* Private functions ---------------------------------------------------------*/
  56:Drivers/STM32H7xx_HAL_Driver/Src/stm32h7xx_hal_sd_ex.c **** /* Exported functions --------------------------------------------------------*/
  57:Drivers/STM32H7xx_HAL_Driver/Src/stm32h7xx_hal_sd_ex.c **** /** @addtogroup SDEx_Exported_Functions
  58:Drivers/STM32H7xx_HAL_Driver/Src/stm32h7xx_hal_sd_ex.c ****   * @{
  59:Drivers/STM32H7xx_HAL_Driver/Src/stm32h7xx_hal_sd_ex.c ****   */
  60:Drivers/STM32H7xx_HAL_Driver/Src/stm32h7xx_hal_sd_ex.c **** 
  61:Drivers/STM32H7xx_HAL_Driver/Src/stm32h7xx_hal_sd_ex.c **** /** @addtogroup SDEx_Exported_Functions_Group1
  62:Drivers/STM32H7xx_HAL_Driver/Src/stm32h7xx_hal_sd_ex.c ****   *  @brief   Multibuffer functions
  63:Drivers/STM32H7xx_HAL_Driver/Src/stm32h7xx_hal_sd_ex.c ****   *
  64:Drivers/STM32H7xx_HAL_Driver/Src/stm32h7xx_hal_sd_ex.c **** @verbatim
  65:Drivers/STM32H7xx_HAL_Driver/Src/stm32h7xx_hal_sd_ex.c ****   ==============================================================================
  66:Drivers/STM32H7xx_HAL_Driver/Src/stm32h7xx_hal_sd_ex.c ****           ##### Multibuffer functions #####
  67:Drivers/STM32H7xx_HAL_Driver/Src/stm32h7xx_hal_sd_ex.c ****   ==============================================================================
  68:Drivers/STM32H7xx_HAL_Driver/Src/stm32h7xx_hal_sd_ex.c ****   [..]
  69:Drivers/STM32H7xx_HAL_Driver/Src/stm32h7xx_hal_sd_ex.c ****     This section provides functions allowing to configure the multibuffer mode and start read and w
  70:Drivers/STM32H7xx_HAL_Driver/Src/stm32h7xx_hal_sd_ex.c ****     multibuffer mode for SD HAL driver.
  71:Drivers/STM32H7xx_HAL_Driver/Src/stm32h7xx_hal_sd_ex.c **** 
  72:Drivers/STM32H7xx_HAL_Driver/Src/stm32h7xx_hal_sd_ex.c **** @endverbatim
  73:Drivers/STM32H7xx_HAL_Driver/Src/stm32h7xx_hal_sd_ex.c ****   * @{
  74:Drivers/STM32H7xx_HAL_Driver/Src/stm32h7xx_hal_sd_ex.c ****   */
  75:Drivers/STM32H7xx_HAL_Driver/Src/stm32h7xx_hal_sd_ex.c **** 
  76:Drivers/STM32H7xx_HAL_Driver/Src/stm32h7xx_hal_sd_ex.c **** /**
  77:Drivers/STM32H7xx_HAL_Driver/Src/stm32h7xx_hal_sd_ex.c ****   * @brief  Configure DMA Dual Buffer mode. The Data transfer is managed by an Internal DMA.
  78:Drivers/STM32H7xx_HAL_Driver/Src/stm32h7xx_hal_sd_ex.c ****   * @param  hsd: SD handle
  79:Drivers/STM32H7xx_HAL_Driver/Src/stm32h7xx_hal_sd_ex.c ****   * @param  pDataBuffer0: Pointer to the buffer0 that will contain/receive the transferred data
  80:Drivers/STM32H7xx_HAL_Driver/Src/stm32h7xx_hal_sd_ex.c ****   * @param  pDataBuffer1: Pointer to the buffer1 that will contain/receive the transferred data
  81:Drivers/STM32H7xx_HAL_Driver/Src/stm32h7xx_hal_sd_ex.c ****   * @param  BufferSize: Size of Buffer0 in Blocks. Buffer0 and Buffer1 must have the same size.
  82:Drivers/STM32H7xx_HAL_Driver/Src/stm32h7xx_hal_sd_ex.c ****   * @retval HAL status
  83:Drivers/STM32H7xx_HAL_Driver/Src/stm32h7xx_hal_sd_ex.c ****   */
  84:Drivers/STM32H7xx_HAL_Driver/Src/stm32h7xx_hal_sd_ex.c **** HAL_StatusTypeDef HAL_SDEx_ConfigDMAMultiBuffer(SD_HandleTypeDef *hsd, uint32_t *pDataBuffer0, uint
  85:Drivers/STM32H7xx_HAL_Driver/Src/stm32h7xx_hal_sd_ex.c ****                                                 uint32_t BufferSize)
  86:Drivers/STM32H7xx_HAL_Driver/Src/stm32h7xx_hal_sd_ex.c **** {
  29              		.loc 1 86 1 view -0
ARM GAS  C:\Users\Nathan\AppData\Local\Temp\ccZDQeJP.s 			page 3


  30              		.cfi_startproc
  31              		@ args = 0, pretend = 0, frame = 0
  32              		@ frame_needed = 0, uses_anonymous_args = 0
  33              		@ link register save eliminated.
  87:Drivers/STM32H7xx_HAL_Driver/Src/stm32h7xx_hal_sd_ex.c ****   if (hsd->State == HAL_SD_STATE_READY)
  34              		.loc 1 87 3 view .LVU1
  35              		.loc 1 87 10 is_stmt 0 view .LVU2
  36 0000 90F830C0 		ldrb	ip, [r0, #48]	@ zero_extendqisi2
  37              		.loc 1 87 6 view .LVU3
  38 0004 BCF1010F 		cmp	ip, #1
  39 0008 01D0     		beq	.L8
  88:Drivers/STM32H7xx_HAL_Driver/Src/stm32h7xx_hal_sd_ex.c ****   {
  89:Drivers/STM32H7xx_HAL_Driver/Src/stm32h7xx_hal_sd_ex.c ****     hsd->Instance->IDMABASE0 = (uint32_t) pDataBuffer0;
  90:Drivers/STM32H7xx_HAL_Driver/Src/stm32h7xx_hal_sd_ex.c ****     hsd->Instance->IDMABASE1 = (uint32_t) pDataBuffer1;
  91:Drivers/STM32H7xx_HAL_Driver/Src/stm32h7xx_hal_sd_ex.c ****     hsd->Instance->IDMABSIZE = (uint32_t)(BLOCKSIZE * BufferSize);
  92:Drivers/STM32H7xx_HAL_Driver/Src/stm32h7xx_hal_sd_ex.c **** 
  93:Drivers/STM32H7xx_HAL_Driver/Src/stm32h7xx_hal_sd_ex.c ****     return HAL_OK;
  94:Drivers/STM32H7xx_HAL_Driver/Src/stm32h7xx_hal_sd_ex.c ****   }
  95:Drivers/STM32H7xx_HAL_Driver/Src/stm32h7xx_hal_sd_ex.c ****   else
  96:Drivers/STM32H7xx_HAL_Driver/Src/stm32h7xx_hal_sd_ex.c ****   {
  97:Drivers/STM32H7xx_HAL_Driver/Src/stm32h7xx_hal_sd_ex.c ****     return HAL_BUSY;
  40              		.loc 1 97 12 view .LVU4
  41 000a 0220     		movs	r0, #2
  42              	.LVL1:
  98:Drivers/STM32H7xx_HAL_Driver/Src/stm32h7xx_hal_sd_ex.c ****   }
  99:Drivers/STM32H7xx_HAL_Driver/Src/stm32h7xx_hal_sd_ex.c **** }
  43              		.loc 1 99 1 view .LVU5
  44 000c 7047     		bx	lr
  45              	.LVL2:
  46              	.L8:
  86:Drivers/STM32H7xx_HAL_Driver/Src/stm32h7xx_hal_sd_ex.c ****   if (hsd->State == HAL_SD_STATE_READY)
  47              		.loc 1 86 1 view .LVU6
  48 000e 10B4     		push	{r4}
  49              		.cfi_def_cfa_offset 4
  50              		.cfi_offset 4, -4
  89:Drivers/STM32H7xx_HAL_Driver/Src/stm32h7xx_hal_sd_ex.c ****     hsd->Instance->IDMABASE1 = (uint32_t) pDataBuffer1;
  51              		.loc 1 89 5 is_stmt 1 view .LVU7
  89:Drivers/STM32H7xx_HAL_Driver/Src/stm32h7xx_hal_sd_ex.c ****     hsd->Instance->IDMABASE1 = (uint32_t) pDataBuffer1;
  52              		.loc 1 89 30 is_stmt 0 view .LVU8
  53 0010 0468     		ldr	r4, [r0]
  54 0012 A165     		str	r1, [r4, #88]
  90:Drivers/STM32H7xx_HAL_Driver/Src/stm32h7xx_hal_sd_ex.c ****     hsd->Instance->IDMABSIZE = (uint32_t)(BLOCKSIZE * BufferSize);
  55              		.loc 1 90 5 is_stmt 1 view .LVU9
  90:Drivers/STM32H7xx_HAL_Driver/Src/stm32h7xx_hal_sd_ex.c ****     hsd->Instance->IDMABSIZE = (uint32_t)(BLOCKSIZE * BufferSize);
  56              		.loc 1 90 8 is_stmt 0 view .LVU10
  57 0014 0168     		ldr	r1, [r0]
  58              	.LVL3:
  90:Drivers/STM32H7xx_HAL_Driver/Src/stm32h7xx_hal_sd_ex.c ****     hsd->Instance->IDMABSIZE = (uint32_t)(BLOCKSIZE * BufferSize);
  59              		.loc 1 90 30 view .LVU11
  60 0016 CA65     		str	r2, [r1, #92]
  61              	.LVL4:
  91:Drivers/STM32H7xx_HAL_Driver/Src/stm32h7xx_hal_sd_ex.c **** 
  62              		.loc 1 91 5 is_stmt 1 view .LVU12
  91:Drivers/STM32H7xx_HAL_Driver/Src/stm32h7xx_hal_sd_ex.c **** 
  63              		.loc 1 91 8 is_stmt 0 view .LVU13
  64 0018 0268     		ldr	r2, [r0]
  65              	.LVL5:
ARM GAS  C:\Users\Nathan\AppData\Local\Temp\ccZDQeJP.s 			page 4


  91:Drivers/STM32H7xx_HAL_Driver/Src/stm32h7xx_hal_sd_ex.c **** 
  66              		.loc 1 91 32 view .LVU14
  67 001a 5B02     		lsls	r3, r3, #9
  68              	.LVL6:
  91:Drivers/STM32H7xx_HAL_Driver/Src/stm32h7xx_hal_sd_ex.c **** 
  69              		.loc 1 91 30 view .LVU15
  70 001c 5365     		str	r3, [r2, #84]
  71              	.LVL7:
  93:Drivers/STM32H7xx_HAL_Driver/Src/stm32h7xx_hal_sd_ex.c ****   }
  72              		.loc 1 93 5 is_stmt 1 view .LVU16
  93:Drivers/STM32H7xx_HAL_Driver/Src/stm32h7xx_hal_sd_ex.c ****   }
  73              		.loc 1 93 12 is_stmt 0 view .LVU17
  74 001e 0020     		movs	r0, #0
  75              	.LVL8:
  76              		.loc 1 99 1 view .LVU18
  77 0020 5DF8044B 		ldr	r4, [sp], #4
  78              		.cfi_restore 4
  79              		.cfi_def_cfa_offset 0
  80 0024 7047     		bx	lr
  81              		.cfi_endproc
  82              	.LFE144:
  84              		.section	.text.HAL_SDEx_ReadBlocksDMAMultiBuffer,"ax",%progbits
  85              		.align	1
  86              		.global	HAL_SDEx_ReadBlocksDMAMultiBuffer
  87              		.syntax unified
  88              		.thumb
  89              		.thumb_func
  91              	HAL_SDEx_ReadBlocksDMAMultiBuffer:
  92              	.LVL9:
  93              	.LFB145:
 100:Drivers/STM32H7xx_HAL_Driver/Src/stm32h7xx_hal_sd_ex.c **** 
 101:Drivers/STM32H7xx_HAL_Driver/Src/stm32h7xx_hal_sd_ex.c **** /**
 102:Drivers/STM32H7xx_HAL_Driver/Src/stm32h7xx_hal_sd_ex.c ****   * @brief  Reads block(s) from a specified address in a card. The received Data will be stored in 
 103:Drivers/STM32H7xx_HAL_Driver/Src/stm32h7xx_hal_sd_ex.c ****   *         Buffer0, Buffer1 and BufferSize need to be configured by function HAL_SDEx_ConfigDMAMul
 104:Drivers/STM32H7xx_HAL_Driver/Src/stm32h7xx_hal_sd_ex.c ****   *         call this function.
 105:Drivers/STM32H7xx_HAL_Driver/Src/stm32h7xx_hal_sd_ex.c ****   * @param  hsd: SD handle
 106:Drivers/STM32H7xx_HAL_Driver/Src/stm32h7xx_hal_sd_ex.c ****   * @param  BlockAdd: Block Address from where data is to be read
 107:Drivers/STM32H7xx_HAL_Driver/Src/stm32h7xx_hal_sd_ex.c ****   * @param  NumberOfBlocks: Total number of blocks to read
 108:Drivers/STM32H7xx_HAL_Driver/Src/stm32h7xx_hal_sd_ex.c ****   * @retval HAL status
 109:Drivers/STM32H7xx_HAL_Driver/Src/stm32h7xx_hal_sd_ex.c ****   */
 110:Drivers/STM32H7xx_HAL_Driver/Src/stm32h7xx_hal_sd_ex.c **** HAL_StatusTypeDef HAL_SDEx_ReadBlocksDMAMultiBuffer(SD_HandleTypeDef *hsd, uint32_t BlockAdd, uint3
 111:Drivers/STM32H7xx_HAL_Driver/Src/stm32h7xx_hal_sd_ex.c **** {
  94              		.loc 1 111 1 is_stmt 1 view -0
  95              		.cfi_startproc
  96              		@ args = 0, pretend = 0, frame = 24
  97              		@ frame_needed = 0, uses_anonymous_args = 0
  98              		.loc 1 111 1 is_stmt 0 view .LVU20
  99 0000 F0B5     		push	{r4, r5, r6, r7, lr}
 100              		.cfi_def_cfa_offset 20
 101              		.cfi_offset 4, -20
 102              		.cfi_offset 5, -16
 103              		.cfi_offset 6, -12
 104              		.cfi_offset 7, -8
 105              		.cfi_offset 14, -4
 106 0002 87B0     		sub	sp, sp, #28
 107              		.cfi_def_cfa_offset 48
 112:Drivers/STM32H7xx_HAL_Driver/Src/stm32h7xx_hal_sd_ex.c ****   SDMMC_DataInitTypeDef config;
ARM GAS  C:\Users\Nathan\AppData\Local\Temp\ccZDQeJP.s 			page 5


 108              		.loc 1 112 3 is_stmt 1 view .LVU21
 113:Drivers/STM32H7xx_HAL_Driver/Src/stm32h7xx_hal_sd_ex.c ****   uint32_t errorstate;
 109              		.loc 1 113 3 view .LVU22
 114:Drivers/STM32H7xx_HAL_Driver/Src/stm32h7xx_hal_sd_ex.c ****   uint32_t DmaBase0_reg;
 110              		.loc 1 114 3 view .LVU23
 115:Drivers/STM32H7xx_HAL_Driver/Src/stm32h7xx_hal_sd_ex.c ****   uint32_t DmaBase1_reg;
 111              		.loc 1 115 3 view .LVU24
 116:Drivers/STM32H7xx_HAL_Driver/Src/stm32h7xx_hal_sd_ex.c ****   uint32_t add = BlockAdd;
 112              		.loc 1 116 3 view .LVU25
 113              	.LVL10:
 117:Drivers/STM32H7xx_HAL_Driver/Src/stm32h7xx_hal_sd_ex.c **** 
 118:Drivers/STM32H7xx_HAL_Driver/Src/stm32h7xx_hal_sd_ex.c ****   if (hsd->State == HAL_SD_STATE_READY)
 114              		.loc 1 118 3 view .LVU26
 115              		.loc 1 118 10 is_stmt 0 view .LVU27
 116 0004 90F83030 		ldrb	r3, [r0, #48]	@ zero_extendqisi2
 117              		.loc 1 118 6 view .LVU28
 118 0008 012B     		cmp	r3, #1
 119 000a 5BD1     		bne	.L17
 120 000c 0446     		mov	r4, r0
 121 000e 0D46     		mov	r5, r1
 122 0010 DEB2     		uxtb	r6, r3
 119:Drivers/STM32H7xx_HAL_Driver/Src/stm32h7xx_hal_sd_ex.c ****   {
 120:Drivers/STM32H7xx_HAL_Driver/Src/stm32h7xx_hal_sd_ex.c ****     if ((add + NumberOfBlocks) > (hsd->SdCard.LogBlockNbr))
 123              		.loc 1 120 5 is_stmt 1 view .LVU29
 124              		.loc 1 120 14 is_stmt 0 view .LVU30
 125 0012 8B18     		adds	r3, r1, r2
 126              		.loc 1 120 46 view .LVU31
 127 0014 016D     		ldr	r1, [r0, #80]
 128              	.LVL11:
 129              		.loc 1 120 8 view .LVU32
 130 0016 8B42     		cmp	r3, r1
 131 0018 44D8     		bhi	.L19
 121:Drivers/STM32H7xx_HAL_Driver/Src/stm32h7xx_hal_sd_ex.c ****     {
 122:Drivers/STM32H7xx_HAL_Driver/Src/stm32h7xx_hal_sd_ex.c ****       hsd->ErrorCode |= HAL_SD_ERROR_ADDR_OUT_OF_RANGE;
 123:Drivers/STM32H7xx_HAL_Driver/Src/stm32h7xx_hal_sd_ex.c ****       return HAL_ERROR;
 124:Drivers/STM32H7xx_HAL_Driver/Src/stm32h7xx_hal_sd_ex.c ****     }
 125:Drivers/STM32H7xx_HAL_Driver/Src/stm32h7xx_hal_sd_ex.c **** 
 126:Drivers/STM32H7xx_HAL_Driver/Src/stm32h7xx_hal_sd_ex.c ****     DmaBase0_reg = hsd->Instance->IDMABASE0;
 132              		.loc 1 126 5 is_stmt 1 view .LVU33
 133              		.loc 1 126 23 is_stmt 0 view .LVU34
 134 001a 0368     		ldr	r3, [r0]
 135              		.loc 1 126 18 view .LVU35
 136 001c 9F6D     		ldr	r7, [r3, #88]
 137              	.LVL12:
 127:Drivers/STM32H7xx_HAL_Driver/Src/stm32h7xx_hal_sd_ex.c ****     DmaBase1_reg = hsd->Instance->IDMABASE1;
 138              		.loc 1 127 5 is_stmt 1 view .LVU36
 139              		.loc 1 127 18 is_stmt 0 view .LVU37
 140 001e D96D     		ldr	r1, [r3, #92]
 141              	.LVL13:
 128:Drivers/STM32H7xx_HAL_Driver/Src/stm32h7xx_hal_sd_ex.c **** 
 129:Drivers/STM32H7xx_HAL_Driver/Src/stm32h7xx_hal_sd_ex.c ****     if ((hsd->Instance->IDMABSIZE == 0U) || (DmaBase0_reg == 0U) || (DmaBase1_reg == 0U))
 142              		.loc 1 129 5 is_stmt 1 view .LVU38
 143              		.loc 1 129 23 is_stmt 0 view .LVU39
 144 0020 586D     		ldr	r0, [r3, #84]
 145              	.LVL14:
 146              		.loc 1 129 8 view .LVU40
 147 0022 0028     		cmp	r0, #0
ARM GAS  C:\Users\Nathan\AppData\Local\Temp\ccZDQeJP.s 			page 6


 148 0024 43D0     		beq	.L12
 149              		.loc 1 129 83 discriminator 1 view .LVU41
 150 0026 B1FA81F1 		clz	r1, r1
 151              	.LVL15:
 152              		.loc 1 129 83 discriminator 1 view .LVU42
 153 002a 4909     		lsrs	r1, r1, #5
 154              		.loc 1 129 66 discriminator 1 view .LVU43
 155 002c 002F     		cmp	r7, #0
 156 002e 3ED0     		beq	.L12
 157 0030 0029     		cmp	r1, #0
 158 0032 3CD1     		bne	.L12
 130:Drivers/STM32H7xx_HAL_Driver/Src/stm32h7xx_hal_sd_ex.c ****     {
 131:Drivers/STM32H7xx_HAL_Driver/Src/stm32h7xx_hal_sd_ex.c ****       hsd->ErrorCode = HAL_SD_ERROR_ADDR_OUT_OF_RANGE;
 132:Drivers/STM32H7xx_HAL_Driver/Src/stm32h7xx_hal_sd_ex.c ****       return HAL_ERROR;
 133:Drivers/STM32H7xx_HAL_Driver/Src/stm32h7xx_hal_sd_ex.c ****     }
 134:Drivers/STM32H7xx_HAL_Driver/Src/stm32h7xx_hal_sd_ex.c **** 
 135:Drivers/STM32H7xx_HAL_Driver/Src/stm32h7xx_hal_sd_ex.c ****     /* Initialize data control register */
 136:Drivers/STM32H7xx_HAL_Driver/Src/stm32h7xx_hal_sd_ex.c ****     hsd->Instance->DCTRL = 0;
 159              		.loc 1 136 5 is_stmt 1 view .LVU44
 160              		.loc 1 136 26 is_stmt 0 view .LVU45
 161 0034 0021     		movs	r1, #0
 162 0036 D962     		str	r1, [r3, #44]
 137:Drivers/STM32H7xx_HAL_Driver/Src/stm32h7xx_hal_sd_ex.c ****     /* Clear old Flags*/
 138:Drivers/STM32H7xx_HAL_Driver/Src/stm32h7xx_hal_sd_ex.c ****     __HAL_SD_CLEAR_FLAG(hsd, SDMMC_STATIC_DATA_FLAGS);
 163              		.loc 1 138 5 is_stmt 1 view .LVU46
 164 0038 2368     		ldr	r3, [r4]
 165 003a 2448     		ldr	r0, .L20
 166 003c 9863     		str	r0, [r3, #56]
 139:Drivers/STM32H7xx_HAL_Driver/Src/stm32h7xx_hal_sd_ex.c **** 
 140:Drivers/STM32H7xx_HAL_Driver/Src/stm32h7xx_hal_sd_ex.c ****     hsd->ErrorCode = HAL_SD_ERROR_NONE;
 167              		.loc 1 140 5 view .LVU47
 168              		.loc 1 140 20 is_stmt 0 view .LVU48
 169 003e 6163     		str	r1, [r4, #52]
 141:Drivers/STM32H7xx_HAL_Driver/Src/stm32h7xx_hal_sd_ex.c ****     hsd->State = HAL_SD_STATE_BUSY;
 170              		.loc 1 141 5 is_stmt 1 view .LVU49
 171              		.loc 1 141 16 is_stmt 0 view .LVU50
 172 0040 0323     		movs	r3, #3
 173 0042 84F83030 		strb	r3, [r4, #48]
 142:Drivers/STM32H7xx_HAL_Driver/Src/stm32h7xx_hal_sd_ex.c **** 
 143:Drivers/STM32H7xx_HAL_Driver/Src/stm32h7xx_hal_sd_ex.c ****     if (hsd->SdCard.CardType != CARD_SDHC_SDXC)
 174              		.loc 1 143 5 is_stmt 1 view .LVU51
 175              		.loc 1 143 20 is_stmt 0 view .LVU52
 176 0046 A36B     		ldr	r3, [r4, #56]
 177              		.loc 1 143 8 view .LVU53
 178 0048 012B     		cmp	r3, #1
 179 004a 00D0     		beq	.L15
 144:Drivers/STM32H7xx_HAL_Driver/Src/stm32h7xx_hal_sd_ex.c ****     {
 145:Drivers/STM32H7xx_HAL_Driver/Src/stm32h7xx_hal_sd_ex.c ****       add *= 512U;
 180              		.loc 1 145 7 is_stmt 1 view .LVU54
 181              		.loc 1 145 11 is_stmt 0 view .LVU55
 182 004c 6D02     		lsls	r5, r5, #9
 183              	.LVL16:
 184              	.L15:
 146:Drivers/STM32H7xx_HAL_Driver/Src/stm32h7xx_hal_sd_ex.c ****     }
 147:Drivers/STM32H7xx_HAL_Driver/Src/stm32h7xx_hal_sd_ex.c **** 
 148:Drivers/STM32H7xx_HAL_Driver/Src/stm32h7xx_hal_sd_ex.c ****     /* Configure the SD DPSM (Data Path State Machine) */
 149:Drivers/STM32H7xx_HAL_Driver/Src/stm32h7xx_hal_sd_ex.c ****     config.DataTimeOut   = SDMMC_DATATIMEOUT;
ARM GAS  C:\Users\Nathan\AppData\Local\Temp\ccZDQeJP.s 			page 7


 185              		.loc 1 149 5 is_stmt 1 view .LVU56
 186              		.loc 1 149 26 is_stmt 0 view .LVU57
 187 004e 4FF0FF33 		mov	r3, #-1
 188 0052 0093     		str	r3, [sp]
 150:Drivers/STM32H7xx_HAL_Driver/Src/stm32h7xx_hal_sd_ex.c ****     config.DataLength    = BLOCKSIZE * NumberOfBlocks;
 189              		.loc 1 150 5 is_stmt 1 view .LVU58
 190              		.loc 1 150 38 is_stmt 0 view .LVU59
 191 0054 5202     		lsls	r2, r2, #9
 192              	.LVL17:
 193              		.loc 1 150 26 view .LVU60
 194 0056 0192     		str	r2, [sp, #4]
 151:Drivers/STM32H7xx_HAL_Driver/Src/stm32h7xx_hal_sd_ex.c ****     config.DataBlockSize = SDMMC_DATABLOCK_SIZE_512B;
 195              		.loc 1 151 5 is_stmt 1 view .LVU61
 196              		.loc 1 151 26 is_stmt 0 view .LVU62
 197 0058 9023     		movs	r3, #144
 198 005a 0293     		str	r3, [sp, #8]
 152:Drivers/STM32H7xx_HAL_Driver/Src/stm32h7xx_hal_sd_ex.c ****     config.TransferDir   = SDMMC_TRANSFER_DIR_TO_SDMMC;
 199              		.loc 1 152 5 is_stmt 1 view .LVU63
 200              		.loc 1 152 26 is_stmt 0 view .LVU64
 201 005c 0223     		movs	r3, #2
 202 005e 0393     		str	r3, [sp, #12]
 153:Drivers/STM32H7xx_HAL_Driver/Src/stm32h7xx_hal_sd_ex.c ****     config.TransferMode  = SDMMC_TRANSFER_MODE_BLOCK;
 203              		.loc 1 153 5 is_stmt 1 view .LVU65
 204              		.loc 1 153 26 is_stmt 0 view .LVU66
 205 0060 0023     		movs	r3, #0
 206 0062 0493     		str	r3, [sp, #16]
 154:Drivers/STM32H7xx_HAL_Driver/Src/stm32h7xx_hal_sd_ex.c ****     config.DPSM          = SDMMC_DPSM_DISABLE;
 207              		.loc 1 154 5 is_stmt 1 view .LVU67
 208              		.loc 1 154 26 is_stmt 0 view .LVU68
 209 0064 0593     		str	r3, [sp, #20]
 155:Drivers/STM32H7xx_HAL_Driver/Src/stm32h7xx_hal_sd_ex.c ****     (void)SDMMC_ConfigData(hsd->Instance, &config);
 210              		.loc 1 155 5 is_stmt 1 view .LVU69
 211              		.loc 1 155 11 is_stmt 0 view .LVU70
 212 0066 6946     		mov	r1, sp
 213 0068 2068     		ldr	r0, [r4]
 214 006a FFF7FEFF 		bl	SDMMC_ConfigData
 215              	.LVL18:
 156:Drivers/STM32H7xx_HAL_Driver/Src/stm32h7xx_hal_sd_ex.c **** 
 157:Drivers/STM32H7xx_HAL_Driver/Src/stm32h7xx_hal_sd_ex.c ****     hsd->Instance->DCTRL |= SDMMC_DCTRL_FIFORST;
 216              		.loc 1 157 5 is_stmt 1 view .LVU71
 217              		.loc 1 157 8 is_stmt 0 view .LVU72
 218 006e 2268     		ldr	r2, [r4]
 219              		.loc 1 157 18 view .LVU73
 220 0070 D36A     		ldr	r3, [r2, #44]
 221              		.loc 1 157 26 view .LVU74
 222 0072 43F40053 		orr	r3, r3, #8192
 223 0076 D362     		str	r3, [r2, #44]
 158:Drivers/STM32H7xx_HAL_Driver/Src/stm32h7xx_hal_sd_ex.c **** 
 159:Drivers/STM32H7xx_HAL_Driver/Src/stm32h7xx_hal_sd_ex.c ****     __SDMMC_CMDTRANS_ENABLE(hsd->Instance);
 224              		.loc 1 159 5 is_stmt 1 view .LVU75
 225 0078 2268     		ldr	r2, [r4]
 226 007a D368     		ldr	r3, [r2, #12]
 227 007c 43F04003 		orr	r3, r3, #64
 228 0080 D360     		str	r3, [r2, #12]
 160:Drivers/STM32H7xx_HAL_Driver/Src/stm32h7xx_hal_sd_ex.c **** 
 161:Drivers/STM32H7xx_HAL_Driver/Src/stm32h7xx_hal_sd_ex.c ****     hsd->Instance->IDMACTRL = SDMMC_ENABLE_IDMA_DOUBLE_BUFF0;
 229              		.loc 1 161 5 view .LVU76
ARM GAS  C:\Users\Nathan\AppData\Local\Temp\ccZDQeJP.s 			page 8


 230              		.loc 1 161 8 is_stmt 0 view .LVU77
 231 0082 2368     		ldr	r3, [r4]
 232              		.loc 1 161 29 view .LVU78
 233 0084 0322     		movs	r2, #3
 234 0086 1A65     		str	r2, [r3, #80]
 162:Drivers/STM32H7xx_HAL_Driver/Src/stm32h7xx_hal_sd_ex.c **** 
 163:Drivers/STM32H7xx_HAL_Driver/Src/stm32h7xx_hal_sd_ex.c ****     /* Read Blocks in DMA mode */
 164:Drivers/STM32H7xx_HAL_Driver/Src/stm32h7xx_hal_sd_ex.c ****     hsd->Context = (SD_CONTEXT_READ_MULTIPLE_BLOCK | SD_CONTEXT_DMA);
 235              		.loc 1 164 5 is_stmt 1 view .LVU79
 236              		.loc 1 164 18 is_stmt 0 view .LVU80
 237 0088 8223     		movs	r3, #130
 238 008a E362     		str	r3, [r4, #44]
 165:Drivers/STM32H7xx_HAL_Driver/Src/stm32h7xx_hal_sd_ex.c **** 
 166:Drivers/STM32H7xx_HAL_Driver/Src/stm32h7xx_hal_sd_ex.c ****     /* Read Multi Block command */
 167:Drivers/STM32H7xx_HAL_Driver/Src/stm32h7xx_hal_sd_ex.c ****     errorstate = SDMMC_CmdReadMultiBlock(hsd->Instance, add);
 239              		.loc 1 167 5 is_stmt 1 view .LVU81
 240              		.loc 1 167 18 is_stmt 0 view .LVU82
 241 008c 2946     		mov	r1, r5
 242 008e 2068     		ldr	r0, [r4]
 243 0090 FFF7FEFF 		bl	SDMMC_CmdReadMultiBlock
 244              	.LVL19:
 168:Drivers/STM32H7xx_HAL_Driver/Src/stm32h7xx_hal_sd_ex.c ****     if (errorstate != HAL_SD_ERROR_NONE)
 245              		.loc 1 168 5 is_stmt 1 view .LVU83
 246              		.loc 1 168 8 is_stmt 0 view .LVU84
 247 0094 78B1     		cbz	r0, .L16
 169:Drivers/STM32H7xx_HAL_Driver/Src/stm32h7xx_hal_sd_ex.c ****     {
 170:Drivers/STM32H7xx_HAL_Driver/Src/stm32h7xx_hal_sd_ex.c ****       hsd->State = HAL_SD_STATE_READY;
 248              		.loc 1 170 7 is_stmt 1 view .LVU85
 249              		.loc 1 170 18 is_stmt 0 view .LVU86
 250 0096 0123     		movs	r3, #1
 251 0098 84F83030 		strb	r3, [r4, #48]
 171:Drivers/STM32H7xx_HAL_Driver/Src/stm32h7xx_hal_sd_ex.c ****       hsd->ErrorCode |= errorstate;
 252              		.loc 1 171 7 is_stmt 1 view .LVU87
 253              		.loc 1 171 10 is_stmt 0 view .LVU88
 254 009c 636B     		ldr	r3, [r4, #52]
 255              		.loc 1 171 22 view .LVU89
 256 009e 0343     		orrs	r3, r3, r0
 257 00a0 6363     		str	r3, [r4, #52]
 172:Drivers/STM32H7xx_HAL_Driver/Src/stm32h7xx_hal_sd_ex.c ****       return HAL_ERROR;
 258              		.loc 1 172 7 is_stmt 1 view .LVU90
 259              		.loc 1 172 14 is_stmt 0 view .LVU91
 260 00a2 10E0     		b	.L10
 261              	.LVL20:
 262              	.L19:
 122:Drivers/STM32H7xx_HAL_Driver/Src/stm32h7xx_hal_sd_ex.c ****       return HAL_ERROR;
 263              		.loc 1 122 7 is_stmt 1 view .LVU92
 122:Drivers/STM32H7xx_HAL_Driver/Src/stm32h7xx_hal_sd_ex.c ****       return HAL_ERROR;
 264              		.loc 1 122 10 is_stmt 0 view .LVU93
 265 00a4 436B     		ldr	r3, [r0, #52]
 122:Drivers/STM32H7xx_HAL_Driver/Src/stm32h7xx_hal_sd_ex.c ****       return HAL_ERROR;
 266              		.loc 1 122 22 view .LVU94
 267 00a6 43F00073 		orr	r3, r3, #33554432
 268 00aa 4363     		str	r3, [r0, #52]
 123:Drivers/STM32H7xx_HAL_Driver/Src/stm32h7xx_hal_sd_ex.c ****     }
 269              		.loc 1 123 7 is_stmt 1 view .LVU95
 123:Drivers/STM32H7xx_HAL_Driver/Src/stm32h7xx_hal_sd_ex.c ****     }
 270              		.loc 1 123 14 is_stmt 0 view .LVU96
ARM GAS  C:\Users\Nathan\AppData\Local\Temp\ccZDQeJP.s 			page 9


 271 00ac 0BE0     		b	.L10
 272              	.LVL21:
 273              	.L12:
 131:Drivers/STM32H7xx_HAL_Driver/Src/stm32h7xx_hal_sd_ex.c ****       return HAL_ERROR;
 274              		.loc 1 131 7 is_stmt 1 view .LVU97
 131:Drivers/STM32H7xx_HAL_Driver/Src/stm32h7xx_hal_sd_ex.c ****       return HAL_ERROR;
 275              		.loc 1 131 22 is_stmt 0 view .LVU98
 276 00ae 4FF00073 		mov	r3, #33554432
 277 00b2 6363     		str	r3, [r4, #52]
 132:Drivers/STM32H7xx_HAL_Driver/Src/stm32h7xx_hal_sd_ex.c ****     }
 278              		.loc 1 132 7 is_stmt 1 view .LVU99
 132:Drivers/STM32H7xx_HAL_Driver/Src/stm32h7xx_hal_sd_ex.c ****     }
 279              		.loc 1 132 14 is_stmt 0 view .LVU100
 280 00b4 07E0     		b	.L10
 281              	.LVL22:
 282              	.L16:
 173:Drivers/STM32H7xx_HAL_Driver/Src/stm32h7xx_hal_sd_ex.c ****     }
 174:Drivers/STM32H7xx_HAL_Driver/Src/stm32h7xx_hal_sd_ex.c **** 
 175:Drivers/STM32H7xx_HAL_Driver/Src/stm32h7xx_hal_sd_ex.c ****     __HAL_SD_ENABLE_IT(hsd, (SDMMC_IT_DCRCFAIL | SDMMC_IT_DTIMEOUT | SDMMC_IT_RXOVERR | SDMMC_IT_DA
 283              		.loc 1 175 5 is_stmt 1 view .LVU101
 284 00b6 2268     		ldr	r2, [r4]
 285 00b8 D16B     		ldr	r1, [r2, #60]
 286 00ba 054B     		ldr	r3, .L20+4
 287 00bc 0B43     		orrs	r3, r3, r1
 288 00be D363     		str	r3, [r2, #60]
 176:Drivers/STM32H7xx_HAL_Driver/Src/stm32h7xx_hal_sd_ex.c ****                              SDMMC_IT_IDMABTC));
 177:Drivers/STM32H7xx_HAL_Driver/Src/stm32h7xx_hal_sd_ex.c **** 
 178:Drivers/STM32H7xx_HAL_Driver/Src/stm32h7xx_hal_sd_ex.c ****     return HAL_OK;
 289              		.loc 1 178 5 view .LVU102
 290              		.loc 1 178 12 is_stmt 0 view .LVU103
 291 00c0 0026     		movs	r6, #0
 292 00c2 00E0     		b	.L10
 293              	.LVL23:
 294              	.L17:
 179:Drivers/STM32H7xx_HAL_Driver/Src/stm32h7xx_hal_sd_ex.c ****   }
 180:Drivers/STM32H7xx_HAL_Driver/Src/stm32h7xx_hal_sd_ex.c ****   else
 181:Drivers/STM32H7xx_HAL_Driver/Src/stm32h7xx_hal_sd_ex.c ****   {
 182:Drivers/STM32H7xx_HAL_Driver/Src/stm32h7xx_hal_sd_ex.c ****     return HAL_BUSY;
 295              		.loc 1 182 12 view .LVU104
 296 00c4 0226     		movs	r6, #2
 297              	.LVL24:
 298              	.L10:
 183:Drivers/STM32H7xx_HAL_Driver/Src/stm32h7xx_hal_sd_ex.c ****   }
 184:Drivers/STM32H7xx_HAL_Driver/Src/stm32h7xx_hal_sd_ex.c **** 
 185:Drivers/STM32H7xx_HAL_Driver/Src/stm32h7xx_hal_sd_ex.c **** }
 299              		.loc 1 185 1 view .LVU105
 300 00c6 3046     		mov	r0, r6
 301 00c8 07B0     		add	sp, sp, #28
 302              		.cfi_def_cfa_offset 20
 303              		@ sp needed
 304 00ca F0BD     		pop	{r4, r5, r6, r7, pc}
 305              	.L21:
 306              		.align	2
 307              	.L20:
 308 00cc 3A0F0018 		.word	402657082
 309 00d0 2A010010 		.word	268435754
 310              		.cfi_endproc
ARM GAS  C:\Users\Nathan\AppData\Local\Temp\ccZDQeJP.s 			page 10


 311              	.LFE145:
 313              		.section	.text.HAL_SDEx_WriteBlocksDMAMultiBuffer,"ax",%progbits
 314              		.align	1
 315              		.global	HAL_SDEx_WriteBlocksDMAMultiBuffer
 316              		.syntax unified
 317              		.thumb
 318              		.thumb_func
 320              	HAL_SDEx_WriteBlocksDMAMultiBuffer:
 321              	.LVL25:
 322              	.LFB146:
 186:Drivers/STM32H7xx_HAL_Driver/Src/stm32h7xx_hal_sd_ex.c **** 
 187:Drivers/STM32H7xx_HAL_Driver/Src/stm32h7xx_hal_sd_ex.c **** /**
 188:Drivers/STM32H7xx_HAL_Driver/Src/stm32h7xx_hal_sd_ex.c ****   * @brief  Write block(s) to a specified address in a card. The transferred Data are stored in Buf
 189:Drivers/STM32H7xx_HAL_Driver/Src/stm32h7xx_hal_sd_ex.c ****   *         Buffer0, Buffer1 and BufferSize need to be configured by function HAL_SDEx_ConfigDMAMul
 190:Drivers/STM32H7xx_HAL_Driver/Src/stm32h7xx_hal_sd_ex.c ****   *   call this function.
 191:Drivers/STM32H7xx_HAL_Driver/Src/stm32h7xx_hal_sd_ex.c ****   * @param  hsd: SD handle
 192:Drivers/STM32H7xx_HAL_Driver/Src/stm32h7xx_hal_sd_ex.c ****   * @param  BlockAdd: Block Address from where data is to be read
 193:Drivers/STM32H7xx_HAL_Driver/Src/stm32h7xx_hal_sd_ex.c ****   * @param  NumberOfBlocks: Total number of blocks to read
 194:Drivers/STM32H7xx_HAL_Driver/Src/stm32h7xx_hal_sd_ex.c ****   * @retval HAL status
 195:Drivers/STM32H7xx_HAL_Driver/Src/stm32h7xx_hal_sd_ex.c ****   */
 196:Drivers/STM32H7xx_HAL_Driver/Src/stm32h7xx_hal_sd_ex.c **** HAL_StatusTypeDef HAL_SDEx_WriteBlocksDMAMultiBuffer(SD_HandleTypeDef *hsd, uint32_t BlockAdd, uint
 197:Drivers/STM32H7xx_HAL_Driver/Src/stm32h7xx_hal_sd_ex.c **** {
 323              		.loc 1 197 1 is_stmt 1 view -0
 324              		.cfi_startproc
 325              		@ args = 0, pretend = 0, frame = 24
 326              		@ frame_needed = 0, uses_anonymous_args = 0
 327              		.loc 1 197 1 is_stmt 0 view .LVU107
 328 0000 F0B5     		push	{r4, r5, r6, r7, lr}
 329              		.cfi_def_cfa_offset 20
 330              		.cfi_offset 4, -20
 331              		.cfi_offset 5, -16
 332              		.cfi_offset 6, -12
 333              		.cfi_offset 7, -8
 334              		.cfi_offset 14, -4
 335 0002 87B0     		sub	sp, sp, #28
 336              		.cfi_def_cfa_offset 48
 198:Drivers/STM32H7xx_HAL_Driver/Src/stm32h7xx_hal_sd_ex.c ****   SDMMC_DataInitTypeDef config;
 337              		.loc 1 198 3 is_stmt 1 view .LVU108
 199:Drivers/STM32H7xx_HAL_Driver/Src/stm32h7xx_hal_sd_ex.c ****   uint32_t errorstate;
 338              		.loc 1 199 3 view .LVU109
 200:Drivers/STM32H7xx_HAL_Driver/Src/stm32h7xx_hal_sd_ex.c ****   uint32_t DmaBase0_reg;
 339              		.loc 1 200 3 view .LVU110
 201:Drivers/STM32H7xx_HAL_Driver/Src/stm32h7xx_hal_sd_ex.c ****   uint32_t DmaBase1_reg;
 340              		.loc 1 201 3 view .LVU111
 202:Drivers/STM32H7xx_HAL_Driver/Src/stm32h7xx_hal_sd_ex.c ****   uint32_t add = BlockAdd;
 341              		.loc 1 202 3 view .LVU112
 342              	.LVL26:
 203:Drivers/STM32H7xx_HAL_Driver/Src/stm32h7xx_hal_sd_ex.c **** 
 204:Drivers/STM32H7xx_HAL_Driver/Src/stm32h7xx_hal_sd_ex.c ****   if (hsd->State == HAL_SD_STATE_READY)
 343              		.loc 1 204 3 view .LVU113
 344              		.loc 1 204 10 is_stmt 0 view .LVU114
 345 0004 90F83030 		ldrb	r3, [r0, #48]	@ zero_extendqisi2
 346              		.loc 1 204 6 view .LVU115
 347 0008 012B     		cmp	r3, #1
 348 000a 52D1     		bne	.L30
 349 000c 0446     		mov	r4, r0
 350 000e 0D46     		mov	r5, r1
ARM GAS  C:\Users\Nathan\AppData\Local\Temp\ccZDQeJP.s 			page 11


 351 0010 DEB2     		uxtb	r6, r3
 205:Drivers/STM32H7xx_HAL_Driver/Src/stm32h7xx_hal_sd_ex.c ****   {
 206:Drivers/STM32H7xx_HAL_Driver/Src/stm32h7xx_hal_sd_ex.c ****     if ((add + NumberOfBlocks) > (hsd->SdCard.LogBlockNbr))
 352              		.loc 1 206 5 is_stmt 1 view .LVU116
 353              		.loc 1 206 14 is_stmt 0 view .LVU117
 354 0012 8B18     		adds	r3, r1, r2
 355              		.loc 1 206 46 view .LVU118
 356 0014 016D     		ldr	r1, [r0, #80]
 357              	.LVL27:
 358              		.loc 1 206 8 view .LVU119
 359 0016 8B42     		cmp	r3, r1
 360 0018 3BD8     		bhi	.L32
 207:Drivers/STM32H7xx_HAL_Driver/Src/stm32h7xx_hal_sd_ex.c ****     {
 208:Drivers/STM32H7xx_HAL_Driver/Src/stm32h7xx_hal_sd_ex.c ****       hsd->ErrorCode |= HAL_SD_ERROR_ADDR_OUT_OF_RANGE;
 209:Drivers/STM32H7xx_HAL_Driver/Src/stm32h7xx_hal_sd_ex.c ****       return HAL_ERROR;
 210:Drivers/STM32H7xx_HAL_Driver/Src/stm32h7xx_hal_sd_ex.c ****     }
 211:Drivers/STM32H7xx_HAL_Driver/Src/stm32h7xx_hal_sd_ex.c **** 
 212:Drivers/STM32H7xx_HAL_Driver/Src/stm32h7xx_hal_sd_ex.c ****     DmaBase0_reg = hsd->Instance->IDMABASE0;
 361              		.loc 1 212 5 is_stmt 1 view .LVU120
 362              		.loc 1 212 23 is_stmt 0 view .LVU121
 363 001a 0368     		ldr	r3, [r0]
 364              		.loc 1 212 18 view .LVU122
 365 001c 9F6D     		ldr	r7, [r3, #88]
 366              	.LVL28:
 213:Drivers/STM32H7xx_HAL_Driver/Src/stm32h7xx_hal_sd_ex.c ****     DmaBase1_reg = hsd->Instance->IDMABASE1;
 367              		.loc 1 213 5 is_stmt 1 view .LVU123
 368              		.loc 1 213 18 is_stmt 0 view .LVU124
 369 001e D96D     		ldr	r1, [r3, #92]
 370              	.LVL29:
 214:Drivers/STM32H7xx_HAL_Driver/Src/stm32h7xx_hal_sd_ex.c ****     if ((hsd->Instance->IDMABSIZE == 0U) || (DmaBase0_reg == 0U) || (DmaBase1_reg == 0U))
 371              		.loc 1 214 5 is_stmt 1 view .LVU125
 372              		.loc 1 214 23 is_stmt 0 view .LVU126
 373 0020 586D     		ldr	r0, [r3, #84]
 374              	.LVL30:
 375              		.loc 1 214 8 view .LVU127
 376 0022 0028     		cmp	r0, #0
 377 0024 3AD0     		beq	.L25
 378              		.loc 1 214 83 discriminator 1 view .LVU128
 379 0026 B1FA81F1 		clz	r1, r1
 380              	.LVL31:
 381              		.loc 1 214 83 discriminator 1 view .LVU129
 382 002a 4909     		lsrs	r1, r1, #5
 383              		.loc 1 214 66 discriminator 1 view .LVU130
 384 002c 002F     		cmp	r7, #0
 385 002e 35D0     		beq	.L25
 386 0030 0029     		cmp	r1, #0
 387 0032 33D1     		bne	.L25
 215:Drivers/STM32H7xx_HAL_Driver/Src/stm32h7xx_hal_sd_ex.c ****     {
 216:Drivers/STM32H7xx_HAL_Driver/Src/stm32h7xx_hal_sd_ex.c ****       hsd->ErrorCode = HAL_SD_ERROR_ADDR_OUT_OF_RANGE;
 217:Drivers/STM32H7xx_HAL_Driver/Src/stm32h7xx_hal_sd_ex.c ****       return HAL_ERROR;
 218:Drivers/STM32H7xx_HAL_Driver/Src/stm32h7xx_hal_sd_ex.c ****     }
 219:Drivers/STM32H7xx_HAL_Driver/Src/stm32h7xx_hal_sd_ex.c **** 
 220:Drivers/STM32H7xx_HAL_Driver/Src/stm32h7xx_hal_sd_ex.c ****     /* Initialize data control register */
 221:Drivers/STM32H7xx_HAL_Driver/Src/stm32h7xx_hal_sd_ex.c ****     hsd->Instance->DCTRL = 0;
 388              		.loc 1 221 5 is_stmt 1 view .LVU131
 389              		.loc 1 221 26 is_stmt 0 view .LVU132
 390 0034 0021     		movs	r1, #0
ARM GAS  C:\Users\Nathan\AppData\Local\Temp\ccZDQeJP.s 			page 12


 391 0036 D962     		str	r1, [r3, #44]
 222:Drivers/STM32H7xx_HAL_Driver/Src/stm32h7xx_hal_sd_ex.c **** 
 223:Drivers/STM32H7xx_HAL_Driver/Src/stm32h7xx_hal_sd_ex.c ****     hsd->ErrorCode = HAL_SD_ERROR_NONE;
 392              		.loc 1 223 5 is_stmt 1 view .LVU133
 393              		.loc 1 223 20 is_stmt 0 view .LVU134
 394 0038 6163     		str	r1, [r4, #52]
 224:Drivers/STM32H7xx_HAL_Driver/Src/stm32h7xx_hal_sd_ex.c **** 
 225:Drivers/STM32H7xx_HAL_Driver/Src/stm32h7xx_hal_sd_ex.c ****     hsd->State = HAL_SD_STATE_BUSY;
 395              		.loc 1 225 5 is_stmt 1 view .LVU135
 396              		.loc 1 225 16 is_stmt 0 view .LVU136
 397 003a 0323     		movs	r3, #3
 398 003c 84F83030 		strb	r3, [r4, #48]
 226:Drivers/STM32H7xx_HAL_Driver/Src/stm32h7xx_hal_sd_ex.c **** 
 227:Drivers/STM32H7xx_HAL_Driver/Src/stm32h7xx_hal_sd_ex.c ****     if (hsd->SdCard.CardType != CARD_SDHC_SDXC)
 399              		.loc 1 227 5 is_stmt 1 view .LVU137
 400              		.loc 1 227 20 is_stmt 0 view .LVU138
 401 0040 A36B     		ldr	r3, [r4, #56]
 402              		.loc 1 227 8 view .LVU139
 403 0042 012B     		cmp	r3, #1
 404 0044 00D0     		beq	.L28
 228:Drivers/STM32H7xx_HAL_Driver/Src/stm32h7xx_hal_sd_ex.c ****     {
 229:Drivers/STM32H7xx_HAL_Driver/Src/stm32h7xx_hal_sd_ex.c ****       add *= 512U;
 405              		.loc 1 229 7 is_stmt 1 view .LVU140
 406              		.loc 1 229 11 is_stmt 0 view .LVU141
 407 0046 6D02     		lsls	r5, r5, #9
 408              	.LVL32:
 409              	.L28:
 230:Drivers/STM32H7xx_HAL_Driver/Src/stm32h7xx_hal_sd_ex.c ****     }
 231:Drivers/STM32H7xx_HAL_Driver/Src/stm32h7xx_hal_sd_ex.c **** 
 232:Drivers/STM32H7xx_HAL_Driver/Src/stm32h7xx_hal_sd_ex.c ****     /* Configure the SD DPSM (Data Path State Machine) */
 233:Drivers/STM32H7xx_HAL_Driver/Src/stm32h7xx_hal_sd_ex.c ****     config.DataTimeOut   = SDMMC_DATATIMEOUT;
 410              		.loc 1 233 5 is_stmt 1 view .LVU142
 411              		.loc 1 233 26 is_stmt 0 view .LVU143
 412 0048 4FF0FF33 		mov	r3, #-1
 413 004c 0093     		str	r3, [sp]
 234:Drivers/STM32H7xx_HAL_Driver/Src/stm32h7xx_hal_sd_ex.c ****     config.DataLength    = BLOCKSIZE * NumberOfBlocks;
 414              		.loc 1 234 5 is_stmt 1 view .LVU144
 415              		.loc 1 234 38 is_stmt 0 view .LVU145
 416 004e 5202     		lsls	r2, r2, #9
 417              	.LVL33:
 418              		.loc 1 234 26 view .LVU146
 419 0050 0192     		str	r2, [sp, #4]
 235:Drivers/STM32H7xx_HAL_Driver/Src/stm32h7xx_hal_sd_ex.c ****     config.DataBlockSize = SDMMC_DATABLOCK_SIZE_512B;
 420              		.loc 1 235 5 is_stmt 1 view .LVU147
 421              		.loc 1 235 26 is_stmt 0 view .LVU148
 422 0052 9023     		movs	r3, #144
 423 0054 0293     		str	r3, [sp, #8]
 236:Drivers/STM32H7xx_HAL_Driver/Src/stm32h7xx_hal_sd_ex.c ****     config.TransferDir   = SDMMC_TRANSFER_DIR_TO_CARD;
 424              		.loc 1 236 5 is_stmt 1 view .LVU149
 425              		.loc 1 236 26 is_stmt 0 view .LVU150
 426 0056 0023     		movs	r3, #0
 427 0058 0393     		str	r3, [sp, #12]
 237:Drivers/STM32H7xx_HAL_Driver/Src/stm32h7xx_hal_sd_ex.c ****     config.TransferMode  = SDMMC_TRANSFER_MODE_BLOCK;
 428              		.loc 1 237 5 is_stmt 1 view .LVU151
 429              		.loc 1 237 26 is_stmt 0 view .LVU152
 430 005a 0493     		str	r3, [sp, #16]
 238:Drivers/STM32H7xx_HAL_Driver/Src/stm32h7xx_hal_sd_ex.c ****     config.DPSM          = SDMMC_DPSM_DISABLE;
ARM GAS  C:\Users\Nathan\AppData\Local\Temp\ccZDQeJP.s 			page 13


 431              		.loc 1 238 5 is_stmt 1 view .LVU153
 432              		.loc 1 238 26 is_stmt 0 view .LVU154
 433 005c 0593     		str	r3, [sp, #20]
 239:Drivers/STM32H7xx_HAL_Driver/Src/stm32h7xx_hal_sd_ex.c ****     (void)SDMMC_ConfigData(hsd->Instance, &config);
 434              		.loc 1 239 5 is_stmt 1 view .LVU155
 435              		.loc 1 239 11 is_stmt 0 view .LVU156
 436 005e 6946     		mov	r1, sp
 437 0060 2068     		ldr	r0, [r4]
 438 0062 FFF7FEFF 		bl	SDMMC_ConfigData
 439              	.LVL34:
 240:Drivers/STM32H7xx_HAL_Driver/Src/stm32h7xx_hal_sd_ex.c **** 
 241:Drivers/STM32H7xx_HAL_Driver/Src/stm32h7xx_hal_sd_ex.c ****     __SDMMC_CMDTRANS_ENABLE(hsd->Instance);
 440              		.loc 1 241 5 is_stmt 1 view .LVU157
 441 0066 2268     		ldr	r2, [r4]
 442 0068 D368     		ldr	r3, [r2, #12]
 443 006a 43F04003 		orr	r3, r3, #64
 444 006e D360     		str	r3, [r2, #12]
 242:Drivers/STM32H7xx_HAL_Driver/Src/stm32h7xx_hal_sd_ex.c **** 
 243:Drivers/STM32H7xx_HAL_Driver/Src/stm32h7xx_hal_sd_ex.c ****     hsd->Instance->IDMACTRL = SDMMC_ENABLE_IDMA_DOUBLE_BUFF0;
 445              		.loc 1 243 5 view .LVU158
 446              		.loc 1 243 8 is_stmt 0 view .LVU159
 447 0070 2368     		ldr	r3, [r4]
 448              		.loc 1 243 29 view .LVU160
 449 0072 0322     		movs	r2, #3
 450 0074 1A65     		str	r2, [r3, #80]
 244:Drivers/STM32H7xx_HAL_Driver/Src/stm32h7xx_hal_sd_ex.c **** 
 245:Drivers/STM32H7xx_HAL_Driver/Src/stm32h7xx_hal_sd_ex.c ****     /* Write Blocks in DMA mode */
 246:Drivers/STM32H7xx_HAL_Driver/Src/stm32h7xx_hal_sd_ex.c ****     hsd->Context = (SD_CONTEXT_WRITE_MULTIPLE_BLOCK | SD_CONTEXT_DMA);
 451              		.loc 1 246 5 is_stmt 1 view .LVU161
 452              		.loc 1 246 18 is_stmt 0 view .LVU162
 453 0076 A023     		movs	r3, #160
 454 0078 E362     		str	r3, [r4, #44]
 247:Drivers/STM32H7xx_HAL_Driver/Src/stm32h7xx_hal_sd_ex.c **** 
 248:Drivers/STM32H7xx_HAL_Driver/Src/stm32h7xx_hal_sd_ex.c ****     /* Write Multi Block command */
 249:Drivers/STM32H7xx_HAL_Driver/Src/stm32h7xx_hal_sd_ex.c ****     errorstate = SDMMC_CmdWriteMultiBlock(hsd->Instance, add);
 455              		.loc 1 249 5 is_stmt 1 view .LVU163
 456              		.loc 1 249 18 is_stmt 0 view .LVU164
 457 007a 2946     		mov	r1, r5
 458 007c 2068     		ldr	r0, [r4]
 459 007e FFF7FEFF 		bl	SDMMC_CmdWriteMultiBlock
 460              	.LVL35:
 250:Drivers/STM32H7xx_HAL_Driver/Src/stm32h7xx_hal_sd_ex.c ****     if (errorstate != HAL_SD_ERROR_NONE)
 461              		.loc 1 250 5 is_stmt 1 view .LVU165
 462              		.loc 1 250 8 is_stmt 0 view .LVU166
 463 0082 78B1     		cbz	r0, .L29
 251:Drivers/STM32H7xx_HAL_Driver/Src/stm32h7xx_hal_sd_ex.c ****     {
 252:Drivers/STM32H7xx_HAL_Driver/Src/stm32h7xx_hal_sd_ex.c ****       hsd->State = HAL_SD_STATE_READY;
 464              		.loc 1 252 7 is_stmt 1 view .LVU167
 465              		.loc 1 252 18 is_stmt 0 view .LVU168
 466 0084 0123     		movs	r3, #1
 467 0086 84F83030 		strb	r3, [r4, #48]
 253:Drivers/STM32H7xx_HAL_Driver/Src/stm32h7xx_hal_sd_ex.c ****       hsd->ErrorCode |= errorstate;
 468              		.loc 1 253 7 is_stmt 1 view .LVU169
 469              		.loc 1 253 10 is_stmt 0 view .LVU170
 470 008a 636B     		ldr	r3, [r4, #52]
 471              		.loc 1 253 22 view .LVU171
 472 008c 0343     		orrs	r3, r3, r0
ARM GAS  C:\Users\Nathan\AppData\Local\Temp\ccZDQeJP.s 			page 14


 473 008e 6363     		str	r3, [r4, #52]
 254:Drivers/STM32H7xx_HAL_Driver/Src/stm32h7xx_hal_sd_ex.c ****       return HAL_ERROR;
 474              		.loc 1 254 7 is_stmt 1 view .LVU172
 475              		.loc 1 254 14 is_stmt 0 view .LVU173
 476 0090 10E0     		b	.L23
 477              	.LVL36:
 478              	.L32:
 208:Drivers/STM32H7xx_HAL_Driver/Src/stm32h7xx_hal_sd_ex.c ****       return HAL_ERROR;
 479              		.loc 1 208 7 is_stmt 1 view .LVU174
 208:Drivers/STM32H7xx_HAL_Driver/Src/stm32h7xx_hal_sd_ex.c ****       return HAL_ERROR;
 480              		.loc 1 208 10 is_stmt 0 view .LVU175
 481 0092 436B     		ldr	r3, [r0, #52]
 208:Drivers/STM32H7xx_HAL_Driver/Src/stm32h7xx_hal_sd_ex.c ****       return HAL_ERROR;
 482              		.loc 1 208 22 view .LVU176
 483 0094 43F00073 		orr	r3, r3, #33554432
 484 0098 4363     		str	r3, [r0, #52]
 209:Drivers/STM32H7xx_HAL_Driver/Src/stm32h7xx_hal_sd_ex.c ****     }
 485              		.loc 1 209 7 is_stmt 1 view .LVU177
 209:Drivers/STM32H7xx_HAL_Driver/Src/stm32h7xx_hal_sd_ex.c ****     }
 486              		.loc 1 209 14 is_stmt 0 view .LVU178
 487 009a 0BE0     		b	.L23
 488              	.LVL37:
 489              	.L25:
 216:Drivers/STM32H7xx_HAL_Driver/Src/stm32h7xx_hal_sd_ex.c ****       return HAL_ERROR;
 490              		.loc 1 216 7 is_stmt 1 view .LVU179
 216:Drivers/STM32H7xx_HAL_Driver/Src/stm32h7xx_hal_sd_ex.c ****       return HAL_ERROR;
 491              		.loc 1 216 22 is_stmt 0 view .LVU180
 492 009c 4FF00073 		mov	r3, #33554432
 493 00a0 6363     		str	r3, [r4, #52]
 217:Drivers/STM32H7xx_HAL_Driver/Src/stm32h7xx_hal_sd_ex.c ****     }
 494              		.loc 1 217 7 is_stmt 1 view .LVU181
 217:Drivers/STM32H7xx_HAL_Driver/Src/stm32h7xx_hal_sd_ex.c ****     }
 495              		.loc 1 217 14 is_stmt 0 view .LVU182
 496 00a2 07E0     		b	.L23
 497              	.LVL38:
 498              	.L29:
 255:Drivers/STM32H7xx_HAL_Driver/Src/stm32h7xx_hal_sd_ex.c ****     }
 256:Drivers/STM32H7xx_HAL_Driver/Src/stm32h7xx_hal_sd_ex.c **** 
 257:Drivers/STM32H7xx_HAL_Driver/Src/stm32h7xx_hal_sd_ex.c ****     __HAL_SD_ENABLE_IT(hsd, (SDMMC_IT_DCRCFAIL | SDMMC_IT_DTIMEOUT | SDMMC_IT_TXUNDERR | SDMMC_IT_D
 499              		.loc 1 257 5 is_stmt 1 view .LVU183
 500 00a4 2268     		ldr	r2, [r4]
 501 00a6 D16B     		ldr	r1, [r2, #60]
 502 00a8 044B     		ldr	r3, .L33
 503 00aa 0B43     		orrs	r3, r3, r1
 504 00ac D363     		str	r3, [r2, #60]
 258:Drivers/STM32H7xx_HAL_Driver/Src/stm32h7xx_hal_sd_ex.c ****                              SDMMC_IT_IDMABTC));
 259:Drivers/STM32H7xx_HAL_Driver/Src/stm32h7xx_hal_sd_ex.c **** 
 260:Drivers/STM32H7xx_HAL_Driver/Src/stm32h7xx_hal_sd_ex.c ****     return HAL_OK;
 505              		.loc 1 260 5 view .LVU184
 506              		.loc 1 260 12 is_stmt 0 view .LVU185
 507 00ae 0026     		movs	r6, #0
 508 00b0 00E0     		b	.L23
 509              	.LVL39:
 510              	.L30:
 261:Drivers/STM32H7xx_HAL_Driver/Src/stm32h7xx_hal_sd_ex.c ****   }
 262:Drivers/STM32H7xx_HAL_Driver/Src/stm32h7xx_hal_sd_ex.c ****   else
 263:Drivers/STM32H7xx_HAL_Driver/Src/stm32h7xx_hal_sd_ex.c ****   {
ARM GAS  C:\Users\Nathan\AppData\Local\Temp\ccZDQeJP.s 			page 15


 264:Drivers/STM32H7xx_HAL_Driver/Src/stm32h7xx_hal_sd_ex.c ****     return HAL_BUSY;
 511              		.loc 1 264 12 view .LVU186
 512 00b2 0226     		movs	r6, #2
 513              	.LVL40:
 514              	.L23:
 265:Drivers/STM32H7xx_HAL_Driver/Src/stm32h7xx_hal_sd_ex.c ****   }
 266:Drivers/STM32H7xx_HAL_Driver/Src/stm32h7xx_hal_sd_ex.c **** }
 515              		.loc 1 266 1 view .LVU187
 516 00b4 3046     		mov	r0, r6
 517 00b6 07B0     		add	sp, sp, #28
 518              		.cfi_def_cfa_offset 20
 519              		@ sp needed
 520 00b8 F0BD     		pop	{r4, r5, r6, r7, pc}
 521              	.L34:
 522 00ba 00BF     		.align	2
 523              	.L33:
 524 00bc 1A010010 		.word	268435738
 525              		.cfi_endproc
 526              	.LFE146:
 528              		.section	.text.HAL_SDEx_ChangeDMABuffer,"ax",%progbits
 529              		.align	1
 530              		.global	HAL_SDEx_ChangeDMABuffer
 531              		.syntax unified
 532              		.thumb
 533              		.thumb_func
 535              	HAL_SDEx_ChangeDMABuffer:
 536              	.LVL41:
 537              	.LFB147:
 267:Drivers/STM32H7xx_HAL_Driver/Src/stm32h7xx_hal_sd_ex.c **** 
 268:Drivers/STM32H7xx_HAL_Driver/Src/stm32h7xx_hal_sd_ex.c **** 
 269:Drivers/STM32H7xx_HAL_Driver/Src/stm32h7xx_hal_sd_ex.c **** /**
 270:Drivers/STM32H7xx_HAL_Driver/Src/stm32h7xx_hal_sd_ex.c ****   * @brief  Change the DMA Buffer0 or Buffer1 address on the fly.
 271:Drivers/STM32H7xx_HAL_Driver/Src/stm32h7xx_hal_sd_ex.c ****   * @param  hsd:           pointer to a SD_HandleTypeDef structure.
 272:Drivers/STM32H7xx_HAL_Driver/Src/stm32h7xx_hal_sd_ex.c ****   * @param  Buffer:        the buffer to be changed, This parameter can be one of
 273:Drivers/STM32H7xx_HAL_Driver/Src/stm32h7xx_hal_sd_ex.c ****   *                        the following values: SD_DMA_BUFFER0 or SD_DMA_BUFFER1
 274:Drivers/STM32H7xx_HAL_Driver/Src/stm32h7xx_hal_sd_ex.c ****   * @param  pDataBuffer:   The new address
 275:Drivers/STM32H7xx_HAL_Driver/Src/stm32h7xx_hal_sd_ex.c ****   * @note   The BUFFER0 address can be changed only when the current transfer use
 276:Drivers/STM32H7xx_HAL_Driver/Src/stm32h7xx_hal_sd_ex.c ****   *         BUFFER1 and the BUFFER1 address can be changed only when the current
 277:Drivers/STM32H7xx_HAL_Driver/Src/stm32h7xx_hal_sd_ex.c ****   *         transfer use BUFFER0.
 278:Drivers/STM32H7xx_HAL_Driver/Src/stm32h7xx_hal_sd_ex.c ****   * @retval HAL status
 279:Drivers/STM32H7xx_HAL_Driver/Src/stm32h7xx_hal_sd_ex.c ****   */
 280:Drivers/STM32H7xx_HAL_Driver/Src/stm32h7xx_hal_sd_ex.c **** HAL_StatusTypeDef HAL_SDEx_ChangeDMABuffer(SD_HandleTypeDef *hsd, HAL_SDEx_DMABuffer_MemoryTypeDef 
 281:Drivers/STM32H7xx_HAL_Driver/Src/stm32h7xx_hal_sd_ex.c ****                                            uint32_t *pDataBuffer)
 282:Drivers/STM32H7xx_HAL_Driver/Src/stm32h7xx_hal_sd_ex.c **** {
 538              		.loc 1 282 1 is_stmt 1 view -0
 539              		.cfi_startproc
 540              		@ args = 0, pretend = 0, frame = 0
 541              		@ frame_needed = 0, uses_anonymous_args = 0
 542              		@ link register save eliminated.
 283:Drivers/STM32H7xx_HAL_Driver/Src/stm32h7xx_hal_sd_ex.c ****   if (Buffer == SD_DMA_BUFFER0)
 543              		.loc 1 283 3 view .LVU189
 544              		.loc 1 283 6 is_stmt 0 view .LVU190
 545 0000 19B9     		cbnz	r1, .L36
 284:Drivers/STM32H7xx_HAL_Driver/Src/stm32h7xx_hal_sd_ex.c ****   {
 285:Drivers/STM32H7xx_HAL_Driver/Src/stm32h7xx_hal_sd_ex.c ****     /* change the buffer0 address */
 286:Drivers/STM32H7xx_HAL_Driver/Src/stm32h7xx_hal_sd_ex.c ****     hsd->Instance->IDMABASE0 = (uint32_t)pDataBuffer;
 546              		.loc 1 286 5 is_stmt 1 view .LVU191
ARM GAS  C:\Users\Nathan\AppData\Local\Temp\ccZDQeJP.s 			page 16


 547              		.loc 1 286 8 is_stmt 0 view .LVU192
 548 0002 0368     		ldr	r3, [r0]
 549              		.loc 1 286 30 view .LVU193
 550 0004 9A65     		str	r2, [r3, #88]
 551              	.L37:
 287:Drivers/STM32H7xx_HAL_Driver/Src/stm32h7xx_hal_sd_ex.c ****   }
 288:Drivers/STM32H7xx_HAL_Driver/Src/stm32h7xx_hal_sd_ex.c ****   else
 289:Drivers/STM32H7xx_HAL_Driver/Src/stm32h7xx_hal_sd_ex.c ****   {
 290:Drivers/STM32H7xx_HAL_Driver/Src/stm32h7xx_hal_sd_ex.c ****     /* change the memory1 address */
 291:Drivers/STM32H7xx_HAL_Driver/Src/stm32h7xx_hal_sd_ex.c ****     hsd->Instance->IDMABASE1 = (uint32_t)pDataBuffer;
 292:Drivers/STM32H7xx_HAL_Driver/Src/stm32h7xx_hal_sd_ex.c ****   }
 293:Drivers/STM32H7xx_HAL_Driver/Src/stm32h7xx_hal_sd_ex.c **** 
 294:Drivers/STM32H7xx_HAL_Driver/Src/stm32h7xx_hal_sd_ex.c ****   return HAL_OK;
 552              		.loc 1 294 3 is_stmt 1 view .LVU194
 295:Drivers/STM32H7xx_HAL_Driver/Src/stm32h7xx_hal_sd_ex.c **** }
 553              		.loc 1 295 1 is_stmt 0 view .LVU195
 554 0006 0020     		movs	r0, #0
 555              	.LVL42:
 556              		.loc 1 295 1 view .LVU196
 557 0008 7047     		bx	lr
 558              	.LVL43:
 559              	.L36:
 291:Drivers/STM32H7xx_HAL_Driver/Src/stm32h7xx_hal_sd_ex.c ****   }
 560              		.loc 1 291 5 is_stmt 1 view .LVU197
 291:Drivers/STM32H7xx_HAL_Driver/Src/stm32h7xx_hal_sd_ex.c ****   }
 561              		.loc 1 291 8 is_stmt 0 view .LVU198
 562 000a 0368     		ldr	r3, [r0]
 291:Drivers/STM32H7xx_HAL_Driver/Src/stm32h7xx_hal_sd_ex.c ****   }
 563              		.loc 1 291 30 view .LVU199
 564 000c DA65     		str	r2, [r3, #92]
 565 000e FAE7     		b	.L37
 566              		.cfi_endproc
 567              	.LFE147:
 569              		.text
 570              	.Letext0:
 571              		.file 2 "C:/Users/Nathan/AppData/Roaming/Code/User/globalStorage/bmd.stm32-for-vscode/@xpack-dev-t
 572              		.file 3 "C:/Users/Nathan/AppData/Roaming/Code/User/globalStorage/bmd.stm32-for-vscode/@xpack-dev-t
 573              		.file 4 "Drivers/CMSIS/Device/ST/STM32H7xx/Include/stm32h743xx.h"
 574              		.file 5 "Drivers/STM32H7xx_HAL_Driver/Inc/stm32h7xx_hal_def.h"
 575              		.file 6 "Drivers/STM32H7xx_HAL_Driver/Inc/stm32h7xx_ll_sdmmc.h"
 576              		.file 7 "Drivers/STM32H7xx_HAL_Driver/Inc/stm32h7xx_hal_sd.h"
 577              		.file 8 "Drivers/STM32H7xx_HAL_Driver/Inc/stm32h7xx_hal_sd_ex.h"
ARM GAS  C:\Users\Nathan\AppData\Local\Temp\ccZDQeJP.s 			page 17


DEFINED SYMBOLS
                            *ABS*:00000000 stm32h7xx_hal_sd_ex.c
C:\Users\Nathan\AppData\Local\Temp\ccZDQeJP.s:20     .text.HAL_SDEx_ConfigDMAMultiBuffer:00000000 $t
C:\Users\Nathan\AppData\Local\Temp\ccZDQeJP.s:26     .text.HAL_SDEx_ConfigDMAMultiBuffer:00000000 HAL_SDEx_ConfigDMAMultiBuffer
C:\Users\Nathan\AppData\Local\Temp\ccZDQeJP.s:85     .text.HAL_SDEx_ReadBlocksDMAMultiBuffer:00000000 $t
C:\Users\Nathan\AppData\Local\Temp\ccZDQeJP.s:91     .text.HAL_SDEx_ReadBlocksDMAMultiBuffer:00000000 HAL_SDEx_ReadBlocksDMAMultiBuffer
C:\Users\Nathan\AppData\Local\Temp\ccZDQeJP.s:308    .text.HAL_SDEx_ReadBlocksDMAMultiBuffer:000000cc $d
C:\Users\Nathan\AppData\Local\Temp\ccZDQeJP.s:314    .text.HAL_SDEx_WriteBlocksDMAMultiBuffer:00000000 $t
C:\Users\Nathan\AppData\Local\Temp\ccZDQeJP.s:320    .text.HAL_SDEx_WriteBlocksDMAMultiBuffer:00000000 HAL_SDEx_WriteBlocksDMAMultiBuffer
C:\Users\Nathan\AppData\Local\Temp\ccZDQeJP.s:524    .text.HAL_SDEx_WriteBlocksDMAMultiBuffer:000000bc $d
C:\Users\Nathan\AppData\Local\Temp\ccZDQeJP.s:529    .text.HAL_SDEx_ChangeDMABuffer:00000000 $t
C:\Users\Nathan\AppData\Local\Temp\ccZDQeJP.s:535    .text.HAL_SDEx_ChangeDMABuffer:00000000 HAL_SDEx_ChangeDMABuffer

UNDEFINED SYMBOLS
SDMMC_ConfigData
SDMMC_CmdReadMultiBlock
SDMMC_CmdWriteMultiBlock
