ARM GAS  C:\Users\Nathan\AppData\Local\Temp\cclLcQZi.s 			page 1


   1              		.cpu cortex-m7
   2              		.arch armv7e-m
   3              		.fpu fpv5-d16
   4              		.eabi_attribute 28, 1
   5              		.eabi_attribute 20, 1
   6              		.eabi_attribute 21, 1
   7              		.eabi_attribute 23, 3
   8              		.eabi_attribute 24, 1
   9              		.eabi_attribute 25, 1
  10              		.eabi_attribute 26, 1
  11              		.eabi_attribute 30, 1
  12              		.eabi_attribute 34, 1
  13              		.eabi_attribute 18, 4
  14              		.file	"icp201xx_interface.c"
  15              		.text
  16              	.Ltext0:
  17              		.cfi_sections	.debug_frame
  18              		.file 1 "Drivers/ICP201xx/icp201xx_interface.c"
  19              		.section	.text.icp201xx_i2c_write,"ax",%progbits
  20              		.align	1
  21              		.syntax unified
  22              		.thumb
  23              		.thumb_func
  25              	icp201xx_i2c_write:
  26              	.LVL0:
  27              	.LFB154:
   1:Drivers/ICP201xx/icp201xx_interface.c **** /*
   2:Drivers/ICP201xx/icp201xx_interface.c ****  *
   3:Drivers/ICP201xx/icp201xx_interface.c ****  * Copyright (c) [2020] by InvenSense, Inc.
   4:Drivers/ICP201xx/icp201xx_interface.c ****  * 
   5:Drivers/ICP201xx/icp201xx_interface.c ****  * Permission to use, copy, modify, and/or distribute this software for any
   6:Drivers/ICP201xx/icp201xx_interface.c ****  * purpose with or without fee is hereby granted.
   7:Drivers/ICP201xx/icp201xx_interface.c ****  * 
   8:Drivers/ICP201xx/icp201xx_interface.c ****  * THE SOFTWARE IS PROVIDED "AS IS" AND THE AUTHOR DISCLAIMS ALL WARRANTIES
   9:Drivers/ICP201xx/icp201xx_interface.c ****  * WITH REGARD TO THIS SOFTWARE INCLUDING ALL IMPLIED WARRANTIES OF
  10:Drivers/ICP201xx/icp201xx_interface.c ****  * MERCHANTABILITY AND FITNESS. IN NO EVENT SHALL THE AUTHOR BE LIABLE FOR ANY
  11:Drivers/ICP201xx/icp201xx_interface.c ****  * SPECIAL, DIRECT, INDIRECT, OR CONSEQUENTIAL DAMAGES OR ANY DAMAGES
  12:Drivers/ICP201xx/icp201xx_interface.c ****  * WHATSOEVER RESULTING FROM LOSS OF USE, DATA OR PROFITS, WHETHER IN AN ACTION
  13:Drivers/ICP201xx/icp201xx_interface.c ****  * OF CONTRACT, NEGLIGENCE OR OTHER TORTIOUS ACTION, ARISING OUT OF OR IN
  14:Drivers/ICP201xx/icp201xx_interface.c ****  * CONNECTION WITH THE USE OR PERFORMANCE OF THIS SOFTWARE.
  15:Drivers/ICP201xx/icp201xx_interface.c ****  *
  16:Drivers/ICP201xx/icp201xx_interface.c ****  */
  17:Drivers/ICP201xx/icp201xx_interface.c ****  
  18:Drivers/ICP201xx/icp201xx_interface.c **** #include "main.h"
  19:Drivers/ICP201xx/icp201xx_interface.c **** #include "usbd_cdc_if.h"
  20:Drivers/ICP201xx/icp201xx_interface.c **** #include <stdio.h>
  21:Drivers/ICP201xx/icp201xx_interface.c **** #include <string.h>
  22:Drivers/ICP201xx/icp201xx_interface.c **** #include <stdarg.h>
  23:Drivers/ICP201xx/icp201xx_interface.c **** #include <math.h>
  24:Drivers/ICP201xx/icp201xx_interface.c **** #include <athena.h>
  25:Drivers/ICP201xx/icp201xx_interface.c **** #include "Icp201xx.h"
  26:Drivers/ICP201xx/icp201xx_interface.c **** #include "Icp201xxDriver.h"
  27:Drivers/ICP201xx/icp201xx_interface.c **** 
  28:Drivers/ICP201xx/icp201xx_interface.c **** // External references from main.c
  29:Drivers/ICP201xx/icp201xx_interface.c **** extern SPI_HandleTypeDef hspi4;
  30:Drivers/ICP201xx/icp201xx_interface.c **** 
  31:Drivers/ICP201xx/icp201xx_interface.c **** static int icp201xx_i2c_write(void * ctx, uint8_t reg, const uint8_t * wbuffer, uint32_t wlen);
ARM GAS  C:\Users\Nathan\AppData\Local\Temp\cclLcQZi.s 			page 2


  32:Drivers/ICP201xx/icp201xx_interface.c **** static int icp201xx_i2c_read(void * ctx, uint8_t reg, uint8_t * rbuffer, uint32_t rlen);
  33:Drivers/ICP201xx/icp201xx_interface.c **** static int icp201xx_spi_write(void * ctx, uint8_t reg, const uint8_t * wbuffer, uint32_t wlen);
  34:Drivers/ICP201xx/icp201xx_interface.c **** static int icp201xx_spi_read(void * ctx, uint8_t reg, uint8_t * rbuffer, uint32_t rlen);
  35:Drivers/ICP201xx/icp201xx_interface.c **** 
  36:Drivers/ICP201xx/icp201xx_interface.c **** // I2C address configuration
  37:Drivers/ICP201xx/icp201xx_interface.c **** #define ICP201XX_I2C_ADDRESS 0x63
  38:Drivers/ICP201xx/icp201xx_interface.c **** 
  39:Drivers/ICP201xx/icp201xx_interface.c **** typedef struct {
  40:Drivers/ICP201xx/icp201xx_interface.c ****     inv_icp201xx_t icp_device;
  41:Drivers/ICP201xx/icp201xx_interface.c ****     uint8_t i2c_address;
  42:Drivers/ICP201xx/icp201xx_interface.c ****     uint8_t spi_in_transaction;
  43:Drivers/ICP201xx/icp201xx_interface.c ****     uint8_t use_spi;
  44:Drivers/ICP201xx/icp201xx_interface.c **** } ICP201xx_t;
  45:Drivers/ICP201xx/icp201xx_interface.c **** 
  46:Drivers/ICP201xx/icp201xx_interface.c **** // Forward declarations for functions used before definition
  47:Drivers/ICP201xx/icp201xx_interface.c **** void ICP201xx_app_warmup(ICP201xx_t *icp, icp201xx_op_mode_t op_mode, icp201xx_meas_mode_t meas_mod
  48:Drivers/ICP201xx/icp201xx_interface.c **** int ICP201xx_getData(ICP201xx_t *icp, float *pressure, float *temperature);
  49:Drivers/ICP201xx/icp201xx_interface.c **** 
  50:Drivers/ICP201xx/icp201xx_interface.c **** // ICP201xx init for I2C interface
  51:Drivers/ICP201xx/icp201xx_interface.c **** void ICP201xx_init_i2c(ICP201xx_t *icp, uint8_t lsb) {
  52:Drivers/ICP201xx/icp201xx_interface.c ****     icp->i2c_address = ICP201XX_I2C_ADDRESS + (lsb ? 0x1 : 0);
  53:Drivers/ICP201xx/icp201xx_interface.c ****     icp->use_spi = 0;
  54:Drivers/ICP201xx/icp201xx_interface.c ****     icp->spi_in_transaction = 0;
  55:Drivers/ICP201xx/icp201xx_interface.c **** }
  56:Drivers/ICP201xx/icp201xx_interface.c **** 
  57:Drivers/ICP201xx/icp201xx_interface.c **** // ICP201xx init for SPI interface
  58:Drivers/ICP201xx/icp201xx_interface.c **** void ICP201xx_init_spi(ICP201xx_t *icp) {
  59:Drivers/ICP201xx/icp201xx_interface.c ****     icp->use_spi = 1;
  60:Drivers/ICP201xx/icp201xx_interface.c ****     icp->spi_in_transaction = 0;
  61:Drivers/ICP201xx/icp201xx_interface.c ****     icp->i2c_address = 0;
  62:Drivers/ICP201xx/icp201xx_interface.c **** }
  63:Drivers/ICP201xx/icp201xx_interface.c **** 
  64:Drivers/ICP201xx/icp201xx_interface.c **** /* starts communication with the ICP201xx */
  65:Drivers/ICP201xx/icp201xx_interface.c **** int ICP201xx_begin(ICP201xx_t *icp) {
  66:Drivers/ICP201xx/icp201xx_interface.c ****     inv_icp201xx_serif_t icp_serif;
  67:Drivers/ICP201xx/icp201xx_interface.c ****     int rc = 0;
  68:Drivers/ICP201xx/icp201xx_interface.c ****     uint8_t who_am_i;
  69:Drivers/ICP201xx/icp201xx_interface.c ****     uint8_t icp_version;
  70:Drivers/ICP201xx/icp201xx_interface.c **** 
  71:Drivers/ICP201xx/icp201xx_interface.c ****     if (!icp->use_spi) {
  72:Drivers/ICP201xx/icp201xx_interface.c ****         // I2C mode
  73:Drivers/ICP201xx/icp201xx_interface.c ****         icp_serif.if_mode = ICP201XX_IF_I2C;
  74:Drivers/ICP201xx/icp201xx_interface.c ****         icp_serif.read_reg  = icp201xx_i2c_read;
  75:Drivers/ICP201xx/icp201xx_interface.c ****         icp_serif.write_reg = icp201xx_i2c_write;
  76:Drivers/ICP201xx/icp201xx_interface.c ****     } else {
  77:Drivers/ICP201xx/icp201xx_interface.c ****         // SPI mode
  78:Drivers/ICP201xx/icp201xx_interface.c ****         HAL_GPIO_WritePin(ICP_CS_GPIO_Port, ICP_CS_Pin, GPIO_PIN_SET);
  79:Drivers/ICP201xx/icp201xx_interface.c ****         icp_serif.if_mode = ICP201XX_IF_4_WIRE_SPI;
  80:Drivers/ICP201xx/icp201xx_interface.c ****         icp_serif.read_reg  = icp201xx_spi_read;
  81:Drivers/ICP201xx/icp201xx_interface.c ****         icp_serif.write_reg = icp201xx_spi_write;
  82:Drivers/ICP201xx/icp201xx_interface.c ****     }
  83:Drivers/ICP201xx/icp201xx_interface.c ****     
  84:Drivers/ICP201xx/icp201xx_interface.c ****     /* Initialize serial interface between MCU and Icp201xx */
  85:Drivers/ICP201xx/icp201xx_interface.c ****     icp_serif.context   = (void*)icp;
  86:Drivers/ICP201xx/icp201xx_interface.c ****     icp_serif.max_read  = 2048; /* maximum number of bytes allowed per serial read */
  87:Drivers/ICP201xx/icp201xx_interface.c ****     icp_serif.max_write = 2048; /* maximum number of bytes allowed per serial write */
  88:Drivers/ICP201xx/icp201xx_interface.c ****     
ARM GAS  C:\Users\Nathan\AppData\Local\Temp\cclLcQZi.s 			page 3


  89:Drivers/ICP201xx/icp201xx_interface.c ****     rc = inv_icp201xx_init(&icp->icp_device, &icp_serif);
  90:Drivers/ICP201xx/icp201xx_interface.c ****     if (rc != INV_ERROR_SUCCESS) {
  91:Drivers/ICP201xx/icp201xx_interface.c ****         return rc;
  92:Drivers/ICP201xx/icp201xx_interface.c ****     }
  93:Drivers/ICP201xx/icp201xx_interface.c ****     
  94:Drivers/ICP201xx/icp201xx_interface.c ****     rc = inv_icp201xx_soft_reset(&icp->icp_device);
  95:Drivers/ICP201xx/icp201xx_interface.c ****     if (rc != INV_ERROR_SUCCESS) {
  96:Drivers/ICP201xx/icp201xx_interface.c ****         return rc;
  97:Drivers/ICP201xx/icp201xx_interface.c ****     }
  98:Drivers/ICP201xx/icp201xx_interface.c ****     
  99:Drivers/ICP201xx/icp201xx_interface.c ****     /* Check WHOAMI */
 100:Drivers/ICP201xx/icp201xx_interface.c ****     rc = inv_icp201xx_get_devid_version(&icp->icp_device, &who_am_i, &icp_version);
 101:Drivers/ICP201xx/icp201xx_interface.c ****     if(rc != 0) {
 102:Drivers/ICP201xx/icp201xx_interface.c ****         return -2;
 103:Drivers/ICP201xx/icp201xx_interface.c ****     }
 104:Drivers/ICP201xx/icp201xx_interface.c ****     if (who_am_i != EXPECTED_DEVICE_ID) {
 105:Drivers/ICP201xx/icp201xx_interface.c ****         return -3;
 106:Drivers/ICP201xx/icp201xx_interface.c ****     }
 107:Drivers/ICP201xx/icp201xx_interface.c ****     
 108:Drivers/ICP201xx/icp201xx_interface.c ****     /* Boot up OTP config */
 109:Drivers/ICP201xx/icp201xx_interface.c ****     rc = inv_icp201xx_OTP_bootup_cfg(&icp->icp_device);
 110:Drivers/ICP201xx/icp201xx_interface.c ****     if(rc != 0) {
 111:Drivers/ICP201xx/icp201xx_interface.c ****         return rc;
 112:Drivers/ICP201xx/icp201xx_interface.c ****     }
 113:Drivers/ICP201xx/icp201xx_interface.c ****     
 114:Drivers/ICP201xx/icp201xx_interface.c ****     // successful init, return 0
 115:Drivers/ICP201xx/icp201xx_interface.c ****     return 0;
 116:Drivers/ICP201xx/icp201xx_interface.c **** }
 117:Drivers/ICP201xx/icp201xx_interface.c **** 
 118:Drivers/ICP201xx/icp201xx_interface.c **** int ICP201xx_start(ICP201xx_t *icp) {
 119:Drivers/ICP201xx/icp201xx_interface.c ****     int rc = 0;
 120:Drivers/ICP201xx/icp201xx_interface.c ****     rc |= inv_icp201xx_soft_reset(&icp->icp_device);
 121:Drivers/ICP201xx/icp201xx_interface.c ****     rc |= inv_icp201xx_config(&icp->icp_device, ICP201XX_OP_MODE0, ICP201XX_FIFO_READOUT_MODE_PRES_
 122:Drivers/ICP201xx/icp201xx_interface.c ****     ICP201xx_app_warmup(icp, ICP201XX_OP_MODE0, ICP201XX_MEAS_MODE_CONTINUOUS);
 123:Drivers/ICP201xx/icp201xx_interface.c ****     return rc;
 124:Drivers/ICP201xx/icp201xx_interface.c **** }
 125:Drivers/ICP201xx/icp201xx_interface.c **** 
 126:Drivers/ICP201xx/icp201xx_interface.c **** int ICP201xx_singleMeasure(ICP201xx_t *icp, float *pressure_kp, float *temperature_C)
 127:Drivers/ICP201xx/icp201xx_interface.c **** {
 128:Drivers/ICP201xx/icp201xx_interface.c ****     inv_icp201xx_trigger_meas(&icp->icp_device);
 129:Drivers/ICP201xx/icp201xx_interface.c ****     HAL_Delay(20);
 130:Drivers/ICP201xx/icp201xx_interface.c ****     return ICP201xx_getData(icp, pressure_kp, temperature_C);
 131:Drivers/ICP201xx/icp201xx_interface.c **** }
 132:Drivers/ICP201xx/icp201xx_interface.c **** 
 133:Drivers/ICP201xx/icp201xx_interface.c **** int ICP201xx_getData(ICP201xx_t *icp, float *pressure, float *temperature) {
 134:Drivers/ICP201xx/icp201xx_interface.c ****     uint8_t fifo_packets;
 135:Drivers/ICP201xx/icp201xx_interface.c ****     uint8_t fifo_data[6];
 136:Drivers/ICP201xx/icp201xx_interface.c ****     int32_t data_press, data_temp;
 137:Drivers/ICP201xx/icp201xx_interface.c ****     
 138:Drivers/ICP201xx/icp201xx_interface.c ****     /** Read measurements count in FIFO **/
 139:Drivers/ICP201xx/icp201xx_interface.c ****     if (inv_icp201xx_get_fifo_count(&icp->icp_device, &fifo_packets))
 140:Drivers/ICP201xx/icp201xx_interface.c ****         return -2;
 141:Drivers/ICP201xx/icp201xx_interface.c **** 
 142:Drivers/ICP201xx/icp201xx_interface.c ****     if (fifo_packets)
 143:Drivers/ICP201xx/icp201xx_interface.c ****     {
 144:Drivers/ICP201xx/icp201xx_interface.c ****         inv_icp201xx_get_fifo_data(&icp->icp_device, 1, fifo_data);
 145:Drivers/ICP201xx/icp201xx_interface.c ****         if (!icp->use_spi) {
ARM GAS  C:\Users\Nathan\AppData\Local\Temp\cclLcQZi.s 			page 4


 146:Drivers/ICP201xx/icp201xx_interface.c ****             /* Perform dummy read to 0x00 register as last transaction after FIFO read for I2C inte
 147:Drivers/ICP201xx/icp201xx_interface.c ****             do {
 148:Drivers/ICP201xx/icp201xx_interface.c ****                 uint8_t dummy_reg = 0;
 149:Drivers/ICP201xx/icp201xx_interface.c ****                 icp201xx_i2c_read(&icp->icp_device, 0, &dummy_reg, 1);
 150:Drivers/ICP201xx/icp201xx_interface.c ****             } while(0);
 151:Drivers/ICP201xx/icp201xx_interface.c ****         }
 152:Drivers/ICP201xx/icp201xx_interface.c ****         
 153:Drivers/ICP201xx/icp201xx_interface.c ****         inv_icp201xx_process_raw_data(&icp->icp_device, 1, fifo_data, &data_press, &data_temp);
 154:Drivers/ICP201xx/icp201xx_interface.c ****         
 155:Drivers/ICP201xx/icp201xx_interface.c ****         /** P = (POUT/2^17)*40kPa + 70kPa **/
 156:Drivers/ICP201xx/icp201xx_interface.c ****         if (data_press & 0x080000)
 157:Drivers/ICP201xx/icp201xx_interface.c ****             data_press |= 0xFFF00000;
 158:Drivers/ICP201xx/icp201xx_interface.c ****         *pressure = ((float)(data_press) * 40 / 131072) + 70;
 159:Drivers/ICP201xx/icp201xx_interface.c ****         *pressure = roundf(*pressure * 1000.0f) / 1000.0f;
 160:Drivers/ICP201xx/icp201xx_interface.c **** 
 161:Drivers/ICP201xx/icp201xx_interface.c ****         /* T = (TOUT/2^18)*65C + 25C */
 162:Drivers/ICP201xx/icp201xx_interface.c ****         if (data_temp & 0x080000)
 163:Drivers/ICP201xx/icp201xx_interface.c ****             data_temp |= 0xFFF00000;
 164:Drivers/ICP201xx/icp201xx_interface.c ****         *temperature = ((float)(data_temp) * 65 / 262144) + 25;
 165:Drivers/ICP201xx/icp201xx_interface.c ****         *temperature = roundf(*temperature * 10.0f) / 10.0f;
 166:Drivers/ICP201xx/icp201xx_interface.c **** 
 167:Drivers/ICP201xx/icp201xx_interface.c ****         return 0;
 168:Drivers/ICP201xx/icp201xx_interface.c ****     }
 169:Drivers/ICP201xx/icp201xx_interface.c ****     return -1;
 170:Drivers/ICP201xx/icp201xx_interface.c **** }
 171:Drivers/ICP201xx/icp201xx_interface.c **** 
 172:Drivers/ICP201xx/icp201xx_interface.c **** static int icp201xx_i2c_write(void * ctx, uint8_t reg, const uint8_t * wbuffer, uint32_t wlen) {
  28              		.loc 1 172 96 view -0
  29              		.cfi_startproc
  30              		@ args = 0, pretend = 0, frame = 0
  31              		@ frame_needed = 0, uses_anonymous_args = 0
  32              		@ link register save eliminated.
 173:Drivers/ICP201xx/icp201xx_interface.c ****     (void)ctx;
  33              		.loc 1 173 5 view .LVU1
 174:Drivers/ICP201xx/icp201xx_interface.c ****     (void)reg;
  34              		.loc 1 174 5 view .LVU2
 175:Drivers/ICP201xx/icp201xx_interface.c ****     (void)wbuffer;
  35              		.loc 1 175 5 view .LVU3
 176:Drivers/ICP201xx/icp201xx_interface.c ****     (void)wlen;
  36              		.loc 1 176 5 view .LVU4
 177:Drivers/ICP201xx/icp201xx_interface.c ****     // TODO: Implement I2C write
 178:Drivers/ICP201xx/icp201xx_interface.c ****     return 0;
  37              		.loc 1 178 5 view .LVU5
 179:Drivers/ICP201xx/icp201xx_interface.c **** }
  38              		.loc 1 179 1 is_stmt 0 view .LVU6
  39 0000 0020     		movs	r0, #0
  40              	.LVL1:
  41              		.loc 1 179 1 view .LVU7
  42 0002 7047     		bx	lr
  43              		.cfi_endproc
  44              	.LFE154:
  46              		.section	.text.icp201xx_i2c_read,"ax",%progbits
  47              		.align	1
  48              		.syntax unified
  49              		.thumb
  50              		.thumb_func
  52              	icp201xx_i2c_read:
ARM GAS  C:\Users\Nathan\AppData\Local\Temp\cclLcQZi.s 			page 5


  53              	.LVL2:
  54              	.LFB155:
 180:Drivers/ICP201xx/icp201xx_interface.c **** 
 181:Drivers/ICP201xx/icp201xx_interface.c **** static int icp201xx_i2c_read(void * ctx, uint8_t reg, uint8_t * rbuffer, uint32_t rlen) {
  55              		.loc 1 181 89 is_stmt 1 view -0
  56              		.cfi_startproc
  57              		@ args = 0, pretend = 0, frame = 0
  58              		@ frame_needed = 0, uses_anonymous_args = 0
  59              		@ link register save eliminated.
 182:Drivers/ICP201xx/icp201xx_interface.c ****     (void)ctx;
  60              		.loc 1 182 5 view .LVU9
 183:Drivers/ICP201xx/icp201xx_interface.c ****     (void)reg;
  61              		.loc 1 183 5 view .LVU10
 184:Drivers/ICP201xx/icp201xx_interface.c ****     (void)rbuffer;
  62              		.loc 1 184 5 view .LVU11
 185:Drivers/ICP201xx/icp201xx_interface.c ****     (void)rlen;
  63              		.loc 1 185 5 view .LVU12
 186:Drivers/ICP201xx/icp201xx_interface.c ****     // TODO: Implement I2C read
 187:Drivers/ICP201xx/icp201xx_interface.c ****     return 0;
  64              		.loc 1 187 5 view .LVU13
 188:Drivers/ICP201xx/icp201xx_interface.c **** }
  65              		.loc 1 188 1 is_stmt 0 view .LVU14
  66 0000 0020     		movs	r0, #0
  67              	.LVL3:
  68              		.loc 1 188 1 view .LVU15
  69 0002 7047     		bx	lr
  70              		.cfi_endproc
  71              	.LFE155:
  73              		.section	.text.icp201xx_spi_write,"ax",%progbits
  74              		.align	1
  75              		.syntax unified
  76              		.thumb
  77              		.thumb_func
  79              	icp201xx_spi_write:
  80              	.LVL4:
  81              	.LFB156:
 189:Drivers/ICP201xx/icp201xx_interface.c **** 
 190:Drivers/ICP201xx/icp201xx_interface.c **** /*
 191:Drivers/ICP201xx/icp201xx_interface.c ****  * spi_write might be called for writing read or write accesses.
 192:Drivers/ICP201xx/icp201xx_interface.c ****  * First byte differenciate between those 0x33 => write, 0x3C => read
 193:Drivers/ICP201xx/icp201xx_interface.c ****  */
 194:Drivers/ICP201xx/icp201xx_interface.c **** static int icp201xx_spi_write(void * ctx, uint8_t reg, const uint8_t * wbuffer, uint32_t wlen) {
  82              		.loc 1 194 96 is_stmt 1 view -0
  83              		.cfi_startproc
  84              		@ args = 0, pretend = 0, frame = 8
  85              		@ frame_needed = 0, uses_anonymous_args = 0
  86              		.loc 1 194 96 is_stmt 0 view .LVU17
  87 0000 F0B5     		push	{r4, r5, r6, r7, lr}
  88              		.cfi_def_cfa_offset 20
  89              		.cfi_offset 4, -20
  90              		.cfi_offset 5, -16
  91              		.cfi_offset 6, -12
  92              		.cfi_offset 7, -8
  93              		.cfi_offset 14, -4
  94 0002 83B0     		sub	sp, sp, #12
  95              		.cfi_def_cfa_offset 32
  96 0004 0746     		mov	r7, r0
ARM GAS  C:\Users\Nathan\AppData\Local\Temp\cclLcQZi.s 			page 6


  97 0006 1646     		mov	r6, r2
  98 0008 1D46     		mov	r5, r3
 195:Drivers/ICP201xx/icp201xx_interface.c ****     (void)reg;
  99              		.loc 1 195 5 is_stmt 1 view .LVU18
 196:Drivers/ICP201xx/icp201xx_interface.c ****     ICP201xx_t* icp = (ICP201xx_t*)ctx;
 100              		.loc 1 196 5 view .LVU19
 101              	.LVL5:
 197:Drivers/ICP201xx/icp201xx_interface.c ****     
 198:Drivers/ICP201xx/icp201xx_interface.c ****     if(!icp->spi_in_transaction)
 102              		.loc 1 198 5 view .LVU20
 103              		.loc 1 198 12 is_stmt 0 view .LVU21
 104 000a 437F     		ldrb	r3, [r0, #29]	@ zero_extendqisi2
 105              	.LVL6:
 106              		.loc 1 198 7 view .LVU22
 107 000c 0BB1     		cbz	r3, .L11
 108              	.LBB2:
 199:Drivers/ICP201xx/icp201xx_interface.c ****     {
 200:Drivers/ICP201xx/icp201xx_interface.c ****         /* This is register address stage */
 201:Drivers/ICP201xx/icp201xx_interface.c ****         HAL_GPIO_WritePin(ICP_CS_GPIO_Port, ICP_CS_Pin, GPIO_PIN_RESET);
 202:Drivers/ICP201xx/icp201xx_interface.c ****         for(uint32_t i = 0; i < wlen; i++) {
 203:Drivers/ICP201xx/icp201xx_interface.c ****             uint8_t data = wbuffer[i];
 204:Drivers/ICP201xx/icp201xx_interface.c ****             HAL_SPI_Transmit(&hspi4, &data, 1, 1000);
 205:Drivers/ICP201xx/icp201xx_interface.c ****         }
 206:Drivers/ICP201xx/icp201xx_interface.c ****         icp->spi_in_transaction = 1;
 207:Drivers/ICP201xx/icp201xx_interface.c ****     } else {
 208:Drivers/ICP201xx/icp201xx_interface.c ****         // this is a data write => end the transaction
 209:Drivers/ICP201xx/icp201xx_interface.c ****         for(uint32_t i = 0; i < wlen; i++) {
 109              		.loc 1 209 22 view .LVU23
 110 000e 0024     		movs	r4, #0
 111 0010 23E0     		b	.L4
 112              	.L11:
 113              	.LBE2:
 201:Drivers/ICP201xx/icp201xx_interface.c ****         for(uint32_t i = 0; i < wlen; i++) {
 114              		.loc 1 201 9 is_stmt 1 view .LVU24
 115 0012 0022     		movs	r2, #0
 116              	.LVL7:
 201:Drivers/ICP201xx/icp201xx_interface.c ****         for(uint32_t i = 0; i < wlen; i++) {
 117              		.loc 1 201 9 is_stmt 0 view .LVU25
 118 0014 2021     		movs	r1, #32
 119              	.LVL8:
 201:Drivers/ICP201xx/icp201xx_interface.c ****         for(uint32_t i = 0; i < wlen; i++) {
 120              		.loc 1 201 9 view .LVU26
 121 0016 1748     		ldr	r0, .L12
 122              	.LVL9:
 201:Drivers/ICP201xx/icp201xx_interface.c ****         for(uint32_t i = 0; i < wlen; i++) {
 123              		.loc 1 201 9 view .LVU27
 124 0018 FFF7FEFF 		bl	HAL_GPIO_WritePin
 125              	.LVL10:
 202:Drivers/ICP201xx/icp201xx_interface.c ****             uint8_t data = wbuffer[i];
 126              		.loc 1 202 9 is_stmt 1 view .LVU28
 127              	.LBB4:
 202:Drivers/ICP201xx/icp201xx_interface.c ****             uint8_t data = wbuffer[i];
 128              		.loc 1 202 13 view .LVU29
 202:Drivers/ICP201xx/icp201xx_interface.c ****             uint8_t data = wbuffer[i];
 129              		.loc 1 202 22 is_stmt 0 view .LVU30
 130 001c 0024     		movs	r4, #0
 202:Drivers/ICP201xx/icp201xx_interface.c ****             uint8_t data = wbuffer[i];
ARM GAS  C:\Users\Nathan\AppData\Local\Temp\cclLcQZi.s 			page 7


 131              		.loc 1 202 9 view .LVU31
 132 001e 0BE0     		b	.L5
 133              	.LVL11:
 134              	.L6:
 135              	.LBB5:
 203:Drivers/ICP201xx/icp201xx_interface.c ****             HAL_SPI_Transmit(&hspi4, &data, 1, 1000);
 136              		.loc 1 203 13 is_stmt 1 view .LVU32
 203:Drivers/ICP201xx/icp201xx_interface.c ****             HAL_SPI_Transmit(&hspi4, &data, 1, 1000);
 137              		.loc 1 203 35 is_stmt 0 view .LVU33
 138 0020 335D     		ldrb	r3, [r6, r4]	@ zero_extendqisi2
 203:Drivers/ICP201xx/icp201xx_interface.c ****             HAL_SPI_Transmit(&hspi4, &data, 1, 1000);
 139              		.loc 1 203 21 view .LVU34
 140 0022 8DF80730 		strb	r3, [sp, #7]
 204:Drivers/ICP201xx/icp201xx_interface.c ****         }
 141              		.loc 1 204 13 is_stmt 1 view .LVU35
 142 0026 4FF47A73 		mov	r3, #1000
 143 002a 0122     		movs	r2, #1
 144 002c 0DF10701 		add	r1, sp, #7
 145 0030 1148     		ldr	r0, .L12+4
 146 0032 FFF7FEFF 		bl	HAL_SPI_Transmit
 147              	.LVL12:
 148              	.LBE5:
 202:Drivers/ICP201xx/icp201xx_interface.c ****             uint8_t data = wbuffer[i];
 149              		.loc 1 202 40 discriminator 3 view .LVU36
 150 0036 0134     		adds	r4, r4, #1
 151              	.LVL13:
 152              	.L5:
 202:Drivers/ICP201xx/icp201xx_interface.c ****             uint8_t data = wbuffer[i];
 153              		.loc 1 202 31 discriminator 1 view .LVU37
 154 0038 AC42     		cmp	r4, r5
 155 003a F1D3     		bcc	.L6
 156              	.LBE4:
 206:Drivers/ICP201xx/icp201xx_interface.c ****     } else {
 157              		.loc 1 206 9 view .LVU38
 206:Drivers/ICP201xx/icp201xx_interface.c ****     } else {
 158              		.loc 1 206 33 is_stmt 0 view .LVU39
 159 003c 0123     		movs	r3, #1
 160 003e 7B77     		strb	r3, [r7, #29]
 161 0040 14E0     		b	.L7
 162              	.LVL14:
 163              	.L8:
 164              	.LBB6:
 165              	.LBB3:
 210:Drivers/ICP201xx/icp201xx_interface.c ****             uint8_t data = wbuffer[i];
 166              		.loc 1 210 13 is_stmt 1 view .LVU40
 167              		.loc 1 210 35 is_stmt 0 view .LVU41
 168 0042 335D     		ldrb	r3, [r6, r4]	@ zero_extendqisi2
 169              		.loc 1 210 21 view .LVU42
 170 0044 8DF80730 		strb	r3, [sp, #7]
 211:Drivers/ICP201xx/icp201xx_interface.c ****             HAL_SPI_Transmit(&hspi4, &data, 1, 1000);
 171              		.loc 1 211 13 is_stmt 1 view .LVU43
 172 0048 4FF47A73 		mov	r3, #1000
 173 004c 0122     		movs	r2, #1
 174 004e 0DF10701 		add	r1, sp, #7
 175 0052 0948     		ldr	r0, .L12+4
 176 0054 FFF7FEFF 		bl	HAL_SPI_Transmit
 177              	.LVL15:
ARM GAS  C:\Users\Nathan\AppData\Local\Temp\cclLcQZi.s 			page 8


 178              	.LBE3:
 209:Drivers/ICP201xx/icp201xx_interface.c ****             uint8_t data = wbuffer[i];
 179              		.loc 1 209 40 discriminator 3 view .LVU44
 180 0058 0134     		adds	r4, r4, #1
 181              	.LVL16:
 182              	.L4:
 209:Drivers/ICP201xx/icp201xx_interface.c ****             uint8_t data = wbuffer[i];
 183              		.loc 1 209 31 discriminator 1 view .LVU45
 184 005a AC42     		cmp	r4, r5
 185 005c F1D3     		bcc	.L8
 186              	.LBE6:
 212:Drivers/ICP201xx/icp201xx_interface.c ****         }
 213:Drivers/ICP201xx/icp201xx_interface.c ****         HAL_GPIO_WritePin(ICP_CS_GPIO_Port, ICP_CS_Pin, GPIO_PIN_SET);
 187              		.loc 1 213 9 view .LVU46
 188 005e 0122     		movs	r2, #1
 189 0060 2021     		movs	r1, #32
 190 0062 0448     		ldr	r0, .L12
 191 0064 FFF7FEFF 		bl	HAL_GPIO_WritePin
 192              	.LVL17:
 214:Drivers/ICP201xx/icp201xx_interface.c ****         icp->spi_in_transaction = 0;
 193              		.loc 1 214 9 view .LVU47
 194              		.loc 1 214 33 is_stmt 0 view .LVU48
 195 0068 0023     		movs	r3, #0
 196 006a 7B77     		strb	r3, [r7, #29]
 197              	.LVL18:
 198              	.L7:
 215:Drivers/ICP201xx/icp201xx_interface.c ****     }
 216:Drivers/ICP201xx/icp201xx_interface.c ****     return 0;
 199              		.loc 1 216 5 is_stmt 1 view .LVU49
 217:Drivers/ICP201xx/icp201xx_interface.c **** }
 200              		.loc 1 217 1 is_stmt 0 view .LVU50
 201 006c 0020     		movs	r0, #0
 202 006e 03B0     		add	sp, sp, #12
 203              		.cfi_def_cfa_offset 20
 204              		@ sp needed
 205 0070 F0BD     		pop	{r4, r5, r6, r7, pc}
 206              	.LVL19:
 207              	.L13:
 208              		.loc 1 217 1 view .LVU51
 209 0072 00BF     		.align	2
 210              	.L12:
 211 0074 000C0258 		.word	1476529152
 212 0078 00000000 		.word	hspi4
 213              		.cfi_endproc
 214              	.LFE156:
 216              		.section	.text.icp201xx_spi_read,"ax",%progbits
 217              		.align	1
 218              		.syntax unified
 219              		.thumb
 220              		.thumb_func
 222              	icp201xx_spi_read:
 223              	.LVL20:
 224              	.LFB157:
 218:Drivers/ICP201xx/icp201xx_interface.c **** 
 219:Drivers/ICP201xx/icp201xx_interface.c **** static int icp201xx_spi_read(void * ctx, uint8_t reg, uint8_t * rbuffer, uint32_t rlen) {
 225              		.loc 1 219 89 is_stmt 1 view -0
 226              		.cfi_startproc
ARM GAS  C:\Users\Nathan\AppData\Local\Temp\cclLcQZi.s 			page 9


 227              		@ args = 0, pretend = 0, frame = 0
 228              		@ frame_needed = 0, uses_anonymous_args = 0
 229              		.loc 1 219 89 is_stmt 0 view .LVU53
 230 0000 F8B5     		push	{r3, r4, r5, r6, r7, lr}
 231              		.cfi_def_cfa_offset 24
 232              		.cfi_offset 3, -24
 233              		.cfi_offset 4, -20
 234              		.cfi_offset 5, -16
 235              		.cfi_offset 6, -12
 236              		.cfi_offset 7, -8
 237              		.cfi_offset 14, -4
 238 0002 0746     		mov	r7, r0
 239 0004 1646     		mov	r6, r2
 240 0006 1D46     		mov	r5, r3
 220:Drivers/ICP201xx/icp201xx_interface.c ****     (void)reg;
 241              		.loc 1 220 5 is_stmt 1 view .LVU54
 221:Drivers/ICP201xx/icp201xx_interface.c ****     ICP201xx_t* icp = (ICP201xx_t*)ctx;
 242              		.loc 1 221 5 view .LVU55
 243              	.LVL21:
 222:Drivers/ICP201xx/icp201xx_interface.c ****     
 223:Drivers/ICP201xx/icp201xx_interface.c ****     // Read is always started by a write (0x3C command), but ensure CS is LOW
 224:Drivers/ICP201xx/icp201xx_interface.c ****     if(!icp->spi_in_transaction) {
 244              		.loc 1 224 5 view .LVU56
 245              		.loc 1 224 12 is_stmt 0 view .LVU57
 246 0008 437F     		ldrb	r3, [r0, #29]	@ zero_extendqisi2
 247              	.LVL22:
 248              		.loc 1 224 7 view .LVU58
 249 000a 0BB1     		cbz	r3, .L19
 250              	.LVL23:
 251              	.L15:
 219:Drivers/ICP201xx/icp201xx_interface.c ****     (void)reg;
 252              		.loc 1 219 89 view .LVU59
 253 000c 0024     		movs	r4, #0
 254 000e 0DE0     		b	.L16
 255              	.LVL24:
 256              	.L19:
 225:Drivers/ICP201xx/icp201xx_interface.c ****         HAL_GPIO_WritePin(ICP_CS_GPIO_Port, ICP_CS_Pin, GPIO_PIN_RESET);
 257              		.loc 1 225 9 is_stmt 1 view .LVU60
 258 0010 0022     		movs	r2, #0
 259              	.LVL25:
 260              		.loc 1 225 9 is_stmt 0 view .LVU61
 261 0012 2021     		movs	r1, #32
 262              	.LVL26:
 263              		.loc 1 225 9 view .LVU62
 264 0014 0A48     		ldr	r0, .L20
 265              	.LVL27:
 266              		.loc 1 225 9 view .LVU63
 267 0016 FFF7FEFF 		bl	HAL_GPIO_WritePin
 268              	.LVL28:
 269 001a F7E7     		b	.L15
 270              	.LVL29:
 271              	.L17:
 272              	.LBB7:
 226:Drivers/ICP201xx/icp201xx_interface.c ****     }
 227:Drivers/ICP201xx/icp201xx_interface.c ****     
 228:Drivers/ICP201xx/icp201xx_interface.c ****     for(uint32_t i = 0; i < rlen; i++) {
 229:Drivers/ICP201xx/icp201xx_interface.c ****         HAL_SPI_Receive(&hspi4, &rbuffer[i], 1, 1000);
ARM GAS  C:\Users\Nathan\AppData\Local\Temp\cclLcQZi.s 			page 10


 273              		.loc 1 229 9 is_stmt 1 view .LVU64
 274 001c 4FF47A73 		mov	r3, #1000
 275 0020 0122     		movs	r2, #1
 276 0022 3119     		adds	r1, r6, r4
 277 0024 0748     		ldr	r0, .L20+4
 278 0026 FFF7FEFF 		bl	HAL_SPI_Receive
 279              	.LVL30:
 228:Drivers/ICP201xx/icp201xx_interface.c ****         HAL_SPI_Receive(&hspi4, &rbuffer[i], 1, 1000);
 280              		.loc 1 228 36 discriminator 3 view .LVU65
 281 002a 0134     		adds	r4, r4, #1
 282              	.LVL31:
 283              	.L16:
 228:Drivers/ICP201xx/icp201xx_interface.c ****         HAL_SPI_Receive(&hspi4, &rbuffer[i], 1, 1000);
 284              		.loc 1 228 27 discriminator 1 view .LVU66
 285 002c AC42     		cmp	r4, r5
 286 002e F5D3     		bcc	.L17
 287              	.LBE7:
 230:Drivers/ICP201xx/icp201xx_interface.c ****     }
 231:Drivers/ICP201xx/icp201xx_interface.c ****     HAL_GPIO_WritePin(ICP_CS_GPIO_Port, ICP_CS_Pin, GPIO_PIN_SET);
 288              		.loc 1 231 5 view .LVU67
 289 0030 0122     		movs	r2, #1
 290 0032 2021     		movs	r1, #32
 291 0034 0248     		ldr	r0, .L20
 292 0036 FFF7FEFF 		bl	HAL_GPIO_WritePin
 293              	.LVL32:
 232:Drivers/ICP201xx/icp201xx_interface.c ****     icp->spi_in_transaction = 0;
 294              		.loc 1 232 5 view .LVU68
 295              		.loc 1 232 29 is_stmt 0 view .LVU69
 296 003a 0020     		movs	r0, #0
 297 003c 7877     		strb	r0, [r7, #29]
 233:Drivers/ICP201xx/icp201xx_interface.c ****     return 0;
 298              		.loc 1 233 5 is_stmt 1 view .LVU70
 234:Drivers/ICP201xx/icp201xx_interface.c **** }
 299              		.loc 1 234 1 is_stmt 0 view .LVU71
 300 003e F8BD     		pop	{r3, r4, r5, r6, r7, pc}
 301              	.LVL33:
 302              	.L21:
 303              		.loc 1 234 1 view .LVU72
 304              		.align	2
 305              	.L20:
 306 0040 000C0258 		.word	1476529152
 307 0044 00000000 		.word	hspi4
 308              		.cfi_endproc
 309              	.LFE157:
 311              		.section	.text.ICP201xx_init_i2c,"ax",%progbits
 312              		.align	1
 313              		.global	ICP201xx_init_i2c
 314              		.syntax unified
 315              		.thumb
 316              		.thumb_func
 318              	ICP201xx_init_i2c:
 319              	.LVL34:
 320              	.LFB148:
  51:Drivers/ICP201xx/icp201xx_interface.c ****     icp->i2c_address = ICP201XX_I2C_ADDRESS + (lsb ? 0x1 : 0);
 321              		.loc 1 51 54 is_stmt 1 view -0
 322              		.cfi_startproc
 323              		@ args = 0, pretend = 0, frame = 0
ARM GAS  C:\Users\Nathan\AppData\Local\Temp\cclLcQZi.s 			page 11


 324              		@ frame_needed = 0, uses_anonymous_args = 0
 325              		@ link register save eliminated.
  52:Drivers/ICP201xx/icp201xx_interface.c ****     icp->use_spi = 0;
 326              		.loc 1 52 5 view .LVU74
  52:Drivers/ICP201xx/icp201xx_interface.c ****     icp->use_spi = 0;
 327              		.loc 1 52 22 is_stmt 0 view .LVU75
 328 0000 29B1     		cbz	r1, .L24
  52:Drivers/ICP201xx/icp201xx_interface.c ****     icp->use_spi = 0;
 329              		.loc 1 52 22 discriminator 1 view .LVU76
 330 0002 6423     		movs	r3, #100
 331              	.L23:
  52:Drivers/ICP201xx/icp201xx_interface.c ****     icp->use_spi = 0;
 332              		.loc 1 52 22 discriminator 4 view .LVU77
 333 0004 0377     		strb	r3, [r0, #28]
  53:Drivers/ICP201xx/icp201xx_interface.c ****     icp->spi_in_transaction = 0;
 334              		.loc 1 53 5 is_stmt 1 view .LVU78
  53:Drivers/ICP201xx/icp201xx_interface.c ****     icp->spi_in_transaction = 0;
 335              		.loc 1 53 18 is_stmt 0 view .LVU79
 336 0006 0023     		movs	r3, #0
 337 0008 8377     		strb	r3, [r0, #30]
  54:Drivers/ICP201xx/icp201xx_interface.c **** }
 338              		.loc 1 54 5 is_stmt 1 view .LVU80
  54:Drivers/ICP201xx/icp201xx_interface.c **** }
 339              		.loc 1 54 29 is_stmt 0 view .LVU81
 340 000a 4377     		strb	r3, [r0, #29]
  55:Drivers/ICP201xx/icp201xx_interface.c **** 
 341              		.loc 1 55 1 view .LVU82
 342 000c 7047     		bx	lr
 343              	.L24:
  52:Drivers/ICP201xx/icp201xx_interface.c ****     icp->use_spi = 0;
 344              		.loc 1 52 22 discriminator 2 view .LVU83
 345 000e 6323     		movs	r3, #99
 346 0010 F8E7     		b	.L23
 347              		.cfi_endproc
 348              	.LFE148:
 350              		.section	.text.ICP201xx_init_spi,"ax",%progbits
 351              		.align	1
 352              		.global	ICP201xx_init_spi
 353              		.syntax unified
 354              		.thumb
 355              		.thumb_func
 357              	ICP201xx_init_spi:
 358              	.LVL35:
 359              	.LFB149:
  58:Drivers/ICP201xx/icp201xx_interface.c ****     icp->use_spi = 1;
 360              		.loc 1 58 41 is_stmt 1 view -0
 361              		.cfi_startproc
 362              		@ args = 0, pretend = 0, frame = 0
 363              		@ frame_needed = 0, uses_anonymous_args = 0
 364              		@ link register save eliminated.
  59:Drivers/ICP201xx/icp201xx_interface.c ****     icp->spi_in_transaction = 0;
 365              		.loc 1 59 5 view .LVU85
  59:Drivers/ICP201xx/icp201xx_interface.c ****     icp->spi_in_transaction = 0;
 366              		.loc 1 59 18 is_stmt 0 view .LVU86
 367 0000 0123     		movs	r3, #1
 368 0002 8377     		strb	r3, [r0, #30]
  60:Drivers/ICP201xx/icp201xx_interface.c ****     icp->i2c_address = 0;
ARM GAS  C:\Users\Nathan\AppData\Local\Temp\cclLcQZi.s 			page 12


 369              		.loc 1 60 5 is_stmt 1 view .LVU87
  60:Drivers/ICP201xx/icp201xx_interface.c ****     icp->i2c_address = 0;
 370              		.loc 1 60 29 is_stmt 0 view .LVU88
 371 0004 0023     		movs	r3, #0
 372 0006 4377     		strb	r3, [r0, #29]
  61:Drivers/ICP201xx/icp201xx_interface.c **** }
 373              		.loc 1 61 5 is_stmt 1 view .LVU89
  61:Drivers/ICP201xx/icp201xx_interface.c **** }
 374              		.loc 1 61 22 is_stmt 0 view .LVU90
 375 0008 0377     		strb	r3, [r0, #28]
  62:Drivers/ICP201xx/icp201xx_interface.c **** 
 376              		.loc 1 62 1 view .LVU91
 377 000a 7047     		bx	lr
 378              		.cfi_endproc
 379              	.LFE149:
 381              		.section	.text.ICP201xx_begin,"ax",%progbits
 382              		.align	1
 383              		.global	ICP201xx_begin
 384              		.syntax unified
 385              		.thumb
 386              		.thumb_func
 388              	ICP201xx_begin:
 389              	.LVL36:
 390              	.LFB150:
  65:Drivers/ICP201xx/icp201xx_interface.c ****     inv_icp201xx_serif_t icp_serif;
 391              		.loc 1 65 37 is_stmt 1 view -0
 392              		.cfi_startproc
 393              		@ args = 0, pretend = 0, frame = 32
 394              		@ frame_needed = 0, uses_anonymous_args = 0
  65:Drivers/ICP201xx/icp201xx_interface.c ****     inv_icp201xx_serif_t icp_serif;
 395              		.loc 1 65 37 is_stmt 0 view .LVU93
 396 0000 10B5     		push	{r4, lr}
 397              		.cfi_def_cfa_offset 8
 398              		.cfi_offset 4, -8
 399              		.cfi_offset 14, -4
 400 0002 88B0     		sub	sp, sp, #32
 401              		.cfi_def_cfa_offset 40
 402 0004 0446     		mov	r4, r0
  66:Drivers/ICP201xx/icp201xx_interface.c ****     int rc = 0;
 403              		.loc 1 66 5 is_stmt 1 view .LVU94
  67:Drivers/ICP201xx/icp201xx_interface.c ****     uint8_t who_am_i;
 404              		.loc 1 67 5 view .LVU95
 405              	.LVL37:
  68:Drivers/ICP201xx/icp201xx_interface.c ****     uint8_t icp_version;
 406              		.loc 1 68 5 view .LVU96
  69:Drivers/ICP201xx/icp201xx_interface.c **** 
 407              		.loc 1 69 5 view .LVU97
  71:Drivers/ICP201xx/icp201xx_interface.c ****         // I2C mode
 408              		.loc 1 71 5 view .LVU98
  71:Drivers/ICP201xx/icp201xx_interface.c ****         // I2C mode
 409              		.loc 1 71 13 is_stmt 0 view .LVU99
 410 0006 837F     		ldrb	r3, [r0, #30]	@ zero_extendqisi2
  71:Drivers/ICP201xx/icp201xx_interface.c ****         // I2C mode
 411              		.loc 1 71 8 view .LVU100
 412 0008 9BB9     		cbnz	r3, .L27
  73:Drivers/ICP201xx/icp201xx_interface.c ****         icp_serif.read_reg  = icp201xx_i2c_read;
 413              		.loc 1 73 9 is_stmt 1 view .LVU101
ARM GAS  C:\Users\Nathan\AppData\Local\Temp\cclLcQZi.s 			page 13


  73:Drivers/ICP201xx/icp201xx_interface.c ****         icp_serif.read_reg  = icp201xx_i2c_read;
 414              		.loc 1 73 27 is_stmt 0 view .LVU102
 415 000a 8DF81C30 		strb	r3, [sp, #28]
  74:Drivers/ICP201xx/icp201xx_interface.c ****         icp_serif.write_reg = icp201xx_i2c_write;
 416              		.loc 1 74 9 is_stmt 1 view .LVU103
  74:Drivers/ICP201xx/icp201xx_interface.c ****         icp_serif.write_reg = icp201xx_i2c_write;
 417              		.loc 1 74 29 is_stmt 0 view .LVU104
 418 000e 1E4B     		ldr	r3, .L34
 419 0010 0393     		str	r3, [sp, #12]
  75:Drivers/ICP201xx/icp201xx_interface.c ****     } else {
 420              		.loc 1 75 9 is_stmt 1 view .LVU105
  75:Drivers/ICP201xx/icp201xx_interface.c ****     } else {
 421              		.loc 1 75 29 is_stmt 0 view .LVU106
 422 0012 1E4B     		ldr	r3, .L34+4
 423 0014 0493     		str	r3, [sp, #16]
 424              	.LVL38:
 425              	.L28:
  85:Drivers/ICP201xx/icp201xx_interface.c ****     icp_serif.max_read  = 2048; /* maximum number of bytes allowed per serial read */
 426              		.loc 1 85 5 is_stmt 1 view .LVU107
  85:Drivers/ICP201xx/icp201xx_interface.c ****     icp_serif.max_read  = 2048; /* maximum number of bytes allowed per serial read */
 427              		.loc 1 85 25 is_stmt 0 view .LVU108
 428 0016 0294     		str	r4, [sp, #8]
  86:Drivers/ICP201xx/icp201xx_interface.c ****     icp_serif.max_write = 2048; /* maximum number of bytes allowed per serial write */
 429              		.loc 1 86 5 is_stmt 1 view .LVU109
  86:Drivers/ICP201xx/icp201xx_interface.c ****     icp_serif.max_write = 2048; /* maximum number of bytes allowed per serial write */
 430              		.loc 1 86 25 is_stmt 0 view .LVU110
 431 0018 4FF40063 		mov	r3, #2048
 432 001c 0593     		str	r3, [sp, #20]
  87:Drivers/ICP201xx/icp201xx_interface.c ****     
 433              		.loc 1 87 5 is_stmt 1 view .LVU111
  87:Drivers/ICP201xx/icp201xx_interface.c ****     
 434              		.loc 1 87 25 is_stmt 0 view .LVU112
 435 001e 0693     		str	r3, [sp, #24]
  89:Drivers/ICP201xx/icp201xx_interface.c ****     if (rc != INV_ERROR_SUCCESS) {
 436              		.loc 1 89 5 is_stmt 1 view .LVU113
  89:Drivers/ICP201xx/icp201xx_interface.c ****     if (rc != INV_ERROR_SUCCESS) {
 437              		.loc 1 89 10 is_stmt 0 view .LVU114
 438 0020 02A9     		add	r1, sp, #8
 439 0022 2046     		mov	r0, r4
 440 0024 FFF7FEFF 		bl	inv_icp201xx_init
 441              	.LVL39:
  90:Drivers/ICP201xx/icp201xx_interface.c ****         return rc;
 442              		.loc 1 90 5 is_stmt 1 view .LVU115
  90:Drivers/ICP201xx/icp201xx_interface.c ****         return rc;
 443              		.loc 1 90 8 is_stmt 0 view .LVU116
 444 0028 0346     		mov	r3, r0
 445 002a 78B1     		cbz	r0, .L33
 446              	.L26:
 116:Drivers/ICP201xx/icp201xx_interface.c **** 
 447              		.loc 1 116 1 view .LVU117
 448 002c 1846     		mov	r0, r3
 449              	.LVL40:
 116:Drivers/ICP201xx/icp201xx_interface.c **** 
 450              		.loc 1 116 1 view .LVU118
 451 002e 08B0     		add	sp, sp, #32
 452              		.cfi_remember_state
 453              		.cfi_def_cfa_offset 8
ARM GAS  C:\Users\Nathan\AppData\Local\Temp\cclLcQZi.s 			page 14


 454              		@ sp needed
 455 0030 10BD     		pop	{r4, pc}
 456              	.LVL41:
 457              	.L27:
 458              		.cfi_restore_state
  78:Drivers/ICP201xx/icp201xx_interface.c ****         icp_serif.if_mode = ICP201XX_IF_4_WIRE_SPI;
 459              		.loc 1 78 9 is_stmt 1 view .LVU119
 460 0032 0122     		movs	r2, #1
 461 0034 2021     		movs	r1, #32
 462 0036 1648     		ldr	r0, .L34+8
 463              	.LVL42:
  78:Drivers/ICP201xx/icp201xx_interface.c ****         icp_serif.if_mode = ICP201XX_IF_4_WIRE_SPI;
 464              		.loc 1 78 9 is_stmt 0 view .LVU120
 465 0038 FFF7FEFF 		bl	HAL_GPIO_WritePin
 466              	.LVL43:
  79:Drivers/ICP201xx/icp201xx_interface.c ****         icp_serif.read_reg  = icp201xx_spi_read;
 467              		.loc 1 79 9 is_stmt 1 view .LVU121
  79:Drivers/ICP201xx/icp201xx_interface.c ****         icp_serif.read_reg  = icp201xx_spi_read;
 468              		.loc 1 79 27 is_stmt 0 view .LVU122
 469 003c 0323     		movs	r3, #3
 470 003e 8DF81C30 		strb	r3, [sp, #28]
  80:Drivers/ICP201xx/icp201xx_interface.c ****         icp_serif.write_reg = icp201xx_spi_write;
 471              		.loc 1 80 9 is_stmt 1 view .LVU123
  80:Drivers/ICP201xx/icp201xx_interface.c ****         icp_serif.write_reg = icp201xx_spi_write;
 472              		.loc 1 80 29 is_stmt 0 view .LVU124
 473 0042 144B     		ldr	r3, .L34+12
 474 0044 0393     		str	r3, [sp, #12]
  81:Drivers/ICP201xx/icp201xx_interface.c ****     }
 475              		.loc 1 81 9 is_stmt 1 view .LVU125
  81:Drivers/ICP201xx/icp201xx_interface.c ****     }
 476              		.loc 1 81 29 is_stmt 0 view .LVU126
 477 0046 144B     		ldr	r3, .L34+16
 478 0048 0493     		str	r3, [sp, #16]
 479 004a E4E7     		b	.L28
 480              	.LVL44:
 481              	.L33:
  94:Drivers/ICP201xx/icp201xx_interface.c ****     if (rc != INV_ERROR_SUCCESS) {
 482              		.loc 1 94 5 is_stmt 1 view .LVU127
  94:Drivers/ICP201xx/icp201xx_interface.c ****     if (rc != INV_ERROR_SUCCESS) {
 483              		.loc 1 94 10 is_stmt 0 view .LVU128
 484 004c 2046     		mov	r0, r4
 485              	.LVL45:
  94:Drivers/ICP201xx/icp201xx_interface.c ****     if (rc != INV_ERROR_SUCCESS) {
 486              		.loc 1 94 10 view .LVU129
 487 004e FFF7FEFF 		bl	inv_icp201xx_soft_reset
 488              	.LVL46:
  95:Drivers/ICP201xx/icp201xx_interface.c ****         return rc;
 489              		.loc 1 95 5 is_stmt 1 view .LVU130
  95:Drivers/ICP201xx/icp201xx_interface.c ****         return rc;
 490              		.loc 1 95 8 is_stmt 0 view .LVU131
 491 0052 0346     		mov	r3, r0
 492 0054 0028     		cmp	r0, #0
 493 0056 E9D1     		bne	.L26
 100:Drivers/ICP201xx/icp201xx_interface.c ****     if(rc != 0) {
 494              		.loc 1 100 5 is_stmt 1 view .LVU132
 100:Drivers/ICP201xx/icp201xx_interface.c ****     if(rc != 0) {
 495              		.loc 1 100 10 is_stmt 0 view .LVU133
ARM GAS  C:\Users\Nathan\AppData\Local\Temp\cclLcQZi.s 			page 15


 496 0058 0DF10602 		add	r2, sp, #6
 497 005c 0DF10701 		add	r1, sp, #7
 498 0060 2046     		mov	r0, r4
 499              	.LVL47:
 100:Drivers/ICP201xx/icp201xx_interface.c ****     if(rc != 0) {
 500              		.loc 1 100 10 view .LVU134
 501 0062 FFF7FEFF 		bl	inv_icp201xx_get_devid_version
 502              	.LVL48:
 101:Drivers/ICP201xx/icp201xx_interface.c ****         return -2;
 503              		.loc 1 101 5 is_stmt 1 view .LVU135
 101:Drivers/ICP201xx/icp201xx_interface.c ****         return -2;
 504              		.loc 1 101 7 is_stmt 0 view .LVU136
 505 0066 40B9     		cbnz	r0, .L30
 104:Drivers/ICP201xx/icp201xx_interface.c ****         return -3;
 506              		.loc 1 104 5 is_stmt 1 view .LVU137
 104:Drivers/ICP201xx/icp201xx_interface.c ****         return -3;
 507              		.loc 1 104 18 is_stmt 0 view .LVU138
 508 0068 9DF80730 		ldrb	r3, [sp, #7]	@ zero_extendqisi2
 104:Drivers/ICP201xx/icp201xx_interface.c ****         return -3;
 509              		.loc 1 104 8 view .LVU139
 510 006c 632B     		cmp	r3, #99
 511 006e 07D1     		bne	.L31
 109:Drivers/ICP201xx/icp201xx_interface.c ****     if(rc != 0) {
 512              		.loc 1 109 5 is_stmt 1 view .LVU140
 109:Drivers/ICP201xx/icp201xx_interface.c ****     if(rc != 0) {
 513              		.loc 1 109 10 is_stmt 0 view .LVU141
 514 0070 2046     		mov	r0, r4
 515              	.LVL49:
 109:Drivers/ICP201xx/icp201xx_interface.c ****     if(rc != 0) {
 516              		.loc 1 109 10 view .LVU142
 517 0072 FFF7FEFF 		bl	inv_icp201xx_OTP_bootup_cfg
 518              	.LVL50:
 519 0076 0346     		mov	r3, r0
 520              	.LVL51:
 110:Drivers/ICP201xx/icp201xx_interface.c ****         return rc;
 521              		.loc 1 110 5 is_stmt 1 view .LVU143
 522 0078 D8E7     		b	.L26
 523              	.L30:
 102:Drivers/ICP201xx/icp201xx_interface.c ****     }
 524              		.loc 1 102 16 is_stmt 0 view .LVU144
 525 007a 6FF00103 		mvn	r3, #1
 526 007e D5E7     		b	.L26
 527              	.L31:
 105:Drivers/ICP201xx/icp201xx_interface.c ****     }
 528              		.loc 1 105 16 view .LVU145
 529 0080 6FF00203 		mvn	r3, #2
 530 0084 D2E7     		b	.L26
 531              	.L35:
 532 0086 00BF     		.align	2
 533              	.L34:
 534 0088 00000000 		.word	icp201xx_i2c_read
 535 008c 00000000 		.word	icp201xx_i2c_write
 536 0090 000C0258 		.word	1476529152
 537 0094 00000000 		.word	icp201xx_spi_read
 538 0098 00000000 		.word	icp201xx_spi_write
 539              		.cfi_endproc
 540              	.LFE150:
ARM GAS  C:\Users\Nathan\AppData\Local\Temp\cclLcQZi.s 			page 16


 542              		.section	.text.ICP201xx_getData,"ax",%progbits
 543              		.align	1
 544              		.global	ICP201xx_getData
 545              		.syntax unified
 546              		.thumb
 547              		.thumb_func
 549              	ICP201xx_getData:
 550              	.LVL52:
 551              	.LFB153:
 133:Drivers/ICP201xx/icp201xx_interface.c ****     uint8_t fifo_packets;
 552              		.loc 1 133 76 is_stmt 1 view -0
 553              		.cfi_startproc
 554              		@ args = 0, pretend = 0, frame = 16
 555              		@ frame_needed = 0, uses_anonymous_args = 0
 133:Drivers/ICP201xx/icp201xx_interface.c ****     uint8_t fifo_packets;
 556              		.loc 1 133 76 is_stmt 0 view .LVU147
 557 0000 2DE9F041 		push	{r4, r5, r6, r7, r8, lr}
 558              		.cfi_def_cfa_offset 24
 559              		.cfi_offset 4, -24
 560              		.cfi_offset 5, -20
 561              		.cfi_offset 6, -16
 562              		.cfi_offset 7, -12
 563              		.cfi_offset 8, -8
 564              		.cfi_offset 14, -4
 565 0004 86B0     		sub	sp, sp, #24
 566              		.cfi_def_cfa_offset 48
 567 0006 8046     		mov	r8, r0
 568 0008 0F46     		mov	r7, r1
 569 000a 1446     		mov	r4, r2
 134:Drivers/ICP201xx/icp201xx_interface.c ****     uint8_t fifo_data[6];
 570              		.loc 1 134 5 is_stmt 1 view .LVU148
 135:Drivers/ICP201xx/icp201xx_interface.c ****     int32_t data_press, data_temp;
 571              		.loc 1 135 5 view .LVU149
 136:Drivers/ICP201xx/icp201xx_interface.c ****     
 572              		.loc 1 136 5 view .LVU150
 139:Drivers/ICP201xx/icp201xx_interface.c ****         return -2;
 573              		.loc 1 139 5 view .LVU151
 139:Drivers/ICP201xx/icp201xx_interface.c ****         return -2;
 574              		.loc 1 139 9 is_stmt 0 view .LVU152
 575 000c 0DF11701 		add	r1, sp, #23
 576              	.LVL53:
 139:Drivers/ICP201xx/icp201xx_interface.c ****         return -2;
 577              		.loc 1 139 9 view .LVU153
 578 0010 FFF7FEFF 		bl	inv_icp201xx_get_fifo_count
 579              	.LVL54:
 139:Drivers/ICP201xx/icp201xx_interface.c ****         return -2;
 580              		.loc 1 139 8 discriminator 1 view .LVU154
 581 0014 0028     		cmp	r0, #0
 582 0016 5CD1     		bne	.L40
 583 0018 0646     		mov	r6, r0
 142:Drivers/ICP201xx/icp201xx_interface.c ****     {
 584              		.loc 1 142 5 is_stmt 1 view .LVU155
 142:Drivers/ICP201xx/icp201xx_interface.c ****     {
 585              		.loc 1 142 9 is_stmt 0 view .LVU156
 586 001a 9DF81730 		ldrb	r3, [sp, #23]	@ zero_extendqisi2
 142:Drivers/ICP201xx/icp201xx_interface.c ****     {
 587              		.loc 1 142 8 view .LVU157
ARM GAS  C:\Users\Nathan\AppData\Local\Temp\cclLcQZi.s 			page 17


 588 001e 002B     		cmp	r3, #0
 589 0020 5AD0     		beq	.L41
 144:Drivers/ICP201xx/icp201xx_interface.c ****         if (!icp->use_spi) {
 590              		.loc 1 144 9 is_stmt 1 view .LVU158
 591 0022 04AD     		add	r5, sp, #16
 592 0024 2A46     		mov	r2, r5
 593 0026 0121     		movs	r1, #1
 594 0028 4046     		mov	r0, r8
 595 002a FFF7FEFF 		bl	inv_icp201xx_get_fifo_data
 596              	.LVL55:
 145:Drivers/ICP201xx/icp201xx_interface.c ****             /* Perform dummy read to 0x00 register as last transaction after FIFO read for I2C inte
 597              		.loc 1 145 9 view .LVU159
 147:Drivers/ICP201xx/icp201xx_interface.c ****                 uint8_t dummy_reg = 0;
 598              		.loc 1 147 13 view .LVU160
 148:Drivers/ICP201xx/icp201xx_interface.c ****                 icp201xx_i2c_read(&icp->icp_device, 0, &dummy_reg, 1);
 599              		.loc 1 148 17 view .LVU161
 149:Drivers/ICP201xx/icp201xx_interface.c ****             } while(0);
 600              		.loc 1 149 17 view .LVU162
 147:Drivers/ICP201xx/icp201xx_interface.c ****                 uint8_t dummy_reg = 0;
 601              		.loc 1 147 16 view .LVU163
 153:Drivers/ICP201xx/icp201xx_interface.c ****         
 602              		.loc 1 153 9 view .LVU164
 603 002e 02AB     		add	r3, sp, #8
 604 0030 0093     		str	r3, [sp]
 605 0032 03AB     		add	r3, sp, #12
 606 0034 2A46     		mov	r2, r5
 607 0036 0121     		movs	r1, #1
 608 0038 4046     		mov	r0, r8
 609 003a FFF7FEFF 		bl	inv_icp201xx_process_raw_data
 610              	.LVL56:
 156:Drivers/ICP201xx/icp201xx_interface.c ****             data_press |= 0xFFF00000;
 611              		.loc 1 156 9 view .LVU165
 156:Drivers/ICP201xx/icp201xx_interface.c ****             data_press |= 0xFFF00000;
 612              		.loc 1 156 24 is_stmt 0 view .LVU166
 613 003e 039B     		ldr	r3, [sp, #12]
 156:Drivers/ICP201xx/icp201xx_interface.c ****             data_press |= 0xFFF00000;
 614              		.loc 1 156 12 view .LVU167
 615 0040 13F4002F 		tst	r3, #524288
 616 0044 02D0     		beq	.L38
 157:Drivers/ICP201xx/icp201xx_interface.c ****         *pressure = ((float)(data_press) * 40 / 131072) + 70;
 617              		.loc 1 157 13 is_stmt 1 view .LVU168
 157:Drivers/ICP201xx/icp201xx_interface.c ****         *pressure = ((float)(data_press) * 40 / 131072) + 70;
 618              		.loc 1 157 24 is_stmt 0 view .LVU169
 619 0046 264A     		ldr	r2, .L43
 620 0048 1A43     		orrs	r2, r2, r3
 621 004a 0392     		str	r2, [sp, #12]
 622              	.L38:
 158:Drivers/ICP201xx/icp201xx_interface.c ****         *pressure = roundf(*pressure * 1000.0f) / 1000.0f;
 623              		.loc 1 158 9 is_stmt 1 view .LVU170
 158:Drivers/ICP201xx/icp201xx_interface.c ****         *pressure = roundf(*pressure * 1000.0f) / 1000.0f;
 624              		.loc 1 158 22 is_stmt 0 view .LVU171
 625 004c DDED037A 		vldr.32	s15, [sp, #12]	@ int
 626 0050 F8EEE77A 		vcvt.f32.s32	s15, s15
 158:Drivers/ICP201xx/icp201xx_interface.c ****         *pressure = roundf(*pressure * 1000.0f) / 1000.0f;
 627              		.loc 1 158 42 view .LVU172
 628 0054 9FED237A 		vldr.32	s14, .L43+4
 629 0058 67EE877A 		vmul.f32	s15, s15, s14
ARM GAS  C:\Users\Nathan\AppData\Local\Temp\cclLcQZi.s 			page 18


 158:Drivers/ICP201xx/icp201xx_interface.c ****         *pressure = roundf(*pressure * 1000.0f) / 1000.0f;
 630              		.loc 1 158 47 view .LVU173
 631 005c 9FED227A 		vldr.32	s14, .L43+8
 632 0060 67EE877A 		vmul.f32	s15, s15, s14
 158:Drivers/ICP201xx/icp201xx_interface.c ****         *pressure = roundf(*pressure * 1000.0f) / 1000.0f;
 633              		.loc 1 158 57 view .LVU174
 634 0064 9FED217A 		vldr.32	s14, .L43+12
 635 0068 77EE877A 		vadd.f32	s15, s15, s14
 158:Drivers/ICP201xx/icp201xx_interface.c ****         *pressure = roundf(*pressure * 1000.0f) / 1000.0f;
 636              		.loc 1 158 19 view .LVU175
 637 006c C7ED007A 		vstr.32	s15, [r7]
 159:Drivers/ICP201xx/icp201xx_interface.c **** 
 638              		.loc 1 159 9 is_stmt 1 view .LVU176
 159:Drivers/ICP201xx/icp201xx_interface.c **** 
 639              		.loc 1 159 21 is_stmt 0 view .LVU177
 640 0070 9FED1F7A 		vldr.32	s14, .L43+16
 641 0074 67EE877A 		vmul.f32	s15, s15, s14
 642 0078 F8FE677A 		vrinta.f32	s15, s15
 159:Drivers/ICP201xx/icp201xx_interface.c **** 
 643              		.loc 1 159 49 discriminator 1 view .LVU178
 644 007c C7EE876A 		vdiv.f32	s13, s15, s14
 159:Drivers/ICP201xx/icp201xx_interface.c **** 
 645              		.loc 1 159 19 discriminator 1 view .LVU179
 646 0080 C7ED006A 		vstr.32	s13, [r7]
 162:Drivers/ICP201xx/icp201xx_interface.c ****             data_temp |= 0xFFF00000;
 647              		.loc 1 162 9 is_stmt 1 view .LVU180
 162:Drivers/ICP201xx/icp201xx_interface.c ****             data_temp |= 0xFFF00000;
 648              		.loc 1 162 23 is_stmt 0 view .LVU181
 649 0084 029B     		ldr	r3, [sp, #8]
 162:Drivers/ICP201xx/icp201xx_interface.c ****             data_temp |= 0xFFF00000;
 650              		.loc 1 162 12 view .LVU182
 651 0086 13F4002F 		tst	r3, #524288
 652 008a 02D0     		beq	.L39
 163:Drivers/ICP201xx/icp201xx_interface.c ****         *temperature = ((float)(data_temp) * 65 / 262144) + 25;
 653              		.loc 1 163 13 is_stmt 1 view .LVU183
 163:Drivers/ICP201xx/icp201xx_interface.c ****         *temperature = ((float)(data_temp) * 65 / 262144) + 25;
 654              		.loc 1 163 23 is_stmt 0 view .LVU184
 655 008c 144A     		ldr	r2, .L43
 656 008e 1A43     		orrs	r2, r2, r3
 657 0090 0292     		str	r2, [sp, #8]
 658              	.L39:
 164:Drivers/ICP201xx/icp201xx_interface.c ****         *temperature = roundf(*temperature * 10.0f) / 10.0f;
 659              		.loc 1 164 9 is_stmt 1 view .LVU185
 164:Drivers/ICP201xx/icp201xx_interface.c ****         *temperature = roundf(*temperature * 10.0f) / 10.0f;
 660              		.loc 1 164 25 is_stmt 0 view .LVU186
 661 0092 DDED027A 		vldr.32	s15, [sp, #8]	@ int
 662 0096 F8EEE77A 		vcvt.f32.s32	s15, s15
 164:Drivers/ICP201xx/icp201xx_interface.c ****         *temperature = roundf(*temperature * 10.0f) / 10.0f;
 663              		.loc 1 164 44 view .LVU187
 664 009a 9FED167A 		vldr.32	s14, .L43+20
 665 009e 67EE877A 		vmul.f32	s15, s15, s14
 164:Drivers/ICP201xx/icp201xx_interface.c ****         *temperature = roundf(*temperature * 10.0f) / 10.0f;
 666              		.loc 1 164 49 view .LVU188
 667 00a2 9FED157A 		vldr.32	s14, .L43+24
 668 00a6 67EE877A 		vmul.f32	s15, s15, s14
 164:Drivers/ICP201xx/icp201xx_interface.c ****         *temperature = roundf(*temperature * 10.0f) / 10.0f;
 669              		.loc 1 164 59 view .LVU189
ARM GAS  C:\Users\Nathan\AppData\Local\Temp\cclLcQZi.s 			page 19


 670 00aa B3EE097A 		vmov.f32	s14, #2.5e+1
 671 00ae 77EE877A 		vadd.f32	s15, s15, s14
 164:Drivers/ICP201xx/icp201xx_interface.c ****         *temperature = roundf(*temperature * 10.0f) / 10.0f;
 672              		.loc 1 164 22 view .LVU190
 673 00b2 C4ED007A 		vstr.32	s15, [r4]
 165:Drivers/ICP201xx/icp201xx_interface.c **** 
 674              		.loc 1 165 9 is_stmt 1 view .LVU191
 165:Drivers/ICP201xx/icp201xx_interface.c **** 
 675              		.loc 1 165 24 is_stmt 0 view .LVU192
 676 00b6 B2EE047A 		vmov.f32	s14, #1.0e+1
 677 00ba 67EE877A 		vmul.f32	s15, s15, s14
 678 00be F8FE677A 		vrinta.f32	s15, s15
 165:Drivers/ICP201xx/icp201xx_interface.c **** 
 679              		.loc 1 165 53 discriminator 1 view .LVU193
 680 00c2 C7EE876A 		vdiv.f32	s13, s15, s14
 165:Drivers/ICP201xx/icp201xx_interface.c **** 
 681              		.loc 1 165 22 discriminator 1 view .LVU194
 682 00c6 C4ED006A 		vstr.32	s13, [r4]
 167:Drivers/ICP201xx/icp201xx_interface.c ****     }
 683              		.loc 1 167 9 is_stmt 1 view .LVU195
 684              	.L36:
 170:Drivers/ICP201xx/icp201xx_interface.c **** 
 685              		.loc 1 170 1 is_stmt 0 view .LVU196
 686 00ca 3046     		mov	r0, r6
 687 00cc 06B0     		add	sp, sp, #24
 688              		.cfi_remember_state
 689              		.cfi_def_cfa_offset 24
 690              		@ sp needed
 691 00ce BDE8F081 		pop	{r4, r5, r6, r7, r8, pc}
 692              	.LVL57:
 693              	.L40:
 694              		.cfi_restore_state
 140:Drivers/ICP201xx/icp201xx_interface.c **** 
 695              		.loc 1 140 16 view .LVU197
 696 00d2 6FF00106 		mvn	r6, #1
 697 00d6 F8E7     		b	.L36
 698              	.L41:
 169:Drivers/ICP201xx/icp201xx_interface.c **** }
 699              		.loc 1 169 12 view .LVU198
 700 00d8 4FF0FF36 		mov	r6, #-1
 701 00dc F5E7     		b	.L36
 702              	.L44:
 703 00de 00BF     		.align	2
 704              	.L43:
 705 00e0 0000F0FF 		.word	-1048576
 706 00e4 00002042 		.word	1109393408
 707 00e8 00000037 		.word	922746880
 708 00ec 00008C42 		.word	1116471296
 709 00f0 00007A44 		.word	1148846080
 710 00f4 00008242 		.word	1115815936
 711 00f8 00008036 		.word	914358272
 712              		.cfi_endproc
 713              	.LFE153:
 715              		.section	.text.ICP201xx_singleMeasure,"ax",%progbits
 716              		.align	1
 717              		.global	ICP201xx_singleMeasure
 718              		.syntax unified
ARM GAS  C:\Users\Nathan\AppData\Local\Temp\cclLcQZi.s 			page 20


 719              		.thumb
 720              		.thumb_func
 722              	ICP201xx_singleMeasure:
 723              	.LVL58:
 724              	.LFB152:
 127:Drivers/ICP201xx/icp201xx_interface.c ****     inv_icp201xx_trigger_meas(&icp->icp_device);
 725              		.loc 1 127 1 is_stmt 1 view -0
 726              		.cfi_startproc
 727              		@ args = 0, pretend = 0, frame = 0
 728              		@ frame_needed = 0, uses_anonymous_args = 0
 127:Drivers/ICP201xx/icp201xx_interface.c ****     inv_icp201xx_trigger_meas(&icp->icp_device);
 729              		.loc 1 127 1 is_stmt 0 view .LVU200
 730 0000 70B5     		push	{r4, r5, r6, lr}
 731              		.cfi_def_cfa_offset 16
 732              		.cfi_offset 4, -16
 733              		.cfi_offset 5, -12
 734              		.cfi_offset 6, -8
 735              		.cfi_offset 14, -4
 736 0002 0446     		mov	r4, r0
 737 0004 0D46     		mov	r5, r1
 738 0006 1646     		mov	r6, r2
 128:Drivers/ICP201xx/icp201xx_interface.c ****     HAL_Delay(20);
 739              		.loc 1 128 5 is_stmt 1 view .LVU201
 740 0008 FFF7FEFF 		bl	inv_icp201xx_trigger_meas
 741              	.LVL59:
 129:Drivers/ICP201xx/icp201xx_interface.c ****     return ICP201xx_getData(icp, pressure_kp, temperature_C);
 742              		.loc 1 129 5 view .LVU202
 743 000c 1420     		movs	r0, #20
 744 000e FFF7FEFF 		bl	HAL_Delay
 745              	.LVL60:
 130:Drivers/ICP201xx/icp201xx_interface.c **** }
 746              		.loc 1 130 5 view .LVU203
 130:Drivers/ICP201xx/icp201xx_interface.c **** }
 747              		.loc 1 130 12 is_stmt 0 view .LVU204
 748 0012 3246     		mov	r2, r6
 749 0014 2946     		mov	r1, r5
 750 0016 2046     		mov	r0, r4
 751 0018 FFF7FEFF 		bl	ICP201xx_getData
 752              	.LVL61:
 131:Drivers/ICP201xx/icp201xx_interface.c **** 
 753              		.loc 1 131 1 view .LVU205
 754 001c 70BD     		pop	{r4, r5, r6, pc}
 131:Drivers/ICP201xx/icp201xx_interface.c **** 
 755              		.loc 1 131 1 view .LVU206
 756              		.cfi_endproc
 757              	.LFE152:
 759              		.section	.text.ICP201xx_app_warmup,"ax",%progbits
 760              		.align	1
 761              		.global	ICP201xx_app_warmup
 762              		.syntax unified
 763              		.thumb
 764              		.thumb_func
 766              	ICP201xx_app_warmup:
 767              	.LVL62:
 768              	.LFB158:
 235:Drivers/ICP201xx/icp201xx_interface.c **** 
 236:Drivers/ICP201xx/icp201xx_interface.c **** /* ICP201xx warm up. 
ARM GAS  C:\Users\Nathan\AppData\Local\Temp\cclLcQZi.s 			page 21


 237:Drivers/ICP201xx/icp201xx_interface.c ****  * If FIR filter is enabled, it will cause a settling effect on the first 14 pressure values. 
 238:Drivers/ICP201xx/icp201xx_interface.c ****  * Therefore the first 14 pressure output values are discarded.
 239:Drivers/ICP201xx/icp201xx_interface.c ****  **/
 240:Drivers/ICP201xx/icp201xx_interface.c **** void ICP201xx_app_warmup(ICP201xx_t *icp, icp201xx_op_mode_t op_mode, icp201xx_meas_mode_t meas_mod
 241:Drivers/ICP201xx/icp201xx_interface.c **** {
 769              		.loc 1 241 1 is_stmt 1 view -0
 770              		.cfi_startproc
 771              		@ args = 0, pretend = 0, frame = 8
 772              		@ frame_needed = 0, uses_anonymous_args = 0
 773              		.loc 1 241 1 is_stmt 0 view .LVU208
 774 0000 10B5     		push	{r4, lr}
 775              		.cfi_def_cfa_offset 8
 776              		.cfi_offset 4, -8
 777              		.cfi_offset 14, -4
 778 0002 82B0     		sub	sp, sp, #8
 779              		.cfi_def_cfa_offset 16
 780 0004 0446     		mov	r4, r0
 242:Drivers/ICP201xx/icp201xx_interface.c ****     (void)op_mode;
 781              		.loc 1 242 5 is_stmt 1 view .LVU209
 243:Drivers/ICP201xx/icp201xx_interface.c ****     (void)meas_mode;
 782              		.loc 1 243 5 view .LVU210
 244:Drivers/ICP201xx/icp201xx_interface.c ****     volatile uint8_t fifo_packets = 0;
 783              		.loc 1 244 5 view .LVU211
 784              		.loc 1 244 22 is_stmt 0 view .LVU212
 785 0006 0023     		movs	r3, #0
 786 0008 8DF80730 		strb	r3, [sp, #7]
 245:Drivers/ICP201xx/icp201xx_interface.c ****     uint8_t fifo_packets_to_skip = 14;
 787              		.loc 1 245 5 is_stmt 1 view .LVU213
 788              	.LVL63:
 789              		.loc 1 245 5 is_stmt 0 view .LVU214
 790 000c 06E0     		b	.L50
 791              	.LVL64:
 792              	.L52:
 793              	.LBB8:
 246:Drivers/ICP201xx/icp201xx_interface.c **** 
 247:Drivers/ICP201xx/icp201xx_interface.c ****     do {
 248:Drivers/ICP201xx/icp201xx_interface.c ****         fifo_packets = 0;
 249:Drivers/ICP201xx/icp201xx_interface.c ****         if (!inv_icp201xx_get_fifo_count(&icp->icp_device, (uint8_t*)&fifo_packets) && (fifo_packet
 250:Drivers/ICP201xx/icp201xx_interface.c ****         {
 251:Drivers/ICP201xx/icp201xx_interface.c ****             uint8_t i_status = 0;
 252:Drivers/ICP201xx/icp201xx_interface.c ****             inv_icp201xx_flush_fifo(&icp->icp_device);
 253:Drivers/ICP201xx/icp201xx_interface.c **** 
 254:Drivers/ICP201xx/icp201xx_interface.c ****             inv_icp201xx_get_int_status(&icp->icp_device, &i_status);
 255:Drivers/ICP201xx/icp201xx_interface.c ****             if (i_status)
 256:Drivers/ICP201xx/icp201xx_interface.c ****                 inv_icp201xx_clear_int_status(&icp->icp_device, i_status);
 794              		.loc 1 256 17 is_stmt 1 view .LVU215
 795 000e 2046     		mov	r0, r4
 796 0010 FFF7FEFF 		bl	inv_icp201xx_clear_int_status
 797              	.LVL65:
 257:Drivers/ICP201xx/icp201xx_interface.c ****             break;
 798              		.loc 1 257 13 view .LVU216
 799              	.LBE8:
 258:Drivers/ICP201xx/icp201xx_interface.c ****         }
 259:Drivers/ICP201xx/icp201xx_interface.c ****         // delayMicroseconds(2) - using HAL_Delay with minimum 1ms
 260:Drivers/ICP201xx/icp201xx_interface.c ****         HAL_Delay(1);
 261:Drivers/ICP201xx/icp201xx_interface.c ****     } while (1);
 262:Drivers/ICP201xx/icp201xx_interface.c **** }
ARM GAS  C:\Users\Nathan\AppData\Local\Temp\cclLcQZi.s 			page 22


 800              		.loc 1 262 1 is_stmt 0 view .LVU217
 801 0014 1FE0     		b	.L47
 802              	.L48:
 260:Drivers/ICP201xx/icp201xx_interface.c ****     } while (1);
 803              		.loc 1 260 9 is_stmt 1 view .LVU218
 804 0016 0120     		movs	r0, #1
 805 0018 FFF7FEFF 		bl	HAL_Delay
 806              	.LVL66:
 247:Drivers/ICP201xx/icp201xx_interface.c ****         fifo_packets = 0;
 807              		.loc 1 247 8 view .LVU219
 808              	.L50:
 247:Drivers/ICP201xx/icp201xx_interface.c ****         fifo_packets = 0;
 809              		.loc 1 247 5 view .LVU220
 248:Drivers/ICP201xx/icp201xx_interface.c ****         if (!inv_icp201xx_get_fifo_count(&icp->icp_device, (uint8_t*)&fifo_packets) && (fifo_packet
 810              		.loc 1 248 9 view .LVU221
 248:Drivers/ICP201xx/icp201xx_interface.c ****         if (!inv_icp201xx_get_fifo_count(&icp->icp_device, (uint8_t*)&fifo_packets) && (fifo_packet
 811              		.loc 1 248 22 is_stmt 0 view .LVU222
 812 001c 0023     		movs	r3, #0
 813 001e 8DF80730 		strb	r3, [sp, #7]
 249:Drivers/ICP201xx/icp201xx_interface.c ****         {
 814              		.loc 1 249 9 is_stmt 1 view .LVU223
 249:Drivers/ICP201xx/icp201xx_interface.c ****         {
 815              		.loc 1 249 14 is_stmt 0 view .LVU224
 816 0022 0DF10701 		add	r1, sp, #7
 817 0026 2046     		mov	r0, r4
 818 0028 FFF7FEFF 		bl	inv_icp201xx_get_fifo_count
 819              	.LVL67:
 249:Drivers/ICP201xx/icp201xx_interface.c ****         {
 820              		.loc 1 249 12 discriminator 1 view .LVU225
 821 002c 0028     		cmp	r0, #0
 822 002e F2D1     		bne	.L48
 249:Drivers/ICP201xx/icp201xx_interface.c ****         {
 823              		.loc 1 249 102 discriminator 1 view .LVU226
 824 0030 9DF80730 		ldrb	r3, [sp, #7]	@ zero_extendqisi2
 249:Drivers/ICP201xx/icp201xx_interface.c ****         {
 825              		.loc 1 249 85 discriminator 1 view .LVU227
 826 0034 0D2B     		cmp	r3, #13
 827 0036 EED9     		bls	.L48
 828              	.LBB9:
 251:Drivers/ICP201xx/icp201xx_interface.c ****             inv_icp201xx_flush_fifo(&icp->icp_device);
 829              		.loc 1 251 13 is_stmt 1 view .LVU228
 251:Drivers/ICP201xx/icp201xx_interface.c ****             inv_icp201xx_flush_fifo(&icp->icp_device);
 830              		.loc 1 251 21 is_stmt 0 view .LVU229
 831 0038 0023     		movs	r3, #0
 832 003a 8DF80630 		strb	r3, [sp, #6]
 252:Drivers/ICP201xx/icp201xx_interface.c **** 
 833              		.loc 1 252 13 is_stmt 1 view .LVU230
 834 003e 2046     		mov	r0, r4
 835 0040 FFF7FEFF 		bl	inv_icp201xx_flush_fifo
 836              	.LVL68:
 254:Drivers/ICP201xx/icp201xx_interface.c ****             if (i_status)
 837              		.loc 1 254 13 view .LVU231
 838 0044 0DF10601 		add	r1, sp, #6
 839 0048 2046     		mov	r0, r4
 840 004a FFF7FEFF 		bl	inv_icp201xx_get_int_status
 841              	.LVL69:
 255:Drivers/ICP201xx/icp201xx_interface.c ****                 inv_icp201xx_clear_int_status(&icp->icp_device, i_status);
ARM GAS  C:\Users\Nathan\AppData\Local\Temp\cclLcQZi.s 			page 23


 842              		.loc 1 255 13 view .LVU232
 255:Drivers/ICP201xx/icp201xx_interface.c ****                 inv_icp201xx_clear_int_status(&icp->icp_device, i_status);
 843              		.loc 1 255 17 is_stmt 0 view .LVU233
 844 004e 9DF80610 		ldrb	r1, [sp, #6]	@ zero_extendqisi2
 255:Drivers/ICP201xx/icp201xx_interface.c ****                 inv_icp201xx_clear_int_status(&icp->icp_device, i_status);
 845              		.loc 1 255 16 view .LVU234
 846 0052 0029     		cmp	r1, #0
 847 0054 DBD1     		bne	.L52
 848              	.L47:
 849              	.LBE9:
 850              		.loc 1 262 1 view .LVU235
 851 0056 02B0     		add	sp, sp, #8
 852              		.cfi_def_cfa_offset 8
 853              		@ sp needed
 854 0058 10BD     		pop	{r4, pc}
 855              		.loc 1 262 1 view .LVU236
 856              		.cfi_endproc
 857              	.LFE158:
 859              		.section	.text.ICP201xx_start,"ax",%progbits
 860              		.align	1
 861              		.global	ICP201xx_start
 862              		.syntax unified
 863              		.thumb
 864              		.thumb_func
 866              	ICP201xx_start:
 867              	.LVL70:
 868              	.LFB151:
 118:Drivers/ICP201xx/icp201xx_interface.c ****     int rc = 0;
 869              		.loc 1 118 37 is_stmt 1 view -0
 870              		.cfi_startproc
 871              		@ args = 0, pretend = 0, frame = 0
 872              		@ frame_needed = 0, uses_anonymous_args = 0
 118:Drivers/ICP201xx/icp201xx_interface.c ****     int rc = 0;
 873              		.loc 1 118 37 is_stmt 0 view .LVU238
 874 0000 38B5     		push	{r3, r4, r5, lr}
 875              		.cfi_def_cfa_offset 16
 876              		.cfi_offset 3, -16
 877              		.cfi_offset 4, -12
 878              		.cfi_offset 5, -8
 879              		.cfi_offset 14, -4
 880 0002 0546     		mov	r5, r0
 119:Drivers/ICP201xx/icp201xx_interface.c ****     rc |= inv_icp201xx_soft_reset(&icp->icp_device);
 881              		.loc 1 119 5 is_stmt 1 view .LVU239
 882              	.LVL71:
 120:Drivers/ICP201xx/icp201xx_interface.c ****     rc |= inv_icp201xx_config(&icp->icp_device, ICP201XX_OP_MODE0, ICP201XX_FIFO_READOUT_MODE_PRES_
 883              		.loc 1 120 5 view .LVU240
 120:Drivers/ICP201xx/icp201xx_interface.c ****     rc |= inv_icp201xx_config(&icp->icp_device, ICP201XX_OP_MODE0, ICP201XX_FIFO_READOUT_MODE_PRES_
 884              		.loc 1 120 11 is_stmt 0 view .LVU241
 885 0004 FFF7FEFF 		bl	inv_icp201xx_soft_reset
 886              	.LVL72:
 120:Drivers/ICP201xx/icp201xx_interface.c ****     rc |= inv_icp201xx_config(&icp->icp_device, ICP201XX_OP_MODE0, ICP201XX_FIFO_READOUT_MODE_PRES_
 887              		.loc 1 120 11 view .LVU242
 888 0008 0446     		mov	r4, r0
 889              	.LVL73:
 121:Drivers/ICP201xx/icp201xx_interface.c ****     ICP201xx_app_warmup(icp, ICP201XX_OP_MODE0, ICP201XX_MEAS_MODE_CONTINUOUS);
 890              		.loc 1 121 5 is_stmt 1 view .LVU243
 121:Drivers/ICP201xx/icp201xx_interface.c ****     ICP201xx_app_warmup(icp, ICP201XX_OP_MODE0, ICP201XX_MEAS_MODE_CONTINUOUS);
ARM GAS  C:\Users\Nathan\AppData\Local\Temp\cclLcQZi.s 			page 24


 891              		.loc 1 121 11 is_stmt 0 view .LVU244
 892 000a 0022     		movs	r2, #0
 893 000c 1146     		mov	r1, r2
 894 000e 2846     		mov	r0, r5
 895              	.LVL74:
 121:Drivers/ICP201xx/icp201xx_interface.c ****     ICP201xx_app_warmup(icp, ICP201XX_OP_MODE0, ICP201XX_MEAS_MODE_CONTINUOUS);
 896              		.loc 1 121 11 view .LVU245
 897 0010 FFF7FEFF 		bl	inv_icp201xx_config
 898              	.LVL75:
 121:Drivers/ICP201xx/icp201xx_interface.c ****     ICP201xx_app_warmup(icp, ICP201XX_OP_MODE0, ICP201XX_MEAS_MODE_CONTINUOUS);
 899              		.loc 1 121 8 discriminator 1 view .LVU246
 900 0014 0443     		orrs	r4, r4, r0
 901              	.LVL76:
 122:Drivers/ICP201xx/icp201xx_interface.c ****     return rc;
 902              		.loc 1 122 5 is_stmt 1 view .LVU247
 903 0016 0122     		movs	r2, #1
 904 0018 0021     		movs	r1, #0
 905 001a 2846     		mov	r0, r5
 906 001c FFF7FEFF 		bl	ICP201xx_app_warmup
 907              	.LVL77:
 123:Drivers/ICP201xx/icp201xx_interface.c **** }
 908              		.loc 1 123 5 view .LVU248
 124:Drivers/ICP201xx/icp201xx_interface.c **** 
 909              		.loc 1 124 1 is_stmt 0 view .LVU249
 910 0020 2046     		mov	r0, r4
 911 0022 38BD     		pop	{r3, r4, r5, pc}
 124:Drivers/ICP201xx/icp201xx_interface.c **** 
 912              		.loc 1 124 1 view .LVU250
 913              		.cfi_endproc
 914              	.LFE151:
 916              		.section	.text.ICP201xx_clear_interrupt_status,"ax",%progbits
 917              		.align	1
 918              		.global	ICP201xx_clear_interrupt_status
 919              		.syntax unified
 920              		.thumb
 921              		.thumb_func
 923              	ICP201xx_clear_interrupt_status:
 924              	.LVL78:
 925              	.LFB159:
 263:Drivers/ICP201xx/icp201xx_interface.c **** 
 264:Drivers/ICP201xx/icp201xx_interface.c **** uint8_t ICP201xx_clear_interrupt_status(ICP201xx_t *icp)
 265:Drivers/ICP201xx/icp201xx_interface.c **** {
 926              		.loc 1 265 1 is_stmt 1 view -0
 927              		.cfi_startproc
 928              		@ args = 0, pretend = 0, frame = 8
 929              		@ frame_needed = 0, uses_anonymous_args = 0
 930              		.loc 1 265 1 is_stmt 0 view .LVU252
 931 0000 10B5     		push	{r4, lr}
 932              		.cfi_def_cfa_offset 8
 933              		.cfi_offset 4, -8
 934              		.cfi_offset 14, -4
 935 0002 82B0     		sub	sp, sp, #8
 936              		.cfi_def_cfa_offset 16
 937 0004 0446     		mov	r4, r0
 266:Drivers/ICP201xx/icp201xx_interface.c ****     uint8_t i_status = 0;
 938              		.loc 1 266 5 is_stmt 1 view .LVU253
 939              		.loc 1 266 13 is_stmt 0 view .LVU254
ARM GAS  C:\Users\Nathan\AppData\Local\Temp\cclLcQZi.s 			page 25


 940 0006 0023     		movs	r3, #0
 941 0008 8DF80730 		strb	r3, [sp, #7]
 267:Drivers/ICP201xx/icp201xx_interface.c ****     inv_icp201xx_get_int_status(&icp->icp_device, &i_status);
 942              		.loc 1 267 5 is_stmt 1 view .LVU255
 943 000c 0DF10701 		add	r1, sp, #7
 944 0010 FFF7FEFF 		bl	inv_icp201xx_get_int_status
 945              	.LVL79:
 268:Drivers/ICP201xx/icp201xx_interface.c ****     if (i_status)
 946              		.loc 1 268 5 view .LVU256
 947              		.loc 1 268 9 is_stmt 0 view .LVU257
 948 0014 9DF80710 		ldrb	r1, [sp, #7]	@ zero_extendqisi2
 949              		.loc 1 268 8 view .LVU258
 950 0018 19B9     		cbnz	r1, .L58
 951              	.L56:
 269:Drivers/ICP201xx/icp201xx_interface.c ****         inv_icp201xx_clear_int_status(&icp->icp_device, i_status);
 270:Drivers/ICP201xx/icp201xx_interface.c ****     return i_status;
 952              		.loc 1 270 5 is_stmt 1 view .LVU259
 271:Drivers/ICP201xx/icp201xx_interface.c **** }...
 953              		.loc 1 271 1 is_stmt 0 view .LVU260
 954 001a 9DF80700 		ldrb	r0, [sp, #7]	@ zero_extendqisi2
 955 001e 02B0     		add	sp, sp, #8
 956              		.cfi_remember_state
 957              		.cfi_def_cfa_offset 8
 958              		@ sp needed
 959 0020 10BD     		pop	{r4, pc}
 960              	.LVL80:
 961              	.L58:
 962              		.cfi_restore_state
 269:Drivers/ICP201xx/icp201xx_interface.c ****         inv_icp201xx_clear_int_status(&icp->icp_device, i_status);
 963              		.loc 1 269 9 is_stmt 1 view .LVU261
 964 0022 2046     		mov	r0, r4
 965 0024 FFF7FEFF 		bl	inv_icp201xx_clear_int_status
 966              	.LVL81:
 967 0028 F7E7     		b	.L56
 968              		.cfi_endproc
 969              	.LFE159:
 971              		.text
 972              	.Letext0:
 973              		.file 2 "C:/Users/Nathan/AppData/Roaming/Code/User/globalStorage/bmd.stm32-for-vscode/@xpack-dev-t
 974              		.file 3 "C:/Users/Nathan/AppData/Roaming/Code/User/globalStorage/bmd.stm32-for-vscode/@xpack-dev-t
 975              		.file 4 "Drivers/CMSIS/Device/ST/STM32H7xx/Include/stm32h753xx.h"
 976              		.file 5 "Drivers/STM32H7xx_HAL_Driver/Inc/stm32h7xx_hal_def.h"
 977              		.file 6 "Drivers/STM32H7xx_HAL_Driver/Inc/stm32h7xx_hal_gpio.h"
 978              		.file 7 "Drivers/STM32H7xx_HAL_Driver/Inc/stm32h7xx_hal_dma.h"
 979              		.file 8 "Drivers/STM32H7xx_HAL_Driver/Inc/stm32h7xx_hal_spi.h"
 980              		.file 9 "Drivers/ICP201xx/InvError.h"
 981              		.file 10 "Drivers/ICP201xx/Icp201xxSerif.h"
 982              		.file 11 "Drivers/ICP201xx/Icp201xxDefs.h"
 983              		.file 12 "Drivers/ICP201xx/Icp201xx.h"
 984              		.file 13 "C:/Users/Nathan/AppData/Roaming/Code/User/globalStorage/bmd.stm32-for-vscode/@xpack-dev-
 985              		.file 14 "Drivers/STM32H7xx_HAL_Driver/Inc/stm32h7xx_hal.h"
ARM GAS  C:\Users\Nathan\AppData\Local\Temp\cclLcQZi.s 			page 26


DEFINED SYMBOLS
                            *ABS*:00000000 icp201xx_interface.c
C:\Users\Nathan\AppData\Local\Temp\cclLcQZi.s:20     .text.icp201xx_i2c_write:00000000 $t
C:\Users\Nathan\AppData\Local\Temp\cclLcQZi.s:25     .text.icp201xx_i2c_write:00000000 icp201xx_i2c_write
C:\Users\Nathan\AppData\Local\Temp\cclLcQZi.s:47     .text.icp201xx_i2c_read:00000000 $t
C:\Users\Nathan\AppData\Local\Temp\cclLcQZi.s:52     .text.icp201xx_i2c_read:00000000 icp201xx_i2c_read
C:\Users\Nathan\AppData\Local\Temp\cclLcQZi.s:74     .text.icp201xx_spi_write:00000000 $t
C:\Users\Nathan\AppData\Local\Temp\cclLcQZi.s:79     .text.icp201xx_spi_write:00000000 icp201xx_spi_write
C:\Users\Nathan\AppData\Local\Temp\cclLcQZi.s:211    .text.icp201xx_spi_write:00000074 $d
C:\Users\Nathan\AppData\Local\Temp\cclLcQZi.s:217    .text.icp201xx_spi_read:00000000 $t
C:\Users\Nathan\AppData\Local\Temp\cclLcQZi.s:222    .text.icp201xx_spi_read:00000000 icp201xx_spi_read
C:\Users\Nathan\AppData\Local\Temp\cclLcQZi.s:306    .text.icp201xx_spi_read:00000040 $d
C:\Users\Nathan\AppData\Local\Temp\cclLcQZi.s:312    .text.ICP201xx_init_i2c:00000000 $t
C:\Users\Nathan\AppData\Local\Temp\cclLcQZi.s:318    .text.ICP201xx_init_i2c:00000000 ICP201xx_init_i2c
C:\Users\Nathan\AppData\Local\Temp\cclLcQZi.s:351    .text.ICP201xx_init_spi:00000000 $t
C:\Users\Nathan\AppData\Local\Temp\cclLcQZi.s:357    .text.ICP201xx_init_spi:00000000 ICP201xx_init_spi
C:\Users\Nathan\AppData\Local\Temp\cclLcQZi.s:382    .text.ICP201xx_begin:00000000 $t
C:\Users\Nathan\AppData\Local\Temp\cclLcQZi.s:388    .text.ICP201xx_begin:00000000 ICP201xx_begin
C:\Users\Nathan\AppData\Local\Temp\cclLcQZi.s:534    .text.ICP201xx_begin:00000088 $d
C:\Users\Nathan\AppData\Local\Temp\cclLcQZi.s:543    .text.ICP201xx_getData:00000000 $t
C:\Users\Nathan\AppData\Local\Temp\cclLcQZi.s:549    .text.ICP201xx_getData:00000000 ICP201xx_getData
C:\Users\Nathan\AppData\Local\Temp\cclLcQZi.s:705    .text.ICP201xx_getData:000000e0 $d
C:\Users\Nathan\AppData\Local\Temp\cclLcQZi.s:716    .text.ICP201xx_singleMeasure:00000000 $t
C:\Users\Nathan\AppData\Local\Temp\cclLcQZi.s:722    .text.ICP201xx_singleMeasure:00000000 ICP201xx_singleMeasure
C:\Users\Nathan\AppData\Local\Temp\cclLcQZi.s:760    .text.ICP201xx_app_warmup:00000000 $t
C:\Users\Nathan\AppData\Local\Temp\cclLcQZi.s:766    .text.ICP201xx_app_warmup:00000000 ICP201xx_app_warmup
C:\Users\Nathan\AppData\Local\Temp\cclLcQZi.s:860    .text.ICP201xx_start:00000000 $t
C:\Users\Nathan\AppData\Local\Temp\cclLcQZi.s:866    .text.ICP201xx_start:00000000 ICP201xx_start
C:\Users\Nathan\AppData\Local\Temp\cclLcQZi.s:917    .text.ICP201xx_clear_interrupt_status:00000000 $t
C:\Users\Nathan\AppData\Local\Temp\cclLcQZi.s:923    .text.ICP201xx_clear_interrupt_status:00000000 ICP201xx_clear_interrupt_status

UNDEFINED SYMBOLS
HAL_GPIO_WritePin
HAL_SPI_Transmit
hspi4
HAL_SPI_Receive
inv_icp201xx_init
inv_icp201xx_soft_reset
inv_icp201xx_get_devid_version
inv_icp201xx_OTP_bootup_cfg
inv_icp201xx_get_fifo_count
inv_icp201xx_get_fifo_data
inv_icp201xx_process_raw_data
inv_icp201xx_trigger_meas
HAL_Delay
inv_icp201xx_clear_int_status
inv_icp201xx_flush_fifo
inv_icp201xx_get_int_status
inv_icp201xx_config
