ARM GAS  C:\Users\Nathan\AppData\Local\Temp\cc4h9uw3.s 			page 1


   1              		.cpu cortex-m7
   2              		.arch armv7e-m
   3              		.fpu fpv5-d16
   4              		.eabi_attribute 28, 1
   5              		.eabi_attribute 20, 1
   6              		.eabi_attribute 21, 1
   7              		.eabi_attribute 23, 3
   8              		.eabi_attribute 24, 1
   9              		.eabi_attribute 25, 1
  10              		.eabi_attribute 26, 1
  11              		.eabi_attribute 30, 1
  12              		.eabi_attribute 34, 1
  13              		.eabi_attribute 18, 4
  14              		.file	"stm32h7xx_hal_wwdg.c"
  15              		.text
  16              	.Ltext0:
  17              		.cfi_sections	.debug_frame
  18              		.file 1 "Drivers/STM32H7xx_HAL_Driver/Src/stm32h7xx_hal_wwdg.c"
  19              		.section	.text.HAL_WWDG_MspInit,"ax",%progbits
  20              		.align	1
  21              		.weak	HAL_WWDG_MspInit
  22              		.syntax unified
  23              		.thumb
  24              		.thumb_func
  26              	HAL_WWDG_MspInit:
  27              	.LVL0:
  28              	.LFB145:
   1:Drivers/STM32H7xx_HAL_Driver/Src/stm32h7xx_hal_wwdg.c **** /**
   2:Drivers/STM32H7xx_HAL_Driver/Src/stm32h7xx_hal_wwdg.c ****   ******************************************************************************
   3:Drivers/STM32H7xx_HAL_Driver/Src/stm32h7xx_hal_wwdg.c ****   * @file    stm32h7xx_hal_wwdg.c
   4:Drivers/STM32H7xx_HAL_Driver/Src/stm32h7xx_hal_wwdg.c ****   * @author  MCD Application Team
   5:Drivers/STM32H7xx_HAL_Driver/Src/stm32h7xx_hal_wwdg.c ****   * @brief   WWDG HAL module driver.
   6:Drivers/STM32H7xx_HAL_Driver/Src/stm32h7xx_hal_wwdg.c ****   *          This file provides firmware functions to manage the following
   7:Drivers/STM32H7xx_HAL_Driver/Src/stm32h7xx_hal_wwdg.c ****   *          functionalities of the Window Watchdog (WWDG) peripheral:
   8:Drivers/STM32H7xx_HAL_Driver/Src/stm32h7xx_hal_wwdg.c ****   *           + Initialization and Configuration functions
   9:Drivers/STM32H7xx_HAL_Driver/Src/stm32h7xx_hal_wwdg.c ****   *           + IO operation functions
  10:Drivers/STM32H7xx_HAL_Driver/Src/stm32h7xx_hal_wwdg.c ****   ******************************************************************************
  11:Drivers/STM32H7xx_HAL_Driver/Src/stm32h7xx_hal_wwdg.c ****   * @attention
  12:Drivers/STM32H7xx_HAL_Driver/Src/stm32h7xx_hal_wwdg.c ****   *
  13:Drivers/STM32H7xx_HAL_Driver/Src/stm32h7xx_hal_wwdg.c ****   * Copyright (c) 2017 STMicroelectronics.
  14:Drivers/STM32H7xx_HAL_Driver/Src/stm32h7xx_hal_wwdg.c ****   * All rights reserved.
  15:Drivers/STM32H7xx_HAL_Driver/Src/stm32h7xx_hal_wwdg.c ****   *
  16:Drivers/STM32H7xx_HAL_Driver/Src/stm32h7xx_hal_wwdg.c ****   * This software is licensed under terms that can be found in the LICENSE file
  17:Drivers/STM32H7xx_HAL_Driver/Src/stm32h7xx_hal_wwdg.c ****   * in the root directory of this software component.
  18:Drivers/STM32H7xx_HAL_Driver/Src/stm32h7xx_hal_wwdg.c ****   * If no LICENSE file comes with this software, it is provided AS-IS.
  19:Drivers/STM32H7xx_HAL_Driver/Src/stm32h7xx_hal_wwdg.c ****   *
  20:Drivers/STM32H7xx_HAL_Driver/Src/stm32h7xx_hal_wwdg.c ****   ******************************************************************************
  21:Drivers/STM32H7xx_HAL_Driver/Src/stm32h7xx_hal_wwdg.c ****   @verbatim
  22:Drivers/STM32H7xx_HAL_Driver/Src/stm32h7xx_hal_wwdg.c ****   ==============================================================================
  23:Drivers/STM32H7xx_HAL_Driver/Src/stm32h7xx_hal_wwdg.c ****                       ##### WWDG Specific features #####
  24:Drivers/STM32H7xx_HAL_Driver/Src/stm32h7xx_hal_wwdg.c ****   ==============================================================================
  25:Drivers/STM32H7xx_HAL_Driver/Src/stm32h7xx_hal_wwdg.c ****   [..]
  26:Drivers/STM32H7xx_HAL_Driver/Src/stm32h7xx_hal_wwdg.c ****     Once enabled the WWDG generates a system reset on expiry of a programmed
  27:Drivers/STM32H7xx_HAL_Driver/Src/stm32h7xx_hal_wwdg.c ****     time period, unless the program refreshes the counter (T[6;0] downcounter)
  28:Drivers/STM32H7xx_HAL_Driver/Src/stm32h7xx_hal_wwdg.c ****     before reaching 0x3F value (i.e. a reset is generated when the counter
  29:Drivers/STM32H7xx_HAL_Driver/Src/stm32h7xx_hal_wwdg.c ****     value rolls down from 0x40 to 0x3F).
  30:Drivers/STM32H7xx_HAL_Driver/Src/stm32h7xx_hal_wwdg.c **** 
ARM GAS  C:\Users\Nathan\AppData\Local\Temp\cc4h9uw3.s 			page 2


  31:Drivers/STM32H7xx_HAL_Driver/Src/stm32h7xx_hal_wwdg.c ****     (+) An MCU reset is also generated if the counter value is refreshed
  32:Drivers/STM32H7xx_HAL_Driver/Src/stm32h7xx_hal_wwdg.c ****         before the counter has reached the refresh window value. This
  33:Drivers/STM32H7xx_HAL_Driver/Src/stm32h7xx_hal_wwdg.c ****         implies that the counter must be refreshed in a limited window.
  34:Drivers/STM32H7xx_HAL_Driver/Src/stm32h7xx_hal_wwdg.c ****     (+) Once enabled the WWDG cannot be disabled except by a system reset.
  35:Drivers/STM32H7xx_HAL_Driver/Src/stm32h7xx_hal_wwdg.c ****     (+) If required by application, an Early Wakeup Interrupt can be triggered
  36:Drivers/STM32H7xx_HAL_Driver/Src/stm32h7xx_hal_wwdg.c ****         in order to be warned before WWDG expiration. The Early Wakeup Interrupt
  37:Drivers/STM32H7xx_HAL_Driver/Src/stm32h7xx_hal_wwdg.c ****         (EWI) can be used if specific safety operations or data logging must
  38:Drivers/STM32H7xx_HAL_Driver/Src/stm32h7xx_hal_wwdg.c ****         be performed before the actual reset is generated. When the downcounter
  39:Drivers/STM32H7xx_HAL_Driver/Src/stm32h7xx_hal_wwdg.c ****         reaches 0x40, interrupt occurs. This mechanism requires WWDG interrupt
  40:Drivers/STM32H7xx_HAL_Driver/Src/stm32h7xx_hal_wwdg.c ****         line to be enabled in NVIC. Once enabled, EWI interrupt cannot be
  41:Drivers/STM32H7xx_HAL_Driver/Src/stm32h7xx_hal_wwdg.c ****         disabled except by a system reset.
  42:Drivers/STM32H7xx_HAL_Driver/Src/stm32h7xx_hal_wwdg.c ****     (+) WWDGRST flag in RCC CSR register can be used to inform when a WWDG
  43:Drivers/STM32H7xx_HAL_Driver/Src/stm32h7xx_hal_wwdg.c ****         reset occurs.
  44:Drivers/STM32H7xx_HAL_Driver/Src/stm32h7xx_hal_wwdg.c ****     (+) The WWDG counter input clock is derived from the APB clock divided
  45:Drivers/STM32H7xx_HAL_Driver/Src/stm32h7xx_hal_wwdg.c ****         by a programmable prescaler.
  46:Drivers/STM32H7xx_HAL_Driver/Src/stm32h7xx_hal_wwdg.c ****     (+) WWDG clock (Hz) = PCLK1 / (4096 * Prescaler)
  47:Drivers/STM32H7xx_HAL_Driver/Src/stm32h7xx_hal_wwdg.c ****     (+) WWDG timeout (mS) = 1000 * (T[5;0] + 1) / WWDG clock (Hz)
  48:Drivers/STM32H7xx_HAL_Driver/Src/stm32h7xx_hal_wwdg.c ****         where T[5;0] are the lowest 6 bits of Counter.
  49:Drivers/STM32H7xx_HAL_Driver/Src/stm32h7xx_hal_wwdg.c ****     (+) WWDG Counter refresh is allowed between the following limits :
  50:Drivers/STM32H7xx_HAL_Driver/Src/stm32h7xx_hal_wwdg.c ****         (++) min time (mS) = 1000 * (Counter - Window) / WWDG clock
  51:Drivers/STM32H7xx_HAL_Driver/Src/stm32h7xx_hal_wwdg.c ****         (++) max time (mS) = 1000 * (Counter - 0x40) / WWDG clock
  52:Drivers/STM32H7xx_HAL_Driver/Src/stm32h7xx_hal_wwdg.c ****     (+) Typical values (case of STM32H74x/5x devices):
  53:Drivers/STM32H7xx_HAL_Driver/Src/stm32h7xx_hal_wwdg.c ****         (++) Counter min (T[5;0] = 0x00) @100MHz (PCLK1) with zero prescaler:
  54:Drivers/STM32H7xx_HAL_Driver/Src/stm32h7xx_hal_wwdg.c ****              max timeout before reset: approximately 40.96µs
  55:Drivers/STM32H7xx_HAL_Driver/Src/stm32h7xx_hal_wwdg.c ****         (++) Counter max (T[5;0] = 0x3F) @100MHz (PCLK1) with prescaler dividing by 128:
  56:Drivers/STM32H7xx_HAL_Driver/Src/stm32h7xx_hal_wwdg.c ****              max timeout before reset: approximately 335.54ms
  57:Drivers/STM32H7xx_HAL_Driver/Src/stm32h7xx_hal_wwdg.c ****     (+) Typical values (case of STM32H7Ax/Bx devices):
  58:Drivers/STM32H7xx_HAL_Driver/Src/stm32h7xx_hal_wwdg.c ****         (++) Counter min (T[5;0] = 0x00) @140MHz (PCLK1) with zero prescaler:
  59:Drivers/STM32H7xx_HAL_Driver/Src/stm32h7xx_hal_wwdg.c ****              max timeout before reset: approximately 29.25µs
  60:Drivers/STM32H7xx_HAL_Driver/Src/stm32h7xx_hal_wwdg.c ****         (++) Counter max (T[5;0] = 0x3F) @140MHz (PCLK1) with prescaler dividing by 128:
  61:Drivers/STM32H7xx_HAL_Driver/Src/stm32h7xx_hal_wwdg.c ****              max timeout before reset: approximately 239.67ms
  62:Drivers/STM32H7xx_HAL_Driver/Src/stm32h7xx_hal_wwdg.c ****     (+) Typical values (case of STM32H72x/3x devices):
  63:Drivers/STM32H7xx_HAL_Driver/Src/stm32h7xx_hal_wwdg.c ****         (++) Counter min (T[5;0] = 0x00) @125MHz (PCLK1) with zero prescaler:
  64:Drivers/STM32H7xx_HAL_Driver/Src/stm32h7xx_hal_wwdg.c ****              max timeout before reset: approximately 32.76µs
  65:Drivers/STM32H7xx_HAL_Driver/Src/stm32h7xx_hal_wwdg.c ****         (++) Counter max (T[5;0] = 0x3F) @125MHz (PCLK1) with prescaler dividing by 128:
  66:Drivers/STM32H7xx_HAL_Driver/Src/stm32h7xx_hal_wwdg.c ****              max timeout before reset: approximately 268.43ms
  67:Drivers/STM32H7xx_HAL_Driver/Src/stm32h7xx_hal_wwdg.c **** 
  68:Drivers/STM32H7xx_HAL_Driver/Src/stm32h7xx_hal_wwdg.c ****                      ##### How to use this driver #####
  69:Drivers/STM32H7xx_HAL_Driver/Src/stm32h7xx_hal_wwdg.c ****   ==============================================================================
  70:Drivers/STM32H7xx_HAL_Driver/Src/stm32h7xx_hal_wwdg.c **** 
  71:Drivers/STM32H7xx_HAL_Driver/Src/stm32h7xx_hal_wwdg.c ****     *** Common driver usage ***
  72:Drivers/STM32H7xx_HAL_Driver/Src/stm32h7xx_hal_wwdg.c ****     ===========================
  73:Drivers/STM32H7xx_HAL_Driver/Src/stm32h7xx_hal_wwdg.c **** 
  74:Drivers/STM32H7xx_HAL_Driver/Src/stm32h7xx_hal_wwdg.c ****   [..]
  75:Drivers/STM32H7xx_HAL_Driver/Src/stm32h7xx_hal_wwdg.c ****     (+) Enable WWDG APB1 clock using __HAL_RCC_WWDG_CLK_ENABLE().
  76:Drivers/STM32H7xx_HAL_Driver/Src/stm32h7xx_hal_wwdg.c ****     (+) Configure the WWDG prescaler, refresh window value, counter value and early
  77:Drivers/STM32H7xx_HAL_Driver/Src/stm32h7xx_hal_wwdg.c ****         interrupt status using HAL_WWDG_Init() function. This will automatically
  78:Drivers/STM32H7xx_HAL_Driver/Src/stm32h7xx_hal_wwdg.c ****         enable WWDG and start its downcounter. Time reference can be taken from
  79:Drivers/STM32H7xx_HAL_Driver/Src/stm32h7xx_hal_wwdg.c ****         function exit. Care must be taken to provide a counter value
  80:Drivers/STM32H7xx_HAL_Driver/Src/stm32h7xx_hal_wwdg.c ****         greater than 0x40 to prevent generation of immediate reset.
  81:Drivers/STM32H7xx_HAL_Driver/Src/stm32h7xx_hal_wwdg.c ****     (+) If the Early Wakeup Interrupt (EWI) feature is enabled, an interrupt is
  82:Drivers/STM32H7xx_HAL_Driver/Src/stm32h7xx_hal_wwdg.c ****         generated when the counter reaches 0x40. When HAL_WWDG_IRQHandler is
  83:Drivers/STM32H7xx_HAL_Driver/Src/stm32h7xx_hal_wwdg.c ****         triggered by the interrupt service routine, flag will be automatically
  84:Drivers/STM32H7xx_HAL_Driver/Src/stm32h7xx_hal_wwdg.c ****         cleared and HAL_WWDG_WakeupCallback user callback will be executed. User
  85:Drivers/STM32H7xx_HAL_Driver/Src/stm32h7xx_hal_wwdg.c ****         can add his own code by customization of callback HAL_WWDG_WakeupCallback.
  86:Drivers/STM32H7xx_HAL_Driver/Src/stm32h7xx_hal_wwdg.c ****     (+) Then the application program must refresh the WWDG counter at regular
  87:Drivers/STM32H7xx_HAL_Driver/Src/stm32h7xx_hal_wwdg.c ****         intervals during normal operation to prevent an MCU reset, using
ARM GAS  C:\Users\Nathan\AppData\Local\Temp\cc4h9uw3.s 			page 3


  88:Drivers/STM32H7xx_HAL_Driver/Src/stm32h7xx_hal_wwdg.c ****         HAL_WWDG_Refresh() function. This operation must occur only when
  89:Drivers/STM32H7xx_HAL_Driver/Src/stm32h7xx_hal_wwdg.c ****         the counter is lower than the refresh window value already programmed.
  90:Drivers/STM32H7xx_HAL_Driver/Src/stm32h7xx_hal_wwdg.c **** 
  91:Drivers/STM32H7xx_HAL_Driver/Src/stm32h7xx_hal_wwdg.c ****     *** Callback registration ***
  92:Drivers/STM32H7xx_HAL_Driver/Src/stm32h7xx_hal_wwdg.c ****     =============================
  93:Drivers/STM32H7xx_HAL_Driver/Src/stm32h7xx_hal_wwdg.c **** 
  94:Drivers/STM32H7xx_HAL_Driver/Src/stm32h7xx_hal_wwdg.c ****   [..]
  95:Drivers/STM32H7xx_HAL_Driver/Src/stm32h7xx_hal_wwdg.c ****     The compilation define USE_HAL_WWDG_REGISTER_CALLBACKS when set to 1 allows
  96:Drivers/STM32H7xx_HAL_Driver/Src/stm32h7xx_hal_wwdg.c ****     the user to configure dynamically the driver callbacks. Use Functions
  97:Drivers/STM32H7xx_HAL_Driver/Src/stm32h7xx_hal_wwdg.c ****     HAL_WWDG_RegisterCallback() to register a user callback.
  98:Drivers/STM32H7xx_HAL_Driver/Src/stm32h7xx_hal_wwdg.c **** 
  99:Drivers/STM32H7xx_HAL_Driver/Src/stm32h7xx_hal_wwdg.c ****     (+) Function HAL_WWDG_RegisterCallback() allows to register following
 100:Drivers/STM32H7xx_HAL_Driver/Src/stm32h7xx_hal_wwdg.c ****         callbacks:
 101:Drivers/STM32H7xx_HAL_Driver/Src/stm32h7xx_hal_wwdg.c ****         (++) EwiCallback : callback for Early WakeUp Interrupt.
 102:Drivers/STM32H7xx_HAL_Driver/Src/stm32h7xx_hal_wwdg.c ****         (++) MspInitCallback : WWDG MspInit.
 103:Drivers/STM32H7xx_HAL_Driver/Src/stm32h7xx_hal_wwdg.c ****     This function takes as parameters the HAL peripheral handle, the Callback ID
 104:Drivers/STM32H7xx_HAL_Driver/Src/stm32h7xx_hal_wwdg.c ****     and a pointer to the user callback function.
 105:Drivers/STM32H7xx_HAL_Driver/Src/stm32h7xx_hal_wwdg.c **** 
 106:Drivers/STM32H7xx_HAL_Driver/Src/stm32h7xx_hal_wwdg.c ****     (+) Use function HAL_WWDG_UnRegisterCallback() to reset a callback to
 107:Drivers/STM32H7xx_HAL_Driver/Src/stm32h7xx_hal_wwdg.c ****     the default weak (surcharged) function. HAL_WWDG_UnRegisterCallback()
 108:Drivers/STM32H7xx_HAL_Driver/Src/stm32h7xx_hal_wwdg.c ****     takes as parameters the HAL peripheral handle and the Callback ID.
 109:Drivers/STM32H7xx_HAL_Driver/Src/stm32h7xx_hal_wwdg.c ****     This function allows to reset following callbacks:
 110:Drivers/STM32H7xx_HAL_Driver/Src/stm32h7xx_hal_wwdg.c ****         (++) EwiCallback : callback for  Early WakeUp Interrupt.
 111:Drivers/STM32H7xx_HAL_Driver/Src/stm32h7xx_hal_wwdg.c ****         (++) MspInitCallback : WWDG MspInit.
 112:Drivers/STM32H7xx_HAL_Driver/Src/stm32h7xx_hal_wwdg.c **** 
 113:Drivers/STM32H7xx_HAL_Driver/Src/stm32h7xx_hal_wwdg.c ****     [..]
 114:Drivers/STM32H7xx_HAL_Driver/Src/stm32h7xx_hal_wwdg.c ****     When calling HAL_WWDG_Init function, callbacks are reset to the
 115:Drivers/STM32H7xx_HAL_Driver/Src/stm32h7xx_hal_wwdg.c ****     corresponding legacy weak (surcharged) functions:
 116:Drivers/STM32H7xx_HAL_Driver/Src/stm32h7xx_hal_wwdg.c ****     HAL_WWDG_EarlyWakeupCallback() and HAL_WWDG_MspInit() only if they have
 117:Drivers/STM32H7xx_HAL_Driver/Src/stm32h7xx_hal_wwdg.c ****     not been registered before.
 118:Drivers/STM32H7xx_HAL_Driver/Src/stm32h7xx_hal_wwdg.c **** 
 119:Drivers/STM32H7xx_HAL_Driver/Src/stm32h7xx_hal_wwdg.c ****     [..]
 120:Drivers/STM32H7xx_HAL_Driver/Src/stm32h7xx_hal_wwdg.c ****     When compilation define USE_HAL_WWDG_REGISTER_CALLBACKS is set to 0 or
 121:Drivers/STM32H7xx_HAL_Driver/Src/stm32h7xx_hal_wwdg.c ****     not defined, the callback registering feature is not available
 122:Drivers/STM32H7xx_HAL_Driver/Src/stm32h7xx_hal_wwdg.c ****     and weak (surcharged) callbacks are used.
 123:Drivers/STM32H7xx_HAL_Driver/Src/stm32h7xx_hal_wwdg.c **** 
 124:Drivers/STM32H7xx_HAL_Driver/Src/stm32h7xx_hal_wwdg.c ****     *** WWDG HAL driver macros list ***
 125:Drivers/STM32H7xx_HAL_Driver/Src/stm32h7xx_hal_wwdg.c ****     ===================================
 126:Drivers/STM32H7xx_HAL_Driver/Src/stm32h7xx_hal_wwdg.c ****     [..]
 127:Drivers/STM32H7xx_HAL_Driver/Src/stm32h7xx_hal_wwdg.c ****       Below the list of available macros in WWDG HAL driver.
 128:Drivers/STM32H7xx_HAL_Driver/Src/stm32h7xx_hal_wwdg.c ****       (+) __HAL_WWDG_ENABLE: Enable the WWDG peripheral
 129:Drivers/STM32H7xx_HAL_Driver/Src/stm32h7xx_hal_wwdg.c ****       (+) __HAL_WWDG_GET_FLAG: Get the selected WWDG's flag status
 130:Drivers/STM32H7xx_HAL_Driver/Src/stm32h7xx_hal_wwdg.c ****       (+) __HAL_WWDG_CLEAR_FLAG: Clear the WWDG's pending flags
 131:Drivers/STM32H7xx_HAL_Driver/Src/stm32h7xx_hal_wwdg.c ****       (+) __HAL_WWDG_ENABLE_IT: Enable the WWDG early wakeup interrupt
 132:Drivers/STM32H7xx_HAL_Driver/Src/stm32h7xx_hal_wwdg.c **** 
 133:Drivers/STM32H7xx_HAL_Driver/Src/stm32h7xx_hal_wwdg.c ****   @endverbatim
 134:Drivers/STM32H7xx_HAL_Driver/Src/stm32h7xx_hal_wwdg.c ****   */
 135:Drivers/STM32H7xx_HAL_Driver/Src/stm32h7xx_hal_wwdg.c **** 
 136:Drivers/STM32H7xx_HAL_Driver/Src/stm32h7xx_hal_wwdg.c **** /* Includes ------------------------------------------------------------------*/
 137:Drivers/STM32H7xx_HAL_Driver/Src/stm32h7xx_hal_wwdg.c **** #include "stm32h7xx_hal.h"
 138:Drivers/STM32H7xx_HAL_Driver/Src/stm32h7xx_hal_wwdg.c **** 
 139:Drivers/STM32H7xx_HAL_Driver/Src/stm32h7xx_hal_wwdg.c **** /** @addtogroup STM32H7xx_HAL_Driver
 140:Drivers/STM32H7xx_HAL_Driver/Src/stm32h7xx_hal_wwdg.c ****   * @{
 141:Drivers/STM32H7xx_HAL_Driver/Src/stm32h7xx_hal_wwdg.c ****   */
 142:Drivers/STM32H7xx_HAL_Driver/Src/stm32h7xx_hal_wwdg.c **** 
 143:Drivers/STM32H7xx_HAL_Driver/Src/stm32h7xx_hal_wwdg.c **** #ifdef HAL_WWDG_MODULE_ENABLED
 144:Drivers/STM32H7xx_HAL_Driver/Src/stm32h7xx_hal_wwdg.c **** /** @defgroup WWDG WWDG
ARM GAS  C:\Users\Nathan\AppData\Local\Temp\cc4h9uw3.s 			page 4


 145:Drivers/STM32H7xx_HAL_Driver/Src/stm32h7xx_hal_wwdg.c ****   * @brief WWDG HAL module driver.
 146:Drivers/STM32H7xx_HAL_Driver/Src/stm32h7xx_hal_wwdg.c ****   * @{
 147:Drivers/STM32H7xx_HAL_Driver/Src/stm32h7xx_hal_wwdg.c ****   */
 148:Drivers/STM32H7xx_HAL_Driver/Src/stm32h7xx_hal_wwdg.c **** 
 149:Drivers/STM32H7xx_HAL_Driver/Src/stm32h7xx_hal_wwdg.c **** /* Private typedef -----------------------------------------------------------*/
 150:Drivers/STM32H7xx_HAL_Driver/Src/stm32h7xx_hal_wwdg.c **** /* Private define ------------------------------------------------------------*/
 151:Drivers/STM32H7xx_HAL_Driver/Src/stm32h7xx_hal_wwdg.c **** /* Private macro -------------------------------------------------------------*/
 152:Drivers/STM32H7xx_HAL_Driver/Src/stm32h7xx_hal_wwdg.c **** /* Private variables ---------------------------------------------------------*/
 153:Drivers/STM32H7xx_HAL_Driver/Src/stm32h7xx_hal_wwdg.c **** /* Private function prototypes -----------------------------------------------*/
 154:Drivers/STM32H7xx_HAL_Driver/Src/stm32h7xx_hal_wwdg.c **** /* Exported functions --------------------------------------------------------*/
 155:Drivers/STM32H7xx_HAL_Driver/Src/stm32h7xx_hal_wwdg.c **** 
 156:Drivers/STM32H7xx_HAL_Driver/Src/stm32h7xx_hal_wwdg.c **** /** @defgroup WWDG_Exported_Functions WWDG Exported Functions
 157:Drivers/STM32H7xx_HAL_Driver/Src/stm32h7xx_hal_wwdg.c ****   * @{
 158:Drivers/STM32H7xx_HAL_Driver/Src/stm32h7xx_hal_wwdg.c ****   */
 159:Drivers/STM32H7xx_HAL_Driver/Src/stm32h7xx_hal_wwdg.c **** 
 160:Drivers/STM32H7xx_HAL_Driver/Src/stm32h7xx_hal_wwdg.c **** /** @defgroup WWDG_Exported_Functions_Group1 Initialization and Configuration functions
 161:Drivers/STM32H7xx_HAL_Driver/Src/stm32h7xx_hal_wwdg.c ****   *  @brief    Initialization and Configuration functions.
 162:Drivers/STM32H7xx_HAL_Driver/Src/stm32h7xx_hal_wwdg.c ****   *
 163:Drivers/STM32H7xx_HAL_Driver/Src/stm32h7xx_hal_wwdg.c **** @verbatim
 164:Drivers/STM32H7xx_HAL_Driver/Src/stm32h7xx_hal_wwdg.c ****   ==============================================================================
 165:Drivers/STM32H7xx_HAL_Driver/Src/stm32h7xx_hal_wwdg.c ****           ##### Initialization and Configuration functions #####
 166:Drivers/STM32H7xx_HAL_Driver/Src/stm32h7xx_hal_wwdg.c ****   ==============================================================================
 167:Drivers/STM32H7xx_HAL_Driver/Src/stm32h7xx_hal_wwdg.c ****   [..]
 168:Drivers/STM32H7xx_HAL_Driver/Src/stm32h7xx_hal_wwdg.c ****     This section provides functions allowing to:
 169:Drivers/STM32H7xx_HAL_Driver/Src/stm32h7xx_hal_wwdg.c ****       (+) Initialize and start the WWDG according to the specified parameters
 170:Drivers/STM32H7xx_HAL_Driver/Src/stm32h7xx_hal_wwdg.c ****           in the WWDG_InitTypeDef of associated handle.
 171:Drivers/STM32H7xx_HAL_Driver/Src/stm32h7xx_hal_wwdg.c ****       (+) Initialize the WWDG MSP.
 172:Drivers/STM32H7xx_HAL_Driver/Src/stm32h7xx_hal_wwdg.c **** 
 173:Drivers/STM32H7xx_HAL_Driver/Src/stm32h7xx_hal_wwdg.c **** @endverbatim
 174:Drivers/STM32H7xx_HAL_Driver/Src/stm32h7xx_hal_wwdg.c ****   * @{
 175:Drivers/STM32H7xx_HAL_Driver/Src/stm32h7xx_hal_wwdg.c ****   */
 176:Drivers/STM32H7xx_HAL_Driver/Src/stm32h7xx_hal_wwdg.c **** 
 177:Drivers/STM32H7xx_HAL_Driver/Src/stm32h7xx_hal_wwdg.c **** /**
 178:Drivers/STM32H7xx_HAL_Driver/Src/stm32h7xx_hal_wwdg.c ****   * @brief  Initialize the WWDG according to the specified.
 179:Drivers/STM32H7xx_HAL_Driver/Src/stm32h7xx_hal_wwdg.c ****   *         parameters in the WWDG_InitTypeDef of  associated handle.
 180:Drivers/STM32H7xx_HAL_Driver/Src/stm32h7xx_hal_wwdg.c ****   * @param  hwwdg  pointer to a WWDG_HandleTypeDef structure that contains
 181:Drivers/STM32H7xx_HAL_Driver/Src/stm32h7xx_hal_wwdg.c ****   *                the configuration information for the specified WWDG module.
 182:Drivers/STM32H7xx_HAL_Driver/Src/stm32h7xx_hal_wwdg.c ****   * @retval HAL status
 183:Drivers/STM32H7xx_HAL_Driver/Src/stm32h7xx_hal_wwdg.c ****   */
 184:Drivers/STM32H7xx_HAL_Driver/Src/stm32h7xx_hal_wwdg.c **** HAL_StatusTypeDef HAL_WWDG_Init(WWDG_HandleTypeDef *hwwdg)
 185:Drivers/STM32H7xx_HAL_Driver/Src/stm32h7xx_hal_wwdg.c **** {
 186:Drivers/STM32H7xx_HAL_Driver/Src/stm32h7xx_hal_wwdg.c ****   /* Check the WWDG handle allocation */
 187:Drivers/STM32H7xx_HAL_Driver/Src/stm32h7xx_hal_wwdg.c ****   if (hwwdg == NULL)
 188:Drivers/STM32H7xx_HAL_Driver/Src/stm32h7xx_hal_wwdg.c ****   {
 189:Drivers/STM32H7xx_HAL_Driver/Src/stm32h7xx_hal_wwdg.c ****     return HAL_ERROR;
 190:Drivers/STM32H7xx_HAL_Driver/Src/stm32h7xx_hal_wwdg.c ****   }
 191:Drivers/STM32H7xx_HAL_Driver/Src/stm32h7xx_hal_wwdg.c **** 
 192:Drivers/STM32H7xx_HAL_Driver/Src/stm32h7xx_hal_wwdg.c ****   /* Check the parameters */
 193:Drivers/STM32H7xx_HAL_Driver/Src/stm32h7xx_hal_wwdg.c ****   assert_param(IS_WWDG_ALL_INSTANCE(hwwdg->Instance));
 194:Drivers/STM32H7xx_HAL_Driver/Src/stm32h7xx_hal_wwdg.c ****   assert_param(IS_WWDG_PRESCALER(hwwdg->Init.Prescaler));
 195:Drivers/STM32H7xx_HAL_Driver/Src/stm32h7xx_hal_wwdg.c ****   assert_param(IS_WWDG_WINDOW(hwwdg->Init.Window));
 196:Drivers/STM32H7xx_HAL_Driver/Src/stm32h7xx_hal_wwdg.c ****   assert_param(IS_WWDG_COUNTER(hwwdg->Init.Counter));
 197:Drivers/STM32H7xx_HAL_Driver/Src/stm32h7xx_hal_wwdg.c ****   assert_param(IS_WWDG_EWI_MODE(hwwdg->Init.EWIMode));
 198:Drivers/STM32H7xx_HAL_Driver/Src/stm32h7xx_hal_wwdg.c **** 
 199:Drivers/STM32H7xx_HAL_Driver/Src/stm32h7xx_hal_wwdg.c **** #if (USE_HAL_WWDG_REGISTER_CALLBACKS == 1)
 200:Drivers/STM32H7xx_HAL_Driver/Src/stm32h7xx_hal_wwdg.c ****   /* Reset Callback pointers */
 201:Drivers/STM32H7xx_HAL_Driver/Src/stm32h7xx_hal_wwdg.c ****   if (hwwdg->EwiCallback == NULL)
ARM GAS  C:\Users\Nathan\AppData\Local\Temp\cc4h9uw3.s 			page 5


 202:Drivers/STM32H7xx_HAL_Driver/Src/stm32h7xx_hal_wwdg.c ****   {
 203:Drivers/STM32H7xx_HAL_Driver/Src/stm32h7xx_hal_wwdg.c ****     hwwdg->EwiCallback = HAL_WWDG_EarlyWakeupCallback;
 204:Drivers/STM32H7xx_HAL_Driver/Src/stm32h7xx_hal_wwdg.c ****   }
 205:Drivers/STM32H7xx_HAL_Driver/Src/stm32h7xx_hal_wwdg.c **** 
 206:Drivers/STM32H7xx_HAL_Driver/Src/stm32h7xx_hal_wwdg.c ****   if (hwwdg->MspInitCallback == NULL)
 207:Drivers/STM32H7xx_HAL_Driver/Src/stm32h7xx_hal_wwdg.c ****   {
 208:Drivers/STM32H7xx_HAL_Driver/Src/stm32h7xx_hal_wwdg.c ****     hwwdg->MspInitCallback = HAL_WWDG_MspInit;
 209:Drivers/STM32H7xx_HAL_Driver/Src/stm32h7xx_hal_wwdg.c ****   }
 210:Drivers/STM32H7xx_HAL_Driver/Src/stm32h7xx_hal_wwdg.c **** 
 211:Drivers/STM32H7xx_HAL_Driver/Src/stm32h7xx_hal_wwdg.c ****   /* Init the low level hardware */
 212:Drivers/STM32H7xx_HAL_Driver/Src/stm32h7xx_hal_wwdg.c ****   hwwdg->MspInitCallback(hwwdg);
 213:Drivers/STM32H7xx_HAL_Driver/Src/stm32h7xx_hal_wwdg.c **** #else
 214:Drivers/STM32H7xx_HAL_Driver/Src/stm32h7xx_hal_wwdg.c ****   /* Init the low level hardware */
 215:Drivers/STM32H7xx_HAL_Driver/Src/stm32h7xx_hal_wwdg.c ****   HAL_WWDG_MspInit(hwwdg);
 216:Drivers/STM32H7xx_HAL_Driver/Src/stm32h7xx_hal_wwdg.c **** #endif /* USE_HAL_WWDG_REGISTER_CALLBACKS */
 217:Drivers/STM32H7xx_HAL_Driver/Src/stm32h7xx_hal_wwdg.c **** 
 218:Drivers/STM32H7xx_HAL_Driver/Src/stm32h7xx_hal_wwdg.c ****   /* Set WWDG Counter */
 219:Drivers/STM32H7xx_HAL_Driver/Src/stm32h7xx_hal_wwdg.c ****   WRITE_REG(hwwdg->Instance->CR, (WWDG_CR_WDGA | hwwdg->Init.Counter));
 220:Drivers/STM32H7xx_HAL_Driver/Src/stm32h7xx_hal_wwdg.c **** 
 221:Drivers/STM32H7xx_HAL_Driver/Src/stm32h7xx_hal_wwdg.c ****   /* Set WWDG Prescaler and Window */
 222:Drivers/STM32H7xx_HAL_Driver/Src/stm32h7xx_hal_wwdg.c ****   WRITE_REG(hwwdg->Instance->CFR, (hwwdg->Init.EWIMode | hwwdg->Init.Prescaler | hwwdg->Init.Window
 223:Drivers/STM32H7xx_HAL_Driver/Src/stm32h7xx_hal_wwdg.c **** 
 224:Drivers/STM32H7xx_HAL_Driver/Src/stm32h7xx_hal_wwdg.c ****   /* Return function status */
 225:Drivers/STM32H7xx_HAL_Driver/Src/stm32h7xx_hal_wwdg.c ****   return HAL_OK;
 226:Drivers/STM32H7xx_HAL_Driver/Src/stm32h7xx_hal_wwdg.c **** }
 227:Drivers/STM32H7xx_HAL_Driver/Src/stm32h7xx_hal_wwdg.c **** 
 228:Drivers/STM32H7xx_HAL_Driver/Src/stm32h7xx_hal_wwdg.c **** 
 229:Drivers/STM32H7xx_HAL_Driver/Src/stm32h7xx_hal_wwdg.c **** /**
 230:Drivers/STM32H7xx_HAL_Driver/Src/stm32h7xx_hal_wwdg.c ****   * @brief  Initialize the WWDG MSP.
 231:Drivers/STM32H7xx_HAL_Driver/Src/stm32h7xx_hal_wwdg.c ****   * @param  hwwdg  pointer to a WWDG_HandleTypeDef structure that contains
 232:Drivers/STM32H7xx_HAL_Driver/Src/stm32h7xx_hal_wwdg.c ****   *                the configuration information for the specified WWDG module.
 233:Drivers/STM32H7xx_HAL_Driver/Src/stm32h7xx_hal_wwdg.c ****   * @note   When rewriting this function in user file, mechanism may be added
 234:Drivers/STM32H7xx_HAL_Driver/Src/stm32h7xx_hal_wwdg.c ****   *         to avoid multiple initialize when HAL_WWDG_Init function is called
 235:Drivers/STM32H7xx_HAL_Driver/Src/stm32h7xx_hal_wwdg.c ****   *         again to change parameters.
 236:Drivers/STM32H7xx_HAL_Driver/Src/stm32h7xx_hal_wwdg.c ****   * @retval None
 237:Drivers/STM32H7xx_HAL_Driver/Src/stm32h7xx_hal_wwdg.c ****   */
 238:Drivers/STM32H7xx_HAL_Driver/Src/stm32h7xx_hal_wwdg.c **** __weak void HAL_WWDG_MspInit(WWDG_HandleTypeDef *hwwdg)
 239:Drivers/STM32H7xx_HAL_Driver/Src/stm32h7xx_hal_wwdg.c **** {
  29              		.loc 1 239 1 view -0
  30              		.cfi_startproc
  31              		@ args = 0, pretend = 0, frame = 0
  32              		@ frame_needed = 0, uses_anonymous_args = 0
  33              		@ link register save eliminated.
 240:Drivers/STM32H7xx_HAL_Driver/Src/stm32h7xx_hal_wwdg.c ****   /* Prevent unused argument(s) compilation warning */
 241:Drivers/STM32H7xx_HAL_Driver/Src/stm32h7xx_hal_wwdg.c ****   UNUSED(hwwdg);
  34              		.loc 1 241 3 view .LVU1
 242:Drivers/STM32H7xx_HAL_Driver/Src/stm32h7xx_hal_wwdg.c **** 
 243:Drivers/STM32H7xx_HAL_Driver/Src/stm32h7xx_hal_wwdg.c ****   /* NOTE: This function should not be modified, when the callback is needed,
 244:Drivers/STM32H7xx_HAL_Driver/Src/stm32h7xx_hal_wwdg.c ****            the HAL_WWDG_MspInit could be implemented in the user file
 245:Drivers/STM32H7xx_HAL_Driver/Src/stm32h7xx_hal_wwdg.c ****    */
 246:Drivers/STM32H7xx_HAL_Driver/Src/stm32h7xx_hal_wwdg.c **** }
  35              		.loc 1 246 1 is_stmt 0 view .LVU2
  36 0000 7047     		bx	lr
  37              		.cfi_endproc
  38              	.LFE145:
  40              		.section	.text.HAL_WWDG_Init,"ax",%progbits
  41              		.align	1
ARM GAS  C:\Users\Nathan\AppData\Local\Temp\cc4h9uw3.s 			page 6


  42              		.global	HAL_WWDG_Init
  43              		.syntax unified
  44              		.thumb
  45              		.thumb_func
  47              	HAL_WWDG_Init:
  48              	.LVL1:
  49              	.LFB144:
 185:Drivers/STM32H7xx_HAL_Driver/Src/stm32h7xx_hal_wwdg.c ****   /* Check the WWDG handle allocation */
  50              		.loc 1 185 1 is_stmt 1 view -0
  51              		.cfi_startproc
  52              		@ args = 0, pretend = 0, frame = 0
  53              		@ frame_needed = 0, uses_anonymous_args = 0
 187:Drivers/STM32H7xx_HAL_Driver/Src/stm32h7xx_hal_wwdg.c ****   {
  54              		.loc 1 187 3 view .LVU4
 187:Drivers/STM32H7xx_HAL_Driver/Src/stm32h7xx_hal_wwdg.c ****   {
  55              		.loc 1 187 6 is_stmt 0 view .LVU5
  56 0000 88B1     		cbz	r0, .L4
 185:Drivers/STM32H7xx_HAL_Driver/Src/stm32h7xx_hal_wwdg.c ****   /* Check the WWDG handle allocation */
  57              		.loc 1 185 1 view .LVU6
  58 0002 10B5     		push	{r4, lr}
  59              		.cfi_def_cfa_offset 8
  60              		.cfi_offset 4, -8
  61              		.cfi_offset 14, -4
  62 0004 0446     		mov	r4, r0
 193:Drivers/STM32H7xx_HAL_Driver/Src/stm32h7xx_hal_wwdg.c ****   assert_param(IS_WWDG_PRESCALER(hwwdg->Init.Prescaler));
  63              		.loc 1 193 3 is_stmt 1 view .LVU7
 194:Drivers/STM32H7xx_HAL_Driver/Src/stm32h7xx_hal_wwdg.c ****   assert_param(IS_WWDG_WINDOW(hwwdg->Init.Window));
  64              		.loc 1 194 3 view .LVU8
 195:Drivers/STM32H7xx_HAL_Driver/Src/stm32h7xx_hal_wwdg.c ****   assert_param(IS_WWDG_COUNTER(hwwdg->Init.Counter));
  65              		.loc 1 195 3 view .LVU9
 196:Drivers/STM32H7xx_HAL_Driver/Src/stm32h7xx_hal_wwdg.c ****   assert_param(IS_WWDG_EWI_MODE(hwwdg->Init.EWIMode));
  66              		.loc 1 196 3 view .LVU10
 197:Drivers/STM32H7xx_HAL_Driver/Src/stm32h7xx_hal_wwdg.c **** 
  67              		.loc 1 197 3 view .LVU11
 215:Drivers/STM32H7xx_HAL_Driver/Src/stm32h7xx_hal_wwdg.c **** #endif /* USE_HAL_WWDG_REGISTER_CALLBACKS */
  68              		.loc 1 215 3 view .LVU12
  69 0006 FFF7FEFF 		bl	HAL_WWDG_MspInit
  70              	.LVL2:
 219:Drivers/STM32H7xx_HAL_Driver/Src/stm32h7xx_hal_wwdg.c **** 
  71              		.loc 1 219 3 view .LVU13
  72 000a E368     		ldr	r3, [r4, #12]
  73 000c 2268     		ldr	r2, [r4]
  74 000e 43F08003 		orr	r3, r3, #128
  75 0012 1360     		str	r3, [r2]
 222:Drivers/STM32H7xx_HAL_Driver/Src/stm32h7xx_hal_wwdg.c **** 
  76              		.loc 1 222 3 view .LVU14
  77 0014 2369     		ldr	r3, [r4, #16]
  78 0016 6268     		ldr	r2, [r4, #4]
  79 0018 1343     		orrs	r3, r3, r2
  80 001a A168     		ldr	r1, [r4, #8]
  81 001c 2268     		ldr	r2, [r4]
  82 001e 0B43     		orrs	r3, r3, r1
  83 0020 5360     		str	r3, [r2, #4]
 225:Drivers/STM32H7xx_HAL_Driver/Src/stm32h7xx_hal_wwdg.c **** }
  84              		.loc 1 225 3 view .LVU15
 225:Drivers/STM32H7xx_HAL_Driver/Src/stm32h7xx_hal_wwdg.c **** }
  85              		.loc 1 225 10 is_stmt 0 view .LVU16
ARM GAS  C:\Users\Nathan\AppData\Local\Temp\cc4h9uw3.s 			page 7


  86 0022 0020     		movs	r0, #0
 226:Drivers/STM32H7xx_HAL_Driver/Src/stm32h7xx_hal_wwdg.c **** 
  87              		.loc 1 226 1 view .LVU17
  88 0024 10BD     		pop	{r4, pc}
  89              	.LVL3:
  90              	.L4:
  91              		.cfi_def_cfa_offset 0
  92              		.cfi_restore 4
  93              		.cfi_restore 14
 189:Drivers/STM32H7xx_HAL_Driver/Src/stm32h7xx_hal_wwdg.c ****   }
  94              		.loc 1 189 12 view .LVU18
  95 0026 0120     		movs	r0, #1
  96              	.LVL4:
 226:Drivers/STM32H7xx_HAL_Driver/Src/stm32h7xx_hal_wwdg.c **** 
  97              		.loc 1 226 1 view .LVU19
  98 0028 7047     		bx	lr
  99              		.cfi_endproc
 100              	.LFE144:
 102              		.section	.text.HAL_WWDG_Refresh,"ax",%progbits
 103              		.align	1
 104              		.global	HAL_WWDG_Refresh
 105              		.syntax unified
 106              		.thumb
 107              		.thumb_func
 109              	HAL_WWDG_Refresh:
 110              	.LVL5:
 111              	.LFB146:
 247:Drivers/STM32H7xx_HAL_Driver/Src/stm32h7xx_hal_wwdg.c **** 
 248:Drivers/STM32H7xx_HAL_Driver/Src/stm32h7xx_hal_wwdg.c **** 
 249:Drivers/STM32H7xx_HAL_Driver/Src/stm32h7xx_hal_wwdg.c **** #if (USE_HAL_WWDG_REGISTER_CALLBACKS == 1)
 250:Drivers/STM32H7xx_HAL_Driver/Src/stm32h7xx_hal_wwdg.c **** /**
 251:Drivers/STM32H7xx_HAL_Driver/Src/stm32h7xx_hal_wwdg.c ****   * @brief  Register a User WWDG Callback
 252:Drivers/STM32H7xx_HAL_Driver/Src/stm32h7xx_hal_wwdg.c ****   *         To be used instead of the weak (surcharged) predefined callback
 253:Drivers/STM32H7xx_HAL_Driver/Src/stm32h7xx_hal_wwdg.c ****   * @param  hwwdg WWDG handle
 254:Drivers/STM32H7xx_HAL_Driver/Src/stm32h7xx_hal_wwdg.c ****   * @param  CallbackID ID of the callback to be registered
 255:Drivers/STM32H7xx_HAL_Driver/Src/stm32h7xx_hal_wwdg.c ****   *         This parameter can be one of the following values:
 256:Drivers/STM32H7xx_HAL_Driver/Src/stm32h7xx_hal_wwdg.c ****   *           @arg @ref HAL_WWDG_EWI_CB_ID Early WakeUp Interrupt Callback ID
 257:Drivers/STM32H7xx_HAL_Driver/Src/stm32h7xx_hal_wwdg.c ****   *           @arg @ref HAL_WWDG_MSPINIT_CB_ID MspInit callback ID
 258:Drivers/STM32H7xx_HAL_Driver/Src/stm32h7xx_hal_wwdg.c ****   * @param  pCallback pointer to the Callback function
 259:Drivers/STM32H7xx_HAL_Driver/Src/stm32h7xx_hal_wwdg.c ****   * @retval status
 260:Drivers/STM32H7xx_HAL_Driver/Src/stm32h7xx_hal_wwdg.c ****   */
 261:Drivers/STM32H7xx_HAL_Driver/Src/stm32h7xx_hal_wwdg.c **** HAL_StatusTypeDef HAL_WWDG_RegisterCallback(WWDG_HandleTypeDef *hwwdg, HAL_WWDG_CallbackIDTypeDef C
 262:Drivers/STM32H7xx_HAL_Driver/Src/stm32h7xx_hal_wwdg.c ****                                             pWWDG_CallbackTypeDef pCallback)
 263:Drivers/STM32H7xx_HAL_Driver/Src/stm32h7xx_hal_wwdg.c **** {
 264:Drivers/STM32H7xx_HAL_Driver/Src/stm32h7xx_hal_wwdg.c ****   HAL_StatusTypeDef status = HAL_OK;
 265:Drivers/STM32H7xx_HAL_Driver/Src/stm32h7xx_hal_wwdg.c **** 
 266:Drivers/STM32H7xx_HAL_Driver/Src/stm32h7xx_hal_wwdg.c ****   if (pCallback == NULL)
 267:Drivers/STM32H7xx_HAL_Driver/Src/stm32h7xx_hal_wwdg.c ****   {
 268:Drivers/STM32H7xx_HAL_Driver/Src/stm32h7xx_hal_wwdg.c ****     status = HAL_ERROR;
 269:Drivers/STM32H7xx_HAL_Driver/Src/stm32h7xx_hal_wwdg.c ****   }
 270:Drivers/STM32H7xx_HAL_Driver/Src/stm32h7xx_hal_wwdg.c ****   else
 271:Drivers/STM32H7xx_HAL_Driver/Src/stm32h7xx_hal_wwdg.c ****   {
 272:Drivers/STM32H7xx_HAL_Driver/Src/stm32h7xx_hal_wwdg.c ****     switch (CallbackID)
 273:Drivers/STM32H7xx_HAL_Driver/Src/stm32h7xx_hal_wwdg.c ****     {
 274:Drivers/STM32H7xx_HAL_Driver/Src/stm32h7xx_hal_wwdg.c ****       case HAL_WWDG_EWI_CB_ID:
 275:Drivers/STM32H7xx_HAL_Driver/Src/stm32h7xx_hal_wwdg.c ****         hwwdg->EwiCallback = pCallback;
 276:Drivers/STM32H7xx_HAL_Driver/Src/stm32h7xx_hal_wwdg.c ****         break;
ARM GAS  C:\Users\Nathan\AppData\Local\Temp\cc4h9uw3.s 			page 8


 277:Drivers/STM32H7xx_HAL_Driver/Src/stm32h7xx_hal_wwdg.c **** 
 278:Drivers/STM32H7xx_HAL_Driver/Src/stm32h7xx_hal_wwdg.c ****       case HAL_WWDG_MSPINIT_CB_ID:
 279:Drivers/STM32H7xx_HAL_Driver/Src/stm32h7xx_hal_wwdg.c ****         hwwdg->MspInitCallback = pCallback;
 280:Drivers/STM32H7xx_HAL_Driver/Src/stm32h7xx_hal_wwdg.c ****         break;
 281:Drivers/STM32H7xx_HAL_Driver/Src/stm32h7xx_hal_wwdg.c **** 
 282:Drivers/STM32H7xx_HAL_Driver/Src/stm32h7xx_hal_wwdg.c ****       default:
 283:Drivers/STM32H7xx_HAL_Driver/Src/stm32h7xx_hal_wwdg.c ****         status = HAL_ERROR;
 284:Drivers/STM32H7xx_HAL_Driver/Src/stm32h7xx_hal_wwdg.c ****         break;
 285:Drivers/STM32H7xx_HAL_Driver/Src/stm32h7xx_hal_wwdg.c ****     }
 286:Drivers/STM32H7xx_HAL_Driver/Src/stm32h7xx_hal_wwdg.c ****   }
 287:Drivers/STM32H7xx_HAL_Driver/Src/stm32h7xx_hal_wwdg.c **** 
 288:Drivers/STM32H7xx_HAL_Driver/Src/stm32h7xx_hal_wwdg.c ****   return status;
 289:Drivers/STM32H7xx_HAL_Driver/Src/stm32h7xx_hal_wwdg.c **** }
 290:Drivers/STM32H7xx_HAL_Driver/Src/stm32h7xx_hal_wwdg.c **** 
 291:Drivers/STM32H7xx_HAL_Driver/Src/stm32h7xx_hal_wwdg.c **** 
 292:Drivers/STM32H7xx_HAL_Driver/Src/stm32h7xx_hal_wwdg.c **** /**
 293:Drivers/STM32H7xx_HAL_Driver/Src/stm32h7xx_hal_wwdg.c ****   * @brief  Unregister a WWDG Callback
 294:Drivers/STM32H7xx_HAL_Driver/Src/stm32h7xx_hal_wwdg.c ****   *         WWDG Callback is redirected to the weak (surcharged) predefined callback
 295:Drivers/STM32H7xx_HAL_Driver/Src/stm32h7xx_hal_wwdg.c ****   * @param  hwwdg WWDG handle
 296:Drivers/STM32H7xx_HAL_Driver/Src/stm32h7xx_hal_wwdg.c ****   * @param  CallbackID ID of the callback to be registered
 297:Drivers/STM32H7xx_HAL_Driver/Src/stm32h7xx_hal_wwdg.c ****   *         This parameter can be one of the following values:
 298:Drivers/STM32H7xx_HAL_Driver/Src/stm32h7xx_hal_wwdg.c ****   *           @arg @ref HAL_WWDG_EWI_CB_ID Early WakeUp Interrupt Callback ID
 299:Drivers/STM32H7xx_HAL_Driver/Src/stm32h7xx_hal_wwdg.c ****   *           @arg @ref HAL_WWDG_MSPINIT_CB_ID MspInit callback ID
 300:Drivers/STM32H7xx_HAL_Driver/Src/stm32h7xx_hal_wwdg.c ****   * @retval status
 301:Drivers/STM32H7xx_HAL_Driver/Src/stm32h7xx_hal_wwdg.c ****   */
 302:Drivers/STM32H7xx_HAL_Driver/Src/stm32h7xx_hal_wwdg.c **** HAL_StatusTypeDef HAL_WWDG_UnRegisterCallback(WWDG_HandleTypeDef *hwwdg, HAL_WWDG_CallbackIDTypeDef
 303:Drivers/STM32H7xx_HAL_Driver/Src/stm32h7xx_hal_wwdg.c **** {
 304:Drivers/STM32H7xx_HAL_Driver/Src/stm32h7xx_hal_wwdg.c ****   HAL_StatusTypeDef status = HAL_OK;
 305:Drivers/STM32H7xx_HAL_Driver/Src/stm32h7xx_hal_wwdg.c **** 
 306:Drivers/STM32H7xx_HAL_Driver/Src/stm32h7xx_hal_wwdg.c ****   switch (CallbackID)
 307:Drivers/STM32H7xx_HAL_Driver/Src/stm32h7xx_hal_wwdg.c ****   {
 308:Drivers/STM32H7xx_HAL_Driver/Src/stm32h7xx_hal_wwdg.c ****     case HAL_WWDG_EWI_CB_ID:
 309:Drivers/STM32H7xx_HAL_Driver/Src/stm32h7xx_hal_wwdg.c ****       hwwdg->EwiCallback = HAL_WWDG_EarlyWakeupCallback;
 310:Drivers/STM32H7xx_HAL_Driver/Src/stm32h7xx_hal_wwdg.c ****       break;
 311:Drivers/STM32H7xx_HAL_Driver/Src/stm32h7xx_hal_wwdg.c **** 
 312:Drivers/STM32H7xx_HAL_Driver/Src/stm32h7xx_hal_wwdg.c ****     case HAL_WWDG_MSPINIT_CB_ID:
 313:Drivers/STM32H7xx_HAL_Driver/Src/stm32h7xx_hal_wwdg.c ****       hwwdg->MspInitCallback = HAL_WWDG_MspInit;
 314:Drivers/STM32H7xx_HAL_Driver/Src/stm32h7xx_hal_wwdg.c ****       break;
 315:Drivers/STM32H7xx_HAL_Driver/Src/stm32h7xx_hal_wwdg.c **** 
 316:Drivers/STM32H7xx_HAL_Driver/Src/stm32h7xx_hal_wwdg.c ****     default:
 317:Drivers/STM32H7xx_HAL_Driver/Src/stm32h7xx_hal_wwdg.c ****       status = HAL_ERROR;
 318:Drivers/STM32H7xx_HAL_Driver/Src/stm32h7xx_hal_wwdg.c ****       break;
 319:Drivers/STM32H7xx_HAL_Driver/Src/stm32h7xx_hal_wwdg.c ****   }
 320:Drivers/STM32H7xx_HAL_Driver/Src/stm32h7xx_hal_wwdg.c **** 
 321:Drivers/STM32H7xx_HAL_Driver/Src/stm32h7xx_hal_wwdg.c ****   return status;
 322:Drivers/STM32H7xx_HAL_Driver/Src/stm32h7xx_hal_wwdg.c **** }
 323:Drivers/STM32H7xx_HAL_Driver/Src/stm32h7xx_hal_wwdg.c **** #endif /* USE_HAL_WWDG_REGISTER_CALLBACKS */
 324:Drivers/STM32H7xx_HAL_Driver/Src/stm32h7xx_hal_wwdg.c **** 
 325:Drivers/STM32H7xx_HAL_Driver/Src/stm32h7xx_hal_wwdg.c **** /**
 326:Drivers/STM32H7xx_HAL_Driver/Src/stm32h7xx_hal_wwdg.c ****   * @}
 327:Drivers/STM32H7xx_HAL_Driver/Src/stm32h7xx_hal_wwdg.c ****   */
 328:Drivers/STM32H7xx_HAL_Driver/Src/stm32h7xx_hal_wwdg.c **** 
 329:Drivers/STM32H7xx_HAL_Driver/Src/stm32h7xx_hal_wwdg.c **** /** @defgroup WWDG_Exported_Functions_Group2 IO operation functions
 330:Drivers/STM32H7xx_HAL_Driver/Src/stm32h7xx_hal_wwdg.c ****   *  @brief    IO operation functions
 331:Drivers/STM32H7xx_HAL_Driver/Src/stm32h7xx_hal_wwdg.c ****   *
 332:Drivers/STM32H7xx_HAL_Driver/Src/stm32h7xx_hal_wwdg.c **** @verbatim
 333:Drivers/STM32H7xx_HAL_Driver/Src/stm32h7xx_hal_wwdg.c ****   ==============================================================================
ARM GAS  C:\Users\Nathan\AppData\Local\Temp\cc4h9uw3.s 			page 9


 334:Drivers/STM32H7xx_HAL_Driver/Src/stm32h7xx_hal_wwdg.c ****                       ##### IO operation functions #####
 335:Drivers/STM32H7xx_HAL_Driver/Src/stm32h7xx_hal_wwdg.c ****   ==============================================================================
 336:Drivers/STM32H7xx_HAL_Driver/Src/stm32h7xx_hal_wwdg.c ****   [..]
 337:Drivers/STM32H7xx_HAL_Driver/Src/stm32h7xx_hal_wwdg.c ****     This section provides functions allowing to:
 338:Drivers/STM32H7xx_HAL_Driver/Src/stm32h7xx_hal_wwdg.c ****     (+) Refresh the WWDG.
 339:Drivers/STM32H7xx_HAL_Driver/Src/stm32h7xx_hal_wwdg.c ****     (+) Handle WWDG interrupt request and associated function callback.
 340:Drivers/STM32H7xx_HAL_Driver/Src/stm32h7xx_hal_wwdg.c **** 
 341:Drivers/STM32H7xx_HAL_Driver/Src/stm32h7xx_hal_wwdg.c **** @endverbatim
 342:Drivers/STM32H7xx_HAL_Driver/Src/stm32h7xx_hal_wwdg.c ****   * @{
 343:Drivers/STM32H7xx_HAL_Driver/Src/stm32h7xx_hal_wwdg.c ****   */
 344:Drivers/STM32H7xx_HAL_Driver/Src/stm32h7xx_hal_wwdg.c **** 
 345:Drivers/STM32H7xx_HAL_Driver/Src/stm32h7xx_hal_wwdg.c **** /**
 346:Drivers/STM32H7xx_HAL_Driver/Src/stm32h7xx_hal_wwdg.c ****   * @brief  Refresh the WWDG.
 347:Drivers/STM32H7xx_HAL_Driver/Src/stm32h7xx_hal_wwdg.c ****   * @param  hwwdg  pointer to a WWDG_HandleTypeDef structure that contains
 348:Drivers/STM32H7xx_HAL_Driver/Src/stm32h7xx_hal_wwdg.c ****   *                the configuration information for the specified WWDG module.
 349:Drivers/STM32H7xx_HAL_Driver/Src/stm32h7xx_hal_wwdg.c ****   * @retval HAL status
 350:Drivers/STM32H7xx_HAL_Driver/Src/stm32h7xx_hal_wwdg.c ****   */
 351:Drivers/STM32H7xx_HAL_Driver/Src/stm32h7xx_hal_wwdg.c **** HAL_StatusTypeDef HAL_WWDG_Refresh(WWDG_HandleTypeDef *hwwdg)
 352:Drivers/STM32H7xx_HAL_Driver/Src/stm32h7xx_hal_wwdg.c **** {
 112              		.loc 1 352 1 is_stmt 1 view -0
 113              		.cfi_startproc
 114              		@ args = 0, pretend = 0, frame = 0
 115              		@ frame_needed = 0, uses_anonymous_args = 0
 116              		@ link register save eliminated.
 353:Drivers/STM32H7xx_HAL_Driver/Src/stm32h7xx_hal_wwdg.c ****   /* Write to WWDG CR the WWDG Counter value to refresh with */
 354:Drivers/STM32H7xx_HAL_Driver/Src/stm32h7xx_hal_wwdg.c ****   WRITE_REG(hwwdg->Instance->CR, (hwwdg->Init.Counter));
 117              		.loc 1 354 3 view .LVU21
 118 0000 0368     		ldr	r3, [r0]
 119 0002 C268     		ldr	r2, [r0, #12]
 120 0004 1A60     		str	r2, [r3]
 355:Drivers/STM32H7xx_HAL_Driver/Src/stm32h7xx_hal_wwdg.c **** 
 356:Drivers/STM32H7xx_HAL_Driver/Src/stm32h7xx_hal_wwdg.c ****   /* Return function status */
 357:Drivers/STM32H7xx_HAL_Driver/Src/stm32h7xx_hal_wwdg.c ****   return HAL_OK;
 121              		.loc 1 357 3 view .LVU22
 358:Drivers/STM32H7xx_HAL_Driver/Src/stm32h7xx_hal_wwdg.c **** }
 122              		.loc 1 358 1 is_stmt 0 view .LVU23
 123 0006 0020     		movs	r0, #0
 124              	.LVL6:
 125              		.loc 1 358 1 view .LVU24
 126 0008 7047     		bx	lr
 127              		.cfi_endproc
 128              	.LFE146:
 130              		.section	.text.HAL_WWDG_EarlyWakeupCallback,"ax",%progbits
 131              		.align	1
 132              		.weak	HAL_WWDG_EarlyWakeupCallback
 133              		.syntax unified
 134              		.thumb
 135              		.thumb_func
 137              	HAL_WWDG_EarlyWakeupCallback:
 138              	.LVL7:
 139              	.LFB148:
 359:Drivers/STM32H7xx_HAL_Driver/Src/stm32h7xx_hal_wwdg.c **** 
 360:Drivers/STM32H7xx_HAL_Driver/Src/stm32h7xx_hal_wwdg.c **** /**
 361:Drivers/STM32H7xx_HAL_Driver/Src/stm32h7xx_hal_wwdg.c ****   * @brief  Handle WWDG interrupt request.
 362:Drivers/STM32H7xx_HAL_Driver/Src/stm32h7xx_hal_wwdg.c ****   * @note   The Early Wakeup Interrupt (EWI) can be used if specific safety operations
 363:Drivers/STM32H7xx_HAL_Driver/Src/stm32h7xx_hal_wwdg.c ****   *         or data logging must be performed before the actual reset is generated.
 364:Drivers/STM32H7xx_HAL_Driver/Src/stm32h7xx_hal_wwdg.c ****   *         The EWI interrupt is enabled by calling HAL_WWDG_Init function with
ARM GAS  C:\Users\Nathan\AppData\Local\Temp\cc4h9uw3.s 			page 10


 365:Drivers/STM32H7xx_HAL_Driver/Src/stm32h7xx_hal_wwdg.c ****   *         EWIMode set to WWDG_EWI_ENABLE.
 366:Drivers/STM32H7xx_HAL_Driver/Src/stm32h7xx_hal_wwdg.c ****   *         When the downcounter reaches the value 0x40, and EWI interrupt is
 367:Drivers/STM32H7xx_HAL_Driver/Src/stm32h7xx_hal_wwdg.c ****   *         generated and the corresponding Interrupt Service Routine (ISR) can
 368:Drivers/STM32H7xx_HAL_Driver/Src/stm32h7xx_hal_wwdg.c ****   *         be used to trigger specific actions (such as communications or data
 369:Drivers/STM32H7xx_HAL_Driver/Src/stm32h7xx_hal_wwdg.c ****   *         logging), before resetting the device.
 370:Drivers/STM32H7xx_HAL_Driver/Src/stm32h7xx_hal_wwdg.c ****   * @param  hwwdg  pointer to a WWDG_HandleTypeDef structure that contains
 371:Drivers/STM32H7xx_HAL_Driver/Src/stm32h7xx_hal_wwdg.c ****   *                the configuration information for the specified WWDG module.
 372:Drivers/STM32H7xx_HAL_Driver/Src/stm32h7xx_hal_wwdg.c ****   * @retval None
 373:Drivers/STM32H7xx_HAL_Driver/Src/stm32h7xx_hal_wwdg.c ****   */
 374:Drivers/STM32H7xx_HAL_Driver/Src/stm32h7xx_hal_wwdg.c **** void HAL_WWDG_IRQHandler(WWDG_HandleTypeDef *hwwdg)
 375:Drivers/STM32H7xx_HAL_Driver/Src/stm32h7xx_hal_wwdg.c **** {
 376:Drivers/STM32H7xx_HAL_Driver/Src/stm32h7xx_hal_wwdg.c ****   /* Check if Early Wakeup Interrupt is enable */
 377:Drivers/STM32H7xx_HAL_Driver/Src/stm32h7xx_hal_wwdg.c ****   if (__HAL_WWDG_GET_IT_SOURCE(hwwdg, WWDG_IT_EWI) != RESET)
 378:Drivers/STM32H7xx_HAL_Driver/Src/stm32h7xx_hal_wwdg.c ****   {
 379:Drivers/STM32H7xx_HAL_Driver/Src/stm32h7xx_hal_wwdg.c ****     /* Check if WWDG Early Wakeup Interrupt occurred */
 380:Drivers/STM32H7xx_HAL_Driver/Src/stm32h7xx_hal_wwdg.c ****     if (__HAL_WWDG_GET_FLAG(hwwdg, WWDG_FLAG_EWIF) != RESET)
 381:Drivers/STM32H7xx_HAL_Driver/Src/stm32h7xx_hal_wwdg.c ****     {
 382:Drivers/STM32H7xx_HAL_Driver/Src/stm32h7xx_hal_wwdg.c ****       /* Clear the WWDG Early Wakeup flag */
 383:Drivers/STM32H7xx_HAL_Driver/Src/stm32h7xx_hal_wwdg.c ****       __HAL_WWDG_CLEAR_FLAG(hwwdg, WWDG_FLAG_EWIF);
 384:Drivers/STM32H7xx_HAL_Driver/Src/stm32h7xx_hal_wwdg.c **** 
 385:Drivers/STM32H7xx_HAL_Driver/Src/stm32h7xx_hal_wwdg.c **** #if (USE_HAL_WWDG_REGISTER_CALLBACKS == 1)
 386:Drivers/STM32H7xx_HAL_Driver/Src/stm32h7xx_hal_wwdg.c ****       /* Early Wakeup registered callback */
 387:Drivers/STM32H7xx_HAL_Driver/Src/stm32h7xx_hal_wwdg.c ****       hwwdg->EwiCallback(hwwdg);
 388:Drivers/STM32H7xx_HAL_Driver/Src/stm32h7xx_hal_wwdg.c **** #else
 389:Drivers/STM32H7xx_HAL_Driver/Src/stm32h7xx_hal_wwdg.c ****       /* Early Wakeup callback */
 390:Drivers/STM32H7xx_HAL_Driver/Src/stm32h7xx_hal_wwdg.c ****       HAL_WWDG_EarlyWakeupCallback(hwwdg);
 391:Drivers/STM32H7xx_HAL_Driver/Src/stm32h7xx_hal_wwdg.c **** #endif /* USE_HAL_WWDG_REGISTER_CALLBACKS */
 392:Drivers/STM32H7xx_HAL_Driver/Src/stm32h7xx_hal_wwdg.c ****     }
 393:Drivers/STM32H7xx_HAL_Driver/Src/stm32h7xx_hal_wwdg.c ****   }
 394:Drivers/STM32H7xx_HAL_Driver/Src/stm32h7xx_hal_wwdg.c **** }
 395:Drivers/STM32H7xx_HAL_Driver/Src/stm32h7xx_hal_wwdg.c **** 
 396:Drivers/STM32H7xx_HAL_Driver/Src/stm32h7xx_hal_wwdg.c **** 
 397:Drivers/STM32H7xx_HAL_Driver/Src/stm32h7xx_hal_wwdg.c **** /**
 398:Drivers/STM32H7xx_HAL_Driver/Src/stm32h7xx_hal_wwdg.c ****   * @brief  WWDG Early Wakeup callback.
 399:Drivers/STM32H7xx_HAL_Driver/Src/stm32h7xx_hal_wwdg.c ****   * @param  hwwdg  pointer to a WWDG_HandleTypeDef structure that contains
 400:Drivers/STM32H7xx_HAL_Driver/Src/stm32h7xx_hal_wwdg.c ****   *                the configuration information for the specified WWDG module.
 401:Drivers/STM32H7xx_HAL_Driver/Src/stm32h7xx_hal_wwdg.c ****   * @retval None
 402:Drivers/STM32H7xx_HAL_Driver/Src/stm32h7xx_hal_wwdg.c ****   */
 403:Drivers/STM32H7xx_HAL_Driver/Src/stm32h7xx_hal_wwdg.c **** __weak void HAL_WWDG_EarlyWakeupCallback(WWDG_HandleTypeDef *hwwdg)
 404:Drivers/STM32H7xx_HAL_Driver/Src/stm32h7xx_hal_wwdg.c **** {
 140              		.loc 1 404 1 is_stmt 1 view -0
 141              		.cfi_startproc
 142              		@ args = 0, pretend = 0, frame = 0
 143              		@ frame_needed = 0, uses_anonymous_args = 0
 144              		@ link register save eliminated.
 405:Drivers/STM32H7xx_HAL_Driver/Src/stm32h7xx_hal_wwdg.c ****   /* Prevent unused argument(s) compilation warning */
 406:Drivers/STM32H7xx_HAL_Driver/Src/stm32h7xx_hal_wwdg.c ****   UNUSED(hwwdg);
 145              		.loc 1 406 3 view .LVU26
 407:Drivers/STM32H7xx_HAL_Driver/Src/stm32h7xx_hal_wwdg.c **** 
 408:Drivers/STM32H7xx_HAL_Driver/Src/stm32h7xx_hal_wwdg.c ****   /* NOTE: This function should not be modified, when the callback is needed,
 409:Drivers/STM32H7xx_HAL_Driver/Src/stm32h7xx_hal_wwdg.c ****            the HAL_WWDG_EarlyWakeupCallback could be implemented in the user file
 410:Drivers/STM32H7xx_HAL_Driver/Src/stm32h7xx_hal_wwdg.c ****    */
 411:Drivers/STM32H7xx_HAL_Driver/Src/stm32h7xx_hal_wwdg.c **** }
 146              		.loc 1 411 1 is_stmt 0 view .LVU27
 147 0000 7047     		bx	lr
 148              		.cfi_endproc
 149              	.LFE148:
ARM GAS  C:\Users\Nathan\AppData\Local\Temp\cc4h9uw3.s 			page 11


 151              		.section	.text.HAL_WWDG_IRQHandler,"ax",%progbits
 152              		.align	1
 153              		.global	HAL_WWDG_IRQHandler
 154              		.syntax unified
 155              		.thumb
 156              		.thumb_func
 158              	HAL_WWDG_IRQHandler:
 159              	.LVL8:
 160              	.LFB147:
 375:Drivers/STM32H7xx_HAL_Driver/Src/stm32h7xx_hal_wwdg.c ****   /* Check if Early Wakeup Interrupt is enable */
 161              		.loc 1 375 1 is_stmt 1 view -0
 162              		.cfi_startproc
 163              		@ args = 0, pretend = 0, frame = 0
 164              		@ frame_needed = 0, uses_anonymous_args = 0
 375:Drivers/STM32H7xx_HAL_Driver/Src/stm32h7xx_hal_wwdg.c ****   /* Check if Early Wakeup Interrupt is enable */
 165              		.loc 1 375 1 is_stmt 0 view .LVU29
 166 0000 08B5     		push	{r3, lr}
 167              		.cfi_def_cfa_offset 8
 168              		.cfi_offset 3, -8
 169              		.cfi_offset 14, -4
 377:Drivers/STM32H7xx_HAL_Driver/Src/stm32h7xx_hal_wwdg.c ****   {
 170              		.loc 1 377 3 is_stmt 1 view .LVU30
 377:Drivers/STM32H7xx_HAL_Driver/Src/stm32h7xx_hal_wwdg.c ****   {
 171              		.loc 1 377 7 is_stmt 0 view .LVU31
 172 0002 0368     		ldr	r3, [r0]
 173 0004 5A68     		ldr	r2, [r3, #4]
 377:Drivers/STM32H7xx_HAL_Driver/Src/stm32h7xx_hal_wwdg.c ****   {
 174              		.loc 1 377 6 view .LVU32
 175 0006 12F4007F 		tst	r2, #512
 176 000a 03D0     		beq	.L11
 380:Drivers/STM32H7xx_HAL_Driver/Src/stm32h7xx_hal_wwdg.c ****     {
 177              		.loc 1 380 5 is_stmt 1 view .LVU33
 380:Drivers/STM32H7xx_HAL_Driver/Src/stm32h7xx_hal_wwdg.c ****     {
 178              		.loc 1 380 9 is_stmt 0 view .LVU34
 179 000c 9A68     		ldr	r2, [r3, #8]
 380:Drivers/STM32H7xx_HAL_Driver/Src/stm32h7xx_hal_wwdg.c ****     {
 180              		.loc 1 380 8 view .LVU35
 181 000e 12F0010F 		tst	r2, #1
 182 0012 00D1     		bne	.L14
 183              	.LVL9:
 184              	.L11:
 394:Drivers/STM32H7xx_HAL_Driver/Src/stm32h7xx_hal_wwdg.c **** 
 185              		.loc 1 394 1 view .LVU36
 186 0014 08BD     		pop	{r3, pc}
 187              	.LVL10:
 188              	.L14:
 383:Drivers/STM32H7xx_HAL_Driver/Src/stm32h7xx_hal_wwdg.c **** 
 189              		.loc 1 383 7 is_stmt 1 view .LVU37
 190 0016 6FF00102 		mvn	r2, #1
 191 001a 9A60     		str	r2, [r3, #8]
 390:Drivers/STM32H7xx_HAL_Driver/Src/stm32h7xx_hal_wwdg.c **** #endif /* USE_HAL_WWDG_REGISTER_CALLBACKS */
 192              		.loc 1 390 7 view .LVU38
 193 001c FFF7FEFF 		bl	HAL_WWDG_EarlyWakeupCallback
 194              	.LVL11:
 394:Drivers/STM32H7xx_HAL_Driver/Src/stm32h7xx_hal_wwdg.c **** 
 195              		.loc 1 394 1 is_stmt 0 view .LVU39
 196 0020 F8E7     		b	.L11
ARM GAS  C:\Users\Nathan\AppData\Local\Temp\cc4h9uw3.s 			page 12


 197              		.cfi_endproc
 198              	.LFE147:
 200              		.text
 201              	.Letext0:
 202              		.file 2 "C:/Users/Nathan/AppData/Roaming/Code/User/globalStorage/bmd.stm32-for-vscode/@xpack-dev-t
 203              		.file 3 "C:/Users/Nathan/AppData/Roaming/Code/User/globalStorage/bmd.stm32-for-vscode/@xpack-dev-t
 204              		.file 4 "Drivers/CMSIS/Device/ST/STM32H7xx/Include/stm32h753xx.h"
 205              		.file 5 "Drivers/CMSIS/Device/ST/STM32H7xx/Include/stm32h7xx.h"
 206              		.file 6 "Drivers/STM32H7xx_HAL_Driver/Inc/stm32h7xx_hal_def.h"
 207              		.file 7 "Drivers/STM32H7xx_HAL_Driver/Inc/stm32h7xx_hal_wwdg.h"
ARM GAS  C:\Users\Nathan\AppData\Local\Temp\cc4h9uw3.s 			page 13


DEFINED SYMBOLS
                            *ABS*:00000000 stm32h7xx_hal_wwdg.c
C:\Users\Nathan\AppData\Local\Temp\cc4h9uw3.s:20     .text.HAL_WWDG_MspInit:00000000 $t
C:\Users\Nathan\AppData\Local\Temp\cc4h9uw3.s:26     .text.HAL_WWDG_MspInit:00000000 HAL_WWDG_MspInit
C:\Users\Nathan\AppData\Local\Temp\cc4h9uw3.s:41     .text.HAL_WWDG_Init:00000000 $t
C:\Users\Nathan\AppData\Local\Temp\cc4h9uw3.s:47     .text.HAL_WWDG_Init:00000000 HAL_WWDG_Init
C:\Users\Nathan\AppData\Local\Temp\cc4h9uw3.s:103    .text.HAL_WWDG_Refresh:00000000 $t
C:\Users\Nathan\AppData\Local\Temp\cc4h9uw3.s:109    .text.HAL_WWDG_Refresh:00000000 HAL_WWDG_Refresh
C:\Users\Nathan\AppData\Local\Temp\cc4h9uw3.s:131    .text.HAL_WWDG_EarlyWakeupCallback:00000000 $t
C:\Users\Nathan\AppData\Local\Temp\cc4h9uw3.s:137    .text.HAL_WWDG_EarlyWakeupCallback:00000000 HAL_WWDG_EarlyWakeupCallback
C:\Users\Nathan\AppData\Local\Temp\cc4h9uw3.s:152    .text.HAL_WWDG_IRQHandler:00000000 $t
C:\Users\Nathan\AppData\Local\Temp\cc4h9uw3.s:158    .text.HAL_WWDG_IRQHandler:00000000 HAL_WWDG_IRQHandler

NO UNDEFINED SYMBOLS
