ARM GAS  C:\Users\Nathan\AppData\Local\Temp\ccMDy4if.s 			page 1


   1              		.cpu cortex-m4
   2              		.arch armv7e-m
   3              		.fpu fpv4-sp-d16
   4              		.eabi_attribute 27, 1
   5              		.eabi_attribute 28, 1
   6              		.eabi_attribute 20, 1
   7              		.eabi_attribute 21, 1
   8              		.eabi_attribute 23, 3
   9              		.eabi_attribute 24, 1
  10              		.eabi_attribute 25, 1
  11              		.eabi_attribute 26, 1
  12              		.eabi_attribute 30, 1
  13              		.eabi_attribute 34, 1
  14              		.eabi_attribute 18, 4
  15              		.file	"stm32g4xx_hal_pcd_ex.c"
  16              		.text
  17              	.Ltext0:
  18              		.cfi_sections	.debug_frame
  19              		.file 1 "Drivers/STM32G4xx_HAL_Driver/Src/stm32g4xx_hal_pcd_ex.c"
  20              		.section	.text.HAL_PCDEx_PMAConfig,"ax",%progbits
  21              		.align	1
  22              		.global	HAL_PCDEx_PMAConfig
  23              		.syntax unified
  24              		.thumb
  25              		.thumb_func
  27              	HAL_PCDEx_PMAConfig:
  28              	.LVL0:
  29              	.LFB132:
   1:Drivers/STM32G4xx_HAL_Driver/Src/stm32g4xx_hal_pcd_ex.c **** /**
   2:Drivers/STM32G4xx_HAL_Driver/Src/stm32g4xx_hal_pcd_ex.c ****   ******************************************************************************
   3:Drivers/STM32G4xx_HAL_Driver/Src/stm32g4xx_hal_pcd_ex.c ****   * @file    stm32g4xx_hal_pcd_ex.c
   4:Drivers/STM32G4xx_HAL_Driver/Src/stm32g4xx_hal_pcd_ex.c ****   * @author  MCD Application Team
   5:Drivers/STM32G4xx_HAL_Driver/Src/stm32g4xx_hal_pcd_ex.c ****   * @brief   PCD Extended HAL module driver.
   6:Drivers/STM32G4xx_HAL_Driver/Src/stm32g4xx_hal_pcd_ex.c ****   *          This file provides firmware functions to manage the following
   7:Drivers/STM32G4xx_HAL_Driver/Src/stm32g4xx_hal_pcd_ex.c ****   *          functionalities of the USB Peripheral Controller:
   8:Drivers/STM32G4xx_HAL_Driver/Src/stm32g4xx_hal_pcd_ex.c ****   *           + Extended features functions
   9:Drivers/STM32G4xx_HAL_Driver/Src/stm32g4xx_hal_pcd_ex.c ****   *
  10:Drivers/STM32G4xx_HAL_Driver/Src/stm32g4xx_hal_pcd_ex.c ****   ******************************************************************************
  11:Drivers/STM32G4xx_HAL_Driver/Src/stm32g4xx_hal_pcd_ex.c ****   * @attention
  12:Drivers/STM32G4xx_HAL_Driver/Src/stm32g4xx_hal_pcd_ex.c ****   *
  13:Drivers/STM32G4xx_HAL_Driver/Src/stm32g4xx_hal_pcd_ex.c ****   * Copyright (c) 2019 STMicroelectronics.
  14:Drivers/STM32G4xx_HAL_Driver/Src/stm32g4xx_hal_pcd_ex.c ****   * All rights reserved.
  15:Drivers/STM32G4xx_HAL_Driver/Src/stm32g4xx_hal_pcd_ex.c ****   *
  16:Drivers/STM32G4xx_HAL_Driver/Src/stm32g4xx_hal_pcd_ex.c ****   * This software is licensed under terms that can be found in the LICENSE file
  17:Drivers/STM32G4xx_HAL_Driver/Src/stm32g4xx_hal_pcd_ex.c ****   * in the root directory of this software component.
  18:Drivers/STM32G4xx_HAL_Driver/Src/stm32g4xx_hal_pcd_ex.c ****   * If no LICENSE file comes with this software, it is provided AS-IS.
  19:Drivers/STM32G4xx_HAL_Driver/Src/stm32g4xx_hal_pcd_ex.c ****   *
  20:Drivers/STM32G4xx_HAL_Driver/Src/stm32g4xx_hal_pcd_ex.c ****   ******************************************************************************
  21:Drivers/STM32G4xx_HAL_Driver/Src/stm32g4xx_hal_pcd_ex.c ****   */
  22:Drivers/STM32G4xx_HAL_Driver/Src/stm32g4xx_hal_pcd_ex.c **** 
  23:Drivers/STM32G4xx_HAL_Driver/Src/stm32g4xx_hal_pcd_ex.c **** /* Includes ------------------------------------------------------------------*/
  24:Drivers/STM32G4xx_HAL_Driver/Src/stm32g4xx_hal_pcd_ex.c **** #include "stm32g4xx_hal.h"
  25:Drivers/STM32G4xx_HAL_Driver/Src/stm32g4xx_hal_pcd_ex.c **** 
  26:Drivers/STM32G4xx_HAL_Driver/Src/stm32g4xx_hal_pcd_ex.c **** /** @addtogroup STM32G4xx_HAL_Driver
  27:Drivers/STM32G4xx_HAL_Driver/Src/stm32g4xx_hal_pcd_ex.c ****   * @{
  28:Drivers/STM32G4xx_HAL_Driver/Src/stm32g4xx_hal_pcd_ex.c ****   */
  29:Drivers/STM32G4xx_HAL_Driver/Src/stm32g4xx_hal_pcd_ex.c **** 
ARM GAS  C:\Users\Nathan\AppData\Local\Temp\ccMDy4if.s 			page 2


  30:Drivers/STM32G4xx_HAL_Driver/Src/stm32g4xx_hal_pcd_ex.c **** /** @defgroup PCDEx PCDEx
  31:Drivers/STM32G4xx_HAL_Driver/Src/stm32g4xx_hal_pcd_ex.c ****   * @brief PCD Extended HAL module driver
  32:Drivers/STM32G4xx_HAL_Driver/Src/stm32g4xx_hal_pcd_ex.c ****   * @{
  33:Drivers/STM32G4xx_HAL_Driver/Src/stm32g4xx_hal_pcd_ex.c ****   */
  34:Drivers/STM32G4xx_HAL_Driver/Src/stm32g4xx_hal_pcd_ex.c **** 
  35:Drivers/STM32G4xx_HAL_Driver/Src/stm32g4xx_hal_pcd_ex.c **** #ifdef HAL_PCD_MODULE_ENABLED
  36:Drivers/STM32G4xx_HAL_Driver/Src/stm32g4xx_hal_pcd_ex.c **** 
  37:Drivers/STM32G4xx_HAL_Driver/Src/stm32g4xx_hal_pcd_ex.c **** #if defined (USB)
  38:Drivers/STM32G4xx_HAL_Driver/Src/stm32g4xx_hal_pcd_ex.c **** /* Private types -------------------------------------------------------------*/
  39:Drivers/STM32G4xx_HAL_Driver/Src/stm32g4xx_hal_pcd_ex.c **** /* Private variables ---------------------------------------------------------*/
  40:Drivers/STM32G4xx_HAL_Driver/Src/stm32g4xx_hal_pcd_ex.c **** /* Private constants ---------------------------------------------------------*/
  41:Drivers/STM32G4xx_HAL_Driver/Src/stm32g4xx_hal_pcd_ex.c **** /* Private macros ------------------------------------------------------------*/
  42:Drivers/STM32G4xx_HAL_Driver/Src/stm32g4xx_hal_pcd_ex.c **** /* Private functions ---------------------------------------------------------*/
  43:Drivers/STM32G4xx_HAL_Driver/Src/stm32g4xx_hal_pcd_ex.c **** /* Exported functions --------------------------------------------------------*/
  44:Drivers/STM32G4xx_HAL_Driver/Src/stm32g4xx_hal_pcd_ex.c **** 
  45:Drivers/STM32G4xx_HAL_Driver/Src/stm32g4xx_hal_pcd_ex.c **** /** @defgroup PCDEx_Exported_Functions PCDEx Exported Functions
  46:Drivers/STM32G4xx_HAL_Driver/Src/stm32g4xx_hal_pcd_ex.c ****   * @{
  47:Drivers/STM32G4xx_HAL_Driver/Src/stm32g4xx_hal_pcd_ex.c ****   */
  48:Drivers/STM32G4xx_HAL_Driver/Src/stm32g4xx_hal_pcd_ex.c **** 
  49:Drivers/STM32G4xx_HAL_Driver/Src/stm32g4xx_hal_pcd_ex.c **** /** @defgroup PCDEx_Exported_Functions_Group1 Peripheral Control functions
  50:Drivers/STM32G4xx_HAL_Driver/Src/stm32g4xx_hal_pcd_ex.c ****   * @brief    PCDEx control functions
  51:Drivers/STM32G4xx_HAL_Driver/Src/stm32g4xx_hal_pcd_ex.c ****   *
  52:Drivers/STM32G4xx_HAL_Driver/Src/stm32g4xx_hal_pcd_ex.c **** @verbatim
  53:Drivers/STM32G4xx_HAL_Driver/Src/stm32g4xx_hal_pcd_ex.c ****  ===============================================================================
  54:Drivers/STM32G4xx_HAL_Driver/Src/stm32g4xx_hal_pcd_ex.c ****                  ##### Extended features functions #####
  55:Drivers/STM32G4xx_HAL_Driver/Src/stm32g4xx_hal_pcd_ex.c ****  ===============================================================================
  56:Drivers/STM32G4xx_HAL_Driver/Src/stm32g4xx_hal_pcd_ex.c ****     [..]  This section provides functions allowing to:
  57:Drivers/STM32G4xx_HAL_Driver/Src/stm32g4xx_hal_pcd_ex.c ****       (+) Update FIFO configuration
  58:Drivers/STM32G4xx_HAL_Driver/Src/stm32g4xx_hal_pcd_ex.c **** 
  59:Drivers/STM32G4xx_HAL_Driver/Src/stm32g4xx_hal_pcd_ex.c **** @endverbatim
  60:Drivers/STM32G4xx_HAL_Driver/Src/stm32g4xx_hal_pcd_ex.c ****   * @{
  61:Drivers/STM32G4xx_HAL_Driver/Src/stm32g4xx_hal_pcd_ex.c ****   */
  62:Drivers/STM32G4xx_HAL_Driver/Src/stm32g4xx_hal_pcd_ex.c **** 
  63:Drivers/STM32G4xx_HAL_Driver/Src/stm32g4xx_hal_pcd_ex.c **** /**
  64:Drivers/STM32G4xx_HAL_Driver/Src/stm32g4xx_hal_pcd_ex.c ****   * @brief  Configure PMA for EP
  65:Drivers/STM32G4xx_HAL_Driver/Src/stm32g4xx_hal_pcd_ex.c ****   * @param  hpcd  Device instance
  66:Drivers/STM32G4xx_HAL_Driver/Src/stm32g4xx_hal_pcd_ex.c ****   * @param  ep_addr endpoint address
  67:Drivers/STM32G4xx_HAL_Driver/Src/stm32g4xx_hal_pcd_ex.c ****   * @param  ep_kind endpoint Kind
  68:Drivers/STM32G4xx_HAL_Driver/Src/stm32g4xx_hal_pcd_ex.c ****   *                  USB_SNG_BUF: Single Buffer used
  69:Drivers/STM32G4xx_HAL_Driver/Src/stm32g4xx_hal_pcd_ex.c ****   *                  USB_DBL_BUF: Double Buffer used
  70:Drivers/STM32G4xx_HAL_Driver/Src/stm32g4xx_hal_pcd_ex.c ****   * @param  pmaadress: EP address in The PMA: In case of single buffer endpoint
  71:Drivers/STM32G4xx_HAL_Driver/Src/stm32g4xx_hal_pcd_ex.c ****   *                   this parameter is 16-bit value providing the address
  72:Drivers/STM32G4xx_HAL_Driver/Src/stm32g4xx_hal_pcd_ex.c ****   *                   in PMA allocated to endpoint.
  73:Drivers/STM32G4xx_HAL_Driver/Src/stm32g4xx_hal_pcd_ex.c ****   *                   In case of double buffer endpoint this parameter
  74:Drivers/STM32G4xx_HAL_Driver/Src/stm32g4xx_hal_pcd_ex.c ****   *                   is a 32-bit value providing the endpoint buffer 0 address
  75:Drivers/STM32G4xx_HAL_Driver/Src/stm32g4xx_hal_pcd_ex.c ****   *                   in the LSB part of 32-bit value and endpoint buffer 1 address
  76:Drivers/STM32G4xx_HAL_Driver/Src/stm32g4xx_hal_pcd_ex.c ****   *                   in the MSB part of 32-bit value.
  77:Drivers/STM32G4xx_HAL_Driver/Src/stm32g4xx_hal_pcd_ex.c ****   * @retval HAL status
  78:Drivers/STM32G4xx_HAL_Driver/Src/stm32g4xx_hal_pcd_ex.c ****   */
  79:Drivers/STM32G4xx_HAL_Driver/Src/stm32g4xx_hal_pcd_ex.c **** 
  80:Drivers/STM32G4xx_HAL_Driver/Src/stm32g4xx_hal_pcd_ex.c **** HAL_StatusTypeDef  HAL_PCDEx_PMAConfig(PCD_HandleTypeDef *hpcd, uint16_t ep_addr,
  81:Drivers/STM32G4xx_HAL_Driver/Src/stm32g4xx_hal_pcd_ex.c ****                                        uint16_t ep_kind, uint32_t pmaadress)
  82:Drivers/STM32G4xx_HAL_Driver/Src/stm32g4xx_hal_pcd_ex.c **** {
  30              		.loc 1 82 1 view -0
  31              		.cfi_startproc
  32              		@ args = 0, pretend = 0, frame = 0
  33              		@ frame_needed = 0, uses_anonymous_args = 0
ARM GAS  C:\Users\Nathan\AppData\Local\Temp\ccMDy4if.s 			page 3


  34              		@ link register save eliminated.
  83:Drivers/STM32G4xx_HAL_Driver/Src/stm32g4xx_hal_pcd_ex.c ****   PCD_EPTypeDef *ep;
  35              		.loc 1 83 3 view .LVU1
  84:Drivers/STM32G4xx_HAL_Driver/Src/stm32g4xx_hal_pcd_ex.c **** 
  85:Drivers/STM32G4xx_HAL_Driver/Src/stm32g4xx_hal_pcd_ex.c ****   /* initialize ep structure*/
  86:Drivers/STM32G4xx_HAL_Driver/Src/stm32g4xx_hal_pcd_ex.c ****   if ((0x80U & ep_addr) == 0x80U)
  36              		.loc 1 86 3 view .LVU2
  37              		.loc 1 86 6 is_stmt 0 view .LVU3
  38 0000 11F0800F 		tst	r1, #128
  39 0004 0BD0     		beq	.L2
  87:Drivers/STM32G4xx_HAL_Driver/Src/stm32g4xx_hal_pcd_ex.c ****   {
  88:Drivers/STM32G4xx_HAL_Driver/Src/stm32g4xx_hal_pcd_ex.c ****     ep = &hpcd->IN_ep[ep_addr & EP_ADDR_MSK];
  40              		.loc 1 88 5 is_stmt 1 view .LVU4
  41              		.loc 1 88 31 is_stmt 0 view .LVU5
  42 0006 01F00701 		and	r1, r1, #7
  43              	.LVL1:
  44              		.loc 1 88 8 view .LVU6
  45 000a 01EB8101 		add	r1, r1, r1, lsl #2
  46 000e C900     		lsls	r1, r1, #3
  47 0010 1031     		adds	r1, r1, #16
  48 0012 0844     		add	r0, r0, r1
  49              	.LVL2:
  50              	.L3:
  89:Drivers/STM32G4xx_HAL_Driver/Src/stm32g4xx_hal_pcd_ex.c ****   }
  90:Drivers/STM32G4xx_HAL_Driver/Src/stm32g4xx_hal_pcd_ex.c ****   else
  91:Drivers/STM32G4xx_HAL_Driver/Src/stm32g4xx_hal_pcd_ex.c ****   {
  92:Drivers/STM32G4xx_HAL_Driver/Src/stm32g4xx_hal_pcd_ex.c ****     ep = &hpcd->OUT_ep[ep_addr];
  93:Drivers/STM32G4xx_HAL_Driver/Src/stm32g4xx_hal_pcd_ex.c ****   }
  94:Drivers/STM32G4xx_HAL_Driver/Src/stm32g4xx_hal_pcd_ex.c **** 
  95:Drivers/STM32G4xx_HAL_Driver/Src/stm32g4xx_hal_pcd_ex.c ****   /* Here we check if the endpoint is single or double Buffer*/
  96:Drivers/STM32G4xx_HAL_Driver/Src/stm32g4xx_hal_pcd_ex.c ****   if (ep_kind == PCD_SNG_BUF)
  51              		.loc 1 96 3 is_stmt 1 view .LVU7
  52              		.loc 1 96 6 is_stmt 0 view .LVU8
  53 0014 52B9     		cbnz	r2, .L4
  97:Drivers/STM32G4xx_HAL_Driver/Src/stm32g4xx_hal_pcd_ex.c ****   {
  98:Drivers/STM32G4xx_HAL_Driver/Src/stm32g4xx_hal_pcd_ex.c ****     /* Single Buffer */
  99:Drivers/STM32G4xx_HAL_Driver/Src/stm32g4xx_hal_pcd_ex.c ****     ep->doublebuffer = 0U;
  54              		.loc 1 99 5 is_stmt 1 view .LVU9
  55              		.loc 1 99 22 is_stmt 0 view .LVU10
  56 0016 0273     		strb	r2, [r0, #12]
 100:Drivers/STM32G4xx_HAL_Driver/Src/stm32g4xx_hal_pcd_ex.c ****     /* Configure the PMA */
 101:Drivers/STM32G4xx_HAL_Driver/Src/stm32g4xx_hal_pcd_ex.c ****     ep->pmaadress = (uint16_t)pmaadress;
  57              		.loc 1 101 5 is_stmt 1 view .LVU11
  58              		.loc 1 101 19 is_stmt 0 view .LVU12
  59 0018 C380     		strh	r3, [r0, #6]	@ movhi
  60              	.LVL3:
  61              	.L5:
 102:Drivers/STM32G4xx_HAL_Driver/Src/stm32g4xx_hal_pcd_ex.c ****   }
 103:Drivers/STM32G4xx_HAL_Driver/Src/stm32g4xx_hal_pcd_ex.c **** #if (USE_USB_DOUBLE_BUFFER == 1U)
 104:Drivers/STM32G4xx_HAL_Driver/Src/stm32g4xx_hal_pcd_ex.c ****   else /* USB_DBL_BUF */
 105:Drivers/STM32G4xx_HAL_Driver/Src/stm32g4xx_hal_pcd_ex.c ****   {
 106:Drivers/STM32G4xx_HAL_Driver/Src/stm32g4xx_hal_pcd_ex.c ****     /* Double Buffer Endpoint */
 107:Drivers/STM32G4xx_HAL_Driver/Src/stm32g4xx_hal_pcd_ex.c ****     ep->doublebuffer = 1U;
 108:Drivers/STM32G4xx_HAL_Driver/Src/stm32g4xx_hal_pcd_ex.c ****     /* Configure the PMA */
 109:Drivers/STM32G4xx_HAL_Driver/Src/stm32g4xx_hal_pcd_ex.c ****     ep->pmaaddr0 = (uint16_t)(pmaadress & 0xFFFFU);
 110:Drivers/STM32G4xx_HAL_Driver/Src/stm32g4xx_hal_pcd_ex.c ****     ep->pmaaddr1 = (uint16_t)((pmaadress & 0xFFFF0000U) >> 16);
 111:Drivers/STM32G4xx_HAL_Driver/Src/stm32g4xx_hal_pcd_ex.c ****   }
ARM GAS  C:\Users\Nathan\AppData\Local\Temp\ccMDy4if.s 			page 4


 112:Drivers/STM32G4xx_HAL_Driver/Src/stm32g4xx_hal_pcd_ex.c **** #endif /* (USE_USB_DOUBLE_BUFFER == 1U) */
 113:Drivers/STM32G4xx_HAL_Driver/Src/stm32g4xx_hal_pcd_ex.c **** 
 114:Drivers/STM32G4xx_HAL_Driver/Src/stm32g4xx_hal_pcd_ex.c ****   return HAL_OK;
  62              		.loc 1 114 3 is_stmt 1 view .LVU13
 115:Drivers/STM32G4xx_HAL_Driver/Src/stm32g4xx_hal_pcd_ex.c **** }
  63              		.loc 1 115 1 is_stmt 0 view .LVU14
  64 001a 0020     		movs	r0, #0
  65              	.LVL4:
  66              		.loc 1 115 1 view .LVU15
  67 001c 7047     		bx	lr
  68              	.LVL5:
  69              	.L2:
  92:Drivers/STM32G4xx_HAL_Driver/Src/stm32g4xx_hal_pcd_ex.c ****   }
  70              		.loc 1 92 5 is_stmt 1 view .LVU16
  92:Drivers/STM32G4xx_HAL_Driver/Src/stm32g4xx_hal_pcd_ex.c ****   }
  71              		.loc 1 92 8 is_stmt 0 view .LVU17
  72 001e 01EB8101 		add	r1, r1, r1, lsl #2
  73              	.LVL6:
  92:Drivers/STM32G4xx_HAL_Driver/Src/stm32g4xx_hal_pcd_ex.c ****   }
  74              		.loc 1 92 8 view .LVU18
  75 0022 C900     		lsls	r1, r1, #3
  76 0024 01F5A871 		add	r1, r1, #336
  77 0028 0844     		add	r0, r0, r1
  78              	.LVL7:
  92:Drivers/STM32G4xx_HAL_Driver/Src/stm32g4xx_hal_pcd_ex.c ****   }
  79              		.loc 1 92 8 view .LVU19
  80 002a F3E7     		b	.L3
  81              	.LVL8:
  82              	.L4:
 107:Drivers/STM32G4xx_HAL_Driver/Src/stm32g4xx_hal_pcd_ex.c ****     /* Configure the PMA */
  83              		.loc 1 107 5 is_stmt 1 view .LVU20
 107:Drivers/STM32G4xx_HAL_Driver/Src/stm32g4xx_hal_pcd_ex.c ****     /* Configure the PMA */
  84              		.loc 1 107 22 is_stmt 0 view .LVU21
  85 002c 0122     		movs	r2, #1
  86              	.LVL9:
 107:Drivers/STM32G4xx_HAL_Driver/Src/stm32g4xx_hal_pcd_ex.c ****     /* Configure the PMA */
  87              		.loc 1 107 22 view .LVU22
  88 002e 0273     		strb	r2, [r0, #12]
 109:Drivers/STM32G4xx_HAL_Driver/Src/stm32g4xx_hal_pcd_ex.c ****     ep->pmaaddr1 = (uint16_t)((pmaadress & 0xFFFF0000U) >> 16);
  89              		.loc 1 109 5 is_stmt 1 view .LVU23
 109:Drivers/STM32G4xx_HAL_Driver/Src/stm32g4xx_hal_pcd_ex.c ****     ep->pmaaddr1 = (uint16_t)((pmaadress & 0xFFFF0000U) >> 16);
  90              		.loc 1 109 18 is_stmt 0 view .LVU24
  91 0030 0381     		strh	r3, [r0, #8]	@ movhi
 110:Drivers/STM32G4xx_HAL_Driver/Src/stm32g4xx_hal_pcd_ex.c ****   }
  92              		.loc 1 110 5 is_stmt 1 view .LVU25
 110:Drivers/STM32G4xx_HAL_Driver/Src/stm32g4xx_hal_pcd_ex.c ****   }
  93              		.loc 1 110 20 is_stmt 0 view .LVU26
  94 0032 1B0C     		lsrs	r3, r3, #16
  95              	.LVL10:
 110:Drivers/STM32G4xx_HAL_Driver/Src/stm32g4xx_hal_pcd_ex.c ****   }
  96              		.loc 1 110 18 view .LVU27
  97 0034 4381     		strh	r3, [r0, #10]	@ movhi
  98 0036 F0E7     		b	.L5
  99              		.cfi_endproc
 100              	.LFE132:
 102              		.section	.text.HAL_PCDEx_ActivateBCD,"ax",%progbits
 103              		.align	1
ARM GAS  C:\Users\Nathan\AppData\Local\Temp\ccMDy4if.s 			page 5


 104              		.global	HAL_PCDEx_ActivateBCD
 105              		.syntax unified
 106              		.thumb
 107              		.thumb_func
 109              	HAL_PCDEx_ActivateBCD:
 110              	.LVL11:
 111              	.LFB133:
 116:Drivers/STM32G4xx_HAL_Driver/Src/stm32g4xx_hal_pcd_ex.c **** 
 117:Drivers/STM32G4xx_HAL_Driver/Src/stm32g4xx_hal_pcd_ex.c **** /**
 118:Drivers/STM32G4xx_HAL_Driver/Src/stm32g4xx_hal_pcd_ex.c ****   * @brief  Activate BatteryCharging feature.
 119:Drivers/STM32G4xx_HAL_Driver/Src/stm32g4xx_hal_pcd_ex.c ****   * @param  hpcd PCD handle
 120:Drivers/STM32G4xx_HAL_Driver/Src/stm32g4xx_hal_pcd_ex.c ****   * @retval HAL status
 121:Drivers/STM32G4xx_HAL_Driver/Src/stm32g4xx_hal_pcd_ex.c ****   */
 122:Drivers/STM32G4xx_HAL_Driver/Src/stm32g4xx_hal_pcd_ex.c **** HAL_StatusTypeDef HAL_PCDEx_ActivateBCD(PCD_HandleTypeDef *hpcd)
 123:Drivers/STM32G4xx_HAL_Driver/Src/stm32g4xx_hal_pcd_ex.c **** {
 112              		.loc 1 123 1 is_stmt 1 view -0
 113              		.cfi_startproc
 114              		@ args = 0, pretend = 0, frame = 0
 115              		@ frame_needed = 0, uses_anonymous_args = 0
 116              		@ link register save eliminated.
 124:Drivers/STM32G4xx_HAL_Driver/Src/stm32g4xx_hal_pcd_ex.c ****   USB_TypeDef *USBx = hpcd->Instance;
 117              		.loc 1 124 3 view .LVU29
 118              		.loc 1 124 16 is_stmt 0 view .LVU30
 119 0000 0368     		ldr	r3, [r0]
 120              	.LVL12:
 125:Drivers/STM32G4xx_HAL_Driver/Src/stm32g4xx_hal_pcd_ex.c ****   hpcd->battery_charging_active = 1U;
 121              		.loc 1 125 3 is_stmt 1 view .LVU31
 122              		.loc 1 125 33 is_stmt 0 view .LVU32
 123 0002 0122     		movs	r2, #1
 124 0004 C0F8D422 		str	r2, [r0, #724]
 126:Drivers/STM32G4xx_HAL_Driver/Src/stm32g4xx_hal_pcd_ex.c **** 
 127:Drivers/STM32G4xx_HAL_Driver/Src/stm32g4xx_hal_pcd_ex.c ****   /* Enable BCD feature */
 128:Drivers/STM32G4xx_HAL_Driver/Src/stm32g4xx_hal_pcd_ex.c ****   USBx->BCDR |= USB_BCDR_BCDEN;
 125              		.loc 1 128 3 is_stmt 1 view .LVU33
 126              		.loc 1 128 7 is_stmt 0 view .LVU34
 127 0008 B3F85820 		ldrh	r2, [r3, #88]
 128 000c 92B2     		uxth	r2, r2
 129              		.loc 1 128 14 view .LVU35
 130 000e 42F00102 		orr	r2, r2, #1
 131 0012 A3F85820 		strh	r2, [r3, #88]	@ movhi
 129:Drivers/STM32G4xx_HAL_Driver/Src/stm32g4xx_hal_pcd_ex.c **** 
 130:Drivers/STM32G4xx_HAL_Driver/Src/stm32g4xx_hal_pcd_ex.c ****   /* Enable DCD : Data Contact Detect */
 131:Drivers/STM32G4xx_HAL_Driver/Src/stm32g4xx_hal_pcd_ex.c ****   USBx->BCDR &= ~(USB_BCDR_PDEN);
 132              		.loc 1 131 3 is_stmt 1 view .LVU36
 133              		.loc 1 131 7 is_stmt 0 view .LVU37
 134 0016 B3F85820 		ldrh	r2, [r3, #88]
 135 001a 92B2     		uxth	r2, r2
 136              		.loc 1 131 14 view .LVU38
 137 001c 22F00402 		bic	r2, r2, #4
 138 0020 92B2     		uxth	r2, r2
 139 0022 A3F85820 		strh	r2, [r3, #88]	@ movhi
 132:Drivers/STM32G4xx_HAL_Driver/Src/stm32g4xx_hal_pcd_ex.c ****   USBx->BCDR &= ~(USB_BCDR_SDEN);
 140              		.loc 1 132 3 is_stmt 1 view .LVU39
 141              		.loc 1 132 7 is_stmt 0 view .LVU40
 142 0026 B3F85820 		ldrh	r2, [r3, #88]
 143 002a 92B2     		uxth	r2, r2
 144              		.loc 1 132 14 view .LVU41
ARM GAS  C:\Users\Nathan\AppData\Local\Temp\ccMDy4if.s 			page 6


 145 002c 22F00802 		bic	r2, r2, #8
 146 0030 92B2     		uxth	r2, r2
 147 0032 A3F85820 		strh	r2, [r3, #88]	@ movhi
 133:Drivers/STM32G4xx_HAL_Driver/Src/stm32g4xx_hal_pcd_ex.c ****   USBx->BCDR |= USB_BCDR_DCDEN;
 148              		.loc 1 133 3 is_stmt 1 view .LVU42
 149              		.loc 1 133 7 is_stmt 0 view .LVU43
 150 0036 B3F85820 		ldrh	r2, [r3, #88]
 151 003a 92B2     		uxth	r2, r2
 152              		.loc 1 133 14 view .LVU44
 153 003c 42F00202 		orr	r2, r2, #2
 154 0040 A3F85820 		strh	r2, [r3, #88]	@ movhi
 134:Drivers/STM32G4xx_HAL_Driver/Src/stm32g4xx_hal_pcd_ex.c **** 
 135:Drivers/STM32G4xx_HAL_Driver/Src/stm32g4xx_hal_pcd_ex.c ****   return HAL_OK;
 155              		.loc 1 135 3 is_stmt 1 view .LVU45
 136:Drivers/STM32G4xx_HAL_Driver/Src/stm32g4xx_hal_pcd_ex.c **** }
 156              		.loc 1 136 1 is_stmt 0 view .LVU46
 157 0044 0020     		movs	r0, #0
 158              	.LVL13:
 159              		.loc 1 136 1 view .LVU47
 160 0046 7047     		bx	lr
 161              		.cfi_endproc
 162              	.LFE133:
 164              		.section	.text.HAL_PCDEx_DeActivateBCD,"ax",%progbits
 165              		.align	1
 166              		.global	HAL_PCDEx_DeActivateBCD
 167              		.syntax unified
 168              		.thumb
 169              		.thumb_func
 171              	HAL_PCDEx_DeActivateBCD:
 172              	.LVL14:
 173              	.LFB134:
 137:Drivers/STM32G4xx_HAL_Driver/Src/stm32g4xx_hal_pcd_ex.c **** 
 138:Drivers/STM32G4xx_HAL_Driver/Src/stm32g4xx_hal_pcd_ex.c **** /**
 139:Drivers/STM32G4xx_HAL_Driver/Src/stm32g4xx_hal_pcd_ex.c ****   * @brief  Deactivate BatteryCharging feature.
 140:Drivers/STM32G4xx_HAL_Driver/Src/stm32g4xx_hal_pcd_ex.c ****   * @param  hpcd PCD handle
 141:Drivers/STM32G4xx_HAL_Driver/Src/stm32g4xx_hal_pcd_ex.c ****   * @retval HAL status
 142:Drivers/STM32G4xx_HAL_Driver/Src/stm32g4xx_hal_pcd_ex.c ****   */
 143:Drivers/STM32G4xx_HAL_Driver/Src/stm32g4xx_hal_pcd_ex.c **** HAL_StatusTypeDef HAL_PCDEx_DeActivateBCD(PCD_HandleTypeDef *hpcd)
 144:Drivers/STM32G4xx_HAL_Driver/Src/stm32g4xx_hal_pcd_ex.c **** {
 174              		.loc 1 144 1 is_stmt 1 view -0
 175              		.cfi_startproc
 176              		@ args = 0, pretend = 0, frame = 0
 177              		@ frame_needed = 0, uses_anonymous_args = 0
 178              		@ link register save eliminated.
 179              		.loc 1 144 1 is_stmt 0 view .LVU49
 180 0000 0346     		mov	r3, r0
 145:Drivers/STM32G4xx_HAL_Driver/Src/stm32g4xx_hal_pcd_ex.c ****   USB_TypeDef *USBx = hpcd->Instance;
 181              		.loc 1 145 3 is_stmt 1 view .LVU50
 182              		.loc 1 145 16 is_stmt 0 view .LVU51
 183 0002 0268     		ldr	r2, [r0]
 184              	.LVL15:
 146:Drivers/STM32G4xx_HAL_Driver/Src/stm32g4xx_hal_pcd_ex.c ****   hpcd->battery_charging_active = 0U;
 185              		.loc 1 146 3 is_stmt 1 view .LVU52
 186              		.loc 1 146 33 is_stmt 0 view .LVU53
 187 0004 0020     		movs	r0, #0
 188              	.LVL16:
 189              		.loc 1 146 33 view .LVU54
ARM GAS  C:\Users\Nathan\AppData\Local\Temp\ccMDy4if.s 			page 7


 190 0006 C3F8D402 		str	r0, [r3, #724]
 147:Drivers/STM32G4xx_HAL_Driver/Src/stm32g4xx_hal_pcd_ex.c **** 
 148:Drivers/STM32G4xx_HAL_Driver/Src/stm32g4xx_hal_pcd_ex.c ****   /* Disable BCD feature */
 149:Drivers/STM32G4xx_HAL_Driver/Src/stm32g4xx_hal_pcd_ex.c ****   USBx->BCDR &= ~(USB_BCDR_BCDEN);
 191              		.loc 1 149 3 is_stmt 1 view .LVU55
 192              		.loc 1 149 7 is_stmt 0 view .LVU56
 193 000a B2F85830 		ldrh	r3, [r2, #88]
 194              	.LVL17:
 195              		.loc 1 149 7 view .LVU57
 196 000e 9BB2     		uxth	r3, r3
 197              		.loc 1 149 14 view .LVU58
 198 0010 23F00103 		bic	r3, r3, #1
 199 0014 9BB2     		uxth	r3, r3
 200 0016 A2F85830 		strh	r3, [r2, #88]	@ movhi
 150:Drivers/STM32G4xx_HAL_Driver/Src/stm32g4xx_hal_pcd_ex.c **** 
 151:Drivers/STM32G4xx_HAL_Driver/Src/stm32g4xx_hal_pcd_ex.c ****   return HAL_OK;
 201              		.loc 1 151 3 is_stmt 1 view .LVU59
 152:Drivers/STM32G4xx_HAL_Driver/Src/stm32g4xx_hal_pcd_ex.c **** }
 202              		.loc 1 152 1 is_stmt 0 view .LVU60
 203 001a 7047     		bx	lr
 204              		.cfi_endproc
 205              	.LFE134:
 207              		.section	.text.HAL_PCDEx_ActivateLPM,"ax",%progbits
 208              		.align	1
 209              		.global	HAL_PCDEx_ActivateLPM
 210              		.syntax unified
 211              		.thumb
 212              		.thumb_func
 214              	HAL_PCDEx_ActivateLPM:
 215              	.LVL18:
 216              	.LFB136:
 153:Drivers/STM32G4xx_HAL_Driver/Src/stm32g4xx_hal_pcd_ex.c **** 
 154:Drivers/STM32G4xx_HAL_Driver/Src/stm32g4xx_hal_pcd_ex.c **** /**
 155:Drivers/STM32G4xx_HAL_Driver/Src/stm32g4xx_hal_pcd_ex.c ****   * @brief  Handle BatteryCharging Process.
 156:Drivers/STM32G4xx_HAL_Driver/Src/stm32g4xx_hal_pcd_ex.c ****   * @param  hpcd PCD handle
 157:Drivers/STM32G4xx_HAL_Driver/Src/stm32g4xx_hal_pcd_ex.c ****   * @retval HAL status
 158:Drivers/STM32G4xx_HAL_Driver/Src/stm32g4xx_hal_pcd_ex.c ****   */
 159:Drivers/STM32G4xx_HAL_Driver/Src/stm32g4xx_hal_pcd_ex.c **** void HAL_PCDEx_BCD_VBUSDetect(PCD_HandleTypeDef *hpcd)
 160:Drivers/STM32G4xx_HAL_Driver/Src/stm32g4xx_hal_pcd_ex.c **** {
 161:Drivers/STM32G4xx_HAL_Driver/Src/stm32g4xx_hal_pcd_ex.c ****   USB_TypeDef *USBx = hpcd->Instance;
 162:Drivers/STM32G4xx_HAL_Driver/Src/stm32g4xx_hal_pcd_ex.c ****   uint32_t tickstart = HAL_GetTick();
 163:Drivers/STM32G4xx_HAL_Driver/Src/stm32g4xx_hal_pcd_ex.c **** 
 164:Drivers/STM32G4xx_HAL_Driver/Src/stm32g4xx_hal_pcd_ex.c ****   /* Wait for Min DCD Timeout */
 165:Drivers/STM32G4xx_HAL_Driver/Src/stm32g4xx_hal_pcd_ex.c ****   HAL_Delay(300U);
 166:Drivers/STM32G4xx_HAL_Driver/Src/stm32g4xx_hal_pcd_ex.c **** 
 167:Drivers/STM32G4xx_HAL_Driver/Src/stm32g4xx_hal_pcd_ex.c ****   /* Data Pin Contact ? Check Detect flag */
 168:Drivers/STM32G4xx_HAL_Driver/Src/stm32g4xx_hal_pcd_ex.c ****   if ((USBx->BCDR & USB_BCDR_DCDET) == USB_BCDR_DCDET)
 169:Drivers/STM32G4xx_HAL_Driver/Src/stm32g4xx_hal_pcd_ex.c ****   {
 170:Drivers/STM32G4xx_HAL_Driver/Src/stm32g4xx_hal_pcd_ex.c **** #if (USE_HAL_PCD_REGISTER_CALLBACKS == 1U)
 171:Drivers/STM32G4xx_HAL_Driver/Src/stm32g4xx_hal_pcd_ex.c ****     hpcd->BCDCallback(hpcd, PCD_BCD_CONTACT_DETECTION);
 172:Drivers/STM32G4xx_HAL_Driver/Src/stm32g4xx_hal_pcd_ex.c **** #else
 173:Drivers/STM32G4xx_HAL_Driver/Src/stm32g4xx_hal_pcd_ex.c ****     HAL_PCDEx_BCD_Callback(hpcd, PCD_BCD_CONTACT_DETECTION);
 174:Drivers/STM32G4xx_HAL_Driver/Src/stm32g4xx_hal_pcd_ex.c **** #endif /* USE_HAL_PCD_REGISTER_CALLBACKS */
 175:Drivers/STM32G4xx_HAL_Driver/Src/stm32g4xx_hal_pcd_ex.c ****   }
 176:Drivers/STM32G4xx_HAL_Driver/Src/stm32g4xx_hal_pcd_ex.c ****   /* Primary detection: checks if connected to Standard Downstream Port
 177:Drivers/STM32G4xx_HAL_Driver/Src/stm32g4xx_hal_pcd_ex.c ****   (without charging capability) */
 178:Drivers/STM32G4xx_HAL_Driver/Src/stm32g4xx_hal_pcd_ex.c ****   USBx->BCDR &= ~(USB_BCDR_DCDEN);
ARM GAS  C:\Users\Nathan\AppData\Local\Temp\ccMDy4if.s 			page 8


 179:Drivers/STM32G4xx_HAL_Driver/Src/stm32g4xx_hal_pcd_ex.c ****   HAL_Delay(50U);
 180:Drivers/STM32G4xx_HAL_Driver/Src/stm32g4xx_hal_pcd_ex.c ****   USBx->BCDR |= (USB_BCDR_PDEN);
 181:Drivers/STM32G4xx_HAL_Driver/Src/stm32g4xx_hal_pcd_ex.c ****   HAL_Delay(50U);
 182:Drivers/STM32G4xx_HAL_Driver/Src/stm32g4xx_hal_pcd_ex.c **** 
 183:Drivers/STM32G4xx_HAL_Driver/Src/stm32g4xx_hal_pcd_ex.c ****   /* If Charger detect ? */
 184:Drivers/STM32G4xx_HAL_Driver/Src/stm32g4xx_hal_pcd_ex.c ****   if ((USBx->BCDR & USB_BCDR_PDET) == USB_BCDR_PDET)
 185:Drivers/STM32G4xx_HAL_Driver/Src/stm32g4xx_hal_pcd_ex.c ****   {
 186:Drivers/STM32G4xx_HAL_Driver/Src/stm32g4xx_hal_pcd_ex.c ****     /* Start secondary detection to check connection to Charging Downstream
 187:Drivers/STM32G4xx_HAL_Driver/Src/stm32g4xx_hal_pcd_ex.c ****     Port or Dedicated Charging Port */
 188:Drivers/STM32G4xx_HAL_Driver/Src/stm32g4xx_hal_pcd_ex.c ****     USBx->BCDR &= ~(USB_BCDR_PDEN);
 189:Drivers/STM32G4xx_HAL_Driver/Src/stm32g4xx_hal_pcd_ex.c ****     HAL_Delay(50U);
 190:Drivers/STM32G4xx_HAL_Driver/Src/stm32g4xx_hal_pcd_ex.c ****     USBx->BCDR |= (USB_BCDR_SDEN);
 191:Drivers/STM32G4xx_HAL_Driver/Src/stm32g4xx_hal_pcd_ex.c ****     HAL_Delay(50U);
 192:Drivers/STM32G4xx_HAL_Driver/Src/stm32g4xx_hal_pcd_ex.c **** 
 193:Drivers/STM32G4xx_HAL_Driver/Src/stm32g4xx_hal_pcd_ex.c ****     /* If CDP ? */
 194:Drivers/STM32G4xx_HAL_Driver/Src/stm32g4xx_hal_pcd_ex.c ****     if ((USBx->BCDR & USB_BCDR_SDET) == USB_BCDR_SDET)
 195:Drivers/STM32G4xx_HAL_Driver/Src/stm32g4xx_hal_pcd_ex.c ****     {
 196:Drivers/STM32G4xx_HAL_Driver/Src/stm32g4xx_hal_pcd_ex.c ****       /* Dedicated Downstream Port DCP */
 197:Drivers/STM32G4xx_HAL_Driver/Src/stm32g4xx_hal_pcd_ex.c **** #if (USE_HAL_PCD_REGISTER_CALLBACKS == 1U)
 198:Drivers/STM32G4xx_HAL_Driver/Src/stm32g4xx_hal_pcd_ex.c ****       hpcd->BCDCallback(hpcd, PCD_BCD_DEDICATED_CHARGING_PORT);
 199:Drivers/STM32G4xx_HAL_Driver/Src/stm32g4xx_hal_pcd_ex.c **** #else
 200:Drivers/STM32G4xx_HAL_Driver/Src/stm32g4xx_hal_pcd_ex.c ****       HAL_PCDEx_BCD_Callback(hpcd, PCD_BCD_DEDICATED_CHARGING_PORT);
 201:Drivers/STM32G4xx_HAL_Driver/Src/stm32g4xx_hal_pcd_ex.c **** #endif /* USE_HAL_PCD_REGISTER_CALLBACKS */
 202:Drivers/STM32G4xx_HAL_Driver/Src/stm32g4xx_hal_pcd_ex.c ****     }
 203:Drivers/STM32G4xx_HAL_Driver/Src/stm32g4xx_hal_pcd_ex.c ****     else
 204:Drivers/STM32G4xx_HAL_Driver/Src/stm32g4xx_hal_pcd_ex.c ****     {
 205:Drivers/STM32G4xx_HAL_Driver/Src/stm32g4xx_hal_pcd_ex.c ****       /* Charging Downstream Port CDP */
 206:Drivers/STM32G4xx_HAL_Driver/Src/stm32g4xx_hal_pcd_ex.c **** #if (USE_HAL_PCD_REGISTER_CALLBACKS == 1U)
 207:Drivers/STM32G4xx_HAL_Driver/Src/stm32g4xx_hal_pcd_ex.c ****       hpcd->BCDCallback(hpcd, PCD_BCD_CHARGING_DOWNSTREAM_PORT);
 208:Drivers/STM32G4xx_HAL_Driver/Src/stm32g4xx_hal_pcd_ex.c **** #else
 209:Drivers/STM32G4xx_HAL_Driver/Src/stm32g4xx_hal_pcd_ex.c ****       HAL_PCDEx_BCD_Callback(hpcd, PCD_BCD_CHARGING_DOWNSTREAM_PORT);
 210:Drivers/STM32G4xx_HAL_Driver/Src/stm32g4xx_hal_pcd_ex.c **** #endif /* USE_HAL_PCD_REGISTER_CALLBACKS */
 211:Drivers/STM32G4xx_HAL_Driver/Src/stm32g4xx_hal_pcd_ex.c ****     }
 212:Drivers/STM32G4xx_HAL_Driver/Src/stm32g4xx_hal_pcd_ex.c ****   }
 213:Drivers/STM32G4xx_HAL_Driver/Src/stm32g4xx_hal_pcd_ex.c ****   else /* NO */
 214:Drivers/STM32G4xx_HAL_Driver/Src/stm32g4xx_hal_pcd_ex.c ****   {
 215:Drivers/STM32G4xx_HAL_Driver/Src/stm32g4xx_hal_pcd_ex.c ****     /* Standard Downstream Port */
 216:Drivers/STM32G4xx_HAL_Driver/Src/stm32g4xx_hal_pcd_ex.c **** #if (USE_HAL_PCD_REGISTER_CALLBACKS == 1U)
 217:Drivers/STM32G4xx_HAL_Driver/Src/stm32g4xx_hal_pcd_ex.c ****     hpcd->BCDCallback(hpcd, PCD_BCD_STD_DOWNSTREAM_PORT);
 218:Drivers/STM32G4xx_HAL_Driver/Src/stm32g4xx_hal_pcd_ex.c **** #else
 219:Drivers/STM32G4xx_HAL_Driver/Src/stm32g4xx_hal_pcd_ex.c ****     HAL_PCDEx_BCD_Callback(hpcd, PCD_BCD_STD_DOWNSTREAM_PORT);
 220:Drivers/STM32G4xx_HAL_Driver/Src/stm32g4xx_hal_pcd_ex.c **** #endif /* USE_HAL_PCD_REGISTER_CALLBACKS */
 221:Drivers/STM32G4xx_HAL_Driver/Src/stm32g4xx_hal_pcd_ex.c ****   }
 222:Drivers/STM32G4xx_HAL_Driver/Src/stm32g4xx_hal_pcd_ex.c **** 
 223:Drivers/STM32G4xx_HAL_Driver/Src/stm32g4xx_hal_pcd_ex.c ****   /* Battery Charging capability discovery finished Start Enumeration */
 224:Drivers/STM32G4xx_HAL_Driver/Src/stm32g4xx_hal_pcd_ex.c ****   (void)HAL_PCDEx_DeActivateBCD(hpcd);
 225:Drivers/STM32G4xx_HAL_Driver/Src/stm32g4xx_hal_pcd_ex.c **** 
 226:Drivers/STM32G4xx_HAL_Driver/Src/stm32g4xx_hal_pcd_ex.c ****   /* Check for the Timeout, else start USB Device */
 227:Drivers/STM32G4xx_HAL_Driver/Src/stm32g4xx_hal_pcd_ex.c ****   if ((HAL_GetTick() - tickstart) > 1000U)
 228:Drivers/STM32G4xx_HAL_Driver/Src/stm32g4xx_hal_pcd_ex.c ****   {
 229:Drivers/STM32G4xx_HAL_Driver/Src/stm32g4xx_hal_pcd_ex.c **** #if (USE_HAL_PCD_REGISTER_CALLBACKS == 1U)
 230:Drivers/STM32G4xx_HAL_Driver/Src/stm32g4xx_hal_pcd_ex.c ****     hpcd->BCDCallback(hpcd, PCD_BCD_ERROR);
 231:Drivers/STM32G4xx_HAL_Driver/Src/stm32g4xx_hal_pcd_ex.c **** #else
 232:Drivers/STM32G4xx_HAL_Driver/Src/stm32g4xx_hal_pcd_ex.c ****     HAL_PCDEx_BCD_Callback(hpcd, PCD_BCD_ERROR);
 233:Drivers/STM32G4xx_HAL_Driver/Src/stm32g4xx_hal_pcd_ex.c **** #endif /* USE_HAL_PCD_REGISTER_CALLBACKS */
 234:Drivers/STM32G4xx_HAL_Driver/Src/stm32g4xx_hal_pcd_ex.c ****   }
 235:Drivers/STM32G4xx_HAL_Driver/Src/stm32g4xx_hal_pcd_ex.c ****   else
ARM GAS  C:\Users\Nathan\AppData\Local\Temp\ccMDy4if.s 			page 9


 236:Drivers/STM32G4xx_HAL_Driver/Src/stm32g4xx_hal_pcd_ex.c ****   {
 237:Drivers/STM32G4xx_HAL_Driver/Src/stm32g4xx_hal_pcd_ex.c **** #if (USE_HAL_PCD_REGISTER_CALLBACKS == 1U)
 238:Drivers/STM32G4xx_HAL_Driver/Src/stm32g4xx_hal_pcd_ex.c ****     hpcd->BCDCallback(hpcd, PCD_BCD_DISCOVERY_COMPLETED);
 239:Drivers/STM32G4xx_HAL_Driver/Src/stm32g4xx_hal_pcd_ex.c **** #else
 240:Drivers/STM32G4xx_HAL_Driver/Src/stm32g4xx_hal_pcd_ex.c ****     HAL_PCDEx_BCD_Callback(hpcd, PCD_BCD_DISCOVERY_COMPLETED);
 241:Drivers/STM32G4xx_HAL_Driver/Src/stm32g4xx_hal_pcd_ex.c **** #endif /* USE_HAL_PCD_REGISTER_CALLBACKS */
 242:Drivers/STM32G4xx_HAL_Driver/Src/stm32g4xx_hal_pcd_ex.c ****   }
 243:Drivers/STM32G4xx_HAL_Driver/Src/stm32g4xx_hal_pcd_ex.c **** }
 244:Drivers/STM32G4xx_HAL_Driver/Src/stm32g4xx_hal_pcd_ex.c **** 
 245:Drivers/STM32G4xx_HAL_Driver/Src/stm32g4xx_hal_pcd_ex.c **** /**
 246:Drivers/STM32G4xx_HAL_Driver/Src/stm32g4xx_hal_pcd_ex.c ****   * @brief  Activate LPM feature.
 247:Drivers/STM32G4xx_HAL_Driver/Src/stm32g4xx_hal_pcd_ex.c ****   * @param  hpcd PCD handle
 248:Drivers/STM32G4xx_HAL_Driver/Src/stm32g4xx_hal_pcd_ex.c ****   * @retval HAL status
 249:Drivers/STM32G4xx_HAL_Driver/Src/stm32g4xx_hal_pcd_ex.c ****   */
 250:Drivers/STM32G4xx_HAL_Driver/Src/stm32g4xx_hal_pcd_ex.c **** HAL_StatusTypeDef HAL_PCDEx_ActivateLPM(PCD_HandleTypeDef *hpcd)
 251:Drivers/STM32G4xx_HAL_Driver/Src/stm32g4xx_hal_pcd_ex.c **** {
 217              		.loc 1 251 1 is_stmt 1 view -0
 218              		.cfi_startproc
 219              		@ args = 0, pretend = 0, frame = 0
 220              		@ frame_needed = 0, uses_anonymous_args = 0
 221              		@ link register save eliminated.
 222              		.loc 1 251 1 is_stmt 0 view .LVU62
 223 0000 0346     		mov	r3, r0
 252:Drivers/STM32G4xx_HAL_Driver/Src/stm32g4xx_hal_pcd_ex.c **** 
 253:Drivers/STM32G4xx_HAL_Driver/Src/stm32g4xx_hal_pcd_ex.c ****   USB_TypeDef *USBx = hpcd->Instance;
 224              		.loc 1 253 3 is_stmt 1 view .LVU63
 225              		.loc 1 253 16 is_stmt 0 view .LVU64
 226 0002 0268     		ldr	r2, [r0]
 227              	.LVL19:
 254:Drivers/STM32G4xx_HAL_Driver/Src/stm32g4xx_hal_pcd_ex.c ****   hpcd->lpm_active = 1U;
 228              		.loc 1 254 3 is_stmt 1 view .LVU65
 229              		.loc 1 254 20 is_stmt 0 view .LVU66
 230 0004 0121     		movs	r1, #1
 231 0006 C0F8D012 		str	r1, [r0, #720]
 255:Drivers/STM32G4xx_HAL_Driver/Src/stm32g4xx_hal_pcd_ex.c ****   hpcd->LPM_State = LPM_L0;
 232              		.loc 1 255 3 is_stmt 1 view .LVU67
 233              		.loc 1 255 19 is_stmt 0 view .LVU68
 234 000a 0020     		movs	r0, #0
 235              	.LVL20:
 236              		.loc 1 255 19 view .LVU69
 237 000c 83F8C802 		strb	r0, [r3, #712]
 256:Drivers/STM32G4xx_HAL_Driver/Src/stm32g4xx_hal_pcd_ex.c **** 
 257:Drivers/STM32G4xx_HAL_Driver/Src/stm32g4xx_hal_pcd_ex.c ****   USBx->LPMCSR |= USB_LPMCSR_LMPEN;
 238              		.loc 1 257 3 is_stmt 1 view .LVU70
 239              		.loc 1 257 7 is_stmt 0 view .LVU71
 240 0010 B2F85430 		ldrh	r3, [r2, #84]
 241              	.LVL21:
 242              		.loc 1 257 7 view .LVU72
 243 0014 9BB2     		uxth	r3, r3
 244              		.loc 1 257 16 view .LVU73
 245 0016 0B43     		orrs	r3, r3, r1
 246 0018 A2F85430 		strh	r3, [r2, #84]	@ movhi
 258:Drivers/STM32G4xx_HAL_Driver/Src/stm32g4xx_hal_pcd_ex.c ****   USBx->LPMCSR |= USB_LPMCSR_LPMACK;
 247              		.loc 1 258 3 is_stmt 1 view .LVU74
 248              		.loc 1 258 7 is_stmt 0 view .LVU75
 249 001c B2F85430 		ldrh	r3, [r2, #84]
 250 0020 9BB2     		uxth	r3, r3
ARM GAS  C:\Users\Nathan\AppData\Local\Temp\ccMDy4if.s 			page 10


 251              		.loc 1 258 16 view .LVU76
 252 0022 43F00203 		orr	r3, r3, #2
 253 0026 A2F85430 		strh	r3, [r2, #84]	@ movhi
 259:Drivers/STM32G4xx_HAL_Driver/Src/stm32g4xx_hal_pcd_ex.c **** 
 260:Drivers/STM32G4xx_HAL_Driver/Src/stm32g4xx_hal_pcd_ex.c ****   return HAL_OK;
 254              		.loc 1 260 3 is_stmt 1 view .LVU77
 261:Drivers/STM32G4xx_HAL_Driver/Src/stm32g4xx_hal_pcd_ex.c **** }
 255              		.loc 1 261 1 is_stmt 0 view .LVU78
 256 002a 7047     		bx	lr
 257              		.cfi_endproc
 258              	.LFE136:
 260              		.section	.text.HAL_PCDEx_DeActivateLPM,"ax",%progbits
 261              		.align	1
 262              		.global	HAL_PCDEx_DeActivateLPM
 263              		.syntax unified
 264              		.thumb
 265              		.thumb_func
 267              	HAL_PCDEx_DeActivateLPM:
 268              	.LVL22:
 269              	.LFB137:
 262:Drivers/STM32G4xx_HAL_Driver/Src/stm32g4xx_hal_pcd_ex.c **** 
 263:Drivers/STM32G4xx_HAL_Driver/Src/stm32g4xx_hal_pcd_ex.c **** /**
 264:Drivers/STM32G4xx_HAL_Driver/Src/stm32g4xx_hal_pcd_ex.c ****   * @brief  Deactivate LPM feature.
 265:Drivers/STM32G4xx_HAL_Driver/Src/stm32g4xx_hal_pcd_ex.c ****   * @param  hpcd PCD handle
 266:Drivers/STM32G4xx_HAL_Driver/Src/stm32g4xx_hal_pcd_ex.c ****   * @retval HAL status
 267:Drivers/STM32G4xx_HAL_Driver/Src/stm32g4xx_hal_pcd_ex.c ****   */
 268:Drivers/STM32G4xx_HAL_Driver/Src/stm32g4xx_hal_pcd_ex.c **** HAL_StatusTypeDef HAL_PCDEx_DeActivateLPM(PCD_HandleTypeDef *hpcd)
 269:Drivers/STM32G4xx_HAL_Driver/Src/stm32g4xx_hal_pcd_ex.c **** {
 270              		.loc 1 269 1 is_stmt 1 view -0
 271              		.cfi_startproc
 272              		@ args = 0, pretend = 0, frame = 0
 273              		@ frame_needed = 0, uses_anonymous_args = 0
 274              		@ link register save eliminated.
 275              		.loc 1 269 1 is_stmt 0 view .LVU80
 276 0000 0346     		mov	r3, r0
 270:Drivers/STM32G4xx_HAL_Driver/Src/stm32g4xx_hal_pcd_ex.c ****   USB_TypeDef *USBx = hpcd->Instance;
 277              		.loc 1 270 3 is_stmt 1 view .LVU81
 278              		.loc 1 270 16 is_stmt 0 view .LVU82
 279 0002 0268     		ldr	r2, [r0]
 280              	.LVL23:
 271:Drivers/STM32G4xx_HAL_Driver/Src/stm32g4xx_hal_pcd_ex.c **** 
 272:Drivers/STM32G4xx_HAL_Driver/Src/stm32g4xx_hal_pcd_ex.c ****   hpcd->lpm_active = 0U;
 281              		.loc 1 272 3 is_stmt 1 view .LVU83
 282              		.loc 1 272 20 is_stmt 0 view .LVU84
 283 0004 0020     		movs	r0, #0
 284              	.LVL24:
 285              		.loc 1 272 20 view .LVU85
 286 0006 C3F8D002 		str	r0, [r3, #720]
 273:Drivers/STM32G4xx_HAL_Driver/Src/stm32g4xx_hal_pcd_ex.c **** 
 274:Drivers/STM32G4xx_HAL_Driver/Src/stm32g4xx_hal_pcd_ex.c ****   USBx->LPMCSR &= ~(USB_LPMCSR_LMPEN);
 287              		.loc 1 274 3 is_stmt 1 view .LVU86
 288              		.loc 1 274 7 is_stmt 0 view .LVU87
 289 000a B2F85430 		ldrh	r3, [r2, #84]
 290              	.LVL25:
 291              		.loc 1 274 7 view .LVU88
 292 000e 9BB2     		uxth	r3, r3
 293              		.loc 1 274 16 view .LVU89
ARM GAS  C:\Users\Nathan\AppData\Local\Temp\ccMDy4if.s 			page 11


 294 0010 23F00103 		bic	r3, r3, #1
 295 0014 9BB2     		uxth	r3, r3
 296 0016 A2F85430 		strh	r3, [r2, #84]	@ movhi
 275:Drivers/STM32G4xx_HAL_Driver/Src/stm32g4xx_hal_pcd_ex.c ****   USBx->LPMCSR &= ~(USB_LPMCSR_LPMACK);
 297              		.loc 1 275 3 is_stmt 1 view .LVU90
 298              		.loc 1 275 7 is_stmt 0 view .LVU91
 299 001a B2F85430 		ldrh	r3, [r2, #84]
 300 001e 9BB2     		uxth	r3, r3
 301              		.loc 1 275 16 view .LVU92
 302 0020 23F00203 		bic	r3, r3, #2
 303 0024 9BB2     		uxth	r3, r3
 304 0026 A2F85430 		strh	r3, [r2, #84]	@ movhi
 276:Drivers/STM32G4xx_HAL_Driver/Src/stm32g4xx_hal_pcd_ex.c **** 
 277:Drivers/STM32G4xx_HAL_Driver/Src/stm32g4xx_hal_pcd_ex.c ****   return HAL_OK;
 305              		.loc 1 277 3 is_stmt 1 view .LVU93
 278:Drivers/STM32G4xx_HAL_Driver/Src/stm32g4xx_hal_pcd_ex.c **** }
 306              		.loc 1 278 1 is_stmt 0 view .LVU94
 307 002a 7047     		bx	lr
 308              		.cfi_endproc
 309              	.LFE137:
 311              		.section	.text.HAL_PCDEx_LPM_Callback,"ax",%progbits
 312              		.align	1
 313              		.weak	HAL_PCDEx_LPM_Callback
 314              		.syntax unified
 315              		.thumb
 316              		.thumb_func
 318              	HAL_PCDEx_LPM_Callback:
 319              	.LVL26:
 320              	.LFB138:
 279:Drivers/STM32G4xx_HAL_Driver/Src/stm32g4xx_hal_pcd_ex.c **** 
 280:Drivers/STM32G4xx_HAL_Driver/Src/stm32g4xx_hal_pcd_ex.c **** 
 281:Drivers/STM32G4xx_HAL_Driver/Src/stm32g4xx_hal_pcd_ex.c **** /**
 282:Drivers/STM32G4xx_HAL_Driver/Src/stm32g4xx_hal_pcd_ex.c ****   * @brief  Send LPM message to user layer callback.
 283:Drivers/STM32G4xx_HAL_Driver/Src/stm32g4xx_hal_pcd_ex.c ****   * @param  hpcd PCD handle
 284:Drivers/STM32G4xx_HAL_Driver/Src/stm32g4xx_hal_pcd_ex.c ****   * @param  msg LPM message
 285:Drivers/STM32G4xx_HAL_Driver/Src/stm32g4xx_hal_pcd_ex.c ****   * @retval HAL status
 286:Drivers/STM32G4xx_HAL_Driver/Src/stm32g4xx_hal_pcd_ex.c ****   */
 287:Drivers/STM32G4xx_HAL_Driver/Src/stm32g4xx_hal_pcd_ex.c **** __weak void HAL_PCDEx_LPM_Callback(PCD_HandleTypeDef *hpcd, PCD_LPM_MsgTypeDef msg)
 288:Drivers/STM32G4xx_HAL_Driver/Src/stm32g4xx_hal_pcd_ex.c **** {
 321              		.loc 1 288 1 is_stmt 1 view -0
 322              		.cfi_startproc
 323              		@ args = 0, pretend = 0, frame = 0
 324              		@ frame_needed = 0, uses_anonymous_args = 0
 325              		@ link register save eliminated.
 289:Drivers/STM32G4xx_HAL_Driver/Src/stm32g4xx_hal_pcd_ex.c ****   /* Prevent unused argument(s) compilation warning */
 290:Drivers/STM32G4xx_HAL_Driver/Src/stm32g4xx_hal_pcd_ex.c ****   UNUSED(hpcd);
 326              		.loc 1 290 3 view .LVU96
 291:Drivers/STM32G4xx_HAL_Driver/Src/stm32g4xx_hal_pcd_ex.c ****   UNUSED(msg);
 327              		.loc 1 291 3 view .LVU97
 292:Drivers/STM32G4xx_HAL_Driver/Src/stm32g4xx_hal_pcd_ex.c **** 
 293:Drivers/STM32G4xx_HAL_Driver/Src/stm32g4xx_hal_pcd_ex.c ****   /* NOTE : This function should not be modified, when the callback is needed,
 294:Drivers/STM32G4xx_HAL_Driver/Src/stm32g4xx_hal_pcd_ex.c ****             the HAL_PCDEx_LPM_Callback could be implemented in the user file
 295:Drivers/STM32G4xx_HAL_Driver/Src/stm32g4xx_hal_pcd_ex.c ****    */
 296:Drivers/STM32G4xx_HAL_Driver/Src/stm32g4xx_hal_pcd_ex.c **** }
 328              		.loc 1 296 1 is_stmt 0 view .LVU98
 329 0000 7047     		bx	lr
 330              		.cfi_endproc
ARM GAS  C:\Users\Nathan\AppData\Local\Temp\ccMDy4if.s 			page 12


 331              	.LFE138:
 333              		.section	.text.HAL_PCDEx_BCD_Callback,"ax",%progbits
 334              		.align	1
 335              		.weak	HAL_PCDEx_BCD_Callback
 336              		.syntax unified
 337              		.thumb
 338              		.thumb_func
 340              	HAL_PCDEx_BCD_Callback:
 341              	.LVL27:
 342              	.LFB139:
 297:Drivers/STM32G4xx_HAL_Driver/Src/stm32g4xx_hal_pcd_ex.c **** 
 298:Drivers/STM32G4xx_HAL_Driver/Src/stm32g4xx_hal_pcd_ex.c **** /**
 299:Drivers/STM32G4xx_HAL_Driver/Src/stm32g4xx_hal_pcd_ex.c ****   * @brief  Send BatteryCharging message to user layer callback.
 300:Drivers/STM32G4xx_HAL_Driver/Src/stm32g4xx_hal_pcd_ex.c ****   * @param  hpcd PCD handle
 301:Drivers/STM32G4xx_HAL_Driver/Src/stm32g4xx_hal_pcd_ex.c ****   * @param  msg LPM message
 302:Drivers/STM32G4xx_HAL_Driver/Src/stm32g4xx_hal_pcd_ex.c ****   * @retval HAL status
 303:Drivers/STM32G4xx_HAL_Driver/Src/stm32g4xx_hal_pcd_ex.c ****   */
 304:Drivers/STM32G4xx_HAL_Driver/Src/stm32g4xx_hal_pcd_ex.c **** __weak void HAL_PCDEx_BCD_Callback(PCD_HandleTypeDef *hpcd, PCD_BCD_MsgTypeDef msg)
 305:Drivers/STM32G4xx_HAL_Driver/Src/stm32g4xx_hal_pcd_ex.c **** {
 343              		.loc 1 305 1 is_stmt 1 view -0
 344              		.cfi_startproc
 345              		@ args = 0, pretend = 0, frame = 0
 346              		@ frame_needed = 0, uses_anonymous_args = 0
 347              		@ link register save eliminated.
 306:Drivers/STM32G4xx_HAL_Driver/Src/stm32g4xx_hal_pcd_ex.c ****   /* Prevent unused argument(s) compilation warning */
 307:Drivers/STM32G4xx_HAL_Driver/Src/stm32g4xx_hal_pcd_ex.c ****   UNUSED(hpcd);
 348              		.loc 1 307 3 view .LVU100
 308:Drivers/STM32G4xx_HAL_Driver/Src/stm32g4xx_hal_pcd_ex.c ****   UNUSED(msg);
 349              		.loc 1 308 3 view .LVU101
 309:Drivers/STM32G4xx_HAL_Driver/Src/stm32g4xx_hal_pcd_ex.c **** 
 310:Drivers/STM32G4xx_HAL_Driver/Src/stm32g4xx_hal_pcd_ex.c ****   /* NOTE : This function should not be modified, when the callback is needed,
 311:Drivers/STM32G4xx_HAL_Driver/Src/stm32g4xx_hal_pcd_ex.c ****             the HAL_PCDEx_BCD_Callback could be implemented in the user file
 312:Drivers/STM32G4xx_HAL_Driver/Src/stm32g4xx_hal_pcd_ex.c ****    */
 313:Drivers/STM32G4xx_HAL_Driver/Src/stm32g4xx_hal_pcd_ex.c **** }
 350              		.loc 1 313 1 is_stmt 0 view .LVU102
 351 0000 7047     		bx	lr
 352              		.cfi_endproc
 353              	.LFE139:
 355              		.section	.text.HAL_PCDEx_BCD_VBUSDetect,"ax",%progbits
 356              		.align	1
 357              		.global	HAL_PCDEx_BCD_VBUSDetect
 358              		.syntax unified
 359              		.thumb
 360              		.thumb_func
 362              	HAL_PCDEx_BCD_VBUSDetect:
 363              	.LVL28:
 364              	.LFB135:
 160:Drivers/STM32G4xx_HAL_Driver/Src/stm32g4xx_hal_pcd_ex.c ****   USB_TypeDef *USBx = hpcd->Instance;
 365              		.loc 1 160 1 is_stmt 1 view -0
 366              		.cfi_startproc
 367              		@ args = 0, pretend = 0, frame = 0
 368              		@ frame_needed = 0, uses_anonymous_args = 0
 160:Drivers/STM32G4xx_HAL_Driver/Src/stm32g4xx_hal_pcd_ex.c ****   USB_TypeDef *USBx = hpcd->Instance;
 369              		.loc 1 160 1 is_stmt 0 view .LVU104
 370 0000 70B5     		push	{r4, r5, r6, lr}
 371              		.cfi_def_cfa_offset 16
 372              		.cfi_offset 4, -16
ARM GAS  C:\Users\Nathan\AppData\Local\Temp\ccMDy4if.s 			page 13


 373              		.cfi_offset 5, -12
 374              		.cfi_offset 6, -8
 375              		.cfi_offset 14, -4
 376 0002 0546     		mov	r5, r0
 161:Drivers/STM32G4xx_HAL_Driver/Src/stm32g4xx_hal_pcd_ex.c ****   uint32_t tickstart = HAL_GetTick();
 377              		.loc 1 161 3 is_stmt 1 view .LVU105
 161:Drivers/STM32G4xx_HAL_Driver/Src/stm32g4xx_hal_pcd_ex.c ****   uint32_t tickstart = HAL_GetTick();
 378              		.loc 1 161 16 is_stmt 0 view .LVU106
 379 0004 0468     		ldr	r4, [r0]
 380              	.LVL29:
 162:Drivers/STM32G4xx_HAL_Driver/Src/stm32g4xx_hal_pcd_ex.c **** 
 381              		.loc 1 162 3 is_stmt 1 view .LVU107
 162:Drivers/STM32G4xx_HAL_Driver/Src/stm32g4xx_hal_pcd_ex.c **** 
 382              		.loc 1 162 24 is_stmt 0 view .LVU108
 383 0006 FFF7FEFF 		bl	HAL_GetTick
 384              	.LVL30:
 162:Drivers/STM32G4xx_HAL_Driver/Src/stm32g4xx_hal_pcd_ex.c **** 
 385              		.loc 1 162 24 view .LVU109
 386 000a 0646     		mov	r6, r0
 387              	.LVL31:
 165:Drivers/STM32G4xx_HAL_Driver/Src/stm32g4xx_hal_pcd_ex.c **** 
 388              		.loc 1 165 3 is_stmt 1 view .LVU110
 389 000c 4FF49670 		mov	r0, #300
 390              	.LVL32:
 165:Drivers/STM32G4xx_HAL_Driver/Src/stm32g4xx_hal_pcd_ex.c **** 
 391              		.loc 1 165 3 is_stmt 0 view .LVU111
 392 0010 FFF7FEFF 		bl	HAL_Delay
 393              	.LVL33:
 168:Drivers/STM32G4xx_HAL_Driver/Src/stm32g4xx_hal_pcd_ex.c ****   {
 394              		.loc 1 168 3 is_stmt 1 view .LVU112
 168:Drivers/STM32G4xx_HAL_Driver/Src/stm32g4xx_hal_pcd_ex.c ****   {
 395              		.loc 1 168 12 is_stmt 0 view .LVU113
 396 0014 B4F85830 		ldrh	r3, [r4, #88]
 168:Drivers/STM32G4xx_HAL_Driver/Src/stm32g4xx_hal_pcd_ex.c ****   {
 397              		.loc 1 168 6 view .LVU114
 398 0018 13F0100F 		tst	r3, #16
 399 001c 38D1     		bne	.L20
 400              	.L13:
 178:Drivers/STM32G4xx_HAL_Driver/Src/stm32g4xx_hal_pcd_ex.c ****   HAL_Delay(50U);
 401              		.loc 1 178 3 is_stmt 1 view .LVU115
 178:Drivers/STM32G4xx_HAL_Driver/Src/stm32g4xx_hal_pcd_ex.c ****   HAL_Delay(50U);
 402              		.loc 1 178 7 is_stmt 0 view .LVU116
 403 001e B4F85830 		ldrh	r3, [r4, #88]
 404 0022 9BB2     		uxth	r3, r3
 178:Drivers/STM32G4xx_HAL_Driver/Src/stm32g4xx_hal_pcd_ex.c ****   HAL_Delay(50U);
 405              		.loc 1 178 14 view .LVU117
 406 0024 23F00203 		bic	r3, r3, #2
 407 0028 9BB2     		uxth	r3, r3
 408 002a A4F85830 		strh	r3, [r4, #88]	@ movhi
 179:Drivers/STM32G4xx_HAL_Driver/Src/stm32g4xx_hal_pcd_ex.c ****   USBx->BCDR |= (USB_BCDR_PDEN);
 409              		.loc 1 179 3 is_stmt 1 view .LVU118
 410 002e 3220     		movs	r0, #50
 411 0030 FFF7FEFF 		bl	HAL_Delay
 412              	.LVL34:
 180:Drivers/STM32G4xx_HAL_Driver/Src/stm32g4xx_hal_pcd_ex.c ****   HAL_Delay(50U);
 413              		.loc 1 180 3 view .LVU119
 180:Drivers/STM32G4xx_HAL_Driver/Src/stm32g4xx_hal_pcd_ex.c ****   HAL_Delay(50U);
ARM GAS  C:\Users\Nathan\AppData\Local\Temp\ccMDy4if.s 			page 14


 414              		.loc 1 180 7 is_stmt 0 view .LVU120
 415 0034 B4F85830 		ldrh	r3, [r4, #88]
 416 0038 9BB2     		uxth	r3, r3
 180:Drivers/STM32G4xx_HAL_Driver/Src/stm32g4xx_hal_pcd_ex.c ****   HAL_Delay(50U);
 417              		.loc 1 180 14 view .LVU121
 418 003a 43F00403 		orr	r3, r3, #4
 419 003e A4F85830 		strh	r3, [r4, #88]	@ movhi
 181:Drivers/STM32G4xx_HAL_Driver/Src/stm32g4xx_hal_pcd_ex.c **** 
 420              		.loc 1 181 3 is_stmt 1 view .LVU122
 421 0042 3220     		movs	r0, #50
 422 0044 FFF7FEFF 		bl	HAL_Delay
 423              	.LVL35:
 184:Drivers/STM32G4xx_HAL_Driver/Src/stm32g4xx_hal_pcd_ex.c ****   {
 424              		.loc 1 184 3 view .LVU123
 184:Drivers/STM32G4xx_HAL_Driver/Src/stm32g4xx_hal_pcd_ex.c ****   {
 425              		.loc 1 184 12 is_stmt 0 view .LVU124
 426 0048 B4F85830 		ldrh	r3, [r4, #88]
 184:Drivers/STM32G4xx_HAL_Driver/Src/stm32g4xx_hal_pcd_ex.c ****   {
 427              		.loc 1 184 6 view .LVU125
 428 004c 13F0200F 		tst	r3, #32
 429 0050 28D0     		beq	.L14
 188:Drivers/STM32G4xx_HAL_Driver/Src/stm32g4xx_hal_pcd_ex.c ****     HAL_Delay(50U);
 430              		.loc 1 188 5 is_stmt 1 view .LVU126
 188:Drivers/STM32G4xx_HAL_Driver/Src/stm32g4xx_hal_pcd_ex.c ****     HAL_Delay(50U);
 431              		.loc 1 188 9 is_stmt 0 view .LVU127
 432 0052 B4F85830 		ldrh	r3, [r4, #88]
 433 0056 9BB2     		uxth	r3, r3
 188:Drivers/STM32G4xx_HAL_Driver/Src/stm32g4xx_hal_pcd_ex.c ****     HAL_Delay(50U);
 434              		.loc 1 188 16 view .LVU128
 435 0058 23F00403 		bic	r3, r3, #4
 436 005c 9BB2     		uxth	r3, r3
 437 005e A4F85830 		strh	r3, [r4, #88]	@ movhi
 189:Drivers/STM32G4xx_HAL_Driver/Src/stm32g4xx_hal_pcd_ex.c ****     USBx->BCDR |= (USB_BCDR_SDEN);
 438              		.loc 1 189 5 is_stmt 1 view .LVU129
 439 0062 3220     		movs	r0, #50
 440 0064 FFF7FEFF 		bl	HAL_Delay
 441              	.LVL36:
 190:Drivers/STM32G4xx_HAL_Driver/Src/stm32g4xx_hal_pcd_ex.c ****     HAL_Delay(50U);
 442              		.loc 1 190 5 view .LVU130
 190:Drivers/STM32G4xx_HAL_Driver/Src/stm32g4xx_hal_pcd_ex.c ****     HAL_Delay(50U);
 443              		.loc 1 190 9 is_stmt 0 view .LVU131
 444 0068 B4F85830 		ldrh	r3, [r4, #88]
 445 006c 9BB2     		uxth	r3, r3
 190:Drivers/STM32G4xx_HAL_Driver/Src/stm32g4xx_hal_pcd_ex.c ****     HAL_Delay(50U);
 446              		.loc 1 190 16 view .LVU132
 447 006e 43F00803 		orr	r3, r3, #8
 448 0072 A4F85830 		strh	r3, [r4, #88]	@ movhi
 191:Drivers/STM32G4xx_HAL_Driver/Src/stm32g4xx_hal_pcd_ex.c **** 
 449              		.loc 1 191 5 is_stmt 1 view .LVU133
 450 0076 3220     		movs	r0, #50
 451 0078 FFF7FEFF 		bl	HAL_Delay
 452              	.LVL37:
 194:Drivers/STM32G4xx_HAL_Driver/Src/stm32g4xx_hal_pcd_ex.c ****     {
 453              		.loc 1 194 5 view .LVU134
 194:Drivers/STM32G4xx_HAL_Driver/Src/stm32g4xx_hal_pcd_ex.c ****     {
 454              		.loc 1 194 14 is_stmt 0 view .LVU135
 455 007c B4F85830 		ldrh	r3, [r4, #88]
ARM GAS  C:\Users\Nathan\AppData\Local\Temp\ccMDy4if.s 			page 15


 194:Drivers/STM32G4xx_HAL_Driver/Src/stm32g4xx_hal_pcd_ex.c ****     {
 456              		.loc 1 194 8 view .LVU136
 457 0080 13F0400F 		tst	r3, #64
 458 0084 09D0     		beq	.L15
 200:Drivers/STM32G4xx_HAL_Driver/Src/stm32g4xx_hal_pcd_ex.c **** #endif /* USE_HAL_PCD_REGISTER_CALLBACKS */
 459              		.loc 1 200 7 is_stmt 1 view .LVU137
 460 0086 FB21     		movs	r1, #251
 461 0088 2846     		mov	r0, r5
 462 008a FFF7FEFF 		bl	HAL_PCDEx_BCD_Callback
 463              	.LVL38:
 464 008e 0DE0     		b	.L16
 465              	.L20:
 173:Drivers/STM32G4xx_HAL_Driver/Src/stm32g4xx_hal_pcd_ex.c **** #endif /* USE_HAL_PCD_REGISTER_CALLBACKS */
 466              		.loc 1 173 5 view .LVU138
 467 0090 FE21     		movs	r1, #254
 468 0092 2846     		mov	r0, r5
 469 0094 FFF7FEFF 		bl	HAL_PCDEx_BCD_Callback
 470              	.LVL39:
 471 0098 C1E7     		b	.L13
 472              	.L15:
 209:Drivers/STM32G4xx_HAL_Driver/Src/stm32g4xx_hal_pcd_ex.c **** #endif /* USE_HAL_PCD_REGISTER_CALLBACKS */
 473              		.loc 1 209 7 view .LVU139
 474 009a FC21     		movs	r1, #252
 475 009c 2846     		mov	r0, r5
 476 009e FFF7FEFF 		bl	HAL_PCDEx_BCD_Callback
 477              	.LVL40:
 478 00a2 03E0     		b	.L16
 479              	.L14:
 219:Drivers/STM32G4xx_HAL_Driver/Src/stm32g4xx_hal_pcd_ex.c **** #endif /* USE_HAL_PCD_REGISTER_CALLBACKS */
 480              		.loc 1 219 5 view .LVU140
 481 00a4 FD21     		movs	r1, #253
 482 00a6 2846     		mov	r0, r5
 483 00a8 FFF7FEFF 		bl	HAL_PCDEx_BCD_Callback
 484              	.LVL41:
 485              	.L16:
 224:Drivers/STM32G4xx_HAL_Driver/Src/stm32g4xx_hal_pcd_ex.c **** 
 486              		.loc 1 224 3 view .LVU141
 224:Drivers/STM32G4xx_HAL_Driver/Src/stm32g4xx_hal_pcd_ex.c **** 
 487              		.loc 1 224 9 is_stmt 0 view .LVU142
 488 00ac 2846     		mov	r0, r5
 489 00ae FFF7FEFF 		bl	HAL_PCDEx_DeActivateBCD
 490              	.LVL42:
 227:Drivers/STM32G4xx_HAL_Driver/Src/stm32g4xx_hal_pcd_ex.c ****   {
 491              		.loc 1 227 3 is_stmt 1 view .LVU143
 227:Drivers/STM32G4xx_HAL_Driver/Src/stm32g4xx_hal_pcd_ex.c ****   {
 492              		.loc 1 227 8 is_stmt 0 view .LVU144
 493 00b2 FFF7FEFF 		bl	HAL_GetTick
 494              	.LVL43:
 227:Drivers/STM32G4xx_HAL_Driver/Src/stm32g4xx_hal_pcd_ex.c ****   {
 495              		.loc 1 227 22 discriminator 1 view .LVU145
 496 00b6 801B     		subs	r0, r0, r6
 227:Drivers/STM32G4xx_HAL_Driver/Src/stm32g4xx_hal_pcd_ex.c ****   {
 497              		.loc 1 227 6 discriminator 1 view .LVU146
 498 00b8 B0F57A7F 		cmp	r0, #1000
 499 00bc 04D9     		bls	.L17
 232:Drivers/STM32G4xx_HAL_Driver/Src/stm32g4xx_hal_pcd_ex.c **** #endif /* USE_HAL_PCD_REGISTER_CALLBACKS */
 500              		.loc 1 232 5 is_stmt 1 view .LVU147
ARM GAS  C:\Users\Nathan\AppData\Local\Temp\ccMDy4if.s 			page 16


 501 00be FF21     		movs	r1, #255
 502 00c0 2846     		mov	r0, r5
 503 00c2 FFF7FEFF 		bl	HAL_PCDEx_BCD_Callback
 504              	.LVL44:
 505              	.L12:
 243:Drivers/STM32G4xx_HAL_Driver/Src/stm32g4xx_hal_pcd_ex.c **** 
 506              		.loc 1 243 1 is_stmt 0 view .LVU148
 507 00c6 70BD     		pop	{r4, r5, r6, pc}
 508              	.LVL45:
 509              	.L17:
 240:Drivers/STM32G4xx_HAL_Driver/Src/stm32g4xx_hal_pcd_ex.c **** #endif /* USE_HAL_PCD_REGISTER_CALLBACKS */
 510              		.loc 1 240 5 is_stmt 1 view .LVU149
 511 00c8 0021     		movs	r1, #0
 512 00ca 2846     		mov	r0, r5
 513 00cc FFF7FEFF 		bl	HAL_PCDEx_BCD_Callback
 514              	.LVL46:
 243:Drivers/STM32G4xx_HAL_Driver/Src/stm32g4xx_hal_pcd_ex.c **** 
 515              		.loc 1 243 1 is_stmt 0 view .LVU150
 516 00d0 F9E7     		b	.L12
 517              		.cfi_endproc
 518              	.LFE135:
 520              		.text
 521              	.Letext0:
 522              		.file 2 "C:/Users/Nathan/AppData/Roaming/Code/User/globalStorage/bmd.stm32-for-vscode/@xpack-dev-t
 523              		.file 3 "C:/Users/Nathan/AppData/Roaming/Code/User/globalStorage/bmd.stm32-for-vscode/@xpack-dev-t
 524              		.file 4 "Drivers/CMSIS/Device/ST/STM32G4xx/Include/stm32g474xx.h"
 525              		.file 5 "Drivers/STM32G4xx_HAL_Driver/Inc/stm32g4xx_hal_def.h"
 526              		.file 6 "Drivers/STM32G4xx_HAL_Driver/Inc/stm32g4xx_ll_usb.h"
 527              		.file 7 "Drivers/STM32G4xx_HAL_Driver/Inc/stm32g4xx_hal_pcd.h"
 528              		.file 8 "Drivers/STM32G4xx_HAL_Driver/Inc/stm32g4xx_hal.h"
ARM GAS  C:\Users\Nathan\AppData\Local\Temp\ccMDy4if.s 			page 17


DEFINED SYMBOLS
                            *ABS*:00000000 stm32g4xx_hal_pcd_ex.c
C:\Users\Nathan\AppData\Local\Temp\ccMDy4if.s:21     .text.HAL_PCDEx_PMAConfig:00000000 $t
C:\Users\Nathan\AppData\Local\Temp\ccMDy4if.s:27     .text.HAL_PCDEx_PMAConfig:00000000 HAL_PCDEx_PMAConfig
C:\Users\Nathan\AppData\Local\Temp\ccMDy4if.s:103    .text.HAL_PCDEx_ActivateBCD:00000000 $t
C:\Users\Nathan\AppData\Local\Temp\ccMDy4if.s:109    .text.HAL_PCDEx_ActivateBCD:00000000 HAL_PCDEx_ActivateBCD
C:\Users\Nathan\AppData\Local\Temp\ccMDy4if.s:165    .text.HAL_PCDEx_DeActivateBCD:00000000 $t
C:\Users\Nathan\AppData\Local\Temp\ccMDy4if.s:171    .text.HAL_PCDEx_DeActivateBCD:00000000 HAL_PCDEx_DeActivateBCD
C:\Users\Nathan\AppData\Local\Temp\ccMDy4if.s:208    .text.HAL_PCDEx_ActivateLPM:00000000 $t
C:\Users\Nathan\AppData\Local\Temp\ccMDy4if.s:214    .text.HAL_PCDEx_ActivateLPM:00000000 HAL_PCDEx_ActivateLPM
C:\Users\Nathan\AppData\Local\Temp\ccMDy4if.s:261    .text.HAL_PCDEx_DeActivateLPM:00000000 $t
C:\Users\Nathan\AppData\Local\Temp\ccMDy4if.s:267    .text.HAL_PCDEx_DeActivateLPM:00000000 HAL_PCDEx_DeActivateLPM
C:\Users\Nathan\AppData\Local\Temp\ccMDy4if.s:312    .text.HAL_PCDEx_LPM_Callback:00000000 $t
C:\Users\Nathan\AppData\Local\Temp\ccMDy4if.s:318    .text.HAL_PCDEx_LPM_Callback:00000000 HAL_PCDEx_LPM_Callback
C:\Users\Nathan\AppData\Local\Temp\ccMDy4if.s:334    .text.HAL_PCDEx_BCD_Callback:00000000 $t
C:\Users\Nathan\AppData\Local\Temp\ccMDy4if.s:340    .text.HAL_PCDEx_BCD_Callback:00000000 HAL_PCDEx_BCD_Callback
C:\Users\Nathan\AppData\Local\Temp\ccMDy4if.s:356    .text.HAL_PCDEx_BCD_VBUSDetect:00000000 $t
C:\Users\Nathan\AppData\Local\Temp\ccMDy4if.s:362    .text.HAL_PCDEx_BCD_VBUSDetect:00000000 HAL_PCDEx_BCD_VBUSDetect

UNDEFINED SYMBOLS
HAL_GetTick
HAL_Delay
